<!DOCTYPE html>
<html lang="en">
<head>
    <meta charset="utf-8">
    
        <link rel='alternate' type='application/rss+xml' title='EXIF related Bug #72603 - RDF' href='rss/bug.php?id=72603'>
        <link rel='alternate' type='application/rss+xml' title='EXIF related Bug #72603 - RSS 2.0' href='rss/bug.php?id=72603&format=rss2'>
        <base href="https://bugs.php.net/">
    <title>PHP :: Sec Bug #72603 :: Out of bound read in exif_process_IFD_in_MAKERNOTE</title>
    <link rel="shortcut icon" href="https://bugs.php.net/images/favicon.ico">
    <link rel="stylesheet" href="https://bugs.php.net/css/style.css">
</head>

<body>

<table id="top" class="head" cellspacing="0" cellpadding="0">
    <tr>
        <td class="head-logo">
            <a href="/"><img src="images/logo.png" alt="Bugs" vspace="2" hspace="2"></a>
        </td>

        <td class="head-menu">
            <a href="https://php.net/">php.net</a>&nbsp;|&nbsp;
            <a href="https://php.net/support.php">support</a>&nbsp;|&nbsp;
            <a href="https://php.net/docs.php">documentation</a>&nbsp;|&nbsp;
            <a href="report.php">report a bug</a>&nbsp;|&nbsp;
            <a href="search.php">advanced search</a>&nbsp;|&nbsp;
            <a href="search-howto.php">search howto</a>&nbsp;|&nbsp;
            <a href="stats.php">statistics</a>&nbsp;|&nbsp;
            <a href="random">random bug</a>&nbsp;|&nbsp;
            <a href="login.php">login</a>
        </td>
    </tr>

    <tr>
        <td class="head-search" colspan="2">
            <form method="get" action="search.php">
                <p class="head-search">
                    <input type="hidden" name="cmd" value="display">
                    <small>go to bug id or search bugs for</small>
                    <input class="small" type="text" name="search_for" value="" size="30">
                    <input type="image" src="images/small_submit_white.gif" alt="search" style="vertical-align: middle;">
                </p>
            </form>
        </td>
    </tr>
</table>

<table class="middle" cellspacing="0" cellpadding="0">
    <tr>
        <td class="content">
<div id="bugheader">
    <table id="details">
        <tr id="title">
            <th class="details" id="number"><a href="bug.php?id=72603">Sec Bug</a>&nbsp;#72603</th>
            <td id="summary" colspan="5">Out of bound read in exif_process_IFD_in_MAKERNOTE</td>
        </tr>
        <tr id="submission">
            <th class="details">Submitted:</th>
            <td style="white-space: nowrap;">2016-07-15 15:46 UTC</td>
            <th class="details">Modified:</th>
            <td style="white-space: nowrap;">2016-07-25 15:18 UTC</td>
            <td rowspan="6">


            </td>
        </tr>

        <tr id="submitter">
            <th class="details">From:</th>
            <td>nguyenvuhoang199321 &#x61;&#116; gmail &#x64;&#111;&#x74; com</td>
            <th class="details">Assigned:</th>
            <td><a href="search.php?cmd=display&amp;assign=stas">stas</a> (<a href="https://people.php.net/stas">profile</a>)</td>
        </tr>

        <tr id="categorization">
            <th class="details">Status:</th>
            <td>Closed</td>
            <th class="details">Package:</th>
            <td><a href="search.php?cmd=display&amp;package_name[]=EXIF+related">EXIF related</a></td>
        </tr>

        <tr id="situation">
            <th class="details">PHP Version:</th>
            <td>5.5.37</td>
            <th class="details">OS:</th>
            <td>*Nix</td>
        </tr>

        <tr id="private">
            <th class="details">Private report:</th>
            <td>No</td>
            <th class="details">CVE-ID:</th>
            <td><a href="https://cve.mitre.org/cgi-bin/cvename.cgi?name=CVE-2016-6291" target="_blank">2016-6291</a></td>
        </tr>
    </table>
</div>

<div class="controls">
<span id='control_0' class='control active'>View</span>
<span id='control_3' class='control'><a href='bug.php?id=72603&amp;edit=3'>Add Comment</a></span>
<span id='control_1' class='control'><a href='bug.php?id=72603&amp;edit=1'>Developer</a></span>
<span id='control_2' class='control'><a href='bug.php?id=72603&amp;edit=2'>Edit</a></span>
</div>
<div class="clear"></div>



<div class='comment type_comment' ><a name="1468597605">&nbsp;</a><strong>[2016-07-15 15:46 UTC] nguyenvuhoang199321 &#x61;&#116; gmail &#x64;&#111;&#x74; com</strong>
<pre class='note'>Description:
------------
I have found some vulnerable code that lacks check size of buffer may lead to memory out of read or write.

Take a look at : 
```
static int exif_process_IFD_in_MAKERNOTE(image_info_type *ImageInfo, char * value_ptr, int value_len, char *offset_base, size_t IFDlength, size_t displacement)
{
*****SNIP*******
	switch (maker_note-&gt;offset_mode) {
		case MN_OFFSET_MAKER:
			offset_base = value_ptr;
			break;
		case MN_OFFSET_GUESS:
			offset_diff = 2 + NumDirEntries*12 + 4 - php_ifd_get32u(dir_start+10, ImageInfo-&gt;motorola_intel);
#ifdef EXIF_DEBUG
			exif_error_docref(NULL EXIFERR_CC, ImageInfo, E_NOTICE, &quot;Using automatic offset correction: 0x%04X&quot;, ((int)dir_start-(int)offset_base+maker_note-&gt;offset+displacement) + offset_diff);
#endif
			offset_base = value_ptr + offset_diff;
			break;
		default:
		case MN_OFFSET_NORMAL:
			break;
	}

	if ((2+NumDirEntries*12) &gt; value_len)
*****SNIP*******
}
```
As you can see this line while processing markernote of &quot;Cannon&quot;
```
offset_diff = 2 + NumDirEntries*12 + 4 - php_ifd_get32u(dir_start+10, ImageInfo-&gt;motorola_intel);
```
Because no checking the value return from php_ifd_get32u(dir_start+10, ImageInfo-&gt;motorola_intel); and weak check value of NumDirEntries, so attacker can control both value to make offset_diff may out of size offset_base.

That result may lead to information leak or memory corruption.

Here jpeg image link to lead to this problem : <a href="https://drive.google.com/file/d/0B0D1DYQpkA9UZmVOMzYwQlBnSGM/view?usp=sharing" rel="nofollow">https://drive.google.com/file/d/0B0D1DYQpkA9UZmVOMzYwQlBnSGM/view?usp=sharing</a>

Test script:
---------------
&lt;?php
	$exif = exif_read_data('exif/gen.jpg');
	var_dump($exif);
?&gt;

Actual result:
--------------
I will show you the variable of offset_diff, offset_base before and after hitting that code path.
[----------------------------------registers-----------------------------------]
RAX: 0x0
RBX: 0x18
RCX: 0x0
RDX: 0x7ffff3e7607e --&gt; 0x29286fffffa92
RSI: 0x0
RDI: 0x7ffff3e7607e --&gt; 0x29286fffffa92
RBP: 0x7fffffffa8a0 --&gt; 0x7fffffffa9d0 --&gt; 0x7fffffffaa30 --&gt; 0x7fffffffab60 --&gt; 0x7fffffffabc0 --&gt; 0x7fffffffac00 --&gt; 0x7fffffffac30 --&gt; 0x7fffffffacd0 --&gt; 0x7fffffffad10 --&gt; 0x7fffffffadf0 --&gt; 0x7fffffffb0d0 --&gt; 0x7fffffffb100 --&gt; 0x7fffffffb130 --&gt; 0x7fffffffb170 --&gt; 0x7fffffffb280 --&gt; 0x7fffffffd580 --&gt; 0x7fffffffe900 --&gt; 0x7fffffffea50 --&gt; 0xa15f90 (&lt;__libc_csu_init&gt;:	push   r15)
RSP: 0x7fffffffa830 --&gt; 0xc ('\x0c')
RIP: 0x613c3d (&lt;exif_process_IFD_in_MAKERNOTE+489&gt;:	call   0x610603 &lt;php_ifd_get32u&gt;)
R8 : 0x594
R9 : 0xc ('\x0c')
R10: 0x1c
R11: 0x206
R12: 0x42c170 (&lt;_start&gt;:	xor    ebp,ebp)
R13: 0x7fffffffeb30 --&gt; 0x2
R14: 0x7ffff3e14030 --&gt; 0x7ffff3e5fb80 --&gt; 0x9a28f2 (&lt;ZEND_DO_ICALL_SPEC_HANDLER&gt;:	push   rbp)
R15: 0x7ffff3e5fb80 --&gt; 0x9a28f2 (&lt;ZEND_DO_ICALL_SPEC_HANDLER&gt;:	push   rbp)
EFLAGS: 0x206 (carry PARITY adjust zero sign trap INTERRUPT direction overflow)
[-------------------------------------code-------------------------------------]
   0x613c34 &lt;exif_process_IFD_in_MAKERNOTE+480&gt;:	add    rdx,0xa
   0x613c38 &lt;exif_process_IFD_in_MAKERNOTE+484&gt;:	mov    esi,eax
   0x613c3a &lt;exif_process_IFD_in_MAKERNOTE+486&gt;:	mov    rdi,rdx
=&gt; 0x613c3d &lt;exif_process_IFD_in_MAKERNOTE+489&gt;:	call   0x610603 &lt;php_ifd_get32u&gt;
   0x613c42 &lt;exif_process_IFD_in_MAKERNOTE+494&gt;:	sub    ebx,eax
   0x613c44 &lt;exif_process_IFD_in_MAKERNOTE+496&gt;:	mov    eax,ebx
   0x613c46 &lt;exif_process_IFD_in_MAKERNOTE+498&gt;:	add    eax,0x6
   0x613c49 &lt;exif_process_IFD_in_MAKERNOTE+501&gt;:	mov    DWORD PTR [rbp-0x24],eax
Guessed arguments:
arg[0]: 0x7ffff3e7607e --&gt; 0x29286fffffa92
arg[1]: 0x0
arg[2]: 0x7ffff3e7607e --&gt; 0x29286fffffa92
[------------------------------------stack-------------------------------------]
0000| 0x7fffffffa830 --&gt; 0xc ('\x0c')
0008| 0x7fffffffa838 --&gt; 0x594
0016| 0x7fffffffa840 --&gt; 0x7ffff3e76008 --&gt; 0x8002a4949
0024| 0x7fffffffa848 --&gt; 0x1c006117bc
0032| 0x7fffffffa850 --&gt; 0x7ffff3e76074 --&gt; 0x1000202080002
0040| 0x7fffffffa858 --&gt; 0x7fffffffae50 --&gt; 0x7ffff3e5fa00 --&gt; 0x12b9700 --&gt; 0x8d43d1 (&lt;php_stdiop_write&gt;:	push   rbp)
0048| 0x7fffffffa860 --&gt; 0x7fffffffa8a0 --&gt; 0x7fffffffa9d0 --&gt; 0x7fffffffaa30 --&gt; 0x7fffffffab60 --&gt; 0x7fffffffabc0 --&gt; 0x7fffffffac00 --&gt; 0x7fffffffac30 --&gt; 0x7fffffffacd0 --&gt; 0x7fffffffad10 --&gt; 0x7fffffffadf0 --&gt; 0x7fffffffb0d0 --&gt; 0x7fffffffb100 --&gt; 0x7fffffffb130 --&gt; 0x7fffffffb170 --&gt; 0x7fffffffb280 --&gt; 0x7fffffffd580 --&gt; 0x7fffffffe900 --&gt; 0x7fffffffea50 --&gt; 0xa15f90 (&lt;__libc_csu_init&gt;:	push   r15)
0056| 0x7fffffffa868 --&gt; 0x5
[------------------------------------------------------------------------------]
Legend: code, data, rodata, value

Breakpoint 5, 0x0000000000613c3d in exif_process_IFD_in_MAKERNOTE (
    ImageInfo=0x7fffffffae50, value_ptr=0x7ffff3e76074 &quot;\002&quot;, value_len=0x1c,
    offset_base=0x7ffff3e76008 &quot;II*&quot;, IFDlength=0x594, displacement=0xc)
    at /home/vagrant/Sources_Ext/audit/src/php7.0-7.0.4/ext/exif/exif.c:2754
2754				offset_diff = 2 + NumDirEntries*12 + 4 - php_ifd_get32u(dir_start+10, ImageInfo-&gt;motorola_intel);
gdb-peda$ x/80gx offset_base
0x7ffff3e76008:	0x00000008002a4949	0x00010005011a0002
0x7ffff3e76018:	0x8769000004000000	0x0022000000010004
0x7ffff3e76028:	0x0005829a00060000	0x0000041200000001
0x7ffff3e76038:	0x000000010005829d	0x0002928600000444
0x7ffff3e76048:	0x00000da6000000a8	0x0000002c00028298
0x7ffff3e76058:	0x0002010f00000e4e	0x00000e7a00000005
0x7ffff3e76068:	0x000000070004927c	0x020800020000006c
0x7ffff3e76078:	0xfa92000000010002	0x00ff00029286ffff
0x7ffff3e76088:	0x5252000000000000	0x5252525252525252
0x7ffff3e76098:	0x5252525252525252	0x5252525252525252
0x7ffff3e760a8:	0x5252525252525252	0x5252525252525252
0x7ffff3e760b8:	0x5252525252525252	0x5252525252525252
0x7ffff3e760c8:	0x5252525252525252	0x5252525252525252
0x7ffff3e760d8:	0x5252525252525252	0x5252525252525252
0x7ffff3e760e8:	0x5252525252525252	0x00f2525252525252
.....
0x7ffff3e76568:	0x5454545454545454	0x5454545454545454
0x7ffff3e76578:	0x5454545454545454	0x5454545454545454
0x7ffff3e76588:	0x5454545454545454	0x5454545454545454
0x7ffff3e76598:	0x00000000d9ff5454	0x0000000000000000
0x7ffff3e765a8:	0x0000000000000000	0x0000000000000000
0x7ffff3e765b8:	0x0000000000000000	0x0000000000000000
0x7ffff3e765c8:	0x0000000000000000	0x0000000000000000
0x7ffff3e765d8:	0x0000000000000000	0x000000000000059d
0x7ffff3e765e8:	0x0000000000b12b88	0x0000000000f774a0
0x7ffff3e765f8:	0x000009ce00000646	0x00007ffff3e76c00
As you see above at address 0x7ffff3e76598 is the end of offset_base.
Next i hit next to execute `offset_base = value_ptr + offset_diff;`
[----------------------------------registers-----------------------------------]
RAX: 0x7ffff3e76600 --&gt; 0x7ffff3e76c00 --&gt; 0x7ffff3e77200 --&gt; 0x7ffff3e77800 --&gt; 0x7ffff3e77e00 --&gt; 0x7ffff3e78400 --&gt; 0x7ffff3e78a00 --&gt; 0x0
RBX: 0x586
RCX: 0x0
RDX: 0x58c
RSI: 0x0
RDI: 0x7ffff3e7607e --&gt; 0x29286fffffa92
RBP: 0x7fffffffa8a0 --&gt; 0x7fffffffa9d0 --&gt; 0x7fffffffaa30 --&gt; 0x7fffffffab60 --&gt; 0x7fffffffabc0 --&gt; 0x7fffffffac00 --&gt; 0x7fffffffac30 --&gt; 0x7fffffffacd0 --&gt; 0x7fffffffad10 --&gt; 0x7fffffffadf0 --&gt; 0x7fffffffb0d0 --&gt; 0x7fffffffb100 --&gt; 0x7fffffffb130 --&gt; 0x7fffffffb170 --&gt; 0x7fffffffb280 --&gt; 0x7fffffffd580 --&gt; 0x7fffffffe900 --&gt; 0x7fffffffea50 --&gt; 0xa15f90 (&lt;__libc_csu_init&gt;:	push   r15)
RSP: 0x7fffffffa830 --&gt; 0xc ('\x0c')
RIP: 0x613c5d (&lt;exif_process_IFD_in_MAKERNOTE+521&gt;:	nop)
R8 : 0x594
R9 : 0xc ('\x0c')
R10: 0x1c
R11: 0x206
R12: 0x42c170 (&lt;_start&gt;:	xor    ebp,ebp)
R13: 0x7fffffffeb30 --&gt; 0x2
R14: 0x7ffff3e14030 --&gt; 0x7ffff3e5fb80 --&gt; 0x9a28f2 (&lt;ZEND_DO_ICALL_SPEC_HANDLER&gt;:	push   rbp)
R15: 0x7ffff3e5fb80 --&gt; 0x9a28f2 (&lt;ZEND_DO_ICALL_SPEC_HANDLER&gt;:	push   rbp)
EFLAGS: 0x216 (carry PARITY ADJUST zero sign trap INTERRUPT direction overflow)
[-------------------------------------code-------------------------------------]
   0x613c52 &lt;exif_process_IFD_in_MAKERNOTE+510&gt;:	mov    rax,QWORD PTR [rbp-0x50]
   0x613c56 &lt;exif_process_IFD_in_MAKERNOTE+514&gt;:	add    rax,rdx
   0x613c59 &lt;exif_process_IFD_in_MAKERNOTE+517&gt;:	mov    QWORD PTR [rbp-0x60],rax
=&gt; 0x613c5d &lt;exif_process_IFD_in_MAKERNOTE+521&gt;:	nop
   0x613c5e &lt;exif_process_IFD_in_MAKERNOTE+522&gt;:	mov    edx,DWORD PTR [rbp-0x28]
   0x613c61 &lt;exif_process_IFD_in_MAKERNOTE+525&gt;:	mov    eax,edx
   0x613c63 &lt;exif_process_IFD_in_MAKERNOTE+527&gt;:	add    eax,eax
   0x613c65 &lt;exif_process_IFD_in_MAKERNOTE+529&gt;:	add    eax,edx
[------------------------------------stack-------------------------------------]
0000| 0x7fffffffa830 --&gt; 0xc ('\x0c')
0008| 0x7fffffffa838 --&gt; 0x594
0016| 0x7fffffffa840 --&gt; 0x7ffff3e76600 --&gt; 0x7ffff3e76c00 --&gt; 0x7ffff3e77200 --&gt; 0x7ffff3e77800 --&gt; 0x7ffff3e77e00 --&gt; 0x7ffff3e78400 --&gt; 0x7ffff3e78a00 --&gt; 0x0
0024| 0x7fffffffa848 --&gt; 0x1c006117bc
0032| 0x7fffffffa850 --&gt; 0x7ffff3e76074 --&gt; 0x1000202080002
0040| 0x7fffffffa858 --&gt; 0x7fffffffae50 --&gt; 0x7ffff3e5fa00 --&gt; 0x12b9700 --&gt; 0x8d43d1 (&lt;php_stdiop_write&gt;:	push   rbp)
0048| 0x7fffffffa860 --&gt; 0x7fffffffa8a0 --&gt; 0x7fffffffa9d0 --&gt; 0x7fffffffaa30 --&gt; 0x7fffffffab60 --&gt; 0x7fffffffabc0 --&gt; 0x7fffffffac00 --&gt; 0x7fffffffac30 --&gt; 0x7fffffffacd0 --&gt; 0x7fffffffad10 --&gt; 0x7fffffffadf0 --&gt; 0x7fffffffb0d0 --&gt; 0x7fffffffb100 --&gt; 0x7fffffffb130 --&gt; 0x7fffffffb170 --&gt; 0x7fffffffb280 --&gt; 0x7fffffffd580 --&gt; 0x7fffffffe900 --&gt; 0x7fffffffea50 --&gt; 0xa15f90 (&lt;__libc_csu_init&gt;:	push   r15)
0056| 0x7fffffffa868 --&gt; 0x5
[------------------------------------------------------------------------------]
Legend: code, data, rodata, value
2759				break;
gdb-peda$ p offset_base
$86 = 0x7ffff3e76600 &quot;&quot;
gdb-peda$ x/40gx offset_base
0x7ffff3e76600:	0x00007ffff3e76c00	0x0000000000000000
0x7ffff3e76610:	0x0000000000000000	0x0000000000000000
0x7ffff3e76620:	0x0000000000000000	0x0000000000000000
After calculate offset_base, you can see that address is out of own buffer

</pre>
</div><h2>Patches</h2>
<p><a href='patch-add.php?bug_id=72603'>Add a Patch</a></p><h2>Pull Requests</h2>
<p><a href='gh-pull-add.php?bug_id=72603'>Add a Pull Request</a></p><h2 style="border-bottom:2px solid #666;margin-bottom:0;padding:5px 0;">History</h2><div id='comment_filter' class='controls comments'><span id='type_all' class='control active' onclick='do_comment(this);'>All</span><span id='type_comment' class='control ' onclick='do_comment(this);'>Comments</span><span id='type_log' class='control ' onclick='do_comment(this);'>Changes</span><span id='type_svn' class='control ' onclick='do_comment(this);'>Git/SVN commits</span><span id='type_related' class='control ' onclick='do_comment(this);'>Related reports</span>            </div>
            <div id='comments_view' style='clear:both;'>
<div class='comment type_log' ><a name="1468797915">&nbsp;</a><strong>[2016-07-17 23:25 UTC] <a href="//people.php.net/stas">stas@php.net</a></strong>
<div class='log_note'><div class="changeset">
<span class="removed">-Summary:     Memory Out Of Bound</span>
<span class="added">+Summary:     Out of bound read in
              exif_process_IFD_in_MAKERNOTE</span>
<span class="removed">-PHP Version: 7.0.8</span>
<span class="added">+PHP Version: 5.5.37</span>
</div></div></div><div class='comment type_comment' ><a name="1468798570">&nbsp;</a><strong>[2016-07-17 23:36 UTC] <a href="//people.php.net/stas">stas@php.net</a></strong>
<pre class='note'>Fix in security repo as eebcbd5de38a0f1c2876035402cb770e37476519 and in <a href="https://gist.github.com/5226fbd757bbc5a01ca1064f099a285d" rel="nofollow">https://gist.github.com/5226fbd757bbc5a01ca1064f099a285d</a>
. Please verify.
</pre>
</div><div class='comment type_log' ><a name="1468798591">&nbsp;</a><strong>[2016-07-17 23:36 UTC] <a href="//people.php.net/stas">stas@php.net</a></strong>
<div class='log_note'><div class="changeset">
<span class="removed">-Assigned To:</span>
<span class="added">+Assigned To: stas</span>
</div></div></div><div class='comment type_comment' ><a name="1468825570">&nbsp;</a><strong>[2016-07-18 07:06 UTC] nguyenvuhoang199321 &#x61;&#116; gmail &#x64;&#111;&#x74; com</strong>
<pre class='note'>Well this bug is fixed
</pre>
</div><div class='comment type_svn' ><a name="1468914452">&nbsp;</a><strong>[2016-07-19 07:47 UTC] <a href="//people.php.net/stas">stas@php.net</a></strong>
<pre class='note'>Automatic comment on behalf of stas
Revision: <a href="http://git.php.net/?p=php-src.git;a=commit;h=eebcbd5de38a0f1c2876035402cb770e37476519" rel="nofollow">http://git.php.net/?p=php-src.git;a=commit;h=eebcbd5de38a0f1c2876035402cb770e37476519</a>
Log: Fix <a href='bug.php?id=72603'>bug #72603</a>: Out of bound read in exif_process_IFD_in_MAKERNOTE
</pre>
</div><div class='comment type_log' ><a name="1468914452">&nbsp;</a><strong>[2016-07-19 07:47 UTC] <a href="//people.php.net/stas">stas@php.net</a></strong>
<div class='log_note'><div class="changeset">
<span class="removed">-Status: Assigned</span>
<span class="added">+Status: Closed</span>
</div></div></div><div class='comment type_svn' ><a name="1468914814">&nbsp;</a><strong>[2016-07-19 07:53 UTC] <a href="//people.php.net/stas">stas@php.net</a></strong>
<pre class='note'>Automatic comment on behalf of stas
Revision: <a href="http://git.php.net/?p=php-src.git;a=commit;h=eebcbd5de38a0f1c2876035402cb770e37476519" rel="nofollow">http://git.php.net/?p=php-src.git;a=commit;h=eebcbd5de38a0f1c2876035402cb770e37476519</a>
Log: Fix <a href='bug.php?id=72603'>bug #72603</a>: Out of bound read in exif_process_IFD_in_MAKERNOTE
</pre>
</div><div class='comment type_svn' ><a name="1468917589">&nbsp;</a><strong>[2016-07-19 08:39 UTC] <a href="//people.php.net/stas">stas@php.net</a></strong>
<pre class='note'>Automatic comment on behalf of stas
Revision: <a href="http://git.php.net/?p=php-src.git;a=commit;h=eebcbd5de38a0f1c2876035402cb770e37476519" rel="nofollow">http://git.php.net/?p=php-src.git;a=commit;h=eebcbd5de38a0f1c2876035402cb770e37476519</a>
Log: Fix <a href='bug.php?id=72603'>bug #72603</a>: Out of bound read in exif_process_IFD_in_MAKERNOTE
</pre>
</div><div class='comment type_svn' ><a name="1468918540">&nbsp;</a><strong>[2016-07-19 08:55 UTC] <a href="//people.php.net/stas">stas@php.net</a></strong>
<pre class='note'>Automatic comment on behalf of stas
Revision: <a href="http://git.php.net/?p=php-src.git;a=commit;h=eebcbd5de38a0f1c2876035402cb770e37476519" rel="nofollow">http://git.php.net/?p=php-src.git;a=commit;h=eebcbd5de38a0f1c2876035402cb770e37476519</a>
Log: Fix <a href='bug.php?id=72603'>bug #72603</a>: Out of bound read in exif_process_IFD_in_MAKERNOTE
</pre>
</div><div class='comment type_log' ><a name="1469459917">&nbsp;</a><strong>[2016-07-25 15:18 UTC] <a href="//people.php.net/remi">remi@php.net</a></strong>
<div class='log_note'><div class="changeset">
<span class="removed">-CVE-ID:</span>
<span class="added">+CVE-ID: 2016-6291</span>
</div></div></div><div class='comment type_related' ><a name="1469681051">&nbsp;</a><strong>[2016-07-28 04:44 UTC] <a href="//people.php.net/laruence">laruence@php.net</a></strong>
<pre class='note'>Related To: <a href='bug.php?id=72682'>Bug #72682</a>
</pre>
</div><div class='comment type_svn' ><a name="1476699062">&nbsp;</a><strong>[2016-10-17 10:11 UTC] <a href="//people.php.net/bwoebi">bwoebi@php.net</a></strong>
<pre class='note'>Automatic comment on behalf of stas
Revision: <a href="http://git.php.net/?p=php-src.git;a=commit;h=eebcbd5de38a0f1c2876035402cb770e37476519" rel="nofollow">http://git.php.net/?p=php-src.git;a=commit;h=eebcbd5de38a0f1c2876035402cb770e37476519</a>
Log: Fix <a href='bug.php?id=72603'>bug #72603</a>: Out of bound read in exif_process_IFD_in_MAKERNOTE
</pre>
</div></div>
        </td>
    </tr>
</table>

<script src='js/util.js'></script>
<script src='https://ajax.googleapis.com/ajax/libs/jquery/1.4.2/jquery.min.js'></script>
<script src="js/jquery.cookie.js"></script>
<script>
function do_comment(nd)
{
    $('#comment_filter > .control.active').removeClass("active");
    $(nd).addClass("active");

    $.cookie('history_tab', nd.id, { expires: 365 });

    if (nd.id == 'type_all') {
        $('#comments_view > .comment:hidden').show('slow');
    } else {
        $('#comments_view > .comment').each(function(i) {
            if ($(this).hasClass(nd.id)) {
                $(this).show('slow');
            } else {
                $(this).hide('slow');
            }
        });
    }
    return false;
}
</script>
<table class="foot" cellspacing="0" cellpadding="0">
    <tr>
        <td class="foot-bar" colspan="2">&nbsp;</td>
    </tr>

    <tr>
        <td class="foot-copy">
            <small>
                <a href="https://php.net/"><img src="images/logo-small.gif" align="left" valign="middle" hspace="3" alt="PHP"></a>
                <a href="https://php.net/copyright.php">Copyright &copy; 2001-2021 The PHP Group</a><br>
                All rights reserved.
            </small>
        </td>
        <td class="foot-source">
            <small>Last updated: Sat Oct 30 19:03:34 2021 UTC</small>
        </td>
    </tr>
</table>
</body>
</html>
