<!DOCTYPE html>
<html lang="en">
<head>
    <meta charset="utf-8">
    
        <link rel='alternate' type='application/rss+xml' title='Reproducible crash Bug #74577 - RDF' href='rss/bug.php?id=74577'>
        <link rel='alternate' type='application/rss+xml' title='Reproducible crash Bug #74577 - RSS 2.0' href='rss/bug.php?id=74577&format=rss2'>
        <base href="https://bugs.php.net/">
    <title>PHP :: Bug #74577 :: Memory corruption in zend_string_extend</title>
    <link rel="shortcut icon" href="https://bugs.php.net/images/favicon.ico">
    <link rel="stylesheet" href="https://bugs.php.net/css/style.css">
</head>

<body>

<table id="top" class="head" cellspacing="0" cellpadding="0">
    <tr>
        <td class="head-logo">
            <a href="/"><img src="images/logo.png" alt="Bugs" vspace="2" hspace="2"></a>
        </td>

        <td class="head-menu">
            <a href="https://php.net/">php.net</a>&nbsp;|&nbsp;
            <a href="https://php.net/support.php">support</a>&nbsp;|&nbsp;
            <a href="https://php.net/docs.php">documentation</a>&nbsp;|&nbsp;
            <a href="report.php">report a bug</a>&nbsp;|&nbsp;
            <a href="search.php">advanced search</a>&nbsp;|&nbsp;
            <a href="search-howto.php">search howto</a>&nbsp;|&nbsp;
            <a href="stats.php">statistics</a>&nbsp;|&nbsp;
            <a href="random">random bug</a>&nbsp;|&nbsp;
            <a href="login.php">login</a>
        </td>
    </tr>

    <tr>
        <td class="head-search" colspan="2">
            <form method="get" action="search.php">
                <p class="head-search">
                    <input type="hidden" name="cmd" value="display">
                    <small>go to bug id or search bugs for</small>
                    <input class="small" type="text" name="search_for" value="" size="30">
                    <input type="image" src="images/small_submit_white.gif" alt="search" style="vertical-align: middle;">
                </p>
            </form>
        </td>
    </tr>
</table>

<table class="middle" cellspacing="0" cellpadding="0">
    <tr>
        <td class="content">
<div id="bugheader">
    <table id="details">
        <tr id="title">
            <th class="details" id="number"><a href="bug.php?id=74577">Bug</a>&nbsp;#74577</th>
            <td id="summary" colspan="5">Memory corruption in zend_string_extend</td>
        </tr>
        <tr id="submission">
            <th class="details">Submitted:</th>
            <td style="white-space: nowrap;">2017-05-12 06:33 UTC</td>
            <th class="details">Modified:</th>
            <td style="white-space: nowrap;">2017-05-12 06:46 UTC</td>
            <td rowspan="6">


            </td>
        </tr>

        <tr id="submitter">
            <th class="details">From:</th>
            <td>whitehat002 &#x61;&#116; hotmail &#x64;&#111;&#x74; com</td>
            <th class="details">Assigned:</th>
            <td></td>
        </tr>

        <tr id="categorization">
            <th class="details">Status:</th>
            <td>Duplicate</td>
            <th class="details">Package:</th>
            <td><a href="search.php?cmd=display&amp;package_name[]=Reproducible+crash">Reproducible crash</a></td>
        </tr>

        <tr id="situation">
            <th class="details">PHP Version:</th>
            <td>7.1.5</td>
            <th class="details">OS:</th>
            <td></td>
        </tr>

        <tr id="private">
            <th class="details">Private report:</th>
            <td>No</td>
            <th class="details">CVE-ID:</th>
            <td><em>None</em></td>
        </tr>
    </table>
</div>

<div class="controls">
<span id='control_0' class='control active'>View</span>
<span id='control_3' class='control'><a href='bug.php?id=74577&amp;edit=3'>Add Comment</a></span>
<span id='control_1' class='control'><a href='bug.php?id=74577&amp;edit=1'>Developer</a></span>
<span id='control_2' class='control'><a href='bug.php?id=74577&amp;edit=2'>Edit</a></span>
</div>
<div class="clear"></div>



<div class='comment type_comment' ><a name="1494570780">&nbsp;</a><strong>[2017-05-12 06:33 UTC] whitehat002 &#x61;&#116; hotmail &#x64;&#111;&#x74; com</strong>
<pre class='note'>Description:
------------
This bug only exists in php7.This can result in denial of service or other problem.

Test script:
---------------
&lt;?php
ini_set('memory_limit',-1);
$a=str_repeat(&quot;a&quot;,0x7ffffe00);
$a.=$a;

Expected result:
----------------
no crash 

Actual result:
--------------
[----------------------------------registers-----------------------------------]
EAX: 0xfffffc00 
EBX: 0xb7013050 --&gt; 0x36c00000 
ECX: 0x80000000 
EDX: 0x36c00010 
ESI: 0xb7013050 --&gt; 0x36c00000 
EDI: 0x36c00000 
EBP: 0x7ffffe00 
ESP: 0xbfffc080 --&gt; 0x0 
EIP: 0x83b7b09 (&lt;concat_function+393&gt;:	mov    DWORD PTR [edi+0x8],0x0)
EFLAGS: 0x210286 (carry PARITY adjust zero SIGN trap INTERRUPT direction overflow)
[-------------------------------------code-------------------------------------]
   0x83b7b00 &lt;concat_function+384&gt;:	mov    edi,eax
   0x83b7b02 &lt;concat_function+386&gt;:	mov    eax,DWORD PTR [esp+0x18]
   0x83b7b06 &lt;concat_function+390&gt;:	lea    edx,[edi+0x10]
=&gt; 0x83b7b09 &lt;concat_function+393&gt;:	mov    DWORD PTR [edi+0x8],0x0
   0x83b7b10 &lt;concat_function+400&gt;:	mov    DWORD PTR [esp+0x2c],edx
   0x83b7b14 &lt;concat_function+404&gt;:	mov    DWORD PTR [edi+0xc],eax
   0x83b7b17 &lt;concat_function+407&gt;:	jmp    0x83b7a56 &lt;concat_function+214&gt;
   0x83b7b1c &lt;concat_function+412&gt;:	mov    ecx,DWORD PTR [esp+0x20]
[------------------------------------stack-------------------------------------]
0000| 0xbfffc080 --&gt; 0x0 
0004| 0xbfffc084 --&gt; 0x5 
0008| 0xbfffc088 --&gt; 0xbfffc1a8 --&gt; 0x1 
0012| 0xbfffc08c --&gt; 0xbfffc110 --&gt; 0xb70543f0 --&gt; 0xb70543d8 --&gt; 0xb70543a8 --&gt; 0xb7054420 (--&gt; ...)
0016| 0xbfffc090 --&gt; 0xb705e320 --&gt; 0x0 
0020| 0xbfffc094 --&gt; 0x7ffffe00 
0024| 0xbfffc098 --&gt; 0xfffffc00 
0028| 0xbfffc09c --&gt; 0xb7013050 --&gt; 0x36c00000 
[------------------------------------------------------------------------------]
Legend: code, data, rodata, value
Stopped reason: SIGSEGV
zend_string_extend (persistent=0x0, len=0xfffffc00, s=0x36c00000)
    at /root/php-7.1.5/Zend/zend_string.h:210
210				zend_string_forget_hash_val(ret);
gdb-peda$ bt
#0  zend_string_extend (persistent=0x0, len=0xfffffc00, s=0x36c00000)
    at /root/php-7.1.5/Zend/zend_string.h:210
#1  concat_function (result=0xb7013050, op1=0xb7013050, op2=0xb7013050)
    at /root/php-7.1.5/Zend/zend_operators.c:1759
#2  0x08439dba in zend_binary_assign_op_helper_SPEC_CV_CV (
    binary_op=0x83b7980 &lt;concat_function&gt;, execute_data=0xb7013020)
    at /root/php-7.1.5/Zend/zend_vm_execute.h:44196
#3  0x0840969e in execute_ex (ex=0xb7013020)
    at /root/php-7.1.5/Zend/zend_vm_execute.h:432
#4  0x08457abf in zend_execute (op_array=0xb7069180, return_value=0x0)
    at /root/php-7.1.5/Zend/zend_vm_execute.h:474
#5  0x083c1890 in zend_execute_scripts (type=0x8, retval=0x0, file_count=0x3)
    at /root/php-7.1.5/Zend/zend.c:1476
#6  0x08362cad in php_execute_script (primary_file=0xbfffe464)
    at /root/php-7.1.5/main/main.c:2537
#7  0x08459bd4 in do_cli (argc=0x3, argv=0x8a8e868)
    at /root/php-7.1.5/sapi/cli/php_cli.c:993
#8  0x080785ad in main (argc=0x3, argv=0x8a8e868)
    at /root/php-7.1.5/sapi/cli/php_cli.c:1381
#9  0xb791daf3 in __libc_start_m

</pre>
</div><h2>Patches</h2>
<p><a href='patch-add.php?bug_id=74577'>Add a Patch</a></p><h2>Pull Requests</h2>
<p><a href='gh-pull-add.php?bug_id=74577'>Add a Pull Request</a></p><h2 style="border-bottom:2px solid #666;margin-bottom:0;padding:5px 0;">History</h2><div id='comment_filter' class='controls comments'><span id='type_all' class='control active' onclick='do_comment(this);'>All</span><span id='type_comment' class='control ' onclick='do_comment(this);'>Comments</span><span id='type_log' class='control ' onclick='do_comment(this);'>Changes</span><span id='type_svn' class='control ' onclick='do_comment(this);'>Git/SVN commits</span><span id='type_related' class='control ' onclick='do_comment(this);'>Related reports</span>            </div>
            <div id='comments_view' style='clear:both;'>
<div class='comment type_log' ><a name="1494571571">&nbsp;</a><strong>[2017-05-12 06:46 UTC] <a href="//people.php.net/requinix">requinix@php.net</a></strong>
<div class='log_note'><div class="changeset">
<span class="removed">-Status: Open</span>
<span class="added">+Status: Duplicate</span>
</div></div></div><div class='comment type_comment' ><a name="1494571574">&nbsp;</a><strong>[2017-05-12 06:46 UTC] <a href="//people.php.net/requinix">requinix@php.net</a></strong>
<pre class='note'>Duplicate of <a href='bug.php?id=73122'>bug #73122</a>
</pre>
</div><div class='comment type_comment' ><a name="1519842886">&nbsp;</a><strong>[2018-02-28 18:34 UTC] contacto &#x61;&#116; agora-security &#x64;&#111;&#x74; com</strong>
<pre class='note'>Hello,

Has this issue been fixed?
I don't see any reference about it in the Changelog:
<a href="http://www.php.net/ChangeLog-7.php#7.1.5" rel="nofollow">http://www.php.net/ChangeLog-7.php#7.1.5</a>
</pre>
</div></div>
        </td>
    </tr>
</table>

<script src='js/util.js'></script>
<script src='https://ajax.googleapis.com/ajax/libs/jquery/1.4.2/jquery.min.js'></script>
<script src="js/jquery.cookie.js"></script>
<script>
function do_comment(nd)
{
    $('#comment_filter > .control.active').removeClass("active");
    $(nd).addClass("active");

    $.cookie('history_tab', nd.id, { expires: 365 });

    if (nd.id == 'type_all') {
        $('#comments_view > .comment:hidden').show('slow');
    } else {
        $('#comments_view > .comment').each(function(i) {
            if ($(this).hasClass(nd.id)) {
                $(this).show('slow');
            } else {
                $(this).hide('slow');
            }
        });
    }
    return false;
}
</script>
<table class="foot" cellspacing="0" cellpadding="0">
    <tr>
        <td class="foot-bar" colspan="2">&nbsp;</td>
    </tr>

    <tr>
        <td class="foot-copy">
            <small>
                <a href="https://php.net/"><img src="images/logo-small.gif" align="left" valign="middle" hspace="3" alt="PHP"></a>
                <a href="https://php.net/copyright.php">Copyright &copy; 2001-2021 The PHP Group</a><br>
                All rights reserved.
            </small>
        </td>
        <td class="foot-source">
            <small>Last updated: Sat Oct 30 19:03:34 2021 UTC</small>
        </td>
    </tr>
</table>
</body>
</html>
