<!DOCTYPE html>
<html lang="en">
  <head>
    <title>700446 &ndash; SEGV in fz_load_page</title>

      <meta http-equiv="Content-Type" content="text/html; charset=UTF-8">

<link href="data/assets/f8d5c9f7a0816126b79f46c4e0a6ddf5.css?1625059054" rel="stylesheet" type="text/css">



    
<script type="text/javascript" src="data/assets/a7c2f3a028f17a9aa60f56dc9d6e732d.js?1625059054"></script>

    <script type="text/javascript">
    <!--
        YAHOO.namespace('bugzilla');
        YAHOO.util.Event.addListener = function (el, sType, fn, obj, overrideContext) {
               if ( ("onpagehide" in window || YAHOO.env.ua.gecko) && sType === "unload") { sType = "pagehide"; };
               var capture = ((sType == "focusin" || sType == "focusout") && !YAHOO.env.ua.ie) ? true : false;
               return this._addListener(el, this._getType(sType), fn, obj, overrideContext, capture);
         };
        if ( "onpagehide" in window || YAHOO.env.ua.gecko) {
            YAHOO.util.Event._simpleRemove(window, "unload", 
                                           YAHOO.util.Event._unload);
        }
        
        function unhide_language_selector() { 
            YAHOO.util.Dom.removeClass(
                'lang_links_container', 'bz_default_hidden'
            ); 
        } 
        YAHOO.util.Event.onDOMReady(unhide_language_selector);

        
        var BUGZILLA = {
            param: {
                cookiepath: '\/',
                maxusermatches: 1000
            },
            constant: {
                COMMENT_COLS: 80
            },
            string: {
                

                attach_desc_required:
                    "You must enter a Description for this attachment.",
                component_required:
                    "You must select a Component for this bug.",
                description_required:
                    "You must enter a Description for this bug.",
                short_desc_required:
                    "You must enter a Summary for this bug.",
                version_required:
                    "You must select a Version for this bug."
            }
              , api_token: ''
        };

    if (history && history.replaceState) {
      if(!document.location.href.match(/show_bug\.cgi/)) {
        history.replaceState( null,
                             "700446 – SEGV in fz_load_page",
                             "show_bug.cgi?id=700446" );
        document.title = "700446 – SEGV in fz_load_page";
      }
      if (document.location.href.match(/show_bug\.cgi\?.*list_id=/)) {
        var href = document.location.href;
        href = href.replace(/[\?&]+list_id=(\d+|cookie)/, '');
        history.replaceState(null, "700446 – SEGV in fz_load_page", href);
      }
    }
    YAHOO.util.Event.onDOMReady(function() {
      initDirtyFieldTracking();

    });
    // -->
    </script>
<script type="text/javascript" src="data/assets/daf5e0fb6826e6a35280e622913f0c4a.js?1625059054"></script>

    

    
    <link rel="search" type="application/opensearchdescription+xml"
                       title="Bugzilla" href="./search_plugin.cgi">
    <link rel="shortcut icon" href="images/favicon.ico">
  </head>

  <body 
        class="bugs-ghostscript-com
                 bz_bug
                 bz_status_RESOLVED
                 bz_product_MuPDF
                 bz_component_mupdf
                 bz_bug_700446 yui-skin-sam">

  <div id="header"><div id="banner">
  </div>

    <div id="titles">
      <span id="title">Bugzilla &ndash; Bug&nbsp;700446</span>

        <span id="subtitle" class="subheader">SEGV in fz_load_page</span>

        <span id="information" class="header_addl_info">Last modified: 2019-01-07 11:03:49 UTC</span>
    </div>


    <div id="common_links"><ul class="links">
  <li><a href="./">Home</a></li>
  <li><span class="separator">| </span><a href="enter_bug.cgi">New</a></li>
  <li><span class="separator">| </span><a href="describecomponents.cgi">Browse</a></li>
  <li><span class="separator">| </span><a href="query.cgi">Search</a></li>

  <li class="form">
    <span class="separator">| </span>
    <form action="buglist.cgi" method="get"
        onsubmit="if (this.quicksearch.value == '')
                  { alert('Please enter one or more search terms first.');
                    return false; } return true;">
    <input type="hidden" id="no_redirect_top" name="no_redirect" value="0">
    <script type="text/javascript">
      if (history && history.replaceState) {
        var no_redirect = document.getElementById("no_redirect_top");
        no_redirect.value = 1;
      }
    </script>
    <input class="txt" type="text" id="quicksearch_top" name="quicksearch" 
           title="Quick Search" value="">
    <input class="btn" type="submit" value="Search" 
           id="find_top"></form>
  <a href="page.cgi?id=quicksearch.html" title="Quicksearch Help">[?]</a></li>

  <li><span class="separator">| </span><a href="report.cgi">Reports</a></li>

  <li></li>


  <li>
        <span class="separator">| </span>
        <a href="docs/en/html/using/understanding.html" target="_blank">Help</a>
      </li>
    
      <li id="new_account_container_top">
        <span class="separator">| </span>
        <a href="createaccount.cgi">New&nbsp;Account</a>
      </li>

    <li id="mini_login_container_top">
  <span class="separator">| </span>
  <a id="login_link_top" href="show_bug.cgi?id=700446&amp;GoAheadAndLogIn=1"
     onclick="return show_mini_login_form('_top')">Log In</a>

  <form action="show_bug.cgi?id=700446" method="POST"
        class="mini_login bz_default_hidden"
        id="mini_login_top">
    <input id="Bugzilla_login_top" required
           name="Bugzilla_login" class="bz_login"
        type="email" placeholder="Email Address">
    <input class="bz_password" name="Bugzilla_password" type="password"
           id="Bugzilla_password_top" required
           placeholder="Password">
    <input type="hidden" name="Bugzilla_login_token"
           value="">
    <input type="submit" name="GoAheadAndLogIn" value="Log in"
            id="log_in_top">
    <a href="#" onclick="return hide_mini_login_form('_top')">[x]</a>
  </form>
</li>


  <li id="forgot_container_top">
    <span class="separator">| </span>
    <a id="forgot_link_top" href="show_bug.cgi?id=700446&amp;GoAheadAndLogIn=1#forgot"
       onclick="return show_forgot_form('_top')">Forgot Password</a>
    <form action="token.cgi" method="post" id="forgot_form_top"
          class="mini_forgot bz_default_hidden">
      <label for="login_top">Login:</label>
      <input name="loginname" size="20" id="login_top" required
          type="email" placeholder="Your Email Address">
      <input id="forgot_button_top" value="Reset Password" type="submit">
      <input type="hidden" name="a" value="reqpw">
      <input type="hidden" id="token_top" name="token"
             value="1635619377-3feRnrNiqA3sXd7tLN2U5Ka6tvr3h1x26XVJdMlgQ2w">
      <a href="#" onclick="return hide_forgot_form('_top')">[x]</a>
    </form>
  </li>
</ul>
    </div>
  </div>

  <div id="bugzilla-body">


<script type="text/javascript">
<!--

//-->
</script>

<form name="changeform" id="changeform" method="post" action="process_bug.cgi">

  <input type="hidden" name="delta_ts" value="2019-01-07 11:03:49">
  <input type="hidden" name="id" value="700446">
  <input type="hidden" name="token" value="1635619377-42lpr3zyIus_XaeG7SIr44-PjTOYAFhbQ2pGyLWHAuI">
<div class="bz_short_desc_container edit_form">
     <a href="show_bug.cgi?id=700446"><b>Bug&nbsp;700446</b></a> <span id="summary_container" class="bz_default_hidden">
      - <span id="short_desc_nonedit_display">SEGV in fz_load_page</span>
     </span>

    <div id="summary_input"><span class="field_label "
    id="field_label_short_desc">


  <a 
      title="The bug summary is a short sentence which succinctly describes what the bug is about."
      class="field_help_link"
      href="page.cgi?id=fields.html#short_desc"
  >Summary:</a>

</span>SEGV in fz_load_page
    </div>
  </div>
  <script type="text/javascript">
    hideEditableField('summary_container',
                      'summary_input',
                      'summary_edit_action',
                      'short_desc',
                      'SEGV in fz_load_page' );
  </script>
  <table class="edit_form">
    <tr>
      
      <td id="bz_show_bug_column_1" class="bz_show_bug_column">     
        <table>
          <tr>
    <th class="field_label">
      <a href="page.cgi?id=fields.html#bug_status">Status</a>:
    </th>
    <td id="bz_field_status">
      <span id="static_bug_status">RESOLVED
          FIXED
      </span>
    </td>
  </tr>
<tr>
    <td colspan="2" class="bz_section_spacer"></td>
  </tr>
<tr><th class="field_label "
    id="field_label_alias">


  <a 
      title="A short, unique name assigned to a bug in order to assist with looking it up and referring to it in other places in Bugzilla."
      class="field_help_link"
      href="page.cgi?id=fields.html#alias"
  >Alias:</a>

</th>
    <td>
        None
    </td>
  </tr>
<tr>
    <td colspan="2" class="bz_section_spacer"></td>
  </tr>
<tr><th class="field_label "
    id="field_label_product">


  <a 
      title="Bugs are categorised into Products and Components."
      class="field_help_link"
      href="describecomponents.cgi"
  >Product:</a>

</th>
  <td class="field_value "
      id="field_container_product" >MuPDF

</td>
    </tr>

    
    <tr class="bz_default_hidden"><th class="field_label "
    id="field_label_classification">


  <a 
      title="Bugs are categorised into Classifications, Products and Components. classifications is the top-level categorisation."
      class="field_help_link"
      href="page.cgi?id=fields.html#classification"
  >Classification:</a>

</th>
  <td class="field_value "
      id="field_container_classification" >Unclassified

</td>
    </tr>
        
    
    
    <tr><th class="field_label "
    id="field_label_component">


  <a 
      title="Components are second-level categories; each belongs to a particular Product. Select a Product to narrow down this list."
      class="field_help_link"
      href="describecomponents.cgi?product=MuPDF"
  >Component:</a>

</th>
  <td class="field_value "
      id="field_container_component" >mupdf

  (<a href="buglist.cgi?component=mupdf&amp;product=MuPDF&amp;bug_status=__open__"
      target="_blank">show other bugs</a>)
</td>
    </tr>
    <tr><th class="field_label "
    id="field_label_version">


  <a 
      title="The version field defines the version of the software the bug was found in."
      class="field_help_link"
      href="page.cgi?id=fields.html#version"
  >Version:</a>

</th>
<td>1.14.0
  </td>
    </tr>
        
    
        
    <tr><th class="field_label "
    id="field_label_rep_platform">


  <a 
      title="The hardware platform the bug was observed on. Note: When searching, selecting the option &quot;All&quot; only finds bugs whose value for this field is literally the word &quot;All&quot;."
      class="field_help_link"
      href="page.cgi?id=fields.html#rep_platform"
  >Hardware:</a>

</th>
      <td class="field_value">PC
        All
      </td>
    </tr>
          <tr>
    <td colspan="2" class="bz_section_spacer"></td>
  </tr>
          
          <tr>
      <th class="field_label">
        <label  accesskey="i">
          <a href="page.cgi?id=fields.html#importance"><u>I</u>mportance</a></label>:
      </th>
      <td>P4
       normal
      </td>
    </tr>
          
          <tr><th class="field_label "
    id="field_label_assigned_to">


  <a 
      title="The person in charge of resolving the bug."
      class="field_help_link"
      href="page.cgi?id=fields.html#assigned_to"
  >Assignee:</a>

</th>
      <td><span class="vcard"><span class="fn">muPDF bugs</span>
</span>
      </td>
    </tr>

    <tr><th class="field_label "
    id="field_label_qa_contact">


  <a 
      title="The person responsible for confirming this bug if it is unconfirmed, and for verifying the fix once the bug has been resolved."
      class="field_help_link"
      href="page.cgi?id=fields.html#qa_contact"
  >QA Contact:</a>

</th>
      <td><span class="vcard"><span class="fn">Bug traffic</span>
</span>
      </td>
    </tr>
    <script type="text/javascript">
      assignToDefaultOnChange(['product', 'component'],
        'mupdf-bugs\x40artifex.com',
        'tech\x40artifex.com');
    </script>
          <tr>
    <td colspan="2" class="bz_section_spacer"></td>
  </tr>
          <tr><th class="field_label "
    id="field_label_bug_file_loc">


  <a 
      title="Bugs can have a URL associated with them - for example, a pointer to a web site where the problem is seen."
      class="field_help_link"
      href="page.cgi?id=fields.html#bug_file_loc"
  >URL:</a>

</th>
    <td>
      <span id="bz_url_input_area">
      </span>
    </td>
  </tr>


    <tr><th class="field_label "
    id="field_label_keywords">


  <a 
      title="You can add keywords from a defined list to bugs, in order to easily identify and group them."
      class="field_help_link"
      href="describekeywords.cgi"
  >Keywords:</a>

</th>
  <td class="field_value "
      id="field_container_keywords" >

</td>
    </tr>
          <tr>
    <td colspan="2" class="bz_section_spacer"></td>
  </tr>

          
<tr><th class="field_label "
    id="field_label_dependson">


  <a 
      title="The bugs listed here must be resolved before this bug can be resolved."
      class="field_help_link"
      href="page.cgi?id=fields.html#dependson"
  >Depends on:</a>

</th>

  <td>
    <span id="dependson_input_area">
    </span>

  </td>
  </tr>
  
  <tr><th class="field_label "
    id="field_label_blocked">


  <a 
      title="This bug must be resolved before the bugs listed in this field can be resolved."
      class="field_help_link"
      href="page.cgi?id=fields.html#blocked"
  >Blocks:</a>

</th>

  <td>
    <span id="blocked_input_area">
    </span>

  </td>
  </tr>
          
        </table>
      </td>
      <td>
        <div class="bz_column_spacer">&nbsp;</div>
      </td>
      
      <td id="bz_show_bug_column_2" class="bz_show_bug_column">
        <table>
        <tr>
    <th class="field_label">
      Reported:
    </th>
    <td>2019-01-05 14:56 UTC by <span class="vcard"><span class="fn">zerokeeper</span>
</span>
    </td>
  </tr>
  
  <tr>
    <th class="field_label">
      Modified:
    </th>
    <td>2019-01-07 11:03 UTC
      (<a href="show_activity.cgi?id=700446">History</a>)
    </td>
  
  </tr>
<tr>
      <th class="field_label">
        <label  accesskey="a">
          CC List:
        </label>
      </th>
      <td>0 
          users
        <div id="cc_edit_area">
          <br>
        </div>
      </td>
    </tr>

<tr>
    <td colspan="2" class="bz_section_spacer"></td>
  </tr>
<tr><th class="field_label "
    id="field_label_see_also">


  <a 
      title="This allows you to refer to bugs in other installations. You can enter a URL to a bug in the 'Add Bug URLs' field to note that that bug is related to this one. You can enter multiple URLs at once by separating them with whitespace. You should normally use this field to refer to bugs in other installations. For bugs in this installation, it is better to use the Depends on and Blocks fields."
      class="field_help_link"
      href="page.cgi?id=fields.html#see_also"
  >See Also:</a>

</th>
  <td class="field_value "
      id="field_container_see_also" >

</td>
    </tr> 
<tr>
      <th class="field_label "
    id="field_label_cf_customer">


  <a 
      title="A custom Free Text field in this installation of Bugzilla."
      class="field_help_link"
      href="page.cgi?id=fields.html#cf_customer"
  >Customer:</a>

</th>
  <td class="field_value "
      id="field_container_cf_customer" >

</td>
    </tr>
    <tr>
      <th class="field_label "
    id="field_label_cf_wordsize">


  <a 
      title="For example x86 would be 32 and x86_64 would be 64."
      class="field_help_link"
      href="page.cgi?id=fields.html#cf_wordsize"
  >Word Size:</a>

</th>
  <td class="field_value "
      id="field_container_cf_wordsize" >---

</td>
    </tr>
<tr>
    <td colspan="2" class="bz_section_spacer"></td>
  </tr>



        </table>
      </td>
    </tr>
    <tr>
      <td colspan="3">
          <hr id="bz_top_half_spacer">
      </td>
    </tr>
  </table>

  <table id="bz_big_form_parts">
  <tr>
  <td>

    
<script type="text/javascript">
<!--
function toggle_display(link) {
    var table = document.getElementById("attachment_table");
    var view_all = document.getElementById("view_all");
    var hide_obsolete_url_parameter = "&hide_obsolete=1";
    // Store current height for scrolling later
    var originalHeight = table.offsetHeight;
    var rows = YAHOO.util.Dom.getElementsByClassName(
        'bz_tr_obsolete', 'tr', table);

    for (var i = 0; i < rows.length; i++) {
        bz_toggleClass(rows[i], 'bz_default_hidden');
    }

    if (YAHOO.util.Dom.hasClass(rows[0], 'bz_default_hidden')) {
        link.innerHTML = "Show Obsolete";
        view_all.href = view_all.href + hide_obsolete_url_parameter 
    }
    else {
        link.innerHTML = "Hide Obsolete";
        view_all.href = view_all.href.replace(hide_obsolete_url_parameter,"");
    }

    var newHeight = table.offsetHeight;
    // This scrolling makes the window appear to not move at all.
    window.scrollBy(0, newHeight - originalHeight);

    return false;
}
//-->
</script>

<br>
<table id="attachment_table">
  <tr id="a0">
    <th colspan="2" class="left">
      Attachments
    </th>
  </tr>


      <tr id="a1" class="bz_contenttype_application_zip">
        <td>
            <a href="attachment.cgi?id=16646"
               title="View the content of the attachment">
          <b>mupdf-test.zip</b></a>

          <span class="bz_attach_extra_info">
              (336.60 KB,
                application/zip)

            <br>
            <a href="#attach_16646"
               title="Go to the comment associated with the attachment">2019-01-05 14:58 UTC</a>,

            <span class="vcard"><span class="fn">zerokeeper</span>
</span>
          </span>
        </td>


        <td>
          <a href="attachment.cgi?id=16646&amp;action=edit">Details</a>
        </td>
      </tr>

  <tr class="bz_attach_footer">
    <td colspan="2">
        <span class="bz_attach_view_hide">
        </span>
        <a href="attachment.cgi?bugid=700446&amp;action=enter">Add an attachment</a>
        (proposed patch, testcase, etc.)
    </td>
  </tr>
</table>
<br>
<div id="add_comment" class="bz_section_additional_comments">
      <table>
        <tr>
          <td>
            <fieldset>
              <legend>Note</legend>
              You need to
              <a href="show_bug.cgi?id=700446&amp;GoAheadAndLogIn=1">log in</a>
              before you can comment on or make changes to this bug.
            </fieldset>
          </td>
        </tr> 
      </table>
  </div>
  </td>
  <td>
  </td>
  </tr></table>

  
  <div id="comments"><script src="js/comments.js?1519155687" type="text/javascript">
</script>

<script type="text/javascript">
<!--
  /* Adds the reply text to the 'comment' textarea */
  function replyToComment(id, real_id, name) {
      var prefix = "(In reply to " + name + " from comment #" + id + ")\n";
      var replytext = "";
        /* pre id="comment_name_N" */
        var text_elem = document.getElementById('comment_text_'+id);
        var text = getText(text_elem);
        replytext = prefix + wrapReplyText(text);


      /* <textarea id="comment"> */
      var textarea = document.getElementById('comment');
      if (textarea.value != replytext) {
          textarea.value += replytext;
      }

      textarea.focus();
  } 
//-->
</script>


<!-- This auto-sizes the comments and positions the collapse/expand links 
     to the right. -->
<table class="bz_comment_table">
<tr>
<td>
<div id="c0" class="bz_comment bz_first_comment">

      <div class="bz_first_comment_head">


        <span class="bz_comment_number">
          <a 
             href="show_bug.cgi?id=700446#c0">Description</a>
        </span>

        <span class="bz_comment_user">
          <span class="vcard"><span class="fn">zerokeeper</span>
</span>
        </span>

        <span class="bz_comment_user_images">
        </span>

        <span class="bz_comment_time">
          2019-01-05 14:56:57 UTC
        </span>

      </div>




<pre class="bz_comment_text">Hi,mupdf team,i found a segv  bug  in function fz_load_page of file source/fitz/document.c

The bug is trigered by:
./mutool draw -F svg -o out.svg mupdf-test.zip

The asan debug info is as follows:


➜  sanitize ./mutool draw -F svg -o out.svg mupdf-test.zip
AddressSanitizer:DEADLYSIGNAL
=================================================================
==24330==ERROR: AddressSanitizer: SEGV on unknown address 0x000000000004 (pc 0x0000005ce44e bp 0x7ffff2043b70 sp 0x7ffff2043b30 T0)
==24330==The signal is caused by a WRITE memory access.
==24330==Hint: address points to the zero page.
    #0 0x5ce44d in fz_load_page /root/test/mupdf-1.14.0-source/source/fitz/document.c:333:16
    #1 0x526728 in drawpage /root/test/mupdf-1.14.0-source/source/tools/mudraw.c:1039:9
    #2 0x520b49 in drawrange /root/test/mupdf-1.14.0-source/source/tools/mudraw.c:1206:6
    #3 0x51d4ac in mudraw_main /root/test/mupdf-1.14.0-source/source/tools/mudraw.c:1921:7
    #4 0x5178f7 in main /root/test/mupdf-1.14.0-source/source/tools/mutool.c:132:12
    #5 0x7f24ca53809a in __libc_start_main (/lib/x86_64-linux-gnu/libc.so.6+0x2409a)
    #6 0x41e7e9 in _start (/root/test/mupdf-1.14.0-source/build/sanitize/mutool+0x41e7e9)

AddressSanitizer can not provide additional info.
SUMMARY: AddressSanitizer: SEGV /root/test/mupdf-1.14.0-source/source/fitz/document.c:333:16 in fz_load_page
==24330==ABORTING


the gdb debug info is as follow:

➜  sanitize gdb -q mutool
GEF for linux ready, type `gef' to start, `gef config' to configure
68 commands loaded for GDB 7.12.0.<a href="http://www.ghostscript.com/cgi-bin/findgit.cgi?20161007">20161007</a>-git using Python engine 3.6
[*] 5 commands could not be loaded, run `gef missing` to know why.
Reading symbols from mutool...done.
gef➤  r draw -F svg -o out.svg test.zip
Starting program: /root/test/mupdf-1.14.0-source/build/sanitize/mutool draw -F svg -o out.svg test.zip
[Thread debugging using libthread_db enabled]
Using host libthread_db library &quot;/lib/x86_64-linux-gnu/libthread_db.so.1&quot;.

Program received signal SIGSEGV, Segmentation fault.
[ Legend: Modified register | Code | Heap | Stack | String ]
──────────────────────────────────────────────────────────────────────────────────────────── registers ────
$rax   : 0x0
$rbx   : 0x0
$rcx   : 0x8b0
$rdx   : 0x00000000042680f0  →  0x0000000000000003
$rsp   : 0x00007fffffffd8b0  →  0x00007ffff7c28fa8  →  0x0000000000000000
$rbp   : 0x00007fffffffd8f0  →  0x00007fffffffddf0  →  0x00007fffffffded0  →  0x00007fffffffe1d0  →  0x00007fffffffe2f0  →  0x00000000012f4db0  →  &lt;__libc_csu_init+0&gt; push r15
$rsi   : 0x000060e000000120  →  0x0000000000000001
$rdi   : 0x4
$rip   : 0x00000000005ce44e  →  &lt;fz_load_page+702&gt; mov DWORD PTR [rdi], r15d
$r8    : 0x0
$r9    : 0x1
$r10   : 0x00000ffffffffba4  →  0x0000000000000000
$r11   : 0x00007fffffffde40  →  0x0000608000000001  →  0x1000000000cc6e96
$r12   : 0x000060e000000120  →  0x0000000000000001
$r13   : 0x00000c1c00000033  →  0x0000000000000000
$r14   : 0xfffffffffffffffc
$r15   : 0x0
$eflags: [ZERO carry PARITY adjust sign trap INTERRUPT direction overflow RESUME virtualx86 identification]
$cs: 0x0033 $ss: 0x002b $ds: 0x0000 $es: 0x0000 $fs: 0x0000 $gs: 0x0000
──────────────────────────────────────────────────────────────────────────────────────────────── stack ────
0x00007fffffffd8b0│+0x0000: 0x00007ffff7c28fa8  →  0x0000000000000000	 ← $rsp
0x00007fffffffd8b8│+0x0008: 0x000060e000000198  →  0x0000000000000000
0x00007fffffffd8c0│+0x0010: 0x000060e000000040  →  0x0000000000000000
0x00007fffffffd8c8│+0x0018: 0x00007fffffffda60  →  0x0000000000000000
0x00007fffffffd8d0│+0x0020: 0x000010007fff7b30  →  0xf2f2f8f8f1f1f1f1
0x00007fffffffd8d8│+0x0028: 0x000060e000000120  →  0x0000000000000001
0x00007fffffffd8e0│+0x0030: 0xfffffffffffffffc
0x00007fffffffd8e8│+0x0038: 0x000060e000000040  →  0x0000000000000000
────────────────────────────────────────────────────────────────────────────────────────── code:x86:64 ────
     0x5ce440 &lt;fz_load_page+688&gt; mov    al, BYTE PTR [rax+0x7fff8000]
     0x5ce446 &lt;fz_load_page+694&gt; test   al, al
     0x5ce448 &lt;fz_load_page+696&gt; jne    0x5ce680 &lt;fz_load_page+1264&gt;
 →   0x5ce44e &lt;fz_load_page+702&gt; mov    DWORD PTR [rdi], r15d
     0x5ce451 &lt;fz_load_page+705&gt; cmp    BYTE PTR [r13+0x7fff8000], 0x0
     0x5ce459 &lt;fz_load_page+713&gt; mov    rsi, QWORD PTR [rbp-0x38]
     0x5ce45d &lt;fz_load_page+717&gt; jne    0x5ce6fd &lt;fz_load_page+1389&gt;
     0x5ce463 &lt;fz_load_page+723&gt; lea    rdi, [rbx+0x60]
     0x5ce467 &lt;fz_load_page+727&gt; mov    rax, rdi
──────────────────────────────────────────────────────────────────── source:source/fitz/document.c+333 ────
    328	 			return fz_keep_page(ctx, page);
    329
    330	 	if (doc &amp;&amp; doc-&gt;load_page)
    331	 	{
    332	 		page = doc-&gt;load_page(ctx, doc, number);
 →  333	 		page-&gt;number = number;
    334
    335	 		/* Insert new page at the head of the list of open pages. */
    336	 		if ((page-&gt;next = doc-&gt;open) != NULL)
    337	 			doc-&gt;open-&gt;prev = &amp;page-&gt;next;
    338	 		doc-&gt;open = page;
────────────────────────────────────────────────────────────────────────────────────────────── threads ────
[#0] Id 1, Name: &quot;mutool&quot;, stopped, reason: SIGSEGV
──────────────────────────────────────────────────────────────────────────────────────────────── trace ────
[#0] 0x5ce44e → fz_load_page(ctx=0x60e000000040, doc=0x60e000000120, number=0x0)
[#1] 0x526729 → drawpage(ctx=0x60e000000040, doc=0x60e000000120, pagenum=0x1)
[#2] 0x520b4a → drawrange(ctx=0x60e000000040, doc=0x60e000000120, range=0x130f103 &lt;.str.22+3&gt; &quot;&quot;)
[#3] 0x51d4ad → mudraw_main(argc=&lt;optimized out&gt;, argv=0x7fffffffe3e0)
[#4] 0x5178f8 → main(argc=&lt;optimized out&gt;, argv=0x7fffffffe3e0)
───────────────────────────────────────────────────────────────────────────────────────────────────────────
0x00000000005ce44e in fz_load_page (ctx=0x60e000000040, doc=0x60e000000120, number=0x0) at source/fitz/document.c:333
333			page-&gt;number = number;
gef➤</pre>
    </div>

    <div id="c1" class="bz_comment">

      <div class="bz_comment_head">


        <span class="bz_comment_number">
          <a 
             href="show_bug.cgi?id=700446#c1">Comment 1</a>
        </span>

        <span class="bz_comment_user">
          <span class="vcard"><span class="fn">zerokeeper</span>
</span>
        </span>

        <span class="bz_comment_user_images">
        </span>

        <span class="bz_comment_time">
          2019-01-05 14:58:37 UTC
        </span>

      </div>




<pre class="bz_comment_text">Created <span class=""><a href="attachment.cgi?id=16646" name="attach_16646" title="mupdf-test.zip">attachment 16646</a> <a href="attachment.cgi?id=16646&amp;action=edit" title="mupdf-test.zip">[details]</a></span>
mupdf-test.zip</pre>
    </div>

    <div id="c2" class="bz_comment">

      <div class="bz_comment_head">


        <span class="bz_comment_number">
          <a 
             href="show_bug.cgi?id=700446#c2">Comment 2</a>
        </span>

        <span class="bz_comment_user">
          <span class="vcard"><span class="fn">Tor Andersson</span>
</span>
        </span>

        <span class="bz_comment_user_images">
        </span>

        <span class="bz_comment_time">
          2019-01-07 11:00:43 UTC
        </span>

      </div>




<pre class="bz_comment_text">I cannot reproduce.

$ mutool draw -F svg -o out.svg ~/Downloads/mupdf-test.zip 
error: cannot load page 0
error: cannot draw '/home/tor/Downloads/mupdf-test.zip'</pre>
    </div>

    <div id="c3" class="bz_comment">

      <div class="bz_comment_head">


        <span class="bz_comment_number">
          <a 
             href="show_bug.cgi?id=700446#c3">Comment 3</a>
        </span>

        <span class="bz_comment_user">
          <span class="vcard"><span class="fn">Tor Andersson</span>
</span>
        </span>

        <span class="bz_comment_user_images">
        </span>

        <span class="bz_comment_time">
          2019-01-07 11:03:49 UTC
        </span>

      </div>




<pre class="bz_comment_text">This bug was already fixed in commit <a href="http://www.ghostscript.com/cgi-bin/findgit.cgi?faf47b94e24314d74907f3f6bc874105f2c962ed">faf47b94e24314d74907f3f6bc874105f2c962ed</a>
Author: Sebastian Rasmussen &lt;<a href="mailto:sebras&#64;gmail.com">sebras&#64;gmail.com</a>&gt;
Date:   Wed Sep 26 03:31:05 2018 +0800

    Throw when page number is out of range.
    
    Other code depends on this and does not handle
    a page pointer being NULL well.</pre>
    </div>


  

</td>
<td>
</td>
</tr></table>
  </div>
        

</form>

<hr>
<ul class="related_actions">
    <li><a href="show_bug.cgi?format=multiple&amp;id=700446">Format For Printing</a></li>
    <li>&nbsp;-&nbsp;<a href="show_bug.cgi?ctype=xml&amp;id=700446">XML</a></li>
    <li>&nbsp;-&nbsp;<a href="enter_bug.cgi?cloned_bug_id=700446">Clone This Bug</a></li>
    
    <li>&nbsp;-&nbsp;<a href="#">Top of page </a></li>
    </ul>

<br>
</div>

    <div id="footer">
      <div class="intro"></div>
<ul id="useful-links">
  <li id="links-actions"><ul class="links">
  <li><a href="./">Home</a></li>
  <li><span class="separator">| </span><a href="enter_bug.cgi">New</a></li>
  <li><span class="separator">| </span><a href="describecomponents.cgi">Browse</a></li>
  <li><span class="separator">| </span><a href="query.cgi">Search</a></li>

  <li class="form">
    <span class="separator">| </span>
    <form action="buglist.cgi" method="get"
        onsubmit="if (this.quicksearch.value == '')
                  { alert('Please enter one or more search terms first.');
                    return false; } return true;">
    <input type="hidden" id="no_redirect_bottom" name="no_redirect" value="0">
    <script type="text/javascript">
      if (history && history.replaceState) {
        var no_redirect = document.getElementById("no_redirect_bottom");
        no_redirect.value = 1;
      }
    </script>
    <input class="txt" type="text" id="quicksearch_bottom" name="quicksearch" 
           title="Quick Search" value="">
    <input class="btn" type="submit" value="Search" 
           id="find_bottom"></form>
  <a href="page.cgi?id=quicksearch.html" title="Quicksearch Help">[?]</a></li>

  <li><span class="separator">| </span><a href="report.cgi">Reports</a></li>

  <li></li>


  <li>
        <span class="separator">| </span>
        <a href="docs/en/html/using/understanding.html" target="_blank">Help</a>
      </li>
    
      <li id="new_account_container_bottom">
        <span class="separator">| </span>
        <a href="createaccount.cgi">New&nbsp;Account</a>
      </li>

    <li id="mini_login_container_bottom">
  <span class="separator">| </span>
  <a id="login_link_bottom" href="show_bug.cgi?id=700446&amp;GoAheadAndLogIn=1"
     onclick="return show_mini_login_form('_bottom')">Log In</a>

  <form action="show_bug.cgi?id=700446" method="POST"
        class="mini_login bz_default_hidden"
        id="mini_login_bottom">
    <input id="Bugzilla_login_bottom" required
           name="Bugzilla_login" class="bz_login"
        type="email" placeholder="Email Address">
    <input class="bz_password" name="Bugzilla_password" type="password"
           id="Bugzilla_password_bottom" required
           placeholder="Password">
    <input type="hidden" name="Bugzilla_login_token"
           value="">
    <input type="submit" name="GoAheadAndLogIn" value="Log in"
            id="log_in_bottom">
    <a href="#" onclick="return hide_mini_login_form('_bottom')">[x]</a>
  </form>
</li>


  <li id="forgot_container_bottom">
    <span class="separator">| </span>
    <a id="forgot_link_bottom" href="show_bug.cgi?id=700446&amp;GoAheadAndLogIn=1#forgot"
       onclick="return show_forgot_form('_bottom')">Forgot Password</a>
    <form action="token.cgi" method="post" id="forgot_form_bottom"
          class="mini_forgot bz_default_hidden">
      <label for="login_bottom">Login:</label>
      <input name="loginname" size="20" id="login_bottom" required
          type="email" placeholder="Your Email Address">
      <input id="forgot_button_bottom" value="Reset Password" type="submit">
      <input type="hidden" name="a" value="reqpw">
      <input type="hidden" id="token_bottom" name="token"
             value="1635619377-3feRnrNiqA3sXd7tLN2U5Ka6tvr3h1x26XVJdMlgQ2w">
      <a href="#" onclick="return hide_forgot_form('_bottom')">[x]</a>
    </form>
  </li>
</ul>
  </li>

  




  
</ul>

      <div class="outro"></div>
    </div>

  </body>
</html>