<!DOCTYPE html>
<html lang="en">
  <head>
    <title>698044 &ndash; memcpy-param-overlap in xps_load_sfnt_name(xps/xpsfont.c)</title>

      <meta http-equiv="Content-Type" content="text/html; charset=UTF-8">

<link href="data/assets/f8d5c9f7a0816126b79f46c4e0a6ddf5.css?1625059054" rel="stylesheet" type="text/css">



    
<script type="text/javascript" src="data/assets/a7c2f3a028f17a9aa60f56dc9d6e732d.js?1625059054"></script>

    <script type="text/javascript">
    <!--
        YAHOO.namespace('bugzilla');
        YAHOO.util.Event.addListener = function (el, sType, fn, obj, overrideContext) {
               if ( ("onpagehide" in window || YAHOO.env.ua.gecko) && sType === "unload") { sType = "pagehide"; };
               var capture = ((sType == "focusin" || sType == "focusout") && !YAHOO.env.ua.ie) ? true : false;
               return this._addListener(el, this._getType(sType), fn, obj, overrideContext, capture);
         };
        if ( "onpagehide" in window || YAHOO.env.ua.gecko) {
            YAHOO.util.Event._simpleRemove(window, "unload", 
                                           YAHOO.util.Event._unload);
        }
        
        function unhide_language_selector() { 
            YAHOO.util.Dom.removeClass(
                'lang_links_container', 'bz_default_hidden'
            ); 
        } 
        YAHOO.util.Event.onDOMReady(unhide_language_selector);

        
        var BUGZILLA = {
            param: {
                cookiepath: '\/',
                maxusermatches: 1000
            },
            constant: {
                COMMENT_COLS: 80
            },
            string: {
                

                attach_desc_required:
                    "You must enter a Description for this attachment.",
                component_required:
                    "You must select a Component for this bug.",
                description_required:
                    "You must enter a Description for this bug.",
                short_desc_required:
                    "You must enter a Summary for this bug.",
                version_required:
                    "You must select a Version for this bug."
            }
              , api_token: ''
        };

    if (history && history.replaceState) {
      if(!document.location.href.match(/show_bug\.cgi/)) {
        history.replaceState( null,
                             "698044 – memcpy-param-overlap in xps_load_sfnt_name(xps\/xpsfont.c)",
                             "show_bug.cgi?id=698044" );
        document.title = "698044 – memcpy-param-overlap in xps_load_sfnt_name(xps\/xpsfont.c)";
      }
      if (document.location.href.match(/show_bug\.cgi\?.*list_id=/)) {
        var href = document.location.href;
        href = href.replace(/[\?&]+list_id=(\d+|cookie)/, '');
        history.replaceState(null, "698044 – memcpy-param-overlap in xps_load_sfnt_name(xps\/xpsfont.c)", href);
      }
    }
    YAHOO.util.Event.onDOMReady(function() {
      initDirtyFieldTracking();

    });
    // -->
    </script>
<script type="text/javascript" src="data/assets/daf5e0fb6826e6a35280e622913f0c4a.js?1625059054"></script>

    

    
    <link rel="search" type="application/opensearchdescription+xml"
                       title="Bugzilla" href="./search_plugin.cgi">
    <link rel="shortcut icon" href="images/favicon.ico">
  </head>

  <body 
        class="bugs-ghostscript-com
                 bz_bug
                 bz_status_RESOLVED
                 bz_product_GhostXPS
                 bz_component_General
                 bz_bug_698044 yui-skin-sam">

  <div id="header"><div id="banner">
  </div>

    <div id="titles">
      <span id="title">Bugzilla &ndash; Bug&nbsp;698044</span>

        <span id="subtitle" class="subheader">memcpy-param-overlap in xps_load_sfnt_name(xps/xpsfont.c)</span>

        <span id="information" class="header_addl_info">Last modified: 2017-07-25 04:19:12 UTC</span>
    </div>


    <div id="common_links"><ul class="links">
  <li><a href="./">Home</a></li>
  <li><span class="separator">| </span><a href="enter_bug.cgi">New</a></li>
  <li><span class="separator">| </span><a href="describecomponents.cgi">Browse</a></li>
  <li><span class="separator">| </span><a href="query.cgi">Search</a></li>

  <li class="form">
    <span class="separator">| </span>
    <form action="buglist.cgi" method="get"
        onsubmit="if (this.quicksearch.value == '')
                  { alert('Please enter one or more search terms first.');
                    return false; } return true;">
    <input type="hidden" id="no_redirect_top" name="no_redirect" value="0">
    <script type="text/javascript">
      if (history && history.replaceState) {
        var no_redirect = document.getElementById("no_redirect_top");
        no_redirect.value = 1;
      }
    </script>
    <input class="txt" type="text" id="quicksearch_top" name="quicksearch" 
           title="Quick Search" value="">
    <input class="btn" type="submit" value="Search" 
           id="find_top"></form>
  <a href="page.cgi?id=quicksearch.html" title="Quicksearch Help">[?]</a></li>

  <li><span class="separator">| </span><a href="report.cgi">Reports</a></li>

  <li></li>


  <li>
        <span class="separator">| </span>
        <a href="docs/en/html/using/understanding.html" target="_blank">Help</a>
      </li>
    
      <li id="new_account_container_top">
        <span class="separator">| </span>
        <a href="createaccount.cgi">New&nbsp;Account</a>
      </li>

    <li id="mini_login_container_top">
  <span class="separator">| </span>
  <a id="login_link_top" href="show_bug.cgi?id=698044&amp;GoAheadAndLogIn=1"
     onclick="return show_mini_login_form('_top')">Log In</a>

  <form action="show_bug.cgi?id=698044" method="POST"
        class="mini_login bz_default_hidden"
        id="mini_login_top">
    <input id="Bugzilla_login_top" required
           name="Bugzilla_login" class="bz_login"
        type="email" placeholder="Email Address">
    <input class="bz_password" name="Bugzilla_password" type="password"
           id="Bugzilla_password_top" required
           placeholder="Password">
    <input type="hidden" name="Bugzilla_login_token"
           value="">
    <input type="submit" name="GoAheadAndLogIn" value="Log in"
            id="log_in_top">
    <a href="#" onclick="return hide_mini_login_form('_top')">[x]</a>
  </form>
</li>


  <li id="forgot_container_top">
    <span class="separator">| </span>
    <a id="forgot_link_top" href="show_bug.cgi?id=698044&amp;GoAheadAndLogIn=1#forgot"
       onclick="return show_forgot_form('_top')">Forgot Password</a>
    <form action="token.cgi" method="post" id="forgot_form_top"
          class="mini_forgot bz_default_hidden">
      <label for="login_top">Login:</label>
      <input name="loginname" size="20" id="login_top" required
          type="email" placeholder="Your Email Address">
      <input id="forgot_button_top" value="Reset Password" type="submit">
      <input type="hidden" name="a" value="reqpw">
      <input type="hidden" id="token_top" name="token"
             value="1635619320-VmwjHBpwD3r-ABY1JDnq4GwxxC6gZT_y4SOKgvmTjb4">
      <a href="#" onclick="return hide_forgot_form('_top')">[x]</a>
    </form>
  </li>
</ul>
    </div>
  </div>

  <div id="bugzilla-body">


<script type="text/javascript">
<!--

//-->
</script>

<form name="changeform" id="changeform" method="post" action="process_bug.cgi">

  <input type="hidden" name="delta_ts" value="2017-07-25 04:19:12">
  <input type="hidden" name="id" value="698044">
  <input type="hidden" name="token" value="1635619320-yhR8N6UMG_JMxLYSDW_-6HICqQDTrJr8-FxY2gsPhl4">
<div class="bz_short_desc_container edit_form">
     <a href="show_bug.cgi?id=698044"><b>Bug&nbsp;698044</b></a> <span id="summary_container" class="bz_default_hidden">
      - <span id="short_desc_nonedit_display">memcpy-param-overlap in xps_load_sfnt_name(xps/xpsfont.c)</span>
     </span>

    <div id="summary_input"><span class="field_label "
    id="field_label_short_desc">


  <a 
      title="The bug summary is a short sentence which succinctly describes what the bug is about."
      class="field_help_link"
      href="page.cgi?id=fields.html#short_desc"
  >Summary:</a>

</span>memcpy-param-overlap in xps_load_sfnt_name(xps/xpsfont.c)
    </div>
  </div>
  <script type="text/javascript">
    hideEditableField('summary_container',
                      'summary_input',
                      'summary_edit_action',
                      'short_desc',
                      'memcpy-param-overlap in xps_load_sfnt_name(xps\/xpsfont.c)' );
  </script>
  <table class="edit_form">
    <tr>
      
      <td id="bz_show_bug_column_1" class="bz_show_bug_column">     
        <table>
          <tr>
    <th class="field_label">
      <a href="page.cgi?id=fields.html#bug_status">Status</a>:
    </th>
    <td id="bz_field_status">
      <span id="static_bug_status">RESOLVED
          FIXED
      </span>
    </td>
  </tr>
<tr>
    <td colspan="2" class="bz_section_spacer"></td>
  </tr>
<tr><th class="field_label "
    id="field_label_alias">


  <a 
      title="A short, unique name assigned to a bug in order to assist with looking it up and referring to it in other places in Bugzilla."
      class="field_help_link"
      href="page.cgi?id=fields.html#alias"
  >Alias:</a>

</th>
    <td>
        None
    </td>
  </tr>
<tr>
    <td colspan="2" class="bz_section_spacer"></td>
  </tr>
<tr><th class="field_label "
    id="field_label_product">


  <a 
      title="Bugs are categorised into Products and Components."
      class="field_help_link"
      href="describecomponents.cgi"
  >Product:</a>

</th>
  <td class="field_value "
      id="field_container_product" >GhostXPS

</td>
    </tr>

    
    <tr class="bz_default_hidden"><th class="field_label "
    id="field_label_classification">


  <a 
      title="Bugs are categorised into Classifications, Products and Components. classifications is the top-level categorisation."
      class="field_help_link"
      href="page.cgi?id=fields.html#classification"
  >Classification:</a>

</th>
  <td class="field_value "
      id="field_container_classification" >Unclassified

</td>
    </tr>
        
    
    
    <tr><th class="field_label "
    id="field_label_component">


  <a 
      title="Components are second-level categories; each belongs to a particular Product. Select a Product to narrow down this list."
      class="field_help_link"
      href="describecomponents.cgi?product=GhostXPS"
  >Component:</a>

</th>
  <td class="field_value "
      id="field_container_component" >General

  (<a href="buglist.cgi?component=General&amp;product=GhostXPS&amp;bug_status=__open__"
      target="_blank">show other bugs</a>)
</td>
    </tr>
    <tr><th class="field_label "
    id="field_label_version">


  <a 
      title="The version field defines the version of the software the bug was found in."
      class="field_help_link"
      href="page.cgi?id=fields.html#version"
  >Version:</a>

</th>
<td>unspecified
  </td>
    </tr>
        
    
        
    <tr><th class="field_label "
    id="field_label_rep_platform">


  <a 
      title="The hardware platform the bug was observed on. Note: When searching, selecting the option &quot;All&quot; only finds bugs whose value for this field is literally the word &quot;All&quot;."
      class="field_help_link"
      href="page.cgi?id=fields.html#rep_platform"
  >Hardware:</a>

</th>
      <td class="field_value">PC
        Linux
      </td>
    </tr>
          <tr>
    <td colspan="2" class="bz_section_spacer"></td>
  </tr>
          
          <tr>
      <th class="field_label">
        <label  accesskey="i">
          <a href="page.cgi?id=fields.html#importance"><u>I</u>mportance</a></label>:
      </th>
      <td>P4
       normal
      </td>
    </tr>
          
          <tr><th class="field_label "
    id="field_label_assigned_to">


  <a 
      title="The person in charge of resolving the bug."
      class="field_help_link"
      href="page.cgi?id=fields.html#assigned_to"
  >Assignee:</a>

</th>
      <td><span class="vcard"><span class="fn">Chris Liddell (chrisl)</span>
</span>
      </td>
    </tr>

    <tr><th class="field_label "
    id="field_label_qa_contact">


  <a 
      title="The person responsible for confirming this bug if it is unconfirmed, and for verifying the fix once the bug has been resolved."
      class="field_help_link"
      href="page.cgi?id=fields.html#qa_contact"
  >QA Contact:</a>

</th>
      <td><span class="vcard">gs-security
</span>
      </td>
    </tr>
    <script type="text/javascript">
      assignToDefaultOnChange(['product', 'component'],
        'ghostpdl-bugs\x40artifex.com',
        'tech\x40artifex.com');
    </script>
          <tr>
    <td colspan="2" class="bz_section_spacer"></td>
  </tr>
          <tr><th class="field_label "
    id="field_label_bug_file_loc">


  <a 
      title="Bugs can have a URL associated with them - for example, a pointer to a web site where the problem is seen."
      class="field_help_link"
      href="page.cgi?id=fields.html#bug_file_loc"
  >URL:</a>

</th>
    <td>
      <span id="bz_url_input_area">
      </span>
    </td>
  </tr>


    <tr><th class="field_label "
    id="field_label_keywords">


  <a 
      title="You can add keywords from a defined list to bugs, in order to easily identify and group them."
      class="field_help_link"
      href="describekeywords.cgi"
  >Keywords:</a>

</th>
  <td class="field_value "
      id="field_container_keywords" >

</td>
    </tr>
          <tr>
    <td colspan="2" class="bz_section_spacer"></td>
  </tr>

          
<tr><th class="field_label "
    id="field_label_dependson">


  <a 
      title="The bugs listed here must be resolved before this bug can be resolved."
      class="field_help_link"
      href="page.cgi?id=fields.html#dependson"
  >Depends on:</a>

</th>

  <td>
    <span id="dependson_input_area">
    </span>

  </td>
  </tr>
  
  <tr><th class="field_label "
    id="field_label_blocked">


  <a 
      title="This bug must be resolved before the bugs listed in this field can be resolved."
      class="field_help_link"
      href="page.cgi?id=fields.html#blocked"
  >Blocks:</a>

</th>

  <td>
    <span id="blocked_input_area">
    </span>

  </td>
  </tr>
          
        </table>
      </td>
      <td>
        <div class="bz_column_spacer">&nbsp;</div>
      </td>
      
      <td id="bz_show_bug_column_2" class="bz_show_bug_column">
        <table>
        <tr>
    <th class="field_label">
      Reported:
    </th>
    <td>2017-06-13 19:14 UTC by <span class="vcard"><span class="fn">Kim Gwan Yeong</span>
</span>
    </td>
  </tr>
  
  <tr>
    <th class="field_label">
      Modified:
    </th>
    <td>2017-07-25 04:19 UTC
      (<a href="show_activity.cgi?id=698044">History</a>)
    </td>
  
  </tr>
<tr>
      <th class="field_label">
        <label  accesskey="a">
          CC List:
        </label>
      </th>
      <td>0 
          users
        <div id="cc_edit_area">
          <br>
        </div>
      </td>
    </tr>

<tr>
    <td colspan="2" class="bz_section_spacer"></td>
  </tr>
<tr><th class="field_label "
    id="field_label_see_also">


  <a 
      title="This allows you to refer to bugs in other installations. You can enter a URL to a bug in the 'Add Bug URLs' field to note that that bug is related to this one. You can enter multiple URLs at once by separating them with whitespace. You should normally use this field to refer to bugs in other installations. For bugs in this installation, it is better to use the Depends on and Blocks fields."
      class="field_help_link"
      href="page.cgi?id=fields.html#see_also"
  >See Also:</a>

</th>
  <td class="field_value "
      id="field_container_see_also" >

</td>
    </tr> 
<tr>
      <th class="field_label "
    id="field_label_cf_customer">


  <a 
      title="A custom Free Text field in this installation of Bugzilla."
      class="field_help_link"
      href="page.cgi?id=fields.html#cf_customer"
  >Customer:</a>

</th>
  <td class="field_value "
      id="field_container_cf_customer" >

</td>
    </tr>
    <tr>
      <th class="field_label "
    id="field_label_cf_wordsize">


  <a 
      title="For example x86 would be 32 and x86_64 would be 64."
      class="field_help_link"
      href="page.cgi?id=fields.html#cf_wordsize"
  >Word Size:</a>

</th>
  <td class="field_value "
      id="field_container_cf_wordsize" >---

</td>
    </tr>
<tr>
    <td colspan="2" class="bz_section_spacer"></td>
  </tr>



        </table>
      </td>
    </tr>
    <tr>
      <td colspan="3">
          <hr id="bz_top_half_spacer">
      </td>
    </tr>
  </table>

  <table id="bz_big_form_parts">
  <tr>
  <td>

    
<script type="text/javascript">
<!--
function toggle_display(link) {
    var table = document.getElementById("attachment_table");
    var view_all = document.getElementById("view_all");
    var hide_obsolete_url_parameter = "&hide_obsolete=1";
    // Store current height for scrolling later
    var originalHeight = table.offsetHeight;
    var rows = YAHOO.util.Dom.getElementsByClassName(
        'bz_tr_obsolete', 'tr', table);

    for (var i = 0; i < rows.length; i++) {
        bz_toggleClass(rows[i], 'bz_default_hidden');
    }

    if (YAHOO.util.Dom.hasClass(rows[0], 'bz_default_hidden')) {
        link.innerHTML = "Show Obsolete";
        view_all.href = view_all.href + hide_obsolete_url_parameter 
    }
    else {
        link.innerHTML = "Hide Obsolete";
        view_all.href = view_all.href.replace(hide_obsolete_url_parameter,"");
    }

    var newHeight = table.offsetHeight;
    // This scrolling makes the window appear to not move at all.
    window.scrollBy(0, newHeight - originalHeight);

    return false;
}
//-->
</script>

<br>
<table id="attachment_table">
  <tr id="a0">
    <th colspan="2" class="left">
      Attachments
    </th>
  </tr>


      <tr id="a1" class="bz_contenttype_application_zip">
        <td>
            <a href="attachment.cgi?id=13785"
               title="View the content of the attachment">
          <b>PoC File</b></a>

          <span class="bz_attach_extra_info">
              (37.22 KB,
                application/zip)

            <br>
            <a href="#attach_13785"
               title="Go to the comment associated with the attachment">2017-06-13 19:14 UTC</a>,

            <span class="vcard"><span class="fn">Kim Gwan Yeong</span>
</span>
          </span>
        </td>


        <td>
          <a href="attachment.cgi?id=13785&amp;action=edit">Details</a>
        </td>
      </tr>

  <tr class="bz_attach_footer">
    <td colspan="2">
        <span class="bz_attach_view_hide">
        </span>
        <a href="attachment.cgi?bugid=698044&amp;action=enter">Add an attachment</a>
        (proposed patch, testcase, etc.)
    </td>
  </tr>
</table>
<br>
<div id="add_comment" class="bz_section_additional_comments">
      <table>
        <tr>
          <td>
            <fieldset>
              <legend>Note</legend>
              You need to
              <a href="show_bug.cgi?id=698044&amp;GoAheadAndLogIn=1">log in</a>
              before you can comment on or make changes to this bug.
            </fieldset>
          </td>
        </tr> 
      </table>
  </div>
  </td>
  <td>
  </td>
  </tr></table>

  
  <div id="comments"><script src="js/comments.js?1519155687" type="text/javascript">
</script>

<script type="text/javascript">
<!--
  /* Adds the reply text to the 'comment' textarea */
  function replyToComment(id, real_id, name) {
      var prefix = "(In reply to " + name + " from comment #" + id + ")\n";
      var replytext = "";
        /* pre id="comment_name_N" */
        var text_elem = document.getElementById('comment_text_'+id);
        var text = getText(text_elem);
        replytext = prefix + wrapReplyText(text);


      /* <textarea id="comment"> */
      var textarea = document.getElementById('comment');
      if (textarea.value != replytext) {
          textarea.value += replytext;
      }

      textarea.focus();
  } 
//-->
</script>


<!-- This auto-sizes the comments and positions the collapse/expand links 
     to the right. -->
<table class="bz_comment_table">
<tr>
<td>
<div id="c0" class="bz_comment bz_first_comment">

      <div class="bz_first_comment_head">


        <span class="bz_comment_number">
          <a 
             href="show_bug.cgi?id=698044#c0">Description</a>
        </span>

        <span class="bz_comment_user">
          <span class="vcard"><span class="fn">Kim Gwan Yeong</span>
</span>
        </span>

        <span class="bz_comment_user_images">
        </span>

        <span class="bz_comment_time">
          2017-06-13 19:14:55 UTC
        </span>

      </div>




<pre class="bz_comment_text">Created <span class=""><a href="attachment.cgi?id=13785" name="attach_13785" title="PoC File">attachment 13785</a> <a href="attachment.cgi?id=13785&amp;action=edit" title="PoC File">[details]</a></span>
PoC File

I found a crashing test case.

Please confirm.

Version 9.22 and Git Head: <a href="http://www.ghostscript.com/cgi-bin/findgit.cgi?fe61712d5157066212d0fcee79b129d6ddcbd251">fe61712d5157066212d0fcee79b129d6ddcbd251</a>

OS: Ubuntu 16.04.2 32bit

Command: ./gxps -sDEVICE=pdfwrite -sOutputFile=/dev/null -dNOPAUSE $FILE

GDB:OUT:
=================================================================
Program received signal SIGSEGV, Segmentation fault.
[----------------------------------registers-----------------------------------]
EAX: 0x3160007
EBX: 0x8dfe620 --&gt; 0x8a31000 --&gt; 0x8464e8a (&lt;c_param_read_typed&gt;:       push   ebp)
ECX: 0x1
EDX: 0x8dfe4f8 (0x08dfe4f8)
ESI: 0xb7f42000 --&gt; 0x1b1db0
EDI: 0xb7f42000 --&gt; 0x1b1db0
EBP: 0xbfffda48 --&gt; 0xbfffda68 --&gt; 0xbfffda88 --&gt; 0xbfffdde8 --&gt; 0xbfffde18 --&gt; 0xbfffde48 (--&gt; ...)
ESP: 0xbfffda00 --&gt; 0x8e66fac --&gt; 0x0
EIP: 0x8293a85 (&lt;chunk_obj_alloc+195&gt;:  mov    eax,DWORD PTR [eax+0x10])
EFLAGS: 0x10202 (carry parity adjust zero sign trap INTERRUPT direction overflow)
[-------------------------------------code-------------------------------------]
   0x8293a7a &lt;chunk_obj_alloc+184&gt;:     mov    DWORD PTR [ebp-0x38],eax
   0x8293a7d &lt;chunk_obj_alloc+187&gt;:     jmp    0x8293cb3 &lt;chunk_obj_alloc+753&gt;
   0x8293a82 &lt;chunk_obj_alloc+192&gt;:     mov    eax,DWORD PTR [ebp-0x20]
=&gt; 0x8293a85 &lt;chunk_obj_alloc+195&gt;:     mov    eax,DWORD PTR [eax+0x10]
   0x8293a88 &lt;chunk_obj_alloc+198&gt;:     cmp    eax,DWORD PTR [ebp-0x34]
   0x8293a8b &lt;chunk_obj_alloc+201&gt;:     jb     0x8293b16 &lt;chunk_obj_alloc+340&gt;
   0x8293a91 &lt;chunk_obj_alloc+207&gt;:     mov    eax,DWORD PTR [ebp-0x20]
   0x8293a94 &lt;chunk_obj_alloc+210&gt;:     mov    eax,DWORD PTR [eax+0x8]
[------------------------------------stack-------------------------------------]
0000| 0xbfffda00 --&gt; 0x8e66fac --&gt; 0x0
0004| 0xbfffda04 --&gt; 0x8e6bc28 --&gt; 0x8e6bc58 --&gt; 0x0
0008| 0xbfffda08 --&gt; 0x81e4ae3 (&lt;Pack3Words&gt;:   push   ebp)
0012| 0xbfffda0c --&gt; 0x8dfe574 --&gt; 0x8e4d884 --&gt; 0x4150061
0016| 0xbfffda10 --&gt; 0x0
0020| 0xbfffda14 --&gt; 0x350
0024| 0xbfffda18 --&gt; 0x0
0028| 0xbfffda1c --&gt; 0x0
[------------------------------------------------------------------------------]
Legend: code, data, rodata, value
Stopped reason: SIGSEGV
0x08293a85 in chunk_obj_alloc (mem=0x8dfe4f8, size=0x334, type=0x8a34120 &lt;st_bytes&gt;,
    cname=0x8669464 &quot;gs_type42_font_init&quot;) at ./base/gsmchunk.c:804
804                     if (b-&gt;size &gt;= newsize) {
gdb-peda$ bt
#0  0x08293a85 in chunk_obj_alloc (mem=0x8dfe4f8, size=0x334, type=0x8a34120 &lt;st_bytes&gt;,
    cname=0x8669464 &quot;gs_type42_font_init&quot;) at ./base/gsmchunk.c:804
#1  0x08293f16 in chunk_alloc_bytes (mem=0x8dfe4f8, size=0x334,
    cname=0x8669464 &quot;gs_type42_font_init&quot;) at ./base/gsmchunk.c:977
#2  0x08293f96 in chunk_alloc_byte_array (mem=0x8dfe4f8, num_elements=0xcd, elt_size=0x4,
    cname=0x8669464 &quot;gs_type42_font_init&quot;) at ./base/gsmchunk.c:1005
#3  0x080e4e9e in gs_type42_font_init (pfont=0x8e4d6b4, subfontID=0x0)
    at ./base/gstype42.c:337
#4  0x085ea4b4 in xps_init_truetype_font (ctx=0x8e03c14, font=0x8e4d664)
    at ./xps/xpsttf.c:411
#5  0x085e847d in xps_new_font (ctx=0x8e03c14, buf=0x8e4b264 &quot;&quot;, buflen=0x23e4, index=0x0)
    at ./xps/xpsfont.c:79
#6  0x085e7a0d in xps_parse_glyphs (ctx=0x8e03c14,
    base_uri=0xbfffe47c &quot;/Documents/1/Pages/&quot;, dict=0x0, root=0x8e43894)
    at ./xps/xpsglyphs.c:711
#7  0x085da425 in xps_parse_element (ctx=0x8e03c14,
    base_uri=0xbfffe47c &quot;/Documents/1/Pages/&quot;, dict=0x0, node=0x8e43894)
    at ./xps/xpscommon.c:68
#8  0x085d96c6 in xps_parse_fixed_page (ctx=0x8e03c14, part=0x8e059c4) at ./xps/xpspage.c:279
#9  0x085d6758 in xps_read_and_process_page_part (ctx=0x8e03c14,
    name=0x8e43864 &quot;/Documents/1/Pages/1.fpage&quot;) at ./xps/xpszip.c:539
#10 0x085d6ff2 in xps_process_file (ctx=0x8e03c14,
    filename=0x8dfe660 &quot;in/id:000025,sig:06,src:000000,op:flip1,pos:31950&quot;)
    at ./xps/xpszip.c:688
#11 0x0809a5eb in xps_imp_process_file (impl=0x8e02ba4,
    filename=0x8dfe660 &quot;in/id:000025,sig:06,src:000000,op:flip1,pos:31950&quot;)
    at ./xps/xpstop.c:228
#12 0x085c4894 in pl_process_file (impl=0x8e02ba4,
    filename=0x8dfe660 &quot;in/id:000025,sig:06,src:000000,op:flip1,pos:31950&quot;)
    at ./pcl/pl/pltop.c:70
#13 0x08650528 in pl_main_run_file (minst=0x8dfe5c4,
    filename=0x8dfe660 &quot;in/id:000025,sig:06,src:000000,op:flip1,pos:31950&quot;)
    at ./pcl/pl/plmain.c:377
#14 0x08652ba3 in pl_main_process_options (pmi=0x8dfe5c4, pal=0x8dfe640,
    pjl_instance=0x8e01384) at ./pcl/pl/plmain.c:1313
#15 0x08650083 in pl_main_init_with_args (inst=0x8dfe5c4, argc=0x5, argv=0xbffff624)
    at ./pcl/pl/plmain.c:262
#16 0x085c4cb3 in plapi_init_with_args (lib=0x8dfe0e8, argc=0x5, argv=0xbffff624)
    at ./pcl/pl/plapi.c:58
#17 0x0864fd5d in main (argc=0x5, argv=0xbffff624) at ./pcl/pl/realmain.c:34
#18 0xb7da8637 in __libc_start_main (main=0x864fcfd &lt;main&gt;, argc=0x5, argv=0xbffff624,
    init=0x8653660 &lt;__libc_csu_init&gt;, fini=0x86536c0 &lt;__libc_csu_fini&gt;,
    rtld_fini=0xb7fea780 &lt;_dl_fini&gt;, stack_end=0xbffff61c) at ../csu/libc-start.c:291
#19 0x0809a011 in _start ()
---------------
ASAN:SIGSEGV
=================================================================
==24411==ERROR: AddressSanitizer: memcpy-param-overlap: memory ranges [0xb4d57be0,0xb4d5f010) and [0xb4d59c76, 0xb4d610a6) overlap
    #0 0xb72cd8ca in __asan_memcpy (/usr/lib/i386-linux-gnu/libasan.so.2+0x8a8ca)
    #1 0xb72cdc2f in memcpy (/usr/lib/i386-linux-gnu/libasan.so.2+0x8ac2f)
    #2 0x8fe31c7 in xps_load_sfnt_name xps/xpsfont.c:229
    #3 0x8fe753b in xps_init_truetype_font xps/xpsttf.c:384
    #4 0x8fe2675 in xps_new_font xps/xpsfont.c:79
    #5 0x8fe1099 in xps_parse_glyphs xps/xpsglyphs.c:711
    #6 0x8fc1771 in xps_parse_element xps/xpscommon.c:68
    #7 0x8fbfb96 in xps_parse_fixed_page xps/xpspage.c:279
    #8 0x8fb93bc in xps_read_and_process_page_part xps/xpszip.c:539
    #9 0x8fba00f in xps_process_file xps/xpszip.c:688
    #10 0x809b252 in xps_imp_process_file xps/xpstop.c:228
    #11 0x8f8aaad in pl_process_file pcl/pl/pltop.c:70
    #12 0x911df5c in pl_main_run_file pcl/pl/plmain.c:377
    #13 0x9123536 in pl_main_process_options pcl/pl/plmain.c:1313
    #14 0x911d76f in pl_main_init_with_args pcl/pl/plmain.c:262
    #15 0x8f8ba70 in plapi_init_with_args pcl/pl/plapi.c:58
    #16 0x911d04b in main pcl/pl/realmain.c:34
    #17 0xb702e636 in __libc_start_main (/lib/i386-linux-gnu/libc.so.6+0x18636)
    #18 0x8099f90  (/home/karas/gwanyeong/bin/gxps+0x8099f90)

0xb4d57be0 is located 29664 bytes inside of 65560-byte region [0xb4d50800,0xb4d60818)
allocated by thread T0 here:
    #0 0xb72d9dee in malloc (/usr/lib/i386-linux-gnu/libasan.so.2+0x96dee)
    #1 0x8bc7a14 in gs_heap_alloc_bytes base/gsmalloc.c:193
    #2 0x8654534 in chunk_obj_alloc base/gsmchunk.c:909
    #3 0x8654b6d in chunk_alloc_struct_array base/gsmchunk.c:1019
    #4 0x8e05e8a in gx_char_cache_alloc base/gxccman.c:87
    #5 0x8b9fd57 in gs_font_dir_alloc2_limits base/gsfont.c:255
    #6 0x8b9fbf5 in gs_font_dir_alloc2 base/gsfont.c:228
    #7 0x876920a in pdf_open devices/vector/gdevpdf.c:834
    #8 0x8b81d40 in gs_opendevice base/gsdevice.c:456
    #9 0x911ed8c in pl_main_universe_select pcl/pl/plmain.c:581
    #10 0x911dd58 in pl_main_run_file pcl/pl/plmain.c:341
    #11 0x9123536 in pl_main_process_options pcl/pl/plmain.c:1313
    #12 0x911d76f in pl_main_init_with_args pcl/pl/plmain.c:262
    #13 0x8f8ba70 in plapi_init_with_args pcl/pl/plapi.c:58
    #14 0x911d04b in main pcl/pl/realmain.c:34
    #15 0xb702e636 in __libc_start_main (/lib/i386-linux-gnu/libc.so.6+0x18636)

0xb4d60818 is located 0 bytes to the right of 65560-byte region [0xb4d50800,0xb4d60818)
allocated by thread T0 here:
    #0 0xb72d9dee in malloc (/usr/lib/i386-linux-gnu/libasan.so.2+0x96dee)
    #1 0x8bc7a14 in gs_heap_alloc_bytes base/gsmalloc.c:193
    #2 0x8654534 in chunk_obj_alloc base/gsmchunk.c:909
    #3 0x8654b6d in chunk_alloc_struct_array base/gsmchunk.c:1019
    #4 0x8e05e8a in gx_char_cache_alloc base/gxccman.c:87
    #5 0x8b9fd57 in gs_font_dir_alloc2_limits base/gsfont.c:255
    #6 0x8b9fbf5 in gs_font_dir_alloc2 base/gsfont.c:228
    #7 0x876920a in pdf_open devices/vector/gdevpdf.c:834
    #8 0x8b81d40 in gs_opendevice base/gsdevice.c:456
    #9 0x911ed8c in pl_main_universe_select pcl/pl/plmain.c:581
    #10 0x911dd58 in pl_main_run_file pcl/pl/plmain.c:341
    #11 0x9123536 in pl_main_process_options pcl/pl/plmain.c:1313
    #12 0x911d76f in pl_main_init_with_args pcl/pl/plmain.c:262
    #13 0x8f8ba70 in plapi_init_with_args pcl/pl/plapi.c:58
    #14 0x911d04b in main pcl/pl/realmain.c:34
    #15 0xb702e636 in __libc_start_main (/lib/i386-linux-gnu/libc.so.6+0x18636)

SUMMARY: AddressSanitizer: memcpy-param-overlap ??:0 __asan_memcpy
==24411==ABORTING</pre>
    </div>

    <div id="c1" class="bz_comment">

      <div class="bz_comment_head">


        <span class="bz_comment_number">
          <a 
             href="show_bug.cgi?id=698044#c1">Comment 1</a>
        </span>

        <span class="bz_comment_user">
          <span class="vcard"><span class="fn">Chris Liddell (chrisl)</span>
</span>
        </span>

        <span class="bz_comment_user_images">
        </span>

        <span class="bz_comment_time">
          2017-06-14 03:14:07 UTC
        </span>

      </div>




<pre class="bz_comment_text">Fixed:
<a href="http://git.ghostscript.com/?p=ghostpdl.git;a=commitdiff;h=3c2aebbed">http://git.ghostscript.com/?p=ghostpdl.git;a=commitdiff;h=3c2aebbed</a></pre>
    </div>

    <div id="c2" class="bz_comment">

      <div class="bz_comment_head">


        <span class="bz_comment_number">
          <a 
             href="show_bug.cgi?id=698044#c2">Comment 2</a>
        </span>

        <span class="bz_comment_user">
          <span class="vcard"><span class="fn">Kim Gwan Yeong</span>
</span>
        </span>

        <span class="bz_comment_user_images">
        </span>

        <span class="bz_comment_time">
          2017-06-15 16:49:48 UTC
        </span>

      </div>




<pre class="bz_comment_text">This was assigned CVE-2017-9618</pre>
    </div>


  

</td>
<td>
</td>
</tr></table>
  </div>
        

</form>

<hr>
<ul class="related_actions">
    <li><a href="show_bug.cgi?format=multiple&amp;id=698044">Format For Printing</a></li>
    <li>&nbsp;-&nbsp;<a href="show_bug.cgi?ctype=xml&amp;id=698044">XML</a></li>
    <li>&nbsp;-&nbsp;<a href="enter_bug.cgi?cloned_bug_id=698044">Clone This Bug</a></li>
    
    <li>&nbsp;-&nbsp;<a href="#">Top of page </a></li>
    </ul>

<br>
</div>

    <div id="footer">
      <div class="intro"></div>
<ul id="useful-links">
  <li id="links-actions"><ul class="links">
  <li><a href="./">Home</a></li>
  <li><span class="separator">| </span><a href="enter_bug.cgi">New</a></li>
  <li><span class="separator">| </span><a href="describecomponents.cgi">Browse</a></li>
  <li><span class="separator">| </span><a href="query.cgi">Search</a></li>

  <li class="form">
    <span class="separator">| </span>
    <form action="buglist.cgi" method="get"
        onsubmit="if (this.quicksearch.value == '')
                  { alert('Please enter one or more search terms first.');
                    return false; } return true;">
    <input type="hidden" id="no_redirect_bottom" name="no_redirect" value="0">
    <script type="text/javascript">
      if (history && history.replaceState) {
        var no_redirect = document.getElementById("no_redirect_bottom");
        no_redirect.value = 1;
      }
    </script>
    <input class="txt" type="text" id="quicksearch_bottom" name="quicksearch" 
           title="Quick Search" value="">
    <input class="btn" type="submit" value="Search" 
           id="find_bottom"></form>
  <a href="page.cgi?id=quicksearch.html" title="Quicksearch Help">[?]</a></li>

  <li><span class="separator">| </span><a href="report.cgi">Reports</a></li>

  <li></li>


  <li>
        <span class="separator">| </span>
        <a href="docs/en/html/using/understanding.html" target="_blank">Help</a>
      </li>
    
      <li id="new_account_container_bottom">
        <span class="separator">| </span>
        <a href="createaccount.cgi">New&nbsp;Account</a>
      </li>

    <li id="mini_login_container_bottom">
  <span class="separator">| </span>
  <a id="login_link_bottom" href="show_bug.cgi?id=698044&amp;GoAheadAndLogIn=1"
     onclick="return show_mini_login_form('_bottom')">Log In</a>

  <form action="show_bug.cgi?id=698044" method="POST"
        class="mini_login bz_default_hidden"
        id="mini_login_bottom">
    <input id="Bugzilla_login_bottom" required
           name="Bugzilla_login" class="bz_login"
        type="email" placeholder="Email Address">
    <input class="bz_password" name="Bugzilla_password" type="password"
           id="Bugzilla_password_bottom" required
           placeholder="Password">
    <input type="hidden" name="Bugzilla_login_token"
           value="">
    <input type="submit" name="GoAheadAndLogIn" value="Log in"
            id="log_in_bottom">
    <a href="#" onclick="return hide_mini_login_form('_bottom')">[x]</a>
  </form>
</li>


  <li id="forgot_container_bottom">
    <span class="separator">| </span>
    <a id="forgot_link_bottom" href="show_bug.cgi?id=698044&amp;GoAheadAndLogIn=1#forgot"
       onclick="return show_forgot_form('_bottom')">Forgot Password</a>
    <form action="token.cgi" method="post" id="forgot_form_bottom"
          class="mini_forgot bz_default_hidden">
      <label for="login_bottom">Login:</label>
      <input name="loginname" size="20" id="login_bottom" required
          type="email" placeholder="Your Email Address">
      <input id="forgot_button_bottom" value="Reset Password" type="submit">
      <input type="hidden" name="a" value="reqpw">
      <input type="hidden" id="token_bottom" name="token"
             value="1635619320-VmwjHBpwD3r-ABY1JDnq4GwxxC6gZT_y4SOKgvmTjb4">
      <a href="#" onclick="return hide_forgot_form('_bottom')">[x]</a>
    </form>
  </li>
</ul>
  </li>

  




  
</ul>

      <div class="outro"></div>
    </div>

  </body>
</html>