<!DOCTYPE html>
<html lang="en">
<head>
    <meta charset="utf-8">
    
        <link rel='alternate' type='application/rss+xml' title='Reproducible crash Bug #74593 - RDF' href='rss/bug.php?id=74593'>
        <link rel='alternate' type='application/rss+xml' title='Reproducible crash Bug #74593 - RSS 2.0' href='rss/bug.php?id=74593&format=rss2'>
        <base href="https://bugs.php.net/">
    <title>PHP :: Bug #74593 :: crash in i_zval_ptr_dtor()</title>
    <link rel="shortcut icon" href="https://bugs.php.net/images/favicon.ico">
    <link rel="stylesheet" href="https://bugs.php.net/css/style.css">
</head>

<body>

<table id="top" class="head" cellspacing="0" cellpadding="0">
    <tr>
        <td class="head-logo">
            <a href="/"><img src="images/logo.png" alt="Bugs" vspace="2" hspace="2"></a>
        </td>

        <td class="head-menu">
            <a href="https://php.net/">php.net</a>&nbsp;|&nbsp;
            <a href="https://php.net/support.php">support</a>&nbsp;|&nbsp;
            <a href="https://php.net/docs.php">documentation</a>&nbsp;|&nbsp;
            <a href="report.php">report a bug</a>&nbsp;|&nbsp;
            <a href="search.php">advanced search</a>&nbsp;|&nbsp;
            <a href="search-howto.php">search howto</a>&nbsp;|&nbsp;
            <a href="stats.php">statistics</a>&nbsp;|&nbsp;
            <a href="random">random bug</a>&nbsp;|&nbsp;
            <a href="login.php">login</a>
        </td>
    </tr>

    <tr>
        <td class="head-search" colspan="2">
            <form method="get" action="search.php">
                <p class="head-search">
                    <input type="hidden" name="cmd" value="display">
                    <small>go to bug id or search bugs for</small>
                    <input class="small" type="text" name="search_for" value="" size="30">
                    <input type="image" src="images/small_submit_white.gif" alt="search" style="vertical-align: middle;">
                </p>
            </form>
        </td>
    </tr>
</table>

<table class="middle" cellspacing="0" cellpadding="0">
    <tr>
        <td class="content">
<div id="bugheader">
    <table id="details">
        <tr id="title">
            <th class="details" id="number"><a href="bug.php?id=74593">Bug</a>&nbsp;#74593</th>
            <td id="summary" colspan="5">crash in i_zval_ptr_dtor()</td>
        </tr>
        <tr id="submission">
            <th class="details">Submitted:</th>
            <td style="white-space: nowrap;">2017-05-15 08:20 UTC</td>
            <th class="details">Modified:</th>
            <td style="white-space: nowrap;">2017-09-10 21:34 UTC</td>
            <td rowspan="6">

                <table id="votes">
                    <tr><th class="details">Votes:</th><td>4</td></tr>
                    <tr><th class="details">Avg. Score:</th><td>3.5 &plusmn; 0.9</td></tr>
                    <tr><th class="details">Reproduced:</th><td>1 of 1 (100.0%)</td></tr>
                    <tr><th class="details">Same Version:</th><td>1 (100.0%)</td></tr>
                    <tr><th class="details">Same OS:</th><td>0 (0.0%)</td></tr>
                </table>

            </td>
        </tr>

        <tr id="submitter">
            <th class="details">From:</th>
            <td>whitehat002 &#x61;&#116; hotmail &#x64;&#111;&#x74; com</td>
            <th class="details">Assigned:</th>
            <td><a href="search.php?cmd=display&amp;assign=cmb">cmb</a> (<a href="https://people.php.net/cmb">profile</a>)</td>
        </tr>

        <tr id="categorization">
            <th class="details">Status:</th>
            <td>Duplicate</td>
            <th class="details">Package:</th>
            <td><a href="search.php?cmd=display&amp;package_name[]=Reproducible+crash">Reproducible crash</a></td>
        </tr>

        <tr id="situation">
            <th class="details">PHP Version:</th>
            <td>7.1.5</td>
            <th class="details">OS:</th>
            <td></td>
        </tr>

        <tr id="private">
            <th class="details">Private report:</th>
            <td>No</td>
            <th class="details">CVE-ID:</th>
            <td><em>None</em></td>
        </tr>
    </table>
</div>

<div class="controls">
<span id='control_0' class='control active'>View</span>
<span id='control_3' class='control'><a href='bug.php?id=74593&amp;edit=3'>Add Comment</a></span>
<span id='control_1' class='control'><a href='bug.php?id=74593&amp;edit=1'>Developer</a></span>
<span id='control_2' class='control'><a href='bug.php?id=74593&amp;edit=2'>Edit</a></span>
</div>
<div class="clear"></div>



<div class='comment type_comment' ><a name="1494836430">&nbsp;</a><strong>[2017-05-15 08:20 UTC] whitehat002 &#x61;&#116; hotmail &#x64;&#111;&#x74; com</strong>
<pre class='note'>Description:
------------
The bug is related to bug#74310.But I find the bug still exists in php7.1.5 which is the latest version.

Test script:
---------------
&lt;?php
$array=array();
$$array[99999999]=$Array=&quot;AAA&quot;;
$$array[1]=$$Array=&quot;BBB&quot;;


Expected result:
----------------
no crash 

Actual result:
--------------
root@hackyzh-virtual-machine:~# gdb -q --args ./php-7.1.5/sapi/cli/php -n  poc2.php 
Reading symbols from /root/php-7.1.5/sapi/cli/php...done.
gdb-peda$ r
[Thread debugging using libthread_db enabled]
Using host libthread_db library &quot;/lib/i386-linux-gnu/libthread_db.so.1&quot;.

Fatal error: Allowed memory size of 134217728 bytes exhausted (tried to allocate 100000020 bytes) in /root/poc2.php on line 4

Program received signal SIGSEGV, Segmentation fault.

[----------------------------------registers-----------------------------------]
EAX: 0xb7013060 --&gt; 0xb0e00000 
EBX: 0x8a8ae48 --&gt; 0x1 
ECX: 0xb0e00000 
EDX: 0x0 
ESI: 0xc0 
EDI: 0xb70561c8 --&gt; 0x0 
EBP: 0xb70561c0 --&gt; 0xb7013060 --&gt; 0xb0e00000 
ESP: 0xbfffe06c --&gt; 0x83d205c (&lt;zend_hash_graceful_reverse_destroy+300&gt;:	mov    eax,DWORD PTR [esp+0x14])
EIP: 0x83b1d12 (&lt;zend_unclean_zval_ptr_dtor+18&gt;:	mov    edx,DWORD PTR [ecx])
EFLAGS: 0x210202 (carry parity adjust zero sign trap INTERRUPT direction overflow)
[-------------------------------------code-------------------------------------]
   0x83b1d0a &lt;zend_unclean_zval_ptr_dtor+10&gt;:	test   BYTE PTR [eax+0x9],0x4
   0x83b1d0e &lt;zend_unclean_zval_ptr_dtor+14&gt;:	
    je     0x83b1d32 &lt;zend_unclean_zval_ptr_dtor+50&gt;
   0x83b1d10 &lt;zend_unclean_zval_ptr_dtor+16&gt;:	mov    ecx,DWORD PTR [eax]
=&gt; 0x83b1d12 &lt;zend_unclean_zval_ptr_dtor+18&gt;:	mov    edx,DWORD PTR [ecx]
   0x83b1d14 &lt;zend_unclean_zval_ptr_dtor+20&gt;:	sub    edx,0x1
   0x83b1d17 &lt;zend_unclean_zval_ptr_dtor+23&gt;:	test   edx,edx
   0x83b1d19 &lt;zend_unclean_zval_ptr_dtor+25&gt;:	mov    DWORD PTR [ecx],edx
   0x83b1d1b &lt;zend_unclean_zval_ptr_dtor+27&gt;:	
    je     0x83b1d40 &lt;zend_unclean_zval_ptr_dtor+64&gt;
[------------------------------------stack-------------------------------------]
0000| 0xbfffe06c --&gt; 0x83d205c (&lt;zend_hash_graceful_reverse_destroy+300&gt;:	mov    eax,DWORD PTR [esp+0x14])
0004| 0xbfffe070 --&gt; 0xbfffe0a0 --&gt; 0xb7013060 --&gt; 0xb0e00000 
0008| 0xbfffe074 --&gt; 0x0 
0012| 0xbfffe078 --&gt; 0x1 
0016| 0xbfffe07c --&gt; 0xb7fff938 --&gt; 0x0 
0020| 0xbfffe080 --&gt; 0x1 
0024| 0xbfffe084 --&gt; 0x8 
0028| 0xbfffe088 --&gt; 0x0 
[------------------------------------------------------------------------------]
Legend: code, data, rodata, value
Stopped reason: SIGSEGV
i_zval_ptr_dtor (zval_ptr=0xb7013060) at /root/php-7.1.5/Zend/zend_variables.h:47
47			if (!Z_DELREF_P(zval_ptr)) {
gdb-peda$ bt
#0  i_zval_ptr_dtor (zval_ptr=0xb7013060) at /root/php-7.1.5/Zend/zend_variables.h:47
#1  zend_unclean_zval_ptr_dtor (zv=0xb7013060)
    at /root/php-7.1.5/Zend/zend_execute_API.c:210
#2  0x083d205c in _zend_hash_del_el_ex (prev=&lt;optimized out&gt;, p=&lt;optimized out&gt;, 
    idx=&lt;optimized out&gt;, ht=&lt;optimized out&gt;) at /root/php-7.1.5/Zend/zend_hash.c:998
#3  _zend_hash_del_el (p=&lt;optimized out&gt;, idx=0xc0, ht=0x8a8ae48)
    at /root/php-7.1.5/Zend/zend_hash.c:1021
#4  zend_hash_graceful_reverse_destroy (ht=0x8a8ae48)
    at /root/php-7.1.5/Zend/zend_hash.c:1477
#5  0x083b2341 in shutdown_executor () at /root/php-7.1.5/Zend/zend_execute_API.c:279
#6  0x083c161c in zend_deactivate () at /root/php-7.1.5/Zend/zend.c:999
#7  0x08361a97 in php_request_shutdown (dummy=0x0) at /root/php-7.1.5/main/main.c:1877
#8  0x08458fc0 in do_cli (argc=0x3, argv=0x8a8e868)
    at /root/php-7.1.5/sapi/cli/php_cli.c:1160
#9  0x080785ad in main (argc=0x3, argv=0x8a8e868)
    at /root/php-7.1.5/sapi/cli/php_cli.c:1381
#10 0xb791daf3 in __libc_start_main () from /lib/i386-linux-gnu/libc.so.6
#11 0x08078641 in _start ()


</pre>
</div><h2>Patches</h2>
<p><a href='patch-add.php?bug_id=74593'>Add a Patch</a></p><h2>Pull Requests</h2>
<p><a href='gh-pull-add.php?bug_id=74593'>Add a Pull Request</a></p><h2 style="border-bottom:2px solid #666;margin-bottom:0;padding:5px 0;">History</h2><div id='comment_filter' class='controls comments'><span id='type_all' class='control active' onclick='do_comment(this);'>All</span><span id='type_comment' class='control ' onclick='do_comment(this);'>Comments</span><span id='type_log' class='control ' onclick='do_comment(this);'>Changes</span><span id='type_svn' class='control ' onclick='do_comment(this);'>Git/SVN commits</span><span id='type_related' class='control ' onclick='do_comment(this);'>Related reports</span>            </div>
            <div id='comments_view' style='clear:both;'>
<div class='comment type_log' ><a name="1505079293">&nbsp;</a><strong>[2017-09-10 21:34 UTC] <a href="//people.php.net/cmb">cmb@php.net</a></strong>
<div class='log_note'><div class="changeset">
<span class="removed">-Status:      Open</span>
<span class="added">+Status:      Duplicate</span>
<span class="removed">-Assigned To:</span>
<span class="added">+Assigned To: cmb</span>
</div></div></div><div class='comment type_comment' ><a name="1505079293">&nbsp;</a><strong>[2017-09-10 21:34 UTC] <a href="//people.php.net/cmb">cmb@php.net</a></strong>
<pre class='note'>&gt; The bug is related to bug#74310.But I find the bug still exists
&gt; in php7.1.5 which is the latest version.

Of course, since <a href='bug.php?id=74310'>bug #74310</a> has not yet been fixed. Closing as
duplicate.
</pre>
</div></div>
        </td>
    </tr>
</table>

<script src='js/util.js'></script>
<script src='https://ajax.googleapis.com/ajax/libs/jquery/1.4.2/jquery.min.js'></script>
<script src="js/jquery.cookie.js"></script>
<script>
function do_comment(nd)
{
    $('#comment_filter > .control.active').removeClass("active");
    $(nd).addClass("active");

    $.cookie('history_tab', nd.id, { expires: 365 });

    if (nd.id == 'type_all') {
        $('#comments_view > .comment:hidden').show('slow');
    } else {
        $('#comments_view > .comment').each(function(i) {
            if ($(this).hasClass(nd.id)) {
                $(this).show('slow');
            } else {
                $(this).hide('slow');
            }
        });
    }
    return false;
}
</script>
<table class="foot" cellspacing="0" cellpadding="0">
    <tr>
        <td class="foot-bar" colspan="2">&nbsp;</td>
    </tr>

    <tr>
        <td class="foot-copy">
            <small>
                <a href="https://php.net/"><img src="images/logo-small.gif" align="left" valign="middle" hspace="3" alt="PHP"></a>
                <a href="https://php.net/copyright.php">Copyright &copy; 2001-2021 The PHP Group</a><br>
                All rights reserved.
            </small>
        </td>
        <td class="foot-source">
            <small>Last updated: Sat Oct 30 19:03:34 2021 UTC</small>
        </td>
    </tr>
</table>
</body>
</html>
