<!DOCTYPE HTML PUBLIC "-//W3C//DTD HTML 4.01 Transitional//EN">
<html><head>
<link rel="icon" href="/favicon.png">
<title>#777159 - malformed wav causes floating point exception (integer divide by zero) - Debian Bug report logs</title>
<meta http-equiv="Content-Type" content="text/html;charset=utf-8">
<meta name="viewport" content="width=device-width, initial-scale=1">
<link rel="stylesheet" href="/css/bugs.css" type="text/css">

<link rel="canonical" href="&lt;a href=&quot;bugreport.cgi?bug=777159&quot;&gt;777159&lt;/a&gt;">
<script type="text/javascript">
<!--
function toggle_infmessages()
{
        allDivs=document.getElementsByTagName("div");
        for (var i = 0 ; i < allDivs.length ; i++ )
        {
                if (allDivs[i].className == "infmessage")
                {
                        allDivs[i].style.display=(allDivs[i].style.display == 'none' | allDivs[i].style.display == '') ? 'block' : 'none';
                }
        }
}
-->
</script>
</head>
<body>
<h1>Debian Bug report logs - 
<a href="mailto:777159@bugs.debian.org">#777159</a><br>
malformed wav causes floating point exception (integer divide by zero)</h1>
<div class="versiongraph"><a href="version.cgi?package=lame;found=3.99.5;absolute=0;info=1;collapse=1;fixed=lame%2F3.99.5%2Brepack1-6;fixed=lame%2F3.99.5%2Brepack1-3%2Bdeb7u1"><img alt="version graph" src="version.cgi?width=2;collapse=1;package=lame;found=3.99.5;absolute=0;fixed=lame%2F3.99.5%2Brepack1-6;fixed=lame%2F3.99.5%2Brepack1-3%2Bdeb7u1;height=2"></a></div>
<div class="pkginfo">
  <p>Package:
     <a class="submitter" href="pkgreport.cgi?package=lame">lame</a>;
Maintainer for <a href="pkgreport.cgi?package=lame">lame</a> is <a href="pkgreport.cgi?maint=debian-multimedia%40lists.debian.org">Debian Multimedia Maintainers &lt;debian-multimedia@lists.debian.org&gt;</a>; Source for <a href="pkgreport.cgi?package=lame">lame</a> is <a href="pkgreport.cgi?src=lame">src:lame</a> (<a href="https://tracker.debian.org/pkg/lame">PTS</a>, <a href="https://buildd.debian.org/lame">buildd</a>, <a href="https://qa.debian.org/popcon.php?package=lame">popcon</a>). </p>

</div>

<div class="buginfo">
  <p>Reported by: <a href="pkgreport.cgi?submitter=brian.carpenter%40gmail.com">Brian Carpenter &lt;brian.carpenter@gmail.com&gt;</a></p>
  <p>Date: Thu,  5 Feb 2015 18:15:01 UTC</p>

<p>Severity: normal</p>
<p></p>

<p>Found in version 3.99.5</p>
<p>Fixed in versions lame/3.99.5+repack1-6, lame/3.99.5+repack1-3+deb7u1</p>

<p><strong>Done:</strong> Fabian Greffrath &lt;fabian+debian@greffrath.com&gt;</p>

<p>Bug is archived. No further changes may be made.<p></div>

<p><a href="javascript:toggle_infmessages();">Toggle useless messages</a></p><div class="msgreceived"><p>View this report as an <a href="bugreport.cgi?bug=777159;mbox=yes">mbox folder</a>, <a href="bugreport.cgi?bug=777159;mbox=yes;mboxstatus=yes">status mbox</a>, <a href="bugreport.cgi?bug=777159;mbox=yes;mboxmaint=yes">maintainer mbox</a></p></div>

<div class="infmessage"><hr><p>
<a name="1"></a>
<!-- request_addr: debian-bugs-dist@lists.debian.org, Debian Multimedia Maintainers &lt;pkg-multimedia-maintainers@lists.alioth.debian.org&gt; -->
<!-- time:1423160106 -->
<strong>Report forwarded</strong>
to <code>debian-bugs-dist@lists.debian.org, Debian Multimedia Maintainers &lt;pkg-multimedia-maintainers@lists.alioth.debian.org&gt;</code>:<br>
<code>Bug#777159</code>; Package <code>lame</code>.
 (Thu, 05 Feb 2015 18:15:06 GMT) (<a href="bugreport.cgi?bug=777159;msg=2">full text</a>, <a href="bugreport.cgi?bug=777159;mbox=yes;msg=2">mbox</a>, <a href="#1">link</a>).</p></p></div>

<div class="infmessage"><hr><p>
<a name="3"></a>
<!-- request_addr: Brian Carpenter &lt;brian.carpenter@gmail.com&gt; -->
<!-- time:1423160106 -->
<strong>Acknowledgement sent</strong>
to <code>Brian Carpenter &lt;brian.carpenter@gmail.com&gt;</code>:<br>
New Bug report received and forwarded.  Copy sent to <code>Debian Multimedia Maintainers &lt;pkg-multimedia-maintainers@lists.alioth.debian.org&gt;</code>.
 (Thu, 05 Feb 2015 18:15:06 GMT) (<a href="bugreport.cgi?bug=777159;msg=4">full text</a>, <a href="bugreport.cgi?bug=777159;mbox=yes;msg=4">mbox</a>, <a href="#3">link</a>).</p></p></div>

<hr><p class="msgreceived"><a name="5"></a><a name="msg5"></a><a href="#5">Message #5</a> received at submit@bugs.debian.org (<a href="bugreport.cgi?bug=777159;msg=5">full text</a>, <a href="bugreport.cgi?bug=777159;mbox=yes;msg=5">mbox</a>, <a href="mailto:777159@bugs.debian.org?subject=Re%3A%20malformed%20wav%20causes%20floating%20point%20exception%20%28integer%20divide%20by%20zero%29&amp;In-Reply-To=%3CCANMVOuxPai%3DdYuwheaJxdf%3Dy0GNgbMvyVuKjdv0WPFPXXB-5oQ%40mail.gmail.com%3E&amp;body=On%20Thu%2C%205%20Feb%202015%2012%3A12%3A11%20-0600%20Brian%20Carpenter%20%3Cbrian.carpenter%40gmail.com%3E%20wrote%3A%0A%3E%20Package%3A%20lame%0A%3E%20Version%3A%203.99.5%0A%3E%20%0A%3E%20This%20bug%20was%20found%20with%20american%20fuzzy%20lop%20%28http%3A%2F%2Flcamtuf.coredump.cx%2Fafl%2F%29.%0A%3E%20I%20compiled%20lame%20as%20follows%3A%0A%3E%20CC%3D%2Fpath%2Fto%2Fafl-gcc%20.%2Fconfigure%0A%3E%20AFL_HARDEN%3D1%20make%0A%3E%20%0A%3E%20GDB%20output%3A%0A%3E%20Program%20received%20signal%20SIGFPE%2C%20Arithmetic%20exception.%0A%3E%20%5B----------------------------------registers-----------------------------------%5D%0A%3E%20RAX%3A%200x1a68%0A%3E%20RBX%3A%200x816720%20--%3E%200xfbad2498%0A%3E%20RCX%3A%200x1a68%0A%3E%20RDX%3A%200x0%0A%3E%20RSI%3A%200x2b11%0A%3E%20RDI%3A%200x7fd240%20--%3E%200xfff88e3b%0A%3E%20RBP%3A%200x7fd240%20--%3E%200xfff88e3b%0A%3E%20RSP%3A%200x7ffffff31310%20--%3E%200x0%0A%3E%20RIP%3A%200x41df9f%20%28%3Cinit_infile%2B13399%3E%3A%20idiv%20%20%20r15%29%0A%3E%20R8%20%3A%200x7ffffff31450%20--%3E%200x7fff00001a68%0A%3E%20R9%20%3A%200x7ffff7fde700%20%280x00007ffff7fde700%29%0A%3E%20R10%3A%200x64000000%20%28%27%27%29%0A%3E%20R11%3A%200x68%20%28%27h%27%29%0A%3E%20R12%3A%200x1a68%0A%3E%20R13%3A%200x2%0A%3E%20R14%3A%200x0%0A%3E%20R15%3A%200x0%0A%3E%20EFLAGS%3A%200x10246%20%28carry%20PARITY%20adjust%20ZERO%20sign%20trap%20INTERRUPT%20direction%0A%3E%20overflow%29%0A%3E%20%5B-------------------------------------code-------------------------------------%5D%0A%3E%20%20%20%200x41df8c%20%3Cinit_infile%2B13380%3E%3A%20mov%20%20%20%20DWORD%20PTR%20%5Brip%2B0x3af156%5D%2C0x1%0A%3E%20%20%23%200x7cd0ec%20%3Cglobal%2B12%3E%0A%3E%20%20%20%200x41df96%20%3Cinit_infile%2B13390%3E%3A%20mov%20%20%20%20r13d%2C0x2%0A%3E%20%20%20%200x41df9c%20%3Cinit_infile%2B13396%3E%3A%20movsxd%20r15%2Cr14d%0A%3E%20%3D%3E%200x41df9f%20%3Cinit_infile%2B13399%3E%3A%20idiv%20%20%20r15%0A%3E%20%20%20%200x41dfa2%20%3Cinit_infile%2B13402%3E%3A%20mov%20%20%20%20rsi%2Crax%0A%3E%20%20%20%200x41dfa5%20%3Cinit_infile%2B13405%3E%3A%20call%20%20%200x501b90%20%3Clame_set_num_samples%3E%0A%3E%20%20%20%200x41dfaa%20%3Cinit_infile%2B13410%3E%3A%20mov%20%20%20%20DWORD%20PTR%20%5Brip%2B0x3af12c%5D%2C0x1%0A%3E%20%20%23%200x7cd0e0%20%3Cglobal%3E%0A%3E%20%20%20%200x41dfb4%20%3Cinit_infile%2B13420%3E%3A%20jmp%20%20%20%200x41ba8b%20%3Cinit_infile%2B3907%3E%0A%3E%20%5B------------------------------------stack-------------------------------------%5D%0A%3E%200000%7C%200x7ffffff31310%20--%3E%200x0%0A%3E%200008%7C%200x7ffffff31318%20--%3E%200xffffffffffffffff%0A%3E%200016%7C%200x7ffffff31320%20--%3E%200x7ffffff313b0%20--%3E%200x7ffff7393af8%20--%3E%0A%3E%200xc001a00000cbb%0A%3E%200024%7C%200x7ffffff31328%20%28%22id%3A00000%22%29%0A%3E%200032%7C%200x7ffffff31330%20--%3E%200x100000000%0A%3E%200040%7C%200x7ffffff31338%20--%3E%200x1e%0A%3E%200048%7C%200x7ffffff31340%20--%3E%200x100000000%0A%3E%200056%7C%200x7ffffff31348%20--%3E%200x3d2ef35793c76730%0A%3E%20%5B------------------------------------------------------------------------------%5D%0A%3E%20Legend%3A%20code%2C%20data%2C%20rodata%2C%20value%0A%3E%20Stopped%20reason%3A%20SIGFPE%0A%3E%200x000000000041df9f%20in%20parse_wave_header%20%28sf%3D0x816720%2C%20gfp%3D0x7fd240%29%20at%0A%3E%20get_audio.c%3A1454%0A%3E%201454%20%20%20%20%20%20%20%20%28void%29%20lame_set_num_samples%28gfp%2C%20data_length%20%2F%20%28channels%20%2A%0A%3E%20%28%28bits_per_sample%20%2B%207%29%20%2F%208%29%29%29%3B%0A%3E%20%0A%3E%20%0A&amp;References=%3CCANMVOuxPai%3DdYuwheaJxdf%3Dy0GNgbMvyVuKjdv0WPFPXXB-5oQ%40mail.gmail.com%3E">reply</a>):</p>
<div class="headers">
<img src="/cgi-bin/libravatar.cgi?email=brian.carpenter%40gmail.com" alt="">
<div class="header"><span class="headerfield">From:</span> Brian Carpenter &lt;brian.carpenter@gmail.com&gt;</div>
<div class="header"><span class="headerfield">To:</span> submit@bugs.debian.org</div>
<div class="header"><span class="headerfield">Subject:</span> malformed wav causes floating point exception (integer divide by zero)</div>
<div class="header"><span class="headerfield">Date:</span> Thu, 5 Feb 2015 12:12:11 -0600</div>
</div>
<pre class="mime">[<a href="bugreport.cgi?att=0;bug=777159;msg=5">Message part 1</a> (text/plain, inline)]</pre>
<pre class="message">Package: lame
Version: 3.99.5

This bug was found with american fuzzy lop (<a href="http://lcamtuf.coredump.cx/afl/">http://lcamtuf.coredump.cx/afl/</a>).
I compiled lame as follows:
CC=/path/to/afl-gcc ./configure
AFL_HARDEN=1 make

GDB output:
Program received signal SIGFPE, Arithmetic exception.
[----------------------------------registers-----------------------------------]
RAX: 0x1a68
RBX: 0x816720 --&gt; 0xfbad2498
RCX: 0x1a68
RDX: 0x0
RSI: 0x2b11
RDI: 0x7fd240 --&gt; 0xfff88e3b
RBP: 0x7fd240 --&gt; 0xfff88e3b
RSP: 0x7ffffff31310 --&gt; 0x0
RIP: 0x41df9f (&lt;init_infile+13399&gt;: idiv   r15)
R8 : 0x7ffffff31450 --&gt; 0x7fff00001a68
R9 : 0x7ffff7fde700 (0x00007ffff7fde700)
R10: 0x64000000 (&#39;&#39;)
R11: 0x68 (&#39;h&#39;)
R12: 0x1a68
R13: 0x2
R14: 0x0
R15: 0x0
EFLAGS: 0x10246 (carry PARITY adjust ZERO sign trap INTERRUPT direction
overflow)
[-------------------------------------code-------------------------------------]
   0x41df8c &lt;init_infile+13380&gt;: mov    DWORD PTR [rip+0x3af156],0x1
 # 0x7cd0ec &lt;global+12&gt;
   0x41df96 &lt;init_infile+13390&gt;: mov    r13d,0x2
   0x41df9c &lt;init_infile+13396&gt;: movsxd r15,r14d
=&gt; 0x41df9f &lt;init_infile+13399&gt;: idiv   r15
   0x41dfa2 &lt;init_infile+13402&gt;: mov    rsi,rax
   0x41dfa5 &lt;init_infile+13405&gt;: call   0x501b90 &lt;lame_set_num_samples&gt;
   0x41dfaa &lt;init_infile+13410&gt;: mov    DWORD PTR [rip+0x3af12c],0x1
 # 0x7cd0e0 &lt;global&gt;
   0x41dfb4 &lt;init_infile+13420&gt;: jmp    0x41ba8b &lt;init_infile+3907&gt;
[------------------------------------stack-------------------------------------]
0000| 0x7ffffff31310 --&gt; 0x0
0008| 0x7ffffff31318 --&gt; 0xffffffffffffffff
0016| 0x7ffffff31320 --&gt; 0x7ffffff313b0 --&gt; 0x7ffff7393af8 --&gt;
0xc001a00000cbb
0024| 0x7ffffff31328 (&quot;id:00000&quot;)
0032| 0x7ffffff31330 --&gt; 0x100000000
0040| 0x7ffffff31338 --&gt; 0x1e
0048| 0x7ffffff31340 --&gt; 0x100000000
0056| 0x7ffffff31348 --&gt; 0x3d2ef35793c76730
[------------------------------------------------------------------------------]
Legend: code, data, rodata, value
Stopped reason: SIGFPE
0x000000000041df9f in parse_wave_header (sf=0x816720, gfp=0x7fd240) at
get_audio.c:1454
1454        (void) lame_set_num_samples(gfp, data_length / (channels *
((bits_per_sample + 7) / 8)));


Valgrind output:
==15646==
==15646== Process terminating with default action of signal 8 (SIGFPE):
dumping core
==15646==  Integer divide by zero at address 0x40342D82D
==15646==    at 0x41DF8C: init_infile (get_audio.c:1452)
==15646==    by 0x406B0A: lame_main (lame_main.c:151)
==15646==    by 0x402604: main (main.c:470)
Floating point exception

I&#39;ve attached the test case which causes this crash.

Debian 7, kernel v3.2.63-2+deb7u2 x86_64, libc6 v2.13-38+deb7u7
</pre>
<pre class="mime">[<a href="bugreport.cgi?att=1;bug=777159;msg=5">Message part 2</a> (text/html, inline)]</pre>
<pre class="mime">[<a href="bugreport.cgi?att=2;bug=777159;filename=test00.wav;msg=5">test00.wav</a> (audio/x-wav, attachment)]</pre>

<div class="infmessage"><hr><p>
<a name="6"></a>
<!-- request_addr: debian-bugs-dist@lists.debian.org, Debian Multimedia Maintainers &lt;pkg-multimedia-maintainers@lists.alioth.debian.org&gt; -->
<!-- time:1423213029 -->
<strong>Information forwarded</strong>
to <code>debian-bugs-dist@lists.debian.org, Debian Multimedia Maintainers &lt;pkg-multimedia-maintainers@lists.alioth.debian.org&gt;</code>:<br>
<code>Bug#777159</code>; Package <code>lame</code>.
 (Fri, 06 Feb 2015 08:57:09 GMT) (<a href="bugreport.cgi?bug=777159;msg=7">full text</a>, <a href="bugreport.cgi?bug=777159;mbox=yes;msg=7">mbox</a>, <a href="#6">link</a>).</p></p></div>

<div class="infmessage"><hr><p>
<a name="8"></a>
<!-- request_addr: Fabian Greffrath &lt;fabian@greffrath.com&gt; -->
<!-- time:1423213029 -->
<strong>Acknowledgement sent</strong>
to <code>Fabian Greffrath &lt;fabian@greffrath.com&gt;</code>:<br>
Extra info received and forwarded to list.  Copy sent to <code>Debian Multimedia Maintainers &lt;pkg-multimedia-maintainers@lists.alioth.debian.org&gt;</code>.
 (Fri, 06 Feb 2015 08:57:09 GMT) (<a href="bugreport.cgi?bug=777159;msg=9">full text</a>, <a href="bugreport.cgi?bug=777159;mbox=yes;msg=9">mbox</a>, <a href="#8">link</a>).</p></p></div>

<hr><p class="msgreceived"><a name="10"></a><a name="msg10"></a><a href="#10">Message #10</a> received at 777159@bugs.debian.org (<a href="bugreport.cgi?bug=777159;msg=10">full text</a>, <a href="bugreport.cgi?bug=777159;mbox=yes;msg=10">mbox</a>, <a href="mailto:777159@bugs.debian.org?References=%3CCANMVOuxPai%3DdYuwheaJxdf%3Dy0GNgbMvyVuKjdv0WPFPXXB-5oQ%40mail.gmail.com%3E%0A%20%3C1423212763.16799.38.camel%40greffrath.com%3E&amp;subject=Re%3A%20Bug%23777159%3A%20malformed%20wav%20causes%20floating%20point%20exception%0A%20%28integer%20divide%20by%20zero%29&amp;In-Reply-To=%3C1423212763.16799.38.camel%40greffrath.com%3E&amp;body=On%20Fri%2C%2006%20Feb%202015%2009%3A52%3A43%20%2B0100%20Fabian%20Greffrath%20%3Cfabian%40greffrath.com%3E%20wrote%3A%0A%3E%20Hi%20all%2C%0A%3E%20%0A%3E%20fortunately%2C%20this%20is%20all%20in%20the%20frontend%20code%20in%0A%3E%20frontend%2Fget_audio.c%3Aparse_wave_header%28%29%20and%20not%20in%20the%20library.%20The%0A%3E%20bits_per_sample%20value%20is%20read%20from%20the%20corrupted%20file%20and%20is%200%20in%20the%0A%3E%20case%20at%20hand.%20It%20is%20then%20used%20without%20further%20sanity%20checking%20in%20the%0A%3E%20following%20call%0A%3E%20%0A%3E%20lame_set_num_samples%28gfp%2C%20data_length%20%2F%20%28channels%20%2A%20%28%28bits_per_sample%20%2B%0A%3E%207%29%20%2F%208%29%29%29%3B%0A%3E%20%0A%3E%20in%20which%20%22bits_per_sample%20%2B%207%22%20is%207%2C%20divided%20by%208%20is%200%2C%20times%20%22channels%22%0A%3E%20remains%200.%20Unfortunately%2C%20this%20is%20the%20denominator%20of%20the%20division.%20Maybe%0A%3E%20we%20should%20%22return%20-1%22%20early%20if%20%28bits_per_sample%20%3C%201%29.%0A%3E%20%0A%3E%20-%20Fabian%0A%3E%20%0A%3E%20%0A%3E%20%0A%3E%20%0A">reply</a>):</p>
<div class="headers">
<img src="/cgi-bin/libravatar.cgi?email=fabian%40greffrath.com" alt="">
<div class="header"><span class="headerfield">From:</span> Fabian Greffrath &lt;fabian@greffrath.com&gt;</div>
<div class="header"><span class="headerfield">To:</span> Brian Carpenter &lt;brian.carpenter@gmail.com&gt;, 777159@bugs.debian.org</div>
<div class="header"><span class="headerfield">Subject:</span> Re: Bug#777159: malformed wav causes floating point exception
 (integer divide by zero)</div>
<div class="header"><span class="headerfield">Date:</span> Fri, 06 Feb 2015 09:52:43 +0100</div>
</div>
<pre class="message">Hi all,

fortunately, this is all in the frontend code in
frontend/get_audio.c:parse_wave_header() and not in the library. The
bits_per_sample value is read from the corrupted file and is 0 in the
case at hand. It is then used without further sanity checking in the
following call

lame_set_num_samples(gfp, data_length / (channels * ((bits_per_sample +
7) / 8)));

in which &quot;bits_per_sample + 7&quot; is 7, divided by 8 is 0, times &quot;channels&quot;
remains 0. Unfortunately, this is the denominator of the division. Maybe
we should &quot;return -1&quot; early if (bits_per_sample &lt; 1).

- Fabian




</pre>

<div class="msgreceived"><hr><p>
<a name="11"></a>
<!-- request_addr: Fabian Greffrath &lt;fabian+debian@greffrath.com&gt; -->
<!-- time:1423473861 -->
<strong>Reply sent</strong>
to <code>Fabian Greffrath &lt;fabian+debian@greffrath.com&gt;</code>:<br>
You have taken responsibility.
 (Mon, 09 Feb 2015 09:24:21 GMT) (<a href="bugreport.cgi?bug=777159;msg=12">full text</a>, <a href="bugreport.cgi?bug=777159;mbox=yes;msg=12">mbox</a>, <a href="#11">link</a>).</p></p></div>

<div class="infmessage"><hr><p>
<a name="13"></a>
<!-- request_addr: Brian Carpenter &lt;brian.carpenter@gmail.com&gt; -->
<!-- time:1423473861 -->
<strong>Notification sent</strong>
to <code>Brian Carpenter &lt;brian.carpenter@gmail.com&gt;</code>:<br>
Bug acknowledged by developer.
 (Mon, 09 Feb 2015 09:24:21 GMT) (<a href="bugreport.cgi?bug=777159;msg=14">full text</a>, <a href="bugreport.cgi?bug=777159;mbox=yes;msg=14">mbox</a>, <a href="#13">link</a>).</p></p></div>

<hr><p class="msgreceived"><a name="15"></a><a name="msg15"></a><a href="#15">Message #15</a> received at 777159-close@bugs.debian.org (<a href="bugreport.cgi?bug=777159;msg=15">full text</a>, <a href="bugreport.cgi?bug=777159;mbox=yes;msg=15">mbox</a>, <a href="mailto:777159@bugs.debian.org?References=%3CE1YKkWU-0006Dh-Q4%40franck.debian.org%3E&amp;subject=Re%3A%20Bug%23777159%3A%20fixed%20in%20lame%203.99.5%2Brepack1-6&amp;body=On%20Mon%2C%2009%20Feb%202015%2009%3A20%3A54%20%2B0000%20Fabian%20Greffrath%20%3Cfabian%2Bdebian%40greffrath.com%3E%20wrote%3A%0A%3E%20Source%3A%20lame%0A%3E%20Source-Version%3A%203.99.5%2Brepack1-6%0A%3E%20%0A%3E%20We%20believe%20that%20the%20bug%20you%20reported%20is%20fixed%20in%20the%20latest%20version%20of%0A%3E%20lame%2C%20which%20is%20due%20to%20be%20installed%20in%20the%20Debian%20FTP%20archive.%0A%3E%20%0A%3E%20A%20summary%20of%20the%20changes%20between%20this%20version%20and%20the%20previous%20one%20is%0A%3E%20attached.%0A%3E%20%0A%3E%20Thank%20you%20for%20reporting%20the%20bug%2C%20which%20will%20now%20be%20closed.%20%20If%20you%0A%3E%20have%20further%20comments%20please%20address%20them%20to%20777159%40bugs.debian.org%2C%0A%3E%20and%20the%20maintainer%20will%20reopen%20the%20bug%20report%20if%20appropriate.%0A%3E%20%0A%3E%20Debian%20distribution%20maintenance%20software%0A%3E%20pp.%0A%3E%20Fabian%20Greffrath%20%3Cfabian%2Bdebian%40greffrath.com%3E%20%28supplier%20of%20updated%20lame%20package%29%0A%3E%20%0A%3E%20%28This%20message%20was%20generated%20automatically%20at%20their%20request%3B%20if%20you%0A%3E%20believe%20that%20there%20is%20a%20problem%20with%20it%20please%20contact%20the%20archive%0A%3E%20administrators%20by%20mailing%20ftpmaster%40ftp-master.debian.org%29%0A%3E%20%0A%3E%20%0A%3E%20-----BEGIN%20PGP%20SIGNED%20MESSAGE-----%0A%3E%20Hash%3A%20SHA256%0A%3E%20%0A%3E%20Format%3A%201.8%0A%3E%20Date%3A%20Mon%2C%2009%20Feb%202015%2007%3A11%3A42%20%2B0100%0A%3E%20Source%3A%20lame%0A%3E%20Binary%3A%20lame%20lame-doc%20libmp3lame0%20libmp3lame-dev%0A%3E%20Architecture%3A%20source%20amd64%20all%0A%3E%20Version%3A%203.99.5%2Brepack1-6%0A%3E%20Distribution%3A%20unstable%0A%3E%20Urgency%3A%20high%0A%3E%20Maintainer%3A%20Debian%20Multimedia%20Maintainers%20%3Cpkg-multimedia-maintainers%40lists.alioth.debian.org%3E%0A%3E%20Changed-By%3A%20Fabian%20Greffrath%20%3Cfabian%2Bdebian%40greffrath.com%3E%0A%3E%20Description%3A%0A%3E%20%20lame%20%20%20%20%20%20%20-%20MP3%20encoding%20library%20%28frontend%29%0A%3E%20%20lame-doc%20%20%20-%20MP3%20encoding%20library%20%28documentation%29%0A%3E%20%20libmp3lame-dev%20-%20MP3%20encoding%20library%20%28development%29%0A%3E%20%20libmp3lame0%20-%20MP3%20encoding%20library%0A%3E%20Closes%3A%20775955%20775959%20777159%20777160%20777161%0A%3E%20Changes%3A%0A%3E%20%20lame%20%283.99.5%2Brepack1-6%29%20unstable%3B%20urgency%3Dhigh%0A%3E%20%20.%0A%3E%20%20%20%20%2A%20Do%20not%20mangle%20CFLAGS%20in%20debian%2Frules%20anymore%2C%20leave%20this%20to%0A%3E%20%20%20%20%20%20dpkg-buildflags%20%28Closes%3A%20%23775955%29.%20Thanks%2C%20Jakub%20Wilk.%0A%3E%20%20%20%20%2A%20Add%20check%20for%20invalid%20input%20sample%20rate%2C%20thanks%20Maks%20Naumov%0A%3E%20%20%20%20%20%20%28Closes%3A%20%23775959%2C%20%23777160%2C%20%23777161%29.%20Thanks%20Jakub%20Wilk%20and%0A%3E%20%20%20%20%20%20Brian%20Carpenter%20for%20the%20bug%20reports%20and%20test%20cases.%0A%3E%20%20%20%20%2A%20Remove%20chunks%20modifying%20%2A%2FMakefile.in%20from%20parallel-builds-fix.patch%2C%0A%3E%20%20%20%20%20%20we%20are%20running%20autoreconf%20anyway.%0A%3E%20%20%20%20%2A%20Remove%20unbreak-ftbfs-gcc4.4.patch%2C%20does%20not%20apply%20anymore.%0A%3E%20%20%20%20%2A%20Avoid%20malformed%20wav%20causing%20floating%20point%20exception%20in%20the%20frontend%0A%3E%20%20%20%20%20%20%28Closes%3A%20%23777159%29.%0A%3E%20Checksums-Sha1%3A%0A%3E%20%20bef2b697b4be1890467eba7c9a8315db2bd81ad0%202222%20lame_3.99.5%2Brepack1-6.dsc%0A%3E%20%20424b365d6f174de57b0bbd1b15b832bc6f3d5f05%2013756%20lame_3.99.5%2Brepack1-6.debian.tar.xz%0A%3E%20%203e91584967131a8a2d7901d21c28aff1db9f997e%20270752%20lame_3.99.5%2Brepack1-6_amd64.deb%0A%3E%20%205c0e8326ef94c8a330537a492e221618287eea28%20286370%20lame-doc_3.99.5%2Brepack1-6_all.deb%0A%3E%20%206c5a03b0e73eceb6f53260e6831bccd1b06fa6ff%20352150%20libmp3lame0_3.99.5%2Brepack1-6_amd64.deb%0A&amp;In-Reply-To=%3CE1YKkWU-0006Dh-Q4%40franck.debian.org%3E">reply</a>):</p>
<div class="headers">
<img src="/cgi-bin/libravatar.cgi?email=fabian%2Bdebian%40greffrath.com" alt="">
<div class="header"><span class="headerfield">From:</span> Fabian Greffrath &lt;fabian+debian@greffrath.com&gt;</div>
<div class="header"><span class="headerfield">To:</span> 777159-close@bugs.debian.org</div>
<div class="header"><span class="headerfield">Subject:</span> Bug#777159: fixed in lame 3.99.5+repack1-6</div>
<div class="header"><span class="headerfield">Date:</span> Mon, 09 Feb 2015 09:20:54 +0000</div>
</div>
<pre class="message">Source: lame
Source-Version: 3.99.5+repack1-6

We believe that the bug you reported is fixed in the latest version of
lame, which is due to be installed in the Debian FTP archive.

A summary of the changes between this version and the previous one is
attached.

Thank you for reporting the bug, which will now be closed.  If you
have further comments please address them to 777159@bugs.debian.org,
and the maintainer will reopen the bug report if appropriate.

Debian distribution maintenance software
pp.
Fabian Greffrath &lt;fabian+debian@greffrath.com&gt; (supplier of updated lame package)

(This message was generated automatically at their request; if you
believe that there is a problem with it please contact the archive
administrators by mailing ftpmaster@ftp-master.debian.org)


-----BEGIN PGP SIGNED MESSAGE-----
Hash: SHA256

Format: 1.8
Date: Mon, 09 Feb 2015 07:11:42 +0100
Source: lame
Binary: lame lame-doc libmp3lame0 libmp3lame-dev
Architecture: source amd64 all
Version: 3.99.5+repack1-6
Distribution: unstable
Urgency: high
Maintainer: Debian Multimedia Maintainers &lt;pkg-multimedia-maintainers@lists.alioth.debian.org&gt;
Changed-By: Fabian Greffrath &lt;fabian+debian@greffrath.com&gt;
Description:
 lame       - MP3 encoding library (frontend)
 lame-doc   - MP3 encoding library (documentation)
 libmp3lame-dev - MP3 encoding library (development)
 libmp3lame0 - MP3 encoding library
Closes: <a href="bugreport.cgi?bug=775955">775955</a> <a href="bugreport.cgi?bug=775959">775959</a> <a href="bugreport.cgi?bug=777159">777159</a> <a href="bugreport.cgi?bug=777160">777160</a> <a href="bugreport.cgi?bug=777161">777161</a>
Changes:
 lame (3.99.5+repack1-6) unstable; urgency=high
 .
   * Do not mangle CFLAGS in debian/rules anymore, leave this to
     dpkg-buildflags (Closes: #<a href="bugreport.cgi?bug=775955">775955</a>). Thanks, Jakub Wilk.
   * Add check for invalid input sample rate, thanks Maks Naumov
     (Closes: #<a href="bugreport.cgi?bug=775959">775959</a>, #<a href="bugreport.cgi?bug=777160">777160</a>, #<a href="bugreport.cgi?bug=777161">777161</a>). Thanks Jakub Wilk and
     Brian Carpenter for the bug reports and test cases.
   * Remove chunks modifying */Makefile.in from parallel-builds-fix.patch,
     we are running autoreconf anyway.
   * Remove unbreak-ftbfs-gcc4.4.patch, does not apply anymore.
   * Avoid malformed wav causing floating point exception in the frontend
     (Closes: #<a href="bugreport.cgi?bug=777159">777159</a>).
Checksums-Sha1:
 bef2b697b4be1890467eba7c9a8315db2bd81ad0 2222 lame_3.99.5+repack1-6.dsc
 424b365d6f174de57b0bbd1b15b832bc6f3d5f05 13756 lame_3.99.5+repack1-6.debian.tar.xz
 3e91584967131a8a2d7901d21c28aff1db9f997e 270752 lame_3.99.5+repack1-6_amd64.deb
 5c0e8326ef94c8a330537a492e221618287eea28 286370 lame-doc_3.99.5+repack1-6_all.deb
 6c5a03b0e73eceb6f53260e6831bccd1b06fa6ff 352150 libmp3lame0_3.99.5+repack1-6_amd64.deb
 4c964fa181a42b9bd9d4189b30f4446a5915c13f 368810 libmp3lame-dev_3.99.5+repack1-6_amd64.deb
Checksums-Sha256:
 187aabe22c1860a5264cd2ebc9fbfc11fc9171561c952ce6b99f0e38134edb3e 2222 lame_3.99.5+repack1-6.dsc
 6f51abef5c629218e0a028d92974593894a8294eb668c7a33b5d8befb1865ae9 13756 lame_3.99.5+repack1-6.debian.tar.xz
 b9e0b5b7caaef37242930caf2acc3c14aee7425de09fa77822cee72ebb86d812 270752 lame_3.99.5+repack1-6_amd64.deb
 3e3ee597d1a6163e4810421aecfbbf36f8b44ec2b8afba29ac8f9f337faeec00 286370 lame-doc_3.99.5+repack1-6_all.deb
 7fe1373c3fae7677e70f9fe70cfc5587aabef158d22ab85cc7a66c77c8151862 352150 libmp3lame0_3.99.5+repack1-6_amd64.deb
 50589c4728f34ffbca96a65c06ee4ac177f7ff38282b6c9bcca27ab18cf9bd74 368810 libmp3lame-dev_3.99.5+repack1-6_amd64.deb
Files:
 4451cfd20f74dd929db14ad5cabedef9 2222 sound optional lame_3.99.5+repack1-6.dsc
 2f6ee33e9b7e77e9cd6350054f03ef99 13756 sound optional lame_3.99.5+repack1-6.debian.tar.xz
 434f779fd42d8f1e6d09f69b5acc1b4e 270752 sound optional lame_3.99.5+repack1-6_amd64.deb
 642bd60a76ac15750930383c96c52f84 286370 doc optional lame-doc_3.99.5+repack1-6_all.deb
 8ba894225629716a115f534773ee54ef 352150 libs optional libmp3lame0_3.99.5+repack1-6_amd64.deb
 3504d6ff3b73fa8b73377c82d8bd7379 368810 libdevel optional libmp3lame-dev_3.99.5+repack1-6_amd64.deb

-----BEGIN PGP SIGNATURE-----
Version: GnuPG v1

iQIcBAEBCAAGBQJU2GaYAAoJEMvqjpcMzVnfbHoQAKN7YuxuP1iNsxUxwG6RUMFz
58F9JK9+bHKSFeiL5KG1oat8H2d2I+NyF0HKRgaOFQY1leejAxZ+yqNLTB/Qfc0D
dwliboMcu4E2nN8XjiMcBHKpBFL/Rzbl3Uo1BRZPwlaaBawzUyTiQgCQSqrJCe+k
6ySta6uQzXMkhgwtMZdUIQppHIYmQv0MpsJGFelWkGvWa7v7qvITdRf4IieDQuwS
a3nEW+lFmJoBuHjiMHDBcvaws2sDeISfBsObgDlqiljCoXoL0tB4qF72a+pRE23q
OziSDfMm1f1+nbg0rVanIFfhNURS45h9bEj62LdCy2Ol2qZEHATUMAePK74vG1CP
fcTU6vjjSUgKtnSpqO/havoHi9XA7Y+wpG/ORIpMaC41+lEGSFd9uR8vZ3AjM3HB
wz4yUshHVQkrS4UjY8i4QgZtOLbpOcs6ZhyxLl/COJqPPiP3xxtL0lkJegZBoRdQ
XLTb5grJefea67o8BFKfdpWqYr/7aUgoDqcD+/fHeF3ZdRvfk6uxADlv0PpTUrHa
TsvGoHnhT2a9fI8jHegt7lbHQ0elJKm6Q+90xdrCCsvDQfDz2yh5LOAJ2jK7o6J7
qv9RnCrVIZ8KKHhnYSopiQx+x/QWeQgQA3pqNuWW6QrXtAp0Vo9K3fq5VXtbaRcA
71Nnbcvzdkqpm1k+DV2R
=X2Lb
-----END PGP SIGNATURE-----



</pre>

<div class="infmessage"><hr><p>
<a name="16"></a>
<!-- request_addr: debian-bugs-dist@lists.debian.org, Debian Multimedia Maintainers &lt;pkg-multimedia-maintainers@lists.alioth.debian.org&gt; -->
<!-- time:1424925911 -->
<strong>Information forwarded</strong>
to <code>debian-bugs-dist@lists.debian.org, Debian Multimedia Maintainers &lt;pkg-multimedia-maintainers@lists.alioth.debian.org&gt;</code>:<br>
<code>Bug#777159</code>; Package <code>lame</code>.
 (Thu, 26 Feb 2015 04:45:11 GMT) (<a href="bugreport.cgi?bug=777159;msg=17">full text</a>, <a href="bugreport.cgi?bug=777159;mbox=yes;msg=17">mbox</a>, <a href="#16">link</a>).</p></p></div>

<div class="infmessage"><hr><p>
<a name="18"></a>
<!-- request_addr: Brian Carpenter &lt;brian.carpenter@gmail.com&gt; -->
<!-- time:1424925911 -->
<strong>Acknowledgement sent</strong>
to <code>Brian Carpenter &lt;brian.carpenter@gmail.com&gt;</code>:<br>
Extra info received and forwarded to list.  Copy sent to <code>Debian Multimedia Maintainers &lt;pkg-multimedia-maintainers@lists.alioth.debian.org&gt;</code>.
 (Thu, 26 Feb 2015 04:45:11 GMT) (<a href="bugreport.cgi?bug=777159;msg=19">full text</a>, <a href="bugreport.cgi?bug=777159;mbox=yes;msg=19">mbox</a>, <a href="#18">link</a>).</p></p></div>

<hr><p class="msgreceived"><a name="20"></a><a name="msg20"></a><a href="#20">Message #20</a> received at 777159@bugs.debian.org (<a href="bugreport.cgi?bug=777159;msg=20">full text</a>, <a href="bugreport.cgi?bug=777159;mbox=yes;msg=20">mbox</a>, <a href="mailto:777159@bugs.debian.org?References=%3CCANMVOuxKWCAbLviY1qaf%3D%3Dq9pjnSdaAtHz4ymdnY_oKoAdeQKA%40mail.gmail.com%3E&amp;body=On%20Wed%2C%2025%20Feb%202015%2022%3A40%3A22%20-0600%20Brian%20Carpenter%20%3Cbrian.carpenter%40gmail.com%3E%20wrote%3A%0A%3E%20Are%20we%20sure%20this%20is%20fixed%3F%20I%20just%20cloned%20the%20cvs%20repo%20for%20lame%20on%0A%3E%20sourceforge%20and%20compiled%20it%20%28LAME%2064bits%20version%203.100%20%28alpha%202%2C%20Feb%2026%0A%3E%202015%2004%3A31%3A03%29%20%28http%3A%2F%2Flame.sf.net%29%29%20and%20ran%20it%20against%20AFL%20and%20I%27m%20still%0A%3E%20seeing%20an%20FPE%3A%0A%3E%20%0A%3E%20%3D%3D30731%3D%3D%20Process%20terminating%20with%20default%20action%20of%20signal%208%20%28SIGFPE%29%3A%0A%3E%20dumping%20core%0A%3E%20%3D%3D30731%3D%3D%20%20Integer%20divide%20by%20zero%20at%20address%200x8040BE4D7%0A%3E%20%3D%3D30731%3D%3D%20%20%20%20at%200x41CB4E%3A%20parse_wave_header%20%28get_audio.c%3A1462%29%0A%3E%20%3D%3D30731%3D%3D%20%20%20%20by%200x41CB4E%3A%20parse_file_header%20%28get_audio.c%3A1697%29%0A%3E%20%3D%3D30731%3D%3D%20%20%20%20by%200x41CB4E%3A%20open_wave_file%20%28get_audio.c%3A1809%29%0A%3E%20%3D%3D30731%3D%3D%20%20%20%20by%200x41CB4E%3A%20init_infile%20%28get_audio.c%3A622%29%0A%3E%20%3D%3D30731%3D%3D%20%20%20%20by%200x4055FE%3A%20init_files%20%28lame_main.c%3A116%29%0A%3E%20%3D%3D30731%3D%3D%20%20%20%20by%200x4055FE%3A%20lame_main%20%28lame_main.c%3A636%29%0A%3E%20%3D%3D30731%3D%3D%20%20%20%20by%200x402410%3A%20c_main%20%28main.c%3A470%29%0A%3E%20%3D%3D30731%3D%3D%20%20%20%20by%200x402410%3A%20main%20%28main.c%3A438%29%0A%3E%20Floating%20point%20exception%0A%3E%20%0A%3E%20gdb-peda%24%20file%20~%2Flame%2Ffrontend%2Flame%0A%3E%20gdb-peda%24%20set%20args%20-V2%20--preset%20insane%20test00%20%2Fdev%2Fnull%0A%3E%20gdb-peda%24%20r%0A%3E%20warning%3A%20Could%20not%20load%20shared%20library%20symbols%20for%20linux-vdso.so.1.%0A%3E%20Do%20you%20need%20%22set%20solib-search-path%22%20or%20%22set%20sysroot%22%3F%0A%3E%20%0A%3E%20Program%20received%20signal%20SIGFPE%2C%20Arithmetic%20exception.%0A%3E%20%5B----------------------------------registers-----------------------------------%5D%0A%3E%20RAX%3A%200x10%0A%3E%20RBX%3A%200x7ff2d0%20--%3E%200xfbad2488%0A%3E%20RCX%3A%200x0%0A%3E%20RDX%3A%200x0%0A%3E%20RSI%3A%200x0%0A%3E%20RDI%3A%200x7e52b0%20--%3E%200xfff88e3b%0A%3E%20RBP%3A%200x7e52b0%20--%3E%200xfff88e3b%0A%3E%20RSP%3A%200x7ffffff31f90%20--%3E%200x0%0A%3E%20RIP%3A%200x41cb72%20%28%3Cinit_infile%2B13970%3E%3A%20%20%20%20%20div%20%20%20%20r15%29%0A%3E%20R8%20%3A%200x0%0A%3E%20R9%20%3A%200x10%0A%3E%20R10%3A%200x0%0A%3E%20R11%3A%200x0%0A%3E%20R12%3A%200x7fffffffba50%20--%3E%200x303074736574%20%28%27test00%27%29%0A%3E%20R13%3A%200xe%0A%3E%20R14%3A%200x0%0A%3E%20R15%3A%200x0%0A%3E%20EFLAGS%3A%200x10206%20%28carry%20PARITY%20adjust%20zero%20sign%20trap%20INTERRUPT%20direction%0A%3E%20overflow%29%0A%3E%20%5B-------------------------------------code-------------------------------------%5D%0A%3E%20%20%20%200x41cb67%20%3Cinit_infile%2B13959%3E%3A%20%20%20%20%20%20%20%20sar%20%20%20%20r8d%2C0x3%0A%3E%20%20%20%200x41cb6b%20%3Cinit_infile%2B13963%3E%3A%20%20%20%20%20%20%20%20imul%20%20%20r8d%2Cr15d%0A%3E%20%20%20%200x41cb6f%20%3Cinit_infile%2B13967%3E%3A%20%20%20%20%20%20%20%20movsxd%20r15%2Cr8d%0A%3E%20%3D%3E%200x41cb72%20%3Cinit_infile%2B13970%3E%3A%20%20%20%20%20%20%20%20div%20%20%20%20r15%0A%3E%20%20%20%200x41cb75%20%3Cinit_infile%2B13973%3E%3A%20%20%20%20%20%20%20%20mov%20%20%20%20rsi%2Crax%0A%3E%20%20%20%200x41cb78%20%3Cinit_infile%2B13976%3E%3A%20%20%20%20%20%20%20%20call%20%20%200x4e6360%0A%3E%20%3Clame_set_num_samples%3E%0A%3E%20%20%20%200x41cb7d%20%3Cinit_infile%2B13981%3E%3A%20%20%20%20%20%20%20%20mov%20%20%20%20rdi%2Crbp%0A%3E%20%20%20%200x41cb80%20%3Cinit_infile%2B13984%3E%3A%20%20%20%20%20%20%20%20call%20%20%200x4e64e0%0A%3E%20%3Clame_get_num_samples%3E%0A%3E%20%5B------------------------------------stack-------------------------------------%5D%0A%3E%200000%7C%200x7ffffff31f90%20--%3E%200x0%0A%3E%200008%7C%200x7ffffff31f98%20--%3E%200x7361622f00000000%20%28%27%27%29%0A%3E%200016%7C%200x7ffffff31fa0%20--%3E%200x5622%20%28%27%22V%27%29%0A&amp;In-Reply-To=%3CCANMVOuxKWCAbLviY1qaf%3D%3Dq9pjnSdaAtHz4ymdnY_oKoAdeQKA%40mail.gmail.com%3E&amp;subject=Re%3A">reply</a>):</p>
<div class="headers">
<img src="/cgi-bin/libravatar.cgi?email=brian.carpenter%40gmail.com" alt="">
<div class="header"><span class="headerfield">From:</span> Brian Carpenter &lt;brian.carpenter@gmail.com&gt;</div>
<div class="header"><span class="headerfield">To:</span> 777159@bugs.debian.org</div>
<div class="header"><span class="headerfield">Date:</span> Wed, 25 Feb 2015 22:40:22 -0600</div>
</div>
<pre class="mime">[<a href="bugreport.cgi?att=0;bug=777159;msg=20">Message part 1</a> (text/plain, inline)]</pre>
<pre class="message">Are we sure this is fixed? I just cloned the cvs repo for lame on
sourceforge and compiled it (LAME 64bits version 3.100 (alpha 2, Feb 26
2015 04:31:03) (<a href="http://lame.sf.net)">http://lame.sf.net)</a>) and ran it against AFL and I&#39;m still
seeing an FPE:

==30731== Process terminating with default action of signal 8 (SIGFPE):
dumping core
==30731==  Integer divide by zero at address 0x8040BE4D7
==30731==    at 0x41CB4E: parse_wave_header (get_audio.c:1462)
==30731==    by 0x41CB4E: parse_file_header (get_audio.c:1697)
==30731==    by 0x41CB4E: open_wave_file (get_audio.c:1809)
==30731==    by 0x41CB4E: init_infile (get_audio.c:622)
==30731==    by 0x4055FE: init_files (lame_main.c:116)
==30731==    by 0x4055FE: lame_main (lame_main.c:636)
==30731==    by 0x402410: c_main (main.c:470)
==30731==    by 0x402410: main (main.c:438)
Floating point exception

gdb-peda$ file ~/lame/frontend/lame
gdb-peda$ set args -V2 --preset insane test00 /dev/null
gdb-peda$ r
warning: Could not load shared library symbols for linux-vdso.so.1.
Do you need &quot;set solib-search-path&quot; or &quot;set sysroot&quot;?

Program received signal SIGFPE, Arithmetic exception.
[----------------------------------registers-----------------------------------]
RAX: 0x10
RBX: 0x7ff2d0 --&gt; 0xfbad2488
RCX: 0x0
RDX: 0x0
RSI: 0x0
RDI: 0x7e52b0 --&gt; 0xfff88e3b
RBP: 0x7e52b0 --&gt; 0xfff88e3b
RSP: 0x7ffffff31f90 --&gt; 0x0
RIP: 0x41cb72 (&lt;init_infile+13970&gt;:     div    r15)
R8 : 0x0
R9 : 0x10
R10: 0x0
R11: 0x0
R12: 0x7fffffffba50 --&gt; 0x303074736574 (&#39;test00&#39;)
R13: 0xe
R14: 0x0
R15: 0x0
EFLAGS: 0x10206 (carry PARITY adjust zero sign trap INTERRUPT direction
overflow)
[-------------------------------------code-------------------------------------]
   0x41cb67 &lt;init_infile+13959&gt;:        sar    r8d,0x3
   0x41cb6b &lt;init_infile+13963&gt;:        imul   r8d,r15d
   0x41cb6f &lt;init_infile+13967&gt;:        movsxd r15,r8d
=&gt; 0x41cb72 &lt;init_infile+13970&gt;:        div    r15
   0x41cb75 &lt;init_infile+13973&gt;:        mov    rsi,rax
   0x41cb78 &lt;init_infile+13976&gt;:        call   0x4e6360
&lt;lame_set_num_samples&gt;
   0x41cb7d &lt;init_infile+13981&gt;:        mov    rdi,rbp
   0x41cb80 &lt;init_infile+13984&gt;:        call   0x4e64e0
&lt;lame_get_num_samples&gt;
[------------------------------------stack-------------------------------------]
0000| 0x7ffffff31f90 --&gt; 0x0
0008| 0x7ffffff31f98 --&gt; 0x7361622f00000000 (&#39;&#39;)
0016| 0x7ffffff31fa0 --&gt; 0x5622 (&#39;&quot;V&#39;)
0024| 0x7ffffff31fa8 --&gt; 0x7e5210 --&gt; 0x0
0032| 0x7ffffff31fb0 --&gt; 0x0
0040| 0x7ffffff31fb8 --&gt; 0xff00
0048| 0x7ffffff31fc0 --&gt; 0x7ffffff31ff0 --&gt; 0x7ffff72f3058 --&gt;
0xc001a00000ce0
0056| 0x7ffffff31fc8 --&gt; 0x3ff0000000000000
[------------------------------------------------------------------------------]
Legend: code, data, rodata, value
Stopped reason: SIGFPE
0x000000000041cb72 in init_infile ()

Hexdump of the offending test case:
0000000 4952 4646 0032 0000 4157 4556 6d66 2074
0000010 0010 0000 0001 0001 5622 0000 ac44 0000
0000020 0002 0000 6164 6174 0010 0000 0000 0000
0000030 0000 0000 0000 0000 0000
000003a
</pre>
<pre class="mime">[<a href="bugreport.cgi?att=1;bug=777159;msg=20">Message part 2</a> (text/html, inline)]</pre>

<div class="infmessage"><hr><p>
<a name="21"></a>
<!-- request_addr: debian-bugs-dist@lists.debian.org, Debian Multimedia Maintainers &lt;pkg-multimedia-maintainers@lists.alioth.debian.org&gt; -->
<!-- time:1424934004 -->
<strong>Information forwarded</strong>
to <code>debian-bugs-dist@lists.debian.org, Debian Multimedia Maintainers &lt;pkg-multimedia-maintainers@lists.alioth.debian.org&gt;</code>:<br>
<code>Bug#777159</code>; Package <code>lame</code>.
 (Thu, 26 Feb 2015 07:00:04 GMT) (<a href="bugreport.cgi?bug=777159;msg=22">full text</a>, <a href="bugreport.cgi?bug=777159;mbox=yes;msg=22">mbox</a>, <a href="#21">link</a>).</p></p></div>

<div class="infmessage"><hr><p>
<a name="23"></a>
<!-- request_addr: Fabian Greffrath &lt;fabian@greffrath.com&gt; -->
<!-- time:1424934004 -->
<strong>Acknowledgement sent</strong>
to <code>Fabian Greffrath &lt;fabian@greffrath.com&gt;</code>:<br>
Extra info received and forwarded to list.  Copy sent to <code>Debian Multimedia Maintainers &lt;pkg-multimedia-maintainers@lists.alioth.debian.org&gt;</code>.
 (Thu, 26 Feb 2015 07:00:04 GMT) (<a href="bugreport.cgi?bug=777159;msg=24">full text</a>, <a href="bugreport.cgi?bug=777159;mbox=yes;msg=24">mbox</a>, <a href="#23">link</a>).</p></p></div>

<hr><p class="msgreceived"><a name="25"></a><a name="msg25"></a><a href="#25">Message #25</a> received at 777159@bugs.debian.org (<a href="bugreport.cgi?bug=777159;msg=25">full text</a>, <a href="bugreport.cgi?bug=777159;mbox=yes;msg=25">mbox</a>, <a href="mailto:777159@bugs.debian.org?subject=Re%3A%20Bug%23777159%3A&amp;body=On%20Thu%2C%2026%20Feb%202015%2007%3A57%3A15%20%2B0100%20Fabian%20Greffrath%20%3Cfabian%40greffrath.com%3E%20wrote%3A%0A%3E%20Am%20Mittwoch%2C%20den%2025.02.2015%2C%2022%3A40%20-0600%20schrieb%20Brian%20Carpenter%3A%20%0A%3E%20%3E%20Are%20we%20sure%20this%20is%20fixed%3F%20I%20just%20cloned%20the%20cvs%20repo%20for%20lame%20on%0A%3E%20%3E%20sourceforge%20and%20compiled%20it%20%28LAME%2064bits%20version%203.100%20%28alpha%202%2C%20Feb%0A%3E%20%3E%2026%202015%2004%3A31%3A03%29%20%28http%3A%2F%2Flame.sf.net%29%29%20and%20ran%20it%20against%20AFL%20and%20I%27m%0A%3E%20%3E%20still%20seeing%20an%20FPE%3A%0A%3E%20%0A%3E%20I%20have%20never%20claimed%20it%20is%20already%20fixed%20upstream.%20I%20have%20merely%20patched%0A%3E%20the%20Debian%20package%20to%20not%20crash%20for%20this%20sample%20anymore.%20Please%20try%20your%0A%3E%20tests%20with%20the%20-7%20package%20currently%20in%20Debian%20unstable.%0A%3E%20%0A%3E%20However%2C%20upstream%20is%20informed%20about%20our%20patches%20and%20of%20course%20they%20are%0A%3E%20free%20to%20apply%20them%20if%20they%20find%20appropriate.%0A%3E%20%0A%3E%20Cheers%2C%0A%3E%20%0A%3E%20Fabian%0A%3E%20%0A%3E%20%0A%3E%20%0A%3E%20%0A%3E%20%0A&amp;In-Reply-To=%3C1424933835.3901.9.camel%40greffrath.com%3E&amp;References=%3CCANMVOuxKWCAbLviY1qaf%3D%3Dq9pjnSdaAtHz4ymdnY_oKoAdeQKA%40mail.gmail.com%3E%0A%20%3C1424933835.3901.9.camel%40greffrath.com%3E">reply</a>):</p>
<div class="headers">
<img src="/cgi-bin/libravatar.cgi?email=fabian%40greffrath.com" alt="">
<div class="header"><span class="headerfield">From:</span> Fabian Greffrath &lt;fabian@greffrath.com&gt;</div>
<div class="header"><span class="headerfield">To:</span> Brian Carpenter &lt;brian.carpenter@gmail.com&gt;, 777159@bugs.debian.org</div>
<div class="header"><span class="headerfield">Subject:</span> Re: Bug#777159:</div>
<div class="header"><span class="headerfield">Date:</span> Thu, 26 Feb 2015 07:57:15 +0100</div>
</div>
<pre class="message">Am Mittwoch, den 25.02.2015, 22:40 -0600 schrieb Brian Carpenter: 
&gt; Are we sure this is fixed? I just cloned the cvs repo for lame on
&gt; sourceforge and compiled it (LAME 64bits version 3.100 (alpha 2, Feb
&gt; 26 2015 04:31:03) (<a href="http://lame.sf.net)">http://lame.sf.net)</a>) and ran it against AFL and I&#39;m
&gt; still seeing an FPE:

I have never claimed it is already fixed upstream. I have merely patched
the Debian package to not crash for this sample anymore. Please try your
tests with the -7 package currently in Debian unstable.

However, upstream is informed about our patches and of course they are
free to apply them if they find appropriate.

Cheers,

Fabian





</pre>

<div class="msgreceived"><hr><p>
<a name="26"></a>
<!-- request_addr: Fabian Greffrath &lt;fabian+debian@greffrath.com&gt; -->
<!-- time:1425146786 -->
<strong>Reply sent</strong>
to <code>Fabian Greffrath &lt;fabian+debian@greffrath.com&gt;</code>:<br>
You have taken responsibility.
 (Sat, 28 Feb 2015 18:06:26 GMT) (<a href="bugreport.cgi?bug=777159;msg=27">full text</a>, <a href="bugreport.cgi?bug=777159;mbox=yes;msg=27">mbox</a>, <a href="#26">link</a>).</p></p></div>

<div class="infmessage"><hr><p>
<a name="28"></a>
<!-- request_addr: Brian Carpenter &lt;brian.carpenter@gmail.com&gt; -->
<!-- time:1425146786 -->
<strong>Notification sent</strong>
to <code>Brian Carpenter &lt;brian.carpenter@gmail.com&gt;</code>:<br>
Bug acknowledged by developer.
 (Sat, 28 Feb 2015 18:06:26 GMT) (<a href="bugreport.cgi?bug=777159;msg=29">full text</a>, <a href="bugreport.cgi?bug=777159;mbox=yes;msg=29">mbox</a>, <a href="#28">link</a>).</p></p></div>

<hr><p class="msgreceived"><a name="30"></a><a name="msg30"></a><a href="#30">Message #30</a> received at 777159-close@bugs.debian.org (<a href="bugreport.cgi?bug=777159;msg=30">full text</a>, <a href="bugreport.cgi?bug=777159;mbox=yes;msg=30">mbox</a>, <a href="mailto:777159@bugs.debian.org?References=%3CE1YRljk-00008l-Ep%40franck.debian.org%3E&amp;In-Reply-To=%3CE1YRljk-00008l-Ep%40franck.debian.org%3E&amp;body=On%20Sat%2C%2028%20Feb%202015%2018%3A03%3A36%20%2B0000%20Fabian%20Greffrath%20%3Cfabian%2Bdebian%40greffrath.com%3E%20wrote%3A%0A%3E%20Source%3A%20lame%0A%3E%20Source-Version%3A%203.99.5%2Brepack1-3%2Bdeb7u1%0A%3E%20%0A%3E%20We%20believe%20that%20the%20bug%20you%20reported%20is%20fixed%20in%20the%20latest%20version%20of%0A%3E%20lame%2C%20which%20is%20due%20to%20be%20installed%20in%20the%20Debian%20FTP%20archive.%0A%3E%20%0A%3E%20A%20summary%20of%20the%20changes%20between%20this%20version%20and%20the%20previous%20one%20is%0A%3E%20attached.%0A%3E%20%0A%3E%20Thank%20you%20for%20reporting%20the%20bug%2C%20which%20will%20now%20be%20closed.%20%20If%20you%0A%3E%20have%20further%20comments%20please%20address%20them%20to%20777159%40bugs.debian.org%2C%0A%3E%20and%20the%20maintainer%20will%20reopen%20the%20bug%20report%20if%20appropriate.%0A%3E%20%0A%3E%20Debian%20distribution%20maintenance%20software%0A%3E%20pp.%0A%3E%20Fabian%20Greffrath%20%3Cfabian%2Bdebian%40greffrath.com%3E%20%28supplier%20of%20updated%20lame%20package%29%0A%3E%20%0A%3E%20%28This%20message%20was%20generated%20automatically%20at%20their%20request%3B%20if%20you%0A%3E%20believe%20that%20there%20is%20a%20problem%20with%20it%20please%20contact%20the%20archive%0A%3E%20administrators%20by%20mailing%20ftpmaster%40ftp-master.debian.org%29%0A%3E%20%0A%3E%20%0A%3E%20-----BEGIN%20PGP%20SIGNED%20MESSAGE-----%0A%3E%20Hash%3A%20SHA256%0A%3E%20%0A%3E%20Format%3A%201.8%0A%3E%20Date%3A%20Tue%2C%2024%20Feb%202015%2009%3A46%3A48%20%2B0100%0A%3E%20Source%3A%20lame%0A%3E%20Binary%3A%20lame%20lame-doc%20libmp3lame0%20libmp3lame-dev%0A%3E%20Architecture%3A%20source%20amd64%20all%0A%3E%20Version%3A%203.99.5%2Brepack1-3%2Bdeb7u1%0A%3E%20Distribution%3A%20wheezy%0A%3E%20Urgency%3A%20medium%0A%3E%20Maintainer%3A%20Debian%20multimedia%20packages%20maintainers%20%3Cpkg-multimedia-maintainers%40lists.alioth.debian.org%3E%0A%3E%20Changed-By%3A%20Fabian%20Greffrath%20%3Cfabian%2Bdebian%40greffrath.com%3E%0A%3E%20Description%3A%20%0A%3E%20%20lame%20%20%20%20%20%20%20-%20MP3%20encoding%20library%20%28frontend%29%0A%3E%20%20lame-doc%20%20%20-%20MP3%20encoding%20library%20%28documentation%29%0A%3E%20%20libmp3lame-dev%20-%20MP3%20encoding%20library%20%28development%29%0A%3E%20%20libmp3lame0%20-%20MP3%20encoding%20library%0A%3E%20Closes%3A%20775959%20777159%20777160%20777161%20778529%20778703%0A%3E%20Changes%3A%20%0A%3E%20%20lame%20%283.99.5%2Brepack1-3%2Bdeb7u1%29%20wheezy%3B%20urgency%3Dmedium%0A%3E%20%20.%0A%3E%20%20%20%20%2A%20Add%20check%20for%20invalid%20input%20sample%20rate%2C%20thanks%20Maks%20Naumov%0A%3E%20%20%20%20%20%20%28Closes%3A%20%23775959%2C%20%23777160%2C%20%23777161%29.%20Thanks%20Jakub%20Wilk%20and%0A%3E%20%20%20%20%20%20Brian%20Carpenter%20for%20the%20bug%20reports%20and%20test%20cases.%0A%3E%20%20%20%20%2A%20Extend%20Maks%20Naumov%27s%20patch%20to%20also%20include%20a%20sanity%20check%20for%0A%3E%20%20%20%20%20%20a%20valid%20amount%20of%20input%20channels%20%28Closes%3A%20%23778703%29.%0A%3E%20%20%20%20%2A%20Avoid%20malformed%20wav%20causing%20floating%20point%20exception%20in%20the%0A%3E%20%20%20%20%20%20frontend%20%28Closes%3A%20%23777159%29.%0A%3E%20%20%20%20%2A%20Fix%20decision%20if%20sample%20rate%20ratio%20is%20an%20integer%20value%20or%20not%0A%3E%20%20%20%20%20%20%28Closes%3A%20%23778529%29.%20Thanks%20to%20Henri%20Salo%20for%20the%20bug%20reports%0A%3E%20%20%20%20%20%20and%20the%20fuzzed%20samples%21%0A%3E%20Checksums-Sha1%3A%20%0A%3E%20%2038832155db1ae5789a4fa66f0403b6e177f5cb5c%202250%20lame_3.99.5%2Brepack1-3%2Bdeb7u1.dsc%0A%3E%20%2092ab7a4eb5ba00b2dfae3852c41e26ac7b9ef636%2013987%20lame_3.99.5%2Brepack1-3%2Bdeb7u1.debian.tar.gz%0A%3E%20%20ae693c1c10d88ea7b1929d551f10dd802a78ec18%20279810%20lame_3.99.5%2Brepack1-3%2Bdeb7u1_amd64.deb%0A%3E%20%20f3c4c40dfc09d3737cd827631e8f94289d44feb9%20296004%20lame-doc_3.99.5%2Brepack1-3%2Bdeb7u1_all.deb%0A%3E%20%208e4a90f838a5ffe5220657087dc71e21b137f064%20413878%20libmp3lame0_3.99.5%2Brepack1-3%2Bdeb7u1_amd64.deb%0A&amp;subject=Re%3A%20Bug%23777159%3A%20fixed%20in%20lame%203.99.5%2Brepack1-3%2Bdeb7u1">reply</a>):</p>
<div class="headers">
<img src="/cgi-bin/libravatar.cgi?email=fabian%2Bdebian%40greffrath.com" alt="">
<div class="header"><span class="headerfield">From:</span> Fabian Greffrath &lt;fabian+debian@greffrath.com&gt;</div>
<div class="header"><span class="headerfield">To:</span> 777159-close@bugs.debian.org</div>
<div class="header"><span class="headerfield">Subject:</span> Bug#777159: fixed in lame 3.99.5+repack1-3+deb7u1</div>
<div class="header"><span class="headerfield">Date:</span> Sat, 28 Feb 2015 18:03:36 +0000</div>
</div>
<pre class="message">Source: lame
Source-Version: 3.99.5+repack1-3+deb7u1

We believe that the bug you reported is fixed in the latest version of
lame, which is due to be installed in the Debian FTP archive.

A summary of the changes between this version and the previous one is
attached.

Thank you for reporting the bug, which will now be closed.  If you
have further comments please address them to 777159@bugs.debian.org,
and the maintainer will reopen the bug report if appropriate.

Debian distribution maintenance software
pp.
Fabian Greffrath &lt;fabian+debian@greffrath.com&gt; (supplier of updated lame package)

(This message was generated automatically at their request; if you
believe that there is a problem with it please contact the archive
administrators by mailing ftpmaster@ftp-master.debian.org)


-----BEGIN PGP SIGNED MESSAGE-----
Hash: SHA256

Format: 1.8
Date: Tue, 24 Feb 2015 09:46:48 +0100
Source: lame
Binary: lame lame-doc libmp3lame0 libmp3lame-dev
Architecture: source amd64 all
Version: 3.99.5+repack1-3+deb7u1
Distribution: wheezy
Urgency: medium
Maintainer: Debian multimedia packages maintainers &lt;pkg-multimedia-maintainers@lists.alioth.debian.org&gt;
Changed-By: Fabian Greffrath &lt;fabian+debian@greffrath.com&gt;
Description: 
 lame       - MP3 encoding library (frontend)
 lame-doc   - MP3 encoding library (documentation)
 libmp3lame-dev - MP3 encoding library (development)
 libmp3lame0 - MP3 encoding library
Closes: <a href="bugreport.cgi?bug=775959">775959</a> <a href="bugreport.cgi?bug=777159">777159</a> <a href="bugreport.cgi?bug=777160">777160</a> <a href="bugreport.cgi?bug=777161">777161</a> <a href="bugreport.cgi?bug=778529">778529</a> <a href="bugreport.cgi?bug=778703">778703</a>
Changes: 
 lame (3.99.5+repack1-3+deb7u1) wheezy; urgency=medium
 .
   * Add check for invalid input sample rate, thanks Maks Naumov
     (Closes: #<a href="bugreport.cgi?bug=775959">775959</a>, #<a href="bugreport.cgi?bug=777160">777160</a>, #<a href="bugreport.cgi?bug=777161">777161</a>). Thanks Jakub Wilk and
     Brian Carpenter for the bug reports and test cases.
   * Extend Maks Naumov&#39;s patch to also include a sanity check for
     a valid amount of input channels (Closes: #<a href="bugreport.cgi?bug=778703">778703</a>).
   * Avoid malformed wav causing floating point exception in the
     frontend (Closes: #<a href="bugreport.cgi?bug=777159">777159</a>).
   * Fix decision if sample rate ratio is an integer value or not
     (Closes: #<a href="bugreport.cgi?bug=778529">778529</a>). Thanks to Henri Salo for the bug reports
     and the fuzzed samples!
Checksums-Sha1: 
 38832155db1ae5789a4fa66f0403b6e177f5cb5c 2250 lame_3.99.5+repack1-3+deb7u1.dsc
 92ab7a4eb5ba00b2dfae3852c41e26ac7b9ef636 13987 lame_3.99.5+repack1-3+deb7u1.debian.tar.gz
 ae693c1c10d88ea7b1929d551f10dd802a78ec18 279810 lame_3.99.5+repack1-3+deb7u1_amd64.deb
 f3c4c40dfc09d3737cd827631e8f94289d44feb9 296004 lame-doc_3.99.5+repack1-3+deb7u1_all.deb
 8e4a90f838a5ffe5220657087dc71e21b137f064 413878 libmp3lame0_3.99.5+repack1-3+deb7u1_amd64.deb
 b1b565c32557a7335e0f82be0d946f7353829af4 451362 libmp3lame-dev_3.99.5+repack1-3+deb7u1_amd64.deb
Checksums-Sha256: 
 40311ff26ede470a373225e7c69a3a69c4e48a25cf63c2f14e0c53c06cb4516b 2250 lame_3.99.5+repack1-3+deb7u1.dsc
 a4e3819241382ef96e16a36cfa39041f22772b7aa2b8358ec33c3b823cfb6482 13987 lame_3.99.5+repack1-3+deb7u1.debian.tar.gz
 4cd29d1c91b6f16e11956c74b6d94f41f357eeecc2f775f3ffdcf39e4427949d 279810 lame_3.99.5+repack1-3+deb7u1_amd64.deb
 d07ac2f8f08bc2fdf3fce72cc583467d3f7fe784f9b932b84047cd152ba21604 296004 lame-doc_3.99.5+repack1-3+deb7u1_all.deb
 20f4e1d1b5e3cb2cf689d9d68291fa0276add303d988386f518faae36fc238ef 413878 libmp3lame0_3.99.5+repack1-3+deb7u1_amd64.deb
 d675730777c481ffa66e30bf97d2c400275b32f1af36a839f91bb1f6f183fe55 451362 libmp3lame-dev_3.99.5+repack1-3+deb7u1_amd64.deb
Files: 
 240dc9f80c9016c7f1b99ae1f18ad644 2250 sound optional lame_3.99.5+repack1-3+deb7u1.dsc
 cae33c8d915ab4a7d84edc3cce64f2e8 13987 sound optional lame_3.99.5+repack1-3+deb7u1.debian.tar.gz
 e45e70276d154ac20b872ee1ed95bc7a 279810 sound optional lame_3.99.5+repack1-3+deb7u1_amd64.deb
 568fee660f20860b930aa39987ee5a24 296004 doc optional lame-doc_3.99.5+repack1-3+deb7u1_all.deb
 4ed9ed9c722c69eb112ccb782df3ad2d 413878 libs optional libmp3lame0_3.99.5+repack1-3+deb7u1_amd64.deb
 50a815012cf846f78edafa116d70c950 451362 libdevel optional libmp3lame-dev_3.99.5+repack1-3+deb7u1_amd64.deb

-----BEGIN PGP SIGNATURE-----
Version: GnuPG v1

iQIcBAEBCAAGBQJU7IYrAAoJEMvqjpcMzVnfm2oQALwxODTxUC+ah2wUV3VUo4U2
MdqzJRtrZJyRO+CjGhgLnb3rYbphVKzX9OdU6hHgOsezYktvNl95fbKUNrNONbUR
2gmjdBI8sCgEsr7x+3q04j2uaIa4HTzcsI9kxIJAriCjxLz4HxcCp5NcV3w/Qa6c
0xVsqUINwkiQgTJbTuJg7XzIuaB5Wf4/AeGhOuKwgaynrqBDItzj0ORr2Ah0TDNt
SkznoRjlpio6+sJGvMFBGT9FmSoezay9h6X3jPOb9pFcay3sMebQSAV8DPSM09rq
NM4rCUbPusiTUZK9lD+ydV2ACqprVZ2FIGSMZ2NqTN63MhdsBwIcY1j1flNzy1o2
+lvJMi5r1EMMfhF0hs4xIk+FBu5y06Bxa/SYzeS4t4ZEWuhX3jEZbzTlCPy8+loW
MLX1/V7kwaVfV1xAhmFlebkP892imDDPpSRwT+bHs6clNdRdyAd/NpPt3eEAsBxB
1p04byqa+5PKQOokvYJbdnzBQI2v2Je2+ZF0+ocU619DxQv+vAOG8h8gKrUgI6Up
bBK7q5kZ1+FePwr0qkcUUY4ZTnpmQs+GquBlzIqajw8Jnh9f8vlpMhSTi/iTWBdc
VAULVSCJxdI+JhpOyltX7bnNRgYQ/f/vx7NKQfJ4Z9vmkPOt4TRHinoUM9LYg7LO
C5Nx/m0HLh8o5Xxr/87D
=MKWs
-----END PGP SIGNATURE-----



</pre>

<div class="msgreceived"><hr><p>
<a name="31"></a>
<!-- command:archive -->
<!-- requester: Debbugs Internal Request &lt;owner@bugs.debian.org&gt; -->
<!-- request_addr: internal_control@bugs.debian.org -->
<!-- time:1427614103 -->
<!-- new_data:
$new_data = {};
-->
<!-- old_data:
$old_data = {};
-->
<strong>Bug archived.</strong>
Request was from <code>Debbugs Internal Request &lt;owner@bugs.debian.org&gt;</code>
to <code>internal_control@bugs.debian.org</code>.
 (Sun, 29 Mar 2015 07:28:23 GMT) (<a href="bugreport.cgi?bug=777159;msg=32">full text</a>, <a href="bugreport.cgi?bug=777159;mbox=yes;msg=32">mbox</a>, <a href="#31">link</a>).</p></p></div>

<hr>
<p class="msgreceived">Send a report that <a href="https://bugs.debian.org/cgi-bin/bugspam.cgi?bug=777159">this bug log contains spam</a>.</p>
<hr>
<ADDRESS>Debian bug tracking system administrator &lt;<A HREF="mailto:owner@bugs.debian.org">owner@bugs.debian.org</A>&gt;.
Last modified:
<!--timestamp-->Sat Oct 30 18:12:44 2021<!--end timestamp-->; 
Machine Name:
<!--machinename-->bembo<!--machinename-->
<P>
<A HREF="https://www.debian.org/Bugs/">Debian Bug tracking system</A>
</p>
<p>
  Debbugs is free software and licensed under the terms of the GNU
  Public License version 2. The current version can be obtained
  from <a href="https://bugs.debian.org/debbugs-source/">https://bugs.debian.org/debbugs-source/</a>.
</p>
<p>
Copyright  1999 Darren O. Benham,
1997,2003 nCipher Corporation Ltd,
1994-97 Ian Jackson,
2005-2017 Don Armstrong, and many other contributors.
</p>
</ADDRESS>

</body>
</html>
