<!DOCTYPE html>
<html lang="en">
<head>
    <meta charset="utf-8">
    
        <link rel='alternate' type='application/rss+xml' title='imagick Bug #77791 - RDF' href='rss/bug.php?id=77791'>
        <link rel='alternate' type='application/rss+xml' title='imagick Bug #77791 - RSS 2.0' href='rss/bug.php?id=77791&format=rss2'>
        <base href="https://bugs.php.net/">
    <title>PHP :: Sec Bug #77791 :: an oob write in ImagickKernel::addUnityKernel</title>
    <link rel="shortcut icon" href="https://bugs.php.net/images/favicon.ico">
    <link rel="stylesheet" href="https://bugs.php.net/css/style.css">
</head>

<body>

<table id="top" class="head" cellspacing="0" cellpadding="0">
    <tr>
        <td class="head-logo">
            <a href="/"><img src="images/logo.png" alt="Bugs" vspace="2" hspace="2"></a>
        </td>

        <td class="head-menu">
            <a href="https://php.net/">php.net</a>&nbsp;|&nbsp;
            <a href="https://php.net/support.php">support</a>&nbsp;|&nbsp;
            <a href="https://php.net/docs.php">documentation</a>&nbsp;|&nbsp;
            <a href="report.php">report a bug</a>&nbsp;|&nbsp;
            <a href="search.php">advanced search</a>&nbsp;|&nbsp;
            <a href="search-howto.php">search howto</a>&nbsp;|&nbsp;
            <a href="stats.php">statistics</a>&nbsp;|&nbsp;
            <a href="random">random bug</a>&nbsp;|&nbsp;
            <a href="login.php">login</a>
        </td>
    </tr>

    <tr>
        <td class="head-search" colspan="2">
            <form method="get" action="search.php">
                <p class="head-search">
                    <input type="hidden" name="cmd" value="display">
                    <small>go to bug id or search bugs for</small>
                    <input class="small" type="text" name="search_for" value="" size="30">
                    <input type="image" src="images/small_submit_white.gif" alt="search" style="vertical-align: middle;">
                </p>
            </form>
        </td>
    </tr>
</table>

<table class="middle" cellspacing="0" cellpadding="0">
    <tr>
        <td class="content">
<div id="bugheader">
    <table id="details">
        <tr id="title">
            <th class="details" id="number"><a href="bug.php?id=77791">Sec Bug</a>&nbsp;#77791</th>
            <td id="summary" colspan="5">an oob write in ImagickKernel::addUnityKernel</td>
        </tr>
        <tr id="submission">
            <th class="details">Submitted:</th>
            <td style="white-space: nowrap;">2019-03-25 08:11 UTC</td>
            <th class="details">Modified:</th>
            <td style="white-space: nowrap;">2019-05-02 18:05 UTC</td>
            <td rowspan="6">


            </td>
        </tr>

        <tr id="submitter">
            <th class="details">From:</th>
            <td>mayatspine &#x61;&#116; gmail &#x64;&#111;&#x74; com</td>
            <th class="details">Assigned:</th>
            <td><a href="search.php?cmd=display&amp;assign=danack">danack</a> (<a href="https://people.php.net/danack">profile</a>)</td>
        </tr>

        <tr id="categorization">
            <th class="details">Status:</th>
            <td>Closed</td>
            <th class="details">Package:</th>
            <td><a href="search.php?cmd=display&amp;package_name[]=imagick">imagick</a> (<a href="https://pecl.php.net/package/imagick" target="_blank">PECL</a>)</td>
        </tr>

        <tr id="situation">
            <th class="details">PHP Version:</th>
            <td>Irrelevant</td>
            <th class="details">OS:</th>
            <td>linux</td>
        </tr>

        <tr id="private">
            <th class="details">Private report:</th>
            <td>No</td>
            <th class="details">CVE-ID:</th>
            <td><a href="https://cve.mitre.org/cgi-bin/cvename.cgi?name=CVE-2019-11037" target="_blank">2019-11037</a></td>
        </tr>
    </table>
</div>

<div class="controls">
<span id='control_0' class='control active'>View</span>
<span id='control_3' class='control'><a href='bug.php?id=77791&amp;edit=3'>Add Comment</a></span>
<span id='control_1' class='control'><a href='bug.php?id=77791&amp;edit=1'>Developer</a></span>
<span id='control_2' class='control'><a href='bug.php?id=77791&amp;edit=2'>Edit</a></span>
</div>
<div class="clear"></div>



<div class='comment type_comment' ><a name="1553501468">&nbsp;</a><strong>[2019-03-25 08:11 UTC] mayatspine &#x61;&#116; gmail &#x64;&#111;&#x74; com</strong>
<pre class='note'>Description:
------------
the ImagickKernel::fromMatrix will create a kernel object from Matrix use the following code.
==================================

if (origin_array == NULL) {
	if (((num_columns%2) == 0) || ((num_rows%2) == 0)) {
		php_imagick_throw_exception(IMAGICKKERNEL_CLASS, MATRIX_ORIGIN_REQUIRED TSRMLS_CC);
		goto cleanup;
	}
	origin_x = (num_columns - 1) &gt;&gt; 1;
	origin_y = (num_rows - 1) &gt;&gt; 1;
}
else {
	origin_array_ht = Z_ARRVAL_P(origin_array);
	if (zend_hash_index_find(origin_array_ht, 0, (void**)&amp;tmp) == SUCCESS) {
		origin_x = Z_LVAL_PP(tmp);
	}
	else {
		php_imagick_throw_exception(IMAGICKKERNEL_CLASS, MATRIX_ORIGIN_REQUIRED TSRMLS_CC);
		goto cleanup;
	}

	if (zend_hash_index_find(origin_array_ht, 1, (void**)&amp;tmp) == SUCCESS) {
		origin_y = Z_LVAL_PP(tmp);
	}
	else {
		php_imagick_throw_exception(IMAGICKKERNEL_CLASS, MATRIX_ORIGIN_REQUIRED TSRMLS_CC);
		goto cleanup;
	}
}

kernel_info = imagick_createKernel(values, num_columns, num_rows, origin_x, origin_y);
createKernelZval(return_value, kernel_info TSRMLS_CC);
==================================

and in imagick_createKernel:

==================================
kernel_info-&gt;width = width;
kernel_info-&gt;height = height;

kernel_info-&gt;x = origin_x;
kernel_info-&gt;y = origin_y;
==================================
notice that the origin_x and the origin_y are passed to x and y whithout verify . It cause a long number overflow in ImagickKernel::addUnityKernel which we can use it to oob write the origin memory value, maybe lead to code execution.

the UnityAddKernelInfo function:
==================================
MagickExport void UnityAddKernelInfo(KernelInfo *kernel,
  const double scale)
{
  /* do the other kernels in a multi-kernel list first */
  if ( kernel-&gt;next != (KernelInfo *) NULL)
    UnityAddKernelInfo(kernel-&gt;next, scale);

  /* Add the scaled unity kernel to the existing kernel */
  kernel-&gt;values[kernel-&gt;x+kernel-&gt;y*kernel-&gt;width] += scale; // overflow!!!!!!!
  CalcKernelMetaData(kernel);  /* recalculate the meta-data */

  return;


}
=================================


Program received signal SIGSEGV, Segmentation fault.
 [----------------------------------registers-----------------------------------]
RAX: 0x20555555db5ee0
RBX: 0x555555db5dc0 --&gt; 0x24 ('$')
RCX: 0x0
RDX: 0x555555db5f00 --&gt; 0x3ff0000000000000
RSI: 0x7fffffffcb70 --&gt; 0x405ec00000000000
RDI: 0x555555db5dc0 --&gt; 0x24 ('$')
RBP: 0x7ffff3871000 (&quot;$a-&gt;addUnityKernel(123);\n&quot;)
RSP: 0x7fffffffcb50 --&gt; 0x7ffff38120b0 --&gt; 0x0
RIP: 0x7fffec97779e (&lt;UnityAddKernelInfo+62&gt;:	addsd  xmm1,QWORD PTR [rax])
R8 : 0x0
R9 : 0x0
R10: 0x750
R11: 0x7fffec977760 (&lt;UnityAddKernelInfo&gt;:	push   rbx)
R12: 0x555555d564a0 --&gt; 0x10000000001
R13: 0x555555b99700 --&gt; 0x0
R14: 0x7ffff3812030 --&gt; 0x7ffff3873040 --&gt; 0x555555834cd0 (push   r13)
R15: 0x7ffff3873040 --&gt; 0x555555834cd0 (push   r13)
EFLAGS: 0x10216 (carry PARITY ADJUST zero sign trap INTERRUPT direction overflow)
[-------------------------------------code-------------------------------------]
   0x7fffec977791 &lt;UnityAddKernelInfo+49&gt;:	imul   rax,QWORD PTR [rbx+0x8]
   0x7fffec977796 &lt;UnityAddKernelInfo+54&gt;:	add    rax,QWORD PTR [rbx+0x18]
   0x7fffec97779a &lt;UnityAddKernelInfo+58&gt;:	lea    rax,[rdx+rax*8]
=&gt; 0x7fffec97779e &lt;UnityAddKernelInfo+62&gt;:	addsd  xmm1,QWORD PTR [rax]
   0x7fffec9777a2 &lt;UnityAddKernelInfo+66&gt;:	movsd  QWORD PTR [rax],xmm1
   0x7fffec9777a6 &lt;UnityAddKernelInfo+70&gt;:	add    rsp,0x10
   0x7fffec9777aa &lt;UnityAddKernelInfo+74&gt;:	pop    rbx
   0x7fffec9777ab &lt;UnityAddKernelInfo+75&gt;:	jmp    0x7fffec96d810
[------------------------------------stack-------------------------------------]
0000| 0x7fffffffcb50 --&gt; 0x7ffff38120b0 --&gt; 0x0
0008| 0x7fffffffcb58 --&gt; 0x555555c29870 --&gt; 0x7fffed017000 --&gt; 0x10102464c457f
0016| 0x7fffffffcb60 --&gt; 0x7ffff38120b0 --&gt; 0x0
0024| 0x7fffffffcb68 --&gt; 0x7fffed05ec46 (&lt;zim_imagickkernel_addunitykernel+70&gt;:)
0032| 0x7fffffffcb70 --&gt; 0x405ec00000000000
0040| 0x7fffffffcb78 --&gt; 0x663ee4d6eedeba00
0048| 0x7fffffffcb80 --&gt; 0x7ffff38120b0 --&gt; 0x0
0056| 0x7fffffffcb88 --&gt; 0x555555835456 (jmp    0x555555834f30)
[------------------------------------------------------------------------------]
Legend: code, data, rodata, value
Stopped reason: SIGSEGV
0x00007fffec97779e in UnityAddKernelInfo ()
   from /usr/lib/x86_64-linux-gnu/libMagickCore-6.Q16.so.2
gdb-peda$

here is the gdb backtrace after running the following test script

Test script:
---------------
$a = ImagickKernel::fromMatrix([[1,2,3],[2,2,2],[3,2,1]],[0xffffffffffff,0xffffffffffff]);
$a-&gt;addUnityKernel(123);


</pre>
</div><h2>Patches</h2>
<p><a href='patch-add.php?bug_id=77791'>Add a Patch</a></p><h2>Pull Requests</h2>
<p><a href='gh-pull-add.php?bug_id=77791'>Add a Pull Request</a></p><h2 style="border-bottom:2px solid #666;margin-bottom:0;padding:5px 0;">History</h2><div id='comment_filter' class='controls comments'><span id='type_all' class='control active' onclick='do_comment(this);'>All</span><span id='type_comment' class='control ' onclick='do_comment(this);'>Comments</span><span id='type_log' class='control ' onclick='do_comment(this);'>Changes</span><span id='type_svn' class='control ' onclick='do_comment(this);'>Git/SVN commits</span><span id='type_related' class='control ' onclick='do_comment(this);'>Related reports</span>            </div>
            <div id='comments_view' style='clear:both;'>
<div class='comment type_log' ><a name="1553574891">&nbsp;</a><strong>[2019-03-26 04:34 UTC] <a href="//people.php.net/stas">stas@php.net</a></strong>
<div class='log_note'><div class="changeset">
<span class="removed">-Assigned To:</span>
<span class="added">+Assigned To: scottmac</span>
</div></div></div><div class='comment type_log' ><a name="1553599848">&nbsp;</a><strong>[2019-03-26 11:30 UTC] <a href="//people.php.net/cmb">cmb@php.net</a></strong>
<div class='log_note'><div class="changeset">
<span class="removed">-Assigned To: scottmac</span>
<span class="added">+Assigned To: danack</span>
</div></div></div><div class='comment type_comment' ><a name="1553599848">&nbsp;</a><strong>[2019-03-26 11:30 UTC] <a href="//people.php.net/cmb">cmb@php.net</a></strong>
<pre class='note'>Assigning to Dan, who is more active. :)
</pre>
</div><div class='comment type_comment' ><a name="1553613770">&nbsp;</a><strong>[2019-03-26 15:22 UTC] <a href="//people.php.net/danack">danack@php.net</a></strong>
<pre class='note'>Thanks for the report. There is a fix here:

<a href="https://github.com/mkoppanen/imagick/compare/bugfix_77791?expand=1" rel="nofollow">https://github.com/mkoppanen/imagick/compare/bugfix_77791?expand=1</a>

Please could you review if possible.

I'll obviously need to do a release soon.
</pre>
</div><div class='comment type_comment' ><a name="1553653805">&nbsp;</a><strong>[2019-03-27 02:30 UTC] mayatspine &#x61;&#116; gmail &#x64;&#111;&#x74; com</strong>
<pre class='note'>It seems like that origin_y should &gt;= num_rows instead of num_columns?
</pre>
</div><div class='comment type_comment' ><a name="1553653911">&nbsp;</a><strong>[2019-03-27 02:31 UTC] mayatspine &#x61;&#116; gmail &#x64;&#111;&#x74; com</strong>
<pre class='note'>at line 545
</pre>
</div><div class='comment type_comment' ><a name="1553695535">&nbsp;</a><strong>[2019-03-27 14:05 UTC] <a href="//people.php.net/danack">danack@php.net</a></strong>
<pre class='note'>Thanks. 

I've fixed that now and have added explicit test for that scenario.

I'll do the release in a day or two, as need to merge another PR to mark some stuff deprecated, as this will be the last planned release of Imagick to support PHP &lt; 7
</pre>
</div><div class='comment type_comment' ><a name="1556808312">&nbsp;</a><strong>[2019-05-02 14:45 UTC] <a href="//people.php.net/danack">danack@php.net</a></strong>
<pre class='note'>This issue has been assigned CVE-2019-11037
</pre>
</div><div class='comment type_log' ><a name="1556817684">&nbsp;</a><strong>[2019-05-02 17:21 UTC] <a href="//people.php.net/stas">stas@php.net</a></strong>
<div class='log_note'><div class="changeset">
<span class="removed">-CVE-ID:</span>
<span class="added">+CVE-ID: 2019-11037</span>
</div></div></div><div class='comment type_log' ><a name="1556820343">&nbsp;</a><strong>[2019-05-02 18:05 UTC] <a href="//people.php.net/stas">stas@php.net</a></strong>
<div class='log_note'><div class="changeset">
<span class="removed">-Status: Assigned</span>
<span class="added">+Status: Closed</span>
</div></div></div></div>
        </td>
    </tr>
</table>

<script src='js/util.js'></script>
<script src='https://ajax.googleapis.com/ajax/libs/jquery/1.4.2/jquery.min.js'></script>
<script src="js/jquery.cookie.js"></script>
<script>
function do_comment(nd)
{
    $('#comment_filter > .control.active').removeClass("active");
    $(nd).addClass("active");

    $.cookie('history_tab', nd.id, { expires: 365 });

    if (nd.id == 'type_all') {
        $('#comments_view > .comment:hidden').show('slow');
    } else {
        $('#comments_view > .comment').each(function(i) {
            if ($(this).hasClass(nd.id)) {
                $(this).show('slow');
            } else {
                $(this).hide('slow');
            }
        });
    }
    return false;
}
</script>
<table class="foot" cellspacing="0" cellpadding="0">
    <tr>
        <td class="foot-bar" colspan="2">&nbsp;</td>
    </tr>

    <tr>
        <td class="foot-copy">
            <small>
                <a href="https://php.net/"><img src="images/logo-small.gif" align="left" valign="middle" hspace="3" alt="PHP"></a>
                <a href="https://php.net/copyright.php">Copyright &copy; 2001-2021 The PHP Group</a><br>
                All rights reserved.
            </small>
        </td>
        <td class="foot-source">
            <small>Last updated: Sat Oct 30 19:03:34 2021 UTC</small>
        </td>
    </tr>
</table>
</body>
</html>
