<!DOCTYPE html>
<html lang="en">
  <head>
    <title>3392508 &ndash; one invalid memory write(segment fault) in expand_smacro in preproc.c in nasm-2.14rc15</title>

      <meta http-equiv="Content-Type" content="text/html; charset=UTF-8">

<link href="data/nasm/assets/645e0726cec2a5ece015c67dda19ebbd.css?1592135396" rel="stylesheet" type="text/css">



    
<script type="text/javascript" src="data/nasm/assets/a7c2f3a028f17a9aa60f56dc9d6e732d.js?1592135233"></script>

    <script type="text/javascript">
    <!--
        YAHOO.namespace('bugzilla');
        YAHOO.util.Event.addListener = function (el, sType, fn, obj, overrideContext) {
               if ( ("onpagehide" in window || YAHOO.env.ua.gecko) && sType === "unload") { sType = "pagehide"; };
               var capture = ((sType == "focusin" || sType == "focusout") && !YAHOO.env.ua.ie) ? true : false;
               return this._addListener(el, this._getType(sType), fn, obj, overrideContext, capture);
         };
        if ( "onpagehide" in window || YAHOO.env.ua.gecko) {
            YAHOO.util.Event._simpleRemove(window, "unload", 
                                           YAHOO.util.Event._unload);
        }
        
        function unhide_language_selector() { 
            YAHOO.util.Dom.removeClass(
                'lang_links_container', 'bz_default_hidden'
            ); 
        } 
        YAHOO.util.Event.onDOMReady(unhide_language_selector);

        
        var BUGZILLA = {
            param: {
                cookiepath: '\/',
                maxusermatches: 1000
            },
            constant: {
                COMMENT_COLS: 80
            },
            string: {
                

                attach_desc_required:
                    "You must enter a Description for this attachment.",
                component_required:
                    "You must select a Component for this bug.",
                description_required:
                    "You must enter a Description for this bug.",
                short_desc_required:
                    "You must enter a Summary for this bug.",
                version_required:
                    "You must select a Version for this bug."
            }
              , api_token: ''
        };

    if (history && history.replaceState) {
      if(!document.location.href.match(/show_bug\.cgi/)) {
        history.replaceState( null,
                             "3392508 – one invalid memory write(segment fault) in expand_smacro in preproc.c in nasm-2.14rc15",
                             "show_bug.cgi?id=3392508" );
        document.title = "3392508 – one invalid memory write(segment fault) in expand_smacro in preproc.c in nasm-2.14rc15";
      }
      if (document.location.href.match(/show_bug\.cgi\?.*list_id=/)) {
        var href = document.location.href;
        href = href.replace(/[\?&]+list_id=(\d+|cookie)/, '');
        history.replaceState(null, "3392508 – one invalid memory write(segment fault) in expand_smacro in preproc.c in nasm-2.14rc15", href);
      }
    }
    YAHOO.util.Event.onDOMReady(function() {
      initDirtyFieldTracking();

    });
    // -->
    </script>
<script type="text/javascript" src="data/nasm/assets/daf5e0fb6826e6a35280e622913f0c4a.js?1592135396"></script>

    

    
    <link rel="search" type="application/opensearchdescription+xml"
                       title="Bugzilla" href="./search_plugin.cgi">
    <link rel="shortcut icon" href="images/favicon.ico">
  </head>

  <body 
        class="bugzilla-nasm-us
                 bz_bug
                 bz_status_RESOLVED
                 bz_product_NASM
                 bz_component_Assembler
                 bz_bug_3392508 yui-skin-sam">

  <div id="header"><div id="banner">
  </div>

    <div id="titles">
      <span id="title">Bugzilla &ndash; Bug&nbsp;3392508</span>

        <span id="subtitle" class="subheader">one invalid memory write(segment fault) in expand_smacro in preproc.c in nasm-2.14rc15</span>

        <span id="information" class="header_addl_info">Last modified: 2018-10-14 09:26:21 PDT</span>
    </div>


    <div id="common_links"><ul class="links">
  <li><a href="./">Home</a></li>
  <li><span class="separator">| </span><a href="enter_bug.cgi">New</a></li>
  <li><span class="separator">| </span><a href="describecomponents.cgi">Browse</a></li>
  <li><span class="separator">| </span><a href="query.cgi">Search</a></li>

  <li class="form">
    <span class="separator">| </span>
    <form action="buglist.cgi" method="get"
        onsubmit="if (this.quicksearch.value == '')
                  { alert('Please enter one or more search terms first.');
                    return false; } return true;">
    <input type="hidden" id="no_redirect_top" name="no_redirect" value="0">
    <script type="text/javascript">
      if (history && history.replaceState) {
        var no_redirect = document.getElementById("no_redirect_top");
        no_redirect.value = 1;
      }
    </script>
    <input class="txt" type="text" id="quicksearch_top" name="quicksearch" 
           title="Quick Search" value="">
    <input class="btn" type="submit" value="Search" 
           id="find_top"></form>
  <a href="page.cgi?id=quicksearch.html" title="Quicksearch Help">[?]</a></li>

  <li><span class="separator">| </span><a href="report.cgi">Reports</a></li>

  <li></li>


  <li>
        <span class="separator">| </span>
        <a href="docs/en/html/using/understanding.html" target="_blank">Help</a>
      </li>
    

    <li id="mini_login_container_top">
  <span class="separator">| </span>
  <a id="login_link_top" href="show_bug.cgi?id=3392508&amp;GoAheadAndLogIn=1"
     onclick="return show_mini_login_form('_top')">Log In</a>

  <form action="show_bug.cgi?id=3392508" method="POST"
        class="mini_login bz_default_hidden"
        id="mini_login_top">
    <input id="Bugzilla_login_top" required
           name="Bugzilla_login" class="bz_login"
        type="email" placeholder="Email Address">
    <input class="bz_password" name="Bugzilla_password" type="password"
           id="Bugzilla_password_top" required
           placeholder="Password">
    <input type="hidden" name="Bugzilla_login_token"
           value="">
    <input type="submit" name="GoAheadAndLogIn" value="Log in"
            id="log_in_top">
    <a href="#" onclick="return hide_mini_login_form('_top')">[x]</a>
  </form>
</li>


  <li id="forgot_container_top">
    <span class="separator">| </span>
    <a id="forgot_link_top" href="show_bug.cgi?id=3392508&amp;GoAheadAndLogIn=1#forgot"
       onclick="return show_forgot_form('_top')">Forgot Password</a>
    <form action="token.cgi" method="post" id="forgot_form_top"
          class="mini_forgot bz_default_hidden">
      <label for="login_top">Login:</label>
      <input name="loginname" size="20" id="login_top" required
          type="email" placeholder="Your Email Address">
      <input id="forgot_button_top" value="Reset Password" type="submit">
      <input type="hidden" name="a" value="reqpw">
      <input type="hidden" id="token_top" name="token"
             value="1635623941-7isyAzv79eSi1G-yaJlsumNOPLCxGivb8C8b7W4n9d0">
      <a href="#" onclick="return hide_forgot_form('_top')">[x]</a>
    </form>
  </li>
</ul>
    </div>
  </div>

  <div id="bugzilla-body"><div id="message">Self-registration is disabled due to spam issue (mail gorcunov@gmail.com or hpa@zytor.com to create an account)</div>


<script type="text/javascript">
<!--

//-->
</script>

<form name="changeform" id="changeform" method="post" action="process_bug.cgi">

  <input type="hidden" name="delta_ts" value="2018-10-14 09:26:21">
  <input type="hidden" name="id" value="3392508">
  <input type="hidden" name="token" value="1635623941-P1--gOfehHPwOwvGNQEKb2HKNc-NC6cDzl1ep-NaW7o">
<div class="bz_short_desc_container edit_form">
     <a href="show_bug.cgi?id=3392508"><b>Bug&nbsp;3392508</b></a> <span id="summary_container" class="bz_default_hidden">
      - <span id="short_desc_nonedit_display">one invalid memory write(segment fault) in expand_smacro in preproc.c in nasm-2.14rc15</span>
     </span>

    <div id="summary_input"><span class="field_label "
    id="field_label_short_desc">


  <a 
      title="The bug summary is a short sentence which succinctly describes what the bug is about."
      class="field_help_link"
      href="page.cgi?id=fields.html#short_desc"
  >Summary:</a>

</span><span title="one invalid memory write(segment fault) in expand_smacro in preproc.c in nasm-2.14rc15">one invalid memory write(segment fault) in expand_smacro in preproc.c in nasm...
        </span>
    </div>
  </div>
  <script type="text/javascript">
    hideEditableField('summary_container',
                      'summary_input',
                      'summary_edit_action',
                      'short_desc',
                      'one invalid memory write(segment fault) in expand_smacro in preproc.c in nasm-2.14rc15' );
  </script>
  <table class="edit_form">
    <tr>
      
      <td id="bz_show_bug_column_1" class="bz_show_bug_column">     
        <table>
          <tr>
    <th class="field_label">
      <a href="page.cgi?id=fields.html#bug_status">Status</a>:
    </th>
    <td id="bz_field_status">
      <span id="static_bug_status">RESOLVED
          FIXED
      </span>
    </td>
  </tr>
<tr>
    <td colspan="2" class="bz_section_spacer"></td>
  </tr>
<tr><th class="field_label "
    id="field_label_alias">


  <a 
      title="A short, unique name assigned to a bug in order to assist with looking it up and referring to it in other places in Bugzilla."
      class="field_help_link"
      href="page.cgi?id=fields.html#alias"
  >Alias:</a>

</th>
    <td>
        None
    </td>
  </tr>
<tr>
    <td colspan="2" class="bz_section_spacer"></td>
  </tr>
<tr><th class="field_label "
    id="field_label_product">


  <a 
      title="Bugs are categorised into Products and Components."
      class="field_help_link"
      href="describecomponents.cgi"
  >Product:</a>

</th>
  <td class="field_value "
      id="field_container_product" >NASM

</td>
    </tr>

    
    <tr class="bz_default_hidden"><th class="field_label "
    id="field_label_classification">


  <a 
      title="Bugs are categorised into Classifications, Products and Components. classifications is the top-level categorisation."
      class="field_help_link"
      href="page.cgi?id=fields.html#classification"
  >Classification:</a>

</th>
  <td class="field_value "
      id="field_container_classification" >Unclassified

</td>
    </tr>
        
    
    
    <tr><th class="field_label "
    id="field_label_component">


  <a 
      title="Components are second-level categories; each belongs to a particular Product. Select a Product to narrow down this list."
      class="field_help_link"
      href="describecomponents.cgi?product=NASM"
  >Component:</a>

</th>
  <td class="field_value "
      id="field_container_component" >Assembler

  (<a href="buglist.cgi?component=Assembler&amp;product=NASM&amp;bug_status=__open__"
      target="_blank">show other bugs</a>)
</td>
    </tr>
    <tr><th class="field_label "
    id="field_label_version">


  <a 
      title="The version field defines the version of the software the bug was found in."
      class="field_help_link"
      href="page.cgi?id=fields.html#version"
  >Version:</a>

</th>
<td>2.14.xx
  </td>
    </tr>
        
    
        
    <tr><th class="field_label "
    id="field_label_rep_platform">


  <a 
      title="The hardware platform the bug was observed on. Note: When searching, selecting the option &quot;All&quot; only finds bugs whose value for this field is literally the word &quot;All&quot;."
      class="field_help_link"
      href="page.cgi?id=fields.html#rep_platform"
  >Hardware:</a>

</th>
      <td class="field_value">Undefined
        Linux
      </td>
    </tr>
          <tr>
    <td colspan="2" class="bz_section_spacer"></td>
  </tr>
          
          <tr>
      <th class="field_label">
        <label  accesskey="i">
          <a href="page.cgi?id=fields.html#importance"><u>I</u>mportance</a></label>:
      </th>
      <td>Medium
       normal
      </td>
    </tr>
          
          <tr><th class="field_label "
    id="field_label_assigned_to">


  <a 
      title="The person in charge of resolving the bug."
      class="field_help_link"
      href="page.cgi?id=fields.html#assigned_to"
  >Assignee:</a>

</th>
      <td><span class="vcard"><span class="fn">nobody</span>
</span>
      </td>
    </tr>

    <script type="text/javascript">
      assignToDefaultOnChange(['product', 'component'],
        'nobody\x40nasm.us',
        '');
    </script>
          <tr>
    <td colspan="2" class="bz_section_spacer"></td>
  </tr>
          <tr><th class="field_label "
    id="field_label_bug_file_loc">


  <a 
      title="Bugs can have a URL associated with them - for example, a pointer to a web site where the problem is seen."
      class="field_help_link"
      href="page.cgi?id=fields.html#bug_file_loc"
  >URL:</a>

</th>
    <td>
      <span id="bz_url_input_area">
      </span>
    </td>
  </tr>
          <tr>
    <td colspan="2" class="bz_section_spacer"></td>
  </tr>

          
<tr><th class="field_label "
    id="field_label_dependson">


  <a 
      title="The bugs listed here must be resolved before this bug can be resolved."
      class="field_help_link"
      href="page.cgi?id=fields.html#dependson"
  >Depends on:</a>

</th>

  <td>
    <span id="dependson_input_area">
    </span>

  </td>
  </tr>
  
  <tr><th class="field_label "
    id="field_label_blocked">


  <a 
      title="This bug must be resolved before the bugs listed in this field can be resolved."
      class="field_help_link"
      href="page.cgi?id=fields.html#blocked"
  >Blocks:</a>

</th>

  <td>
    <span id="blocked_input_area">
    </span>

  </td>
  </tr>
          
        </table>
      </td>
      <td>
        <div class="bz_column_spacer">&nbsp;</div>
      </td>
      
      <td id="bz_show_bug_column_2" class="bz_show_bug_column">
        <table>
        <tr>
    <th class="field_label">
      Reported:
    </th>
    <td>2018-08-22 07:53 PDT by <span class="vcard"><span class="fn">rookie</span>
</span>
    </td>
  </tr>
  
  <tr>
    <th class="field_label">
      Modified:
    </th>
    <td>2018-10-14 09:26 PDT
      (<a href="show_activity.cgi?id=3392508">History</a>)
    </td>
  
  </tr>
<tr>
      <th class="field_label">
        <label  accesskey="a">
          CC List:
        </label>
      </th>
      <td>3 
          users
          <span id="cc_edit_area_showhide_container" class="bz_default_hidden">
            (<a href="#" id="cc_edit_area_showhide">show</a>)
          </span>
        <div id="cc_edit_area">
          <br>
            <select id="cc" multiple="multiple" size="5" >
                <option value="gorcunov">gorcunov</option>
                <option value="hpa">hpa</option>
                <option value="nasm-bugs">nasm-bugs</option>
            </select>
        </div>
          <script type="text/javascript">
            hideEditableField( 'cc_edit_area_showhide_container', 
                               'cc_edit_area', 
                               'cc_edit_area_showhide', 
                               '', 
                               '');  
          </script>
      </td>
    </tr>

<tr>
    <td colspan="2" class="bz_section_spacer"></td>
  </tr>
 
<tr>
      <th class="field_label "
    id="field_label_cf_build">


  <a 
      title="Please indicate where you obtained and/or built your version of NASM."
      class="field_help_link"
      href="page.cgi?id=fields.html#cf_build"
  >Obtained from:</a>

</th>
  <td class="field_value "
      id="field_container_cf_build" >Build from source archive using configure

</td>
    </tr>
<tr>
    <td colspan="2" class="bz_section_spacer"></td>
  </tr>



        </table>
      </td>
    </tr>
    <tr>
      <td colspan="3">
          <hr id="bz_top_half_spacer">
      </td>
    </tr>
  </table>

  <table id="bz_big_form_parts">
  <tr>
  <td>

    
<script type="text/javascript">
<!--
function toggle_display(link) {
    var table = document.getElementById("attachment_table");
    var view_all = document.getElementById("view_all");
    var hide_obsolete_url_parameter = "&hide_obsolete=1";
    // Store current height for scrolling later
    var originalHeight = table.offsetHeight;
    var rows = YAHOO.util.Dom.getElementsByClassName(
        'bz_tr_obsolete', 'tr', table);

    for (var i = 0; i < rows.length; i++) {
        bz_toggleClass(rows[i], 'bz_default_hidden');
    }

    if (YAHOO.util.Dom.hasClass(rows[0], 'bz_default_hidden')) {
        link.innerHTML = "Show Obsolete";
        view_all.href = view_all.href + hide_obsolete_url_parameter 
    }
    else {
        link.innerHTML = "Hide Obsolete";
        view_all.href = view_all.href.replace(hide_obsolete_url_parameter,"");
    }

    var newHeight = table.offsetHeight;
    // This scrolling makes the window appear to not move at all.
    window.scrollBy(0, newHeight - originalHeight);

    return false;
}
//-->
</script>

<br>
<table id="attachment_table">
  <tr id="a0">
    <th colspan="2" class="left">
      Attachments
    </th>
  </tr>


      <tr id="a1" class="bz_contenttype_application_x-zip-compressed">
        <td>
            <a href="attachment.cgi?id=411661"
               title="View the content of the attachment">
          <b>poc file to trigger the crash</b></a>

          <span class="bz_attach_extra_info">
              (505 bytes,
                application/x-zip-compressed)

            <br>
            <a href="#attach_411661"
               title="Go to the comment associated with the attachment">2018-08-22 07:53 PDT</a>,

            <span class="vcard"><span class="fn">rookie</span>
</span>
          </span>
        </td>


        <td>
          <a href="attachment.cgi?id=411661&amp;action=edit">Details</a>
        </td>
      </tr>

  <tr class="bz_attach_footer">
    <td colspan="2">
        <span class="bz_attach_view_hide">
        </span>
        <a href="attachment.cgi?bugid=3392508&amp;action=enter">Add an attachment</a>
        (proposed patch, testcase, etc.)
    </td>
  </tr>
</table>
<br>
<div id="add_comment" class="bz_section_additional_comments">
      <table>
        <tr>
          <td>
            <fieldset>
              <legend>Note</legend>
              You need to
              <a href="show_bug.cgi?id=3392508&amp;GoAheadAndLogIn=1">log in</a>
              before you can comment on or make changes to this bug.
            </fieldset>
          </td>
        </tr> 
      </table>
  </div>
  </td>
  <td>
  </td>
  </tr></table>

  
  <div id="comments"><script src="js/comments.js?1519155687" type="text/javascript">
</script>

<script type="text/javascript">
<!--
  /* Adds the reply text to the 'comment' textarea */
  function replyToComment(id, real_id, name) {
      var prefix = "(In reply to " + name + " from comment #" + id + ")\n";
      var replytext = "";
        /* pre id="comment_name_N" */
        var text_elem = document.getElementById('comment_text_'+id);
        var text = getText(text_elem);
        replytext = prefix + wrapReplyText(text);


      /* <textarea id="comment"> */
      var textarea = document.getElementById('comment');
      if (textarea.value != replytext) {
          textarea.value += replytext;
      }

      textarea.focus();
  } 
//-->
</script>


<!-- This auto-sizes the comments and positions the collapse/expand links 
     to the right. -->
<table class="bz_comment_table">
<tr>
<td>
<div id="c0" class="bz_comment bz_first_comment">

      <div class="bz_first_comment_head">


        <span class="bz_comment_number">
          <a 
             href="show_bug.cgi?id=3392508#c0">Description</a>
        </span>

        <span class="bz_comment_user">
          <span class="vcard"><span class="fn">rookie</span>
</span>
        </span>

        <span class="bz_comment_user_images">
        </span>

        <span class="bz_comment_time">
          2018-08-22 07:53:50 PDT
        </span>

      </div>




<pre class="bz_comment_text">Created <span class=""><a href="attachment.cgi?id=411661" name="attach_411661" title="poc file to trigger the crash">attachment 411661</a> <a href="attachment.cgi?id=411661&amp;action=edit" title="poc file to trigger the crash">[details]</a></span>
poc file to trigger the crash

There exsits one invalid memory write(segment fault) in expand_smacro in preproc.c in nasm-2.14rc15 which allows attackers to cause a denial of service via a crafted input file.

To reproduce:
nasm -f bin poc -o tmp

ASan:
==51827==ERROR: AddressSanitizer: SEGV on unknown address 0x000000000011 (pc 0x000000551151 bp 0x7fff06648510 sp 0x7fff06648340 T0)
    #0 0x551150 in expand_smacro /home/s2e/nasm-2.14rc15/asm/preproc.c:4475
    #1 0x52d372 in pp_getline /home/s2e/nasm-2.14rc15/asm/preproc.c:5248
    #2 0x4ed8ce in assemble_file /home/s2e/nasm-2.14rc15/asm/nasm.c:1435
    #3 0x4ed8ce in main /home/s2e/nasm-2.14rc15/asm/nasm.c:566
    #4 0x7fdf10c1a82f in __libc_start_main /build/glibc-Cl5G7W/glibc-2.23/csu/../csu/libc-start.c:291
    #5 0x4190f8 in _start (/home/s2e/nasm-2.14rc15/tmp/bin/nasm+0x4190f8)

AddressSanitizer can not provide additional info.
SUMMARY: AddressSanitizer: SEGV /home/s2e/nasm-2.14rc15/asm/preproc.c:4475 in expand_smacro
==51827==ABORTING

gdb output:
RAX: 0x0 
RBX: 0x7ffff7f79730 --&gt; 0x7ffff7f79710 --&gt; 0x7ffff7f796f0 --&gt; 0x7ffff7f796d0 --&gt; 0x7ffff7f796b0 --&gt; 0x7ffff7f79690 (--&gt; ...)
RCX: 0x79add0 --&gt; 0x0 
RDX: 0x79add0 --&gt; 0x0 
RSI: 0x0 
RDI: 0xff 
RBP: 0x7ffff7f79630 --&gt; 0x7ffff7f79650 --&gt; 0x7ffff7f79610 --&gt; 0x7ffff7f795f0 --&gt; 0x7ffff7f795d0 --&gt; 0x7ffff7f795b0 (--&gt; ...)
RSP: 0x7fffffffd940 --&gt; 0x4bd920 --&gt; 0x2c800000088 
RIP: 0x43c191 (&lt;expand_smacro+5713&gt;:	mov    BYTE PTR [rax+0x11],0x0)
R8 : 0x79add0 --&gt; 0x0 
R9 : 0xfffffffffffffffc 
R10: 0x22 ('&quot;')
R11: 0x246 
R12: 0x0 
R13: 0x0 
R14: 0xf41dc 
R15: 0xfffffffffffffffc
EFLAGS: 0x10206 (carry PARITY adjust zero sign trap INTERRUPT direction overflow)
[-------------------------------------code-------------------------------------]
   0x43c182 &lt;expand_smacro+5698&gt;:	inc    BYTE PTR [rcx+rax*1]
   0x43c185 &lt;expand_smacro+5701&gt;:	mov    DWORD PTR fs:[r15],0x6bd0
   0x43c18d &lt;expand_smacro+5709&gt;:	mov    rax,QWORD PTR [rbp+0x10]
=&gt; 0x43c191 &lt;expand_smacro+5713&gt;:	mov    BYTE PTR [rax+0x11],0x0
   0x43c195 &lt;expand_smacro+5717&gt;:	mov    rbx,QWORD PTR [rbp+0x0]
   0x43c199 &lt;expand_smacro+5721&gt;:	mov    rdi,QWORD PTR [rbp+0x8]
   0x43c19d &lt;expand_smacro+5725&gt;:	call   0x409510 &lt;nasm_free&gt;
   0x43c1a2 &lt;expand_smacro+5730&gt;:	mov    rax,QWORD PTR [rip+0x35a797]        # 0x796940 &lt;freeTokens&gt;
[------------------------------------stack-------------------------------------]
0000| 0x7fffffffd940 --&gt; 0x4bd920 --&gt; 0x2c800000088 
0008| 0x7fffffffd948 --&gt; 0x7de160 --&gt; 0x31 ('1')
0016| 0x7fffffffd950 --&gt; 0x0 
0024| 0x7fffffffd958 --&gt; 0x10 
0032| 0x7fffffffd960 --&gt; 0x100000000 
0040| 0x7fffffffd968 --&gt; 0x7de9a0 --&gt; 0x7ffff7dd1b78 --&gt; 0x7dece0 --&gt; 0x0 
0048| 0x7fffffffd970 --&gt; 0xf41e4 
0056| 0x7fffffffd978 --&gt; 0x7de240 --&gt; 0x0 
[------------------------------------------------------------------------------]
Legend: code, data, rodata, value
Stopped reason: SIGSEGV
0x000000000043c191 in expand_smacro (tline=&lt;optimized out&gt;) at asm/preproc.c:4475
4475	            tline-&gt;a.mac-&gt;in_progress = false;
gdb-peda$ bt
#0  0x000000000043c191 in expand_smacro (tline=&lt;optimized out&gt;) at asm/preproc.c:4475
#1  0x0000000000426667 in pp_getline () at asm/preproc.c:5248
#2  0x0000000000404269 in assemble_file (fname=&lt;optimized out&gt;, depend_ptr=&lt;optimized out&gt;) at asm/nasm.c:1435
#3  main (argc=&lt;optimized out&gt;, argv=&lt;optimized out&gt;, argv&#64;entry=0x7fffffffdd78) at asm/nasm.c:566
#4  0x00007ffff7a2d830 in __libc_start_main (main=0x4021b0 &lt;main&gt;, argc=0x6, argv=0x7fffffffdd78, init=&lt;optimized out&gt;, fini=&lt;optimized out&gt;, rtld_fini=&lt;optimized out&gt;, stack_end=0x7fffffffdd68) at ../csu/libc-start.c:291
#5  0x0000000000401d49 in _start ()</pre>
    </div>

    <div id="c1" class="bz_comment">

      <div class="bz_comment_head">


        <span class="bz_comment_number">
          <a 
             href="show_bug.cgi?id=3392508#c1">Comment 1</a>
        </span>

        <span class="bz_comment_user">
          <span class="vcard"><span class="fn">Cyrill Gorcunov</span>
</span>
        </span>

        <span class="bz_comment_user_images">
        </span>

        <span class="bz_comment_time">
          2018-10-14 09:26:21 PDT
        </span>

      </div>




<pre class="bz_comment_text">Fixed in 980dd658b521afe4a688c4195410c4449a8e2468</pre>
    </div>


  

</td>
<td>
</td>
</tr></table>
  </div>
        

</form>

<hr>
<ul class="related_actions">
    <li><a href="show_bug.cgi?format=multiple&amp;id=3392508">Format For Printing</a></li>
    <li>&nbsp;-&nbsp;<a href="show_bug.cgi?ctype=xml&amp;id=3392508">XML</a></li>
    <li>&nbsp;-&nbsp;<a href="enter_bug.cgi?cloned_bug_id=3392508">Clone This Bug</a></li>
    
    <li>&nbsp;-&nbsp;<a href="#">Top of page </a></li>
    </ul>

<br>
</div>

    <div id="footer">
      <div class="intro"></div>
<ul id="useful-links">
  <li id="links-actions"><ul class="links">
  <li><a href="./">Home</a></li>
  <li><span class="separator">| </span><a href="enter_bug.cgi">New</a></li>
  <li><span class="separator">| </span><a href="describecomponents.cgi">Browse</a></li>
  <li><span class="separator">| </span><a href="query.cgi">Search</a></li>

  <li class="form">
    <span class="separator">| </span>
    <form action="buglist.cgi" method="get"
        onsubmit="if (this.quicksearch.value == '')
                  { alert('Please enter one or more search terms first.');
                    return false; } return true;">
    <input type="hidden" id="no_redirect_bottom" name="no_redirect" value="0">
    <script type="text/javascript">
      if (history && history.replaceState) {
        var no_redirect = document.getElementById("no_redirect_bottom");
        no_redirect.value = 1;
      }
    </script>
    <input class="txt" type="text" id="quicksearch_bottom" name="quicksearch" 
           title="Quick Search" value="">
    <input class="btn" type="submit" value="Search" 
           id="find_bottom"></form>
  <a href="page.cgi?id=quicksearch.html" title="Quicksearch Help">[?]</a></li>

  <li><span class="separator">| </span><a href="report.cgi">Reports</a></li>

  <li></li>


  <li>
        <span class="separator">| </span>
        <a href="docs/en/html/using/understanding.html" target="_blank">Help</a>
      </li>
    

    <li id="mini_login_container_bottom">
  <span class="separator">| </span>
  <a id="login_link_bottom" href="show_bug.cgi?id=3392508&amp;GoAheadAndLogIn=1"
     onclick="return show_mini_login_form('_bottom')">Log In</a>

  <form action="show_bug.cgi?id=3392508" method="POST"
        class="mini_login bz_default_hidden"
        id="mini_login_bottom">
    <input id="Bugzilla_login_bottom" required
           name="Bugzilla_login" class="bz_login"
        type="email" placeholder="Email Address">
    <input class="bz_password" name="Bugzilla_password" type="password"
           id="Bugzilla_password_bottom" required
           placeholder="Password">
    <input type="hidden" name="Bugzilla_login_token"
           value="">
    <input type="submit" name="GoAheadAndLogIn" value="Log in"
            id="log_in_bottom">
    <a href="#" onclick="return hide_mini_login_form('_bottom')">[x]</a>
  </form>
</li>


  <li id="forgot_container_bottom">
    <span class="separator">| </span>
    <a id="forgot_link_bottom" href="show_bug.cgi?id=3392508&amp;GoAheadAndLogIn=1#forgot"
       onclick="return show_forgot_form('_bottom')">Forgot Password</a>
    <form action="token.cgi" method="post" id="forgot_form_bottom"
          class="mini_forgot bz_default_hidden">
      <label for="login_bottom">Login:</label>
      <input name="loginname" size="20" id="login_bottom" required
          type="email" placeholder="Your Email Address">
      <input id="forgot_button_bottom" value="Reset Password" type="submit">
      <input type="hidden" name="a" value="reqpw">
      <input type="hidden" id="token_bottom" name="token"
             value="1635623941-7isyAzv79eSi1G-yaJlsumNOPLCxGivb8C8b7W4n9d0">
      <a href="#" onclick="return hide_forgot_form('_bottom')">[x]</a>
    </form>
  </li>
</ul>
  </li>

  




  
</ul>

      <div class="outro"></div>
    </div>

  </body>
</html>