<!DOCTYPE html>
<html lang="en">
  <head>
    <title>698025 &ndash; heap-buffer-overflow in xps_load_sfnt_name(xps/xpsfont.c)</title>

      <meta http-equiv="Content-Type" content="text/html; charset=UTF-8">

<link href="data/assets/f8d5c9f7a0816126b79f46c4e0a6ddf5.css?1625059054" rel="stylesheet" type="text/css">



    
<script type="text/javascript" src="data/assets/a7c2f3a028f17a9aa60f56dc9d6e732d.js?1625059054"></script>

    <script type="text/javascript">
    <!--
        YAHOO.namespace('bugzilla');
        YAHOO.util.Event.addListener = function (el, sType, fn, obj, overrideContext) {
               if ( ("onpagehide" in window || YAHOO.env.ua.gecko) && sType === "unload") { sType = "pagehide"; };
               var capture = ((sType == "focusin" || sType == "focusout") && !YAHOO.env.ua.ie) ? true : false;
               return this._addListener(el, this._getType(sType), fn, obj, overrideContext, capture);
         };
        if ( "onpagehide" in window || YAHOO.env.ua.gecko) {
            YAHOO.util.Event._simpleRemove(window, "unload", 
                                           YAHOO.util.Event._unload);
        }
        
        function unhide_language_selector() { 
            YAHOO.util.Dom.removeClass(
                'lang_links_container', 'bz_default_hidden'
            ); 
        } 
        YAHOO.util.Event.onDOMReady(unhide_language_selector);

        
        var BUGZILLA = {
            param: {
                cookiepath: '\/',
                maxusermatches: 1000
            },
            constant: {
                COMMENT_COLS: 80
            },
            string: {
                

                attach_desc_required:
                    "You must enter a Description for this attachment.",
                component_required:
                    "You must select a Component for this bug.",
                description_required:
                    "You must enter a Description for this bug.",
                short_desc_required:
                    "You must enter a Summary for this bug.",
                version_required:
                    "You must select a Version for this bug."
            }
              , api_token: ''
        };

    if (history && history.replaceState) {
      if(!document.location.href.match(/show_bug\.cgi/)) {
        history.replaceState( null,
                             "698025 – heap-buffer-overflow in xps_load_sfnt_name(xps\/xpsfont.c)",
                             "show_bug.cgi?id=698025" );
        document.title = "698025 – heap-buffer-overflow in xps_load_sfnt_name(xps\/xpsfont.c)";
      }
      if (document.location.href.match(/show_bug\.cgi\?.*list_id=/)) {
        var href = document.location.href;
        href = href.replace(/[\?&]+list_id=(\d+|cookie)/, '');
        history.replaceState(null, "698025 – heap-buffer-overflow in xps_load_sfnt_name(xps\/xpsfont.c)", href);
      }
    }
    YAHOO.util.Event.onDOMReady(function() {
      initDirtyFieldTracking();

    });
    // -->
    </script>
<script type="text/javascript" src="data/assets/daf5e0fb6826e6a35280e622913f0c4a.js?1625059054"></script>

    

    
    <link rel="search" type="application/opensearchdescription+xml"
                       title="Bugzilla" href="./search_plugin.cgi">
    <link rel="shortcut icon" href="images/favicon.ico">
  </head>

  <body 
        class="bugs-ghostscript-com
                 bz_bug
                 bz_status_RESOLVED
                 bz_product_GhostXPS
                 bz_component_General
                 bz_bug_698025 yui-skin-sam">

  <div id="header"><div id="banner">
  </div>

    <div id="titles">
      <span id="title">Bugzilla &ndash; Bug&nbsp;698025</span>

        <span id="subtitle" class="subheader">heap-buffer-overflow in xps_load_sfnt_name(xps/xpsfont.c)</span>

        <span id="information" class="header_addl_info">Last modified: 2017-07-25 04:19:11 UTC</span>
    </div>


    <div id="common_links"><ul class="links">
  <li><a href="./">Home</a></li>
  <li><span class="separator">| </span><a href="enter_bug.cgi">New</a></li>
  <li><span class="separator">| </span><a href="describecomponents.cgi">Browse</a></li>
  <li><span class="separator">| </span><a href="query.cgi">Search</a></li>

  <li class="form">
    <span class="separator">| </span>
    <form action="buglist.cgi" method="get"
        onsubmit="if (this.quicksearch.value == '')
                  { alert('Please enter one or more search terms first.');
                    return false; } return true;">
    <input type="hidden" id="no_redirect_top" name="no_redirect" value="0">
    <script type="text/javascript">
      if (history && history.replaceState) {
        var no_redirect = document.getElementById("no_redirect_top");
        no_redirect.value = 1;
      }
    </script>
    <input class="txt" type="text" id="quicksearch_top" name="quicksearch" 
           title="Quick Search" value="">
    <input class="btn" type="submit" value="Search" 
           id="find_top"></form>
  <a href="page.cgi?id=quicksearch.html" title="Quicksearch Help">[?]</a></li>

  <li><span class="separator">| </span><a href="report.cgi">Reports</a></li>

  <li></li>


  <li>
        <span class="separator">| </span>
        <a href="docs/en/html/using/understanding.html" target="_blank">Help</a>
      </li>
    
      <li id="new_account_container_top">
        <span class="separator">| </span>
        <a href="createaccount.cgi">New&nbsp;Account</a>
      </li>

    <li id="mini_login_container_top">
  <span class="separator">| </span>
  <a id="login_link_top" href="show_bug.cgi?id=698025&amp;GoAheadAndLogIn=1"
     onclick="return show_mini_login_form('_top')">Log In</a>

  <form action="show_bug.cgi?id=698025" method="POST"
        class="mini_login bz_default_hidden"
        id="mini_login_top">
    <input id="Bugzilla_login_top" required
           name="Bugzilla_login" class="bz_login"
        type="email" placeholder="Email Address">
    <input class="bz_password" name="Bugzilla_password" type="password"
           id="Bugzilla_password_top" required
           placeholder="Password">
    <input type="hidden" name="Bugzilla_login_token"
           value="">
    <input type="submit" name="GoAheadAndLogIn" value="Log in"
            id="log_in_top">
    <a href="#" onclick="return hide_mini_login_form('_top')">[x]</a>
  </form>
</li>


  <li id="forgot_container_top">
    <span class="separator">| </span>
    <a id="forgot_link_top" href="show_bug.cgi?id=698025&amp;GoAheadAndLogIn=1#forgot"
       onclick="return show_forgot_form('_top')">Forgot Password</a>
    <form action="token.cgi" method="post" id="forgot_form_top"
          class="mini_forgot bz_default_hidden">
      <label for="login_top">Login:</label>
      <input name="loginname" size="20" id="login_top" required
          type="email" placeholder="Your Email Address">
      <input id="forgot_button_top" value="Reset Password" type="submit">
      <input type="hidden" name="a" value="reqpw">
      <input type="hidden" id="token_top" name="token"
             value="1635619317-yoJy-Pz3vQKpezlpx0QVvsg2FuqF2SRatMXedmn_S5w">
      <a href="#" onclick="return hide_forgot_form('_top')">[x]</a>
    </form>
  </li>
</ul>
    </div>
  </div>

  <div id="bugzilla-body">


<script type="text/javascript">
<!--

//-->
</script>

<form name="changeform" id="changeform" method="post" action="process_bug.cgi">

  <input type="hidden" name="delta_ts" value="2017-07-25 04:19:11">
  <input type="hidden" name="id" value="698025">
  <input type="hidden" name="token" value="1635619317-4H95TkkbFYjXKbPuw9YG885R7c7j7Mj_cKAmy-YTbFU">
<div class="bz_short_desc_container edit_form">
     <a href="show_bug.cgi?id=698025"><b>Bug&nbsp;698025</b></a> <span id="summary_container" class="bz_default_hidden">
      - <span id="short_desc_nonedit_display">heap-buffer-overflow in xps_load_sfnt_name(xps/xpsfont.c)</span>
     </span>

    <div id="summary_input"><span class="field_label "
    id="field_label_short_desc">


  <a 
      title="The bug summary is a short sentence which succinctly describes what the bug is about."
      class="field_help_link"
      href="page.cgi?id=fields.html#short_desc"
  >Summary:</a>

</span>heap-buffer-overflow in xps_load_sfnt_name(xps/xpsfont.c)
    </div>
  </div>
  <script type="text/javascript">
    hideEditableField('summary_container',
                      'summary_input',
                      'summary_edit_action',
                      'short_desc',
                      'heap-buffer-overflow in xps_load_sfnt_name(xps\/xpsfont.c)' );
  </script>
  <table class="edit_form">
    <tr>
      
      <td id="bz_show_bug_column_1" class="bz_show_bug_column">     
        <table>
          <tr>
    <th class="field_label">
      <a href="page.cgi?id=fields.html#bug_status">Status</a>:
    </th>
    <td id="bz_field_status">
      <span id="static_bug_status">RESOLVED
          FIXED
      </span>
    </td>
  </tr>
<tr>
    <td colspan="2" class="bz_section_spacer"></td>
  </tr>
<tr><th class="field_label "
    id="field_label_alias">


  <a 
      title="A short, unique name assigned to a bug in order to assist with looking it up and referring to it in other places in Bugzilla."
      class="field_help_link"
      href="page.cgi?id=fields.html#alias"
  >Alias:</a>

</th>
    <td>
        None
    </td>
  </tr>
<tr>
    <td colspan="2" class="bz_section_spacer"></td>
  </tr>
<tr><th class="field_label "
    id="field_label_product">


  <a 
      title="Bugs are categorised into Products and Components."
      class="field_help_link"
      href="describecomponents.cgi"
  >Product:</a>

</th>
  <td class="field_value "
      id="field_container_product" >GhostXPS

</td>
    </tr>

    
    <tr class="bz_default_hidden"><th class="field_label "
    id="field_label_classification">


  <a 
      title="Bugs are categorised into Classifications, Products and Components. classifications is the top-level categorisation."
      class="field_help_link"
      href="page.cgi?id=fields.html#classification"
  >Classification:</a>

</th>
  <td class="field_value "
      id="field_container_classification" >Unclassified

</td>
    </tr>
        
    
    
    <tr><th class="field_label "
    id="field_label_component">


  <a 
      title="Components are second-level categories; each belongs to a particular Product. Select a Product to narrow down this list."
      class="field_help_link"
      href="describecomponents.cgi?product=GhostXPS"
  >Component:</a>

</th>
  <td class="field_value "
      id="field_container_component" >General

  (<a href="buglist.cgi?component=General&amp;product=GhostXPS&amp;bug_status=__open__"
      target="_blank">show other bugs</a>)
</td>
    </tr>
    <tr><th class="field_label "
    id="field_label_version">


  <a 
      title="The version field defines the version of the software the bug was found in."
      class="field_help_link"
      href="page.cgi?id=fields.html#version"
  >Version:</a>

</th>
<td>unspecified
  </td>
    </tr>
        
    
        
    <tr><th class="field_label "
    id="field_label_rep_platform">


  <a 
      title="The hardware platform the bug was observed on. Note: When searching, selecting the option &quot;All&quot; only finds bugs whose value for this field is literally the word &quot;All&quot;."
      class="field_help_link"
      href="page.cgi?id=fields.html#rep_platform"
  >Hardware:</a>

</th>
      <td class="field_value">PC
        Linux
      </td>
    </tr>
          <tr>
    <td colspan="2" class="bz_section_spacer"></td>
  </tr>
          
          <tr>
      <th class="field_label">
        <label  accesskey="i">
          <a href="page.cgi?id=fields.html#importance"><u>I</u>mportance</a></label>:
      </th>
      <td>P4
       normal
      </td>
    </tr>
          
          <tr><th class="field_label "
    id="field_label_assigned_to">


  <a 
      title="The person in charge of resolving the bug."
      class="field_help_link"
      href="page.cgi?id=fields.html#assigned_to"
  >Assignee:</a>

</th>
      <td><span class="vcard"><span class="fn">Chris Liddell (chrisl)</span>
</span>
      </td>
    </tr>

    <tr><th class="field_label "
    id="field_label_qa_contact">


  <a 
      title="The person responsible for confirming this bug if it is unconfirmed, and for verifying the fix once the bug has been resolved."
      class="field_help_link"
      href="page.cgi?id=fields.html#qa_contact"
  >QA Contact:</a>

</th>
      <td><span class="vcard">gs-security
</span>
      </td>
    </tr>
    <script type="text/javascript">
      assignToDefaultOnChange(['product', 'component'],
        'ghostpdl-bugs\x40artifex.com',
        'tech\x40artifex.com');
    </script>
          <tr>
    <td colspan="2" class="bz_section_spacer"></td>
  </tr>
          <tr><th class="field_label "
    id="field_label_bug_file_loc">


  <a 
      title="Bugs can have a URL associated with them - for example, a pointer to a web site where the problem is seen."
      class="field_help_link"
      href="page.cgi?id=fields.html#bug_file_loc"
  >URL:</a>

</th>
    <td>
      <span id="bz_url_input_area">
      </span>
    </td>
  </tr>


    <tr><th class="field_label "
    id="field_label_keywords">


  <a 
      title="You can add keywords from a defined list to bugs, in order to easily identify and group them."
      class="field_help_link"
      href="describekeywords.cgi"
  >Keywords:</a>

</th>
  <td class="field_value "
      id="field_container_keywords" >

</td>
    </tr>
          <tr>
    <td colspan="2" class="bz_section_spacer"></td>
  </tr>

          
<tr><th class="field_label "
    id="field_label_dependson">


  <a 
      title="The bugs listed here must be resolved before this bug can be resolved."
      class="field_help_link"
      href="page.cgi?id=fields.html#dependson"
  >Depends on:</a>

</th>

  <td>
    <span id="dependson_input_area">
    </span>

  </td>
  </tr>
  
  <tr><th class="field_label "
    id="field_label_blocked">


  <a 
      title="This bug must be resolved before the bugs listed in this field can be resolved."
      class="field_help_link"
      href="page.cgi?id=fields.html#blocked"
  >Blocks:</a>

</th>

  <td>
    <span id="blocked_input_area">
    </span>

  </td>
  </tr>
          
        </table>
      </td>
      <td>
        <div class="bz_column_spacer">&nbsp;</div>
      </td>
      
      <td id="bz_show_bug_column_2" class="bz_show_bug_column">
        <table>
        <tr>
    <th class="field_label">
      Reported:
    </th>
    <td>2017-06-12 04:33 UTC by <span class="vcard"><span class="fn">Kim Gwan Yeong</span>
</span>
    </td>
  </tr>
  
  <tr>
    <th class="field_label">
      Modified:
    </th>
    <td>2017-07-25 04:19 UTC
      (<a href="show_activity.cgi?id=698025">History</a>)
    </td>
  
  </tr>
<tr>
      <th class="field_label">
        <label  accesskey="a">
          CC List:
        </label>
      </th>
      <td>0 
          users
        <div id="cc_edit_area">
          <br>
        </div>
      </td>
    </tr>

<tr>
    <td colspan="2" class="bz_section_spacer"></td>
  </tr>
<tr><th class="field_label "
    id="field_label_see_also">


  <a 
      title="This allows you to refer to bugs in other installations. You can enter a URL to a bug in the 'Add Bug URLs' field to note that that bug is related to this one. You can enter multiple URLs at once by separating them with whitespace. You should normally use this field to refer to bugs in other installations. For bugs in this installation, it is better to use the Depends on and Blocks fields."
      class="field_help_link"
      href="page.cgi?id=fields.html#see_also"
  >See Also:</a>

</th>
  <td class="field_value "
      id="field_container_see_also" >

</td>
    </tr> 
<tr>
      <th class="field_label "
    id="field_label_cf_customer">


  <a 
      title="A custom Free Text field in this installation of Bugzilla."
      class="field_help_link"
      href="page.cgi?id=fields.html#cf_customer"
  >Customer:</a>

</th>
  <td class="field_value "
      id="field_container_cf_customer" >

</td>
    </tr>
    <tr>
      <th class="field_label "
    id="field_label_cf_wordsize">


  <a 
      title="For example x86 would be 32 and x86_64 would be 64."
      class="field_help_link"
      href="page.cgi?id=fields.html#cf_wordsize"
  >Word Size:</a>

</th>
  <td class="field_value "
      id="field_container_cf_wordsize" >---

</td>
    </tr>
<tr>
    <td colspan="2" class="bz_section_spacer"></td>
  </tr>



        </table>
      </td>
    </tr>
    <tr>
      <td colspan="3">
          <hr id="bz_top_half_spacer">
      </td>
    </tr>
  </table>

  <table id="bz_big_form_parts">
  <tr>
  <td>

    
<script type="text/javascript">
<!--
function toggle_display(link) {
    var table = document.getElementById("attachment_table");
    var view_all = document.getElementById("view_all");
    var hide_obsolete_url_parameter = "&hide_obsolete=1";
    // Store current height for scrolling later
    var originalHeight = table.offsetHeight;
    var rows = YAHOO.util.Dom.getElementsByClassName(
        'bz_tr_obsolete', 'tr', table);

    for (var i = 0; i < rows.length; i++) {
        bz_toggleClass(rows[i], 'bz_default_hidden');
    }

    if (YAHOO.util.Dom.hasClass(rows[0], 'bz_default_hidden')) {
        link.innerHTML = "Show Obsolete";
        view_all.href = view_all.href + hide_obsolete_url_parameter 
    }
    else {
        link.innerHTML = "Hide Obsolete";
        view_all.href = view_all.href.replace(hide_obsolete_url_parameter,"");
    }

    var newHeight = table.offsetHeight;
    // This scrolling makes the window appear to not move at all.
    window.scrollBy(0, newHeight - originalHeight);

    return false;
}
//-->
</script>

<br>
<table id="attachment_table">
  <tr id="a0">
    <th colspan="2" class="left">
      Attachments
    </th>
  </tr>


      <tr id="a1" class="bz_contenttype_application_zip">
        <td>
            <a href="attachment.cgi?id=13774"
               title="View the content of the attachment">
          <b>PoC</b></a>

          <span class="bz_attach_extra_info">
              (37.22 KB,
                application/zip)

            <br>
            <a href="#attach_13774"
               title="Go to the comment associated with the attachment">2017-06-12 04:33 UTC</a>,

            <span class="vcard"><span class="fn">Kim Gwan Yeong</span>
</span>
          </span>
        </td>


        <td>
          <a href="attachment.cgi?id=13774&amp;action=edit">Details</a>
        </td>
      </tr>

  <tr class="bz_attach_footer">
    <td colspan="2">
        <span class="bz_attach_view_hide">
        </span>
        <a href="attachment.cgi?bugid=698025&amp;action=enter">Add an attachment</a>
        (proposed patch, testcase, etc.)
    </td>
  </tr>
</table>
<br>
<div id="add_comment" class="bz_section_additional_comments">
      <table>
        <tr>
          <td>
            <fieldset>
              <legend>Note</legend>
              You need to
              <a href="show_bug.cgi?id=698025&amp;GoAheadAndLogIn=1">log in</a>
              before you can comment on or make changes to this bug.
            </fieldset>
          </td>
        </tr> 
      </table>
  </div>
  </td>
  <td>
  </td>
  </tr></table>

  
  <div id="comments"><script src="js/comments.js?1519155687" type="text/javascript">
</script>

<script type="text/javascript">
<!--
  /* Adds the reply text to the 'comment' textarea */
  function replyToComment(id, real_id, name) {
      var prefix = "(In reply to " + name + " from comment #" + id + ")\n";
      var replytext = "";
        /* pre id="comment_name_N" */
        var text_elem = document.getElementById('comment_text_'+id);
        var text = getText(text_elem);
        replytext = prefix + wrapReplyText(text);


      /* <textarea id="comment"> */
      var textarea = document.getElementById('comment');
      if (textarea.value != replytext) {
          textarea.value += replytext;
      }

      textarea.focus();
  } 
//-->
</script>


<!-- This auto-sizes the comments and positions the collapse/expand links 
     to the right. -->
<table class="bz_comment_table">
<tr>
<td>
<div id="c0" class="bz_comment bz_first_comment">

      <div class="bz_first_comment_head">


        <span class="bz_comment_number">
          <a 
             href="show_bug.cgi?id=698025#c0">Description</a>
        </span>

        <span class="bz_comment_user">
          <span class="vcard"><span class="fn">Kim Gwan Yeong</span>
</span>
        </span>

        <span class="bz_comment_user_images">
        </span>

        <span class="bz_comment_time">
          2017-06-12 04:33:26 UTC
        </span>

      </div>




<pre class="bz_comment_text">Created <span class=""><a href="attachment.cgi?id=13774" name="attach_13774" title="PoC">attachment 13774</a> <a href="attachment.cgi?id=13774&amp;action=edit" title="PoC">[details]</a></span>
PoC

POC to trigger heap buffer overflow (gxps)

I found a crashing test case.

Please confirm.

Version 9.22 and Git Head: <a href="http://www.ghostscript.com/cgi-bin/findgit.cgi?f6507e828ddfe1f60645bc925bff9bedfdb306ce">f6507e828ddfe1f60645bc925bff9bedfdb306ce</a>

OS: Ubuntu 16.04.2 x86_64

Command: ./gxps -sDEVICE=pdfwrite -sOutputFile=/dev/null -dNOPAUSE $FILE


---------------
GDB out:
---------------
[────────────REGISTERS─────────────────]
*RAX  0x1629000
*RBX  0x15a19b0 -&gt; 0xf3de80 (c_read_procs) -&gt; 0x8b0dcc (c_param_read_typed) &lt;- push   rbp
*RCX  0x656d616e
 RDX  0x0
*RDI  0x1629000
*RSI  0xfa0893 &lt;- add    byte ptr [rbx + 0x61], ah
*R8   0x4fcfffff0ff8000
*R9   0x15e5b08 &lt;- 0x6e656d75636f442f ('/Documen')
*R10  0xffff00000000
*R11  0x7ffff7478390 &lt;- scasd  eax, dword ptr [rdi]
*R12  0x460ea0 (_start) &lt;- xor    ebp, ebp
*R13  0x7fffffffdd30 &lt;- 0x5
 R14  0x0
 R15  0x0
*RBP  0x7fffffffc260 -&gt; 0x7fffffffc300 -&gt; 0x7fffffffc330 -&gt; 0x7fffffffc370 &lt;- ...
*RSP  0x7fffffffc260 -&gt; 0x7fffffffc300 -&gt; 0x7fffffffc330 -&gt; 0x7fffffffc370 &lt;- ...
*RIP  0xa6e8a3 (u16+12) &lt;- movzx  eax, byte ptr [rax]
[───────────DISASM─────────────────]
 ► 0xa6e8a3 &lt;u16+12&gt;    movzx  eax, byte ptr [rax]
   0xa6e8a6 &lt;u16+15&gt;    movzx  eax, al
   0xa6e8a9 &lt;u16+18&gt;    shl    eax, 8
   0xa6e8ac &lt;u16+21&gt;    mov    edx, eax
   0xa6e8ae &lt;u16+23&gt;    mov    rax, qword ptr [rbp - 8]
   0xa6e8b2 &lt;u16+27&gt;    add    rax, 1
   0xa6e8b6 &lt;u16+31&gt;    movzx  eax, byte ptr [rax]
   0xa6e8b9 &lt;u16+34&gt;    movzx  eax, al
   0xa6e8bc &lt;u16+37&gt;    or     eax, edx
   0xa6e8be &lt;u16+39&gt;    pop    rbp
   0xa6e8bf &lt;u16+40&gt;    ret    
[─────────────SOURCE─────────────────]
29	    return (signed short)( (p[0] &lt;&lt; 8) | p[1] );
30	}
31	
32	static inline int u16(byte *p)
33	{
34	    return (p[0] &lt;&lt; 8) | p[1];  &lt;-- vulnerability
35	}
36	
37	static inline int u24(byte *p)
38	{
[─────────────────STACK─────────────]
00:0000│ rbp rsp  0x7fffffffc260 -&gt; 0x7fffffffc300 -&gt; 0x7fffffffc330 -&gt; 0x7fffffffc370 &lt;- ...
01:0008│          0x7fffffffc268 -&gt; 0xa6ef65 (xps_load_sfnt_name+395) &lt;- mov    dword ptr [rbp - 0x4c], eax
02:0010│          0x7fffffffc270 -&gt; 0x15e5d24 &lt;- 0x6e776f6e6b6e55 /* 'Unknown' */
03:0018│          0x7fffffffc278 -&gt; 0x15e5b68 -&gt; 0x15ec540 &lt;- 0x80000d0000000100
04:0020│          0x7fffffffc280 -&gt; 0x15a1898 -&gt; 0x15ee928 -&gt; 0x15e5e80 &lt;- ...
05:0028│          0x7fffffffc288 -&gt; 0x15ee938 -&gt; 0x15e5e80 &lt;- 0x0
06:0030│          0x7fffffffc290 &lt;- 0x4ff100000000
07:0038│          0x7fffffffc298 -&gt; 0x15a17a0 &lt;- 0x15a17a0
[───────────────BACKTRACE─────────────]
 ► f 0           a6e8a3 u16+12
   f 1           a6ef65 xps_load_sfnt_name+395
   f 2           a70e02 xps_init_truetype_font+723
   f 3           a6ea82 xps_new_font+371
   f 4           a6df27 xps_parse_glyphs+1725
   f 5           a5ec25 xps_parse_element+135
   f 6           a5dd19 xps_parse_fixed_page+2524
   f 7           a5a81e xps_read_and_process_page_part+120
   f 8           a5b167 xps_process_file+2268
   f 9           461528 xps_imp_process_file+59
   f 10           a4603c pl_process_file+40
-----------------------------------------------------------
#0  0x0000000000a6e8a3 in u16 (p=0x1629000 &lt;error: Cannot access memory at address 0x1629000&gt;) at ./xps/xpsfont.c:34
#1  0x0000000000a6ef65 in xps_load_sfnt_name (font=0x15e5b68, namep=0x15e5d24 &quot;Unknown&quot;) at ./xps/xpsfont.c:203
#2  0x0000000000a70e02 in xps_init_truetype_font (ctx=0x15a80f8, font=0x15e5b68) at ./xps/xpsttf.c:384
#3  0x0000000000a6ea82 in xps_new_font (ctx=0x15a80f8, buf=0x15ec540 &quot;&quot;, buflen=9188, index=0) at ./xps/xpsfont.c:79
#4  0x0000000000a6df27 in xps_parse_glyphs (ctx=0x15a80f8, base_uri=0x7fffffffcaa0 &quot;/Documents/1/Pa&quot;..., dict=0x0, root=0x15e44d0) at ./xps/xpsglyphs.c:711
#5  0x0000000000a5ec25 in xps_parse_element (ctx=0x15a80f8, base_uri=0x7fffffffcaa0 &quot;/Documents/1/Pa&quot;..., dict=0x0, node=0x15e44d0) at ./xps/xpscommon.c:68
#6  0x0000000000a5dd19 in xps_parse_fixed_page (ctx=0x15a80f8, part=0x15e41b8) at ./xps/xpspage.c:279
#7  0x0000000000a5a81e in xps_read_and_process_page_part (ctx=0x15a80f8, name=0x15e40f8 &quot;/Documents/1/Pa&quot;...) at ./xps/xpszip.c:539
#8  0x0000000000a5b167 in xps_process_file (ctx=0x15a80f8, filename=0x15a1a20 &quot;/home/karas/gwa&quot;...) at ./xps/xpszip.c:688
#9  0x0000000000461528 in xps_imp_process_file (impl=0x15a7030, filename=0x15a1a20 &quot;/home/karas/gwa&quot;...) at ./xps/xpstop.c:228
#10 0x0000000000a4603c in pl_process_file (impl=0x15a7030, filename=0x15a1a20 &quot;/home/karas/gwa&quot;...) at ./pcl/pl/pltop.c:70
#11 0x0000000000aee33b in pl_main_run_file (minst=0x15a1930, filename=0x15a1a20 &quot;/home/karas/gwa&quot;...) at ./pcl/pl/plmain.c:377
#12 0x0000000000af0c66 in pl_main_process_options (pmi=0x15a1930, pal=0x15a19e8, pjl_instance=0x15a4bb8) at ./pcl/pl/plmain.c:1313
#13 0x0000000000aede21 in pl_main_init_with_args (inst=0x15a1930, argc=5, argv=0x7fffffffdd38) at ./pcl/pl/plmain.c:262
#14 0x0000000000a46571 in plapi_init_with_args (lib=0x15a11d0, argc=5, argv=0x7fffffffdd38) at ./pcl/pl/plapi.c:58
#15 0x0000000000aedac6 in main (argc=5, argv=0x7fffffffdd38) at ./pcl/pl/realmain.c:34
#16 0x00007ffff7304830 in __libc_start_main (main=0xaeda69 &lt;main&gt;, argc=5, argv=0x7fffffffdd38, init=&lt;optimized out&gt;, fini=&lt;optimized out&gt;, rtld_fini=&lt;optimized out&gt;, stack_end=0x7fffffffdd28) at ../csu/libc-start.c:291
#17 0x0000000000460ec9 in _start ()
---------------
ASan out:
---------------
==2462==ERROR: AddressSanitizer: heap-buffer-overflow on address 0x631000060830 at pc 0x00000136b84f bp 0x7fff5ad59220 sp 0x7fff5ad59210
READ of size 1 at 0x631000060830 thread T0
    #0 0x136b84e in u16 xps/xpsfont.c:34
    #1 0x136c6c7 in xps_load_sfnt_name xps/xpsfont.c:205
    #2 0x137075f in xps_init_truetype_font xps/xpsttf.c:384
    #3 0x136bde5 in xps_new_font xps/xpsfont.c:79
    #4 0x136a949 in xps_parse_glyphs xps/xpsglyphs.c:711
    #5 0x134c41a in xps_parse_element xps/xpscommon.c:68
    #6 0x134aa98 in xps_parse_fixed_page xps/xpspage.c:279
    #7 0x1344729 in xps_read_and_process_page_part xps/xpszip.c:539
    #8 0x1345657 in xps_process_file xps/xpszip.c:688
    #9 0x462a2c in xps_imp_process_file xps/xpstop.c:228
    #10 0x1316a58 in pl_process_file pcl/pl/pltop.c:70
    #11 0x14a9f75 in pl_main_run_file pcl/pl/plmain.c:377
    #12 0x14aee24 in pl_main_process_options pcl/pl/plmain.c:1313
    #13 0x14a96c6 in pl_main_init_with_args pcl/pl/plmain.c:262
    #14 0x1317848 in plapi_init_with_args pcl/pl/plapi.c:58
    #15 0x14a8fd1 in main pcl/pl/realmain.c:34
    #16 0x7f44765ab82f in __libc_start_main (/lib/x86_64-linux-gnu/libc.so.6+0x2082f)
    #17 0x461a48 in _start (/home/karas/gwanyeong/ghostpdl/debugbin/gxps+0x461a48)

0x631000060830 is located 0 bytes to the right of 65584-byte region [0x631000050800,0x631000060830)
allocated by thread T0 here:
    #0 0x7f4477116602 in malloc (/usr/lib/x86_64-linux-gnu/libasan.so.2+0x98602)
    #1 0xf63c86 in gs_heap_alloc_bytes base/gsmalloc.c:193
    #2 0xa15c7c in chunk_obj_alloc base/gsmchunk.c:909
    #3 0xa161d1 in chunk_alloc_struct base/gsmchunk.c:991
    #4 0xf07082 in c_param_add base/gscparam.c:235
    #5 0xf07465 in c_param_write base/gscparam.c:272
    #6 0xf07ec0 in c_param_write_typed base/gscparam.c:397
    #7 0xf7a306 in gs_param_write_items base/gsparam.c:153
    #8 0xbb678e in gdev_pdf_get_params devices/vector/gdevpdfp.c:272
    #9 0xf22d09 in gs_get_device_or_hw_params base/gsdparam.c:64
    #10 0x4625f7 in xps_imp_set_device xps/xpstop.c:174
    #11 0x13169c5 in pl_set_device pcl/pl/pltop.c:51
    #12 0x14aadb7 in pl_main_universe_select pcl/pl/plmain.c:593
    #13 0x14a9cf2 in pl_main_run_file pcl/pl/plmain.c:341
    #14 0x14aee24 in pl_main_process_options pcl/pl/plmain.c:1313
    #15 0x14a96c6 in pl_main_init_with_args pcl/pl/plmain.c:262
    #16 0x1317848 in plapi_init_with_args pcl/pl/plapi.c:58
    #17 0x14a8fd1 in main pcl/pl/realmain.c:34
    #18 0x7f44765ab82f in __libc_start_main (/lib/x86_64-linux-gnu/libc.so.6+0x2082f)

SUMMARY: AddressSanitizer: heap-buffer-overflow xps/xpsfont.c:34 u16
Shadow bytes around the buggy address:
  0x0c62800040b0: 00 00 00 00 00 00 00 00 00 00 00 00 00 00 00 00
  0x0c62800040c0: 00 00 00 00 00 00 00 00 00 00 00 00 00 00 00 00
  0x0c62800040d0: 00 00 00 00 00 00 00 00 00 00 00 00 00 00 00 00
  0x0c62800040e0: 00 00 00 00 00 00 00 00 00 00 00 00 00 00 00 00
  0x0c62800040f0: 00 00 00 00 00 00 00 00 00 00 00 00 00 00 00 00
=&gt;0x0c6280004100: 00 00 00 00 00 00[fa]fa fa fa fa fa fa fa fa fa
  0x0c6280004110: fa fa fa fa fa fa fa fa fa fa fa fa fa fa fa fa
  0x0c6280004120: fa fa fa fa fa fa fa fa fa fa fa fa fa fa fa fa
  0x0c6280004130: fa fa fa fa fa fa fa fa fa fa fa fa fa fa fa fa
  0x0c6280004140: fa fa fa fa fa fa fa fa fa fa fa fa fa fa fa fa
  0x0c6280004150: fa fa fa fa fa fa fa fa fa fa fa fa fa fa fa fa
Shadow byte legend (one shadow byte represents 8 application bytes):
  Addressable:           00
  Partially addressable: 01 02 03 04 05 06 07 
  Heap left redzone:       fa
  Heap right redzone:      fb
  Freed heap region:       fd
  Stack left redzone:      f1
  Stack mid redzone:       f2
  Stack right redzone:     f3
  Stack partial redzone:   f4
  Stack after return:      f5
  Stack use after scope:   f8
  Global redzone:          f9
  Global init order:       f6
  Poisoned by user:        f7
  Container overflow:      fc
  Array cookie:            ac
  Intra object redzone:    bb
  ASan internal:           fe
==2462==ABORTING</pre>
    </div>

    <div id="c1" class="bz_comment">

      <div class="bz_comment_head">


        <span class="bz_comment_number">
          <a 
             href="show_bug.cgi?id=698025#c1">Comment 1</a>
        </span>

        <span class="bz_comment_user">
          <span class="vcard"><span class="fn">Chris Liddell (chrisl)</span>
</span>
        </span>

        <span class="bz_comment_user_images">
        </span>

        <span class="bz_comment_time">
          2017-06-13 07:52:30 UTC
        </span>

      </div>




<pre class="bz_comment_text">Fixed:

<a href="http://git.ghostscript.com/?p=ghostpdl.git;a=commitdiff;h=d2ab8473">http://git.ghostscript.com/?p=ghostpdl.git;a=commitdiff;h=d2ab8473</a></pre>
    </div>

    <div id="c2" class="bz_comment">

      <div class="bz_comment_head">


        <span class="bz_comment_number">
          <a 
             href="show_bug.cgi?id=698025#c2">Comment 2</a>
        </span>

        <span class="bz_comment_user">
          <span class="vcard"><span class="fn">Kim Gwan Yeong</span>
</span>
        </span>

        <span class="bz_comment_user_images">
        </span>

        <span class="bz_comment_time">
          2017-06-15 16:48:23 UTC
        </span>

      </div>




<pre class="bz_comment_text">This was assigned  CVE-2017-9610.</pre>
    </div>


  

</td>
<td>
</td>
</tr></table>
  </div>
        

</form>

<hr>
<ul class="related_actions">
    <li><a href="show_bug.cgi?format=multiple&amp;id=698025">Format For Printing</a></li>
    <li>&nbsp;-&nbsp;<a href="show_bug.cgi?ctype=xml&amp;id=698025">XML</a></li>
    <li>&nbsp;-&nbsp;<a href="enter_bug.cgi?cloned_bug_id=698025">Clone This Bug</a></li>
    
    <li>&nbsp;-&nbsp;<a href="#">Top of page </a></li>
    </ul>

<br>
</div>

    <div id="footer">
      <div class="intro"></div>
<ul id="useful-links">
  <li id="links-actions"><ul class="links">
  <li><a href="./">Home</a></li>
  <li><span class="separator">| </span><a href="enter_bug.cgi">New</a></li>
  <li><span class="separator">| </span><a href="describecomponents.cgi">Browse</a></li>
  <li><span class="separator">| </span><a href="query.cgi">Search</a></li>

  <li class="form">
    <span class="separator">| </span>
    <form action="buglist.cgi" method="get"
        onsubmit="if (this.quicksearch.value == '')
                  { alert('Please enter one or more search terms first.');
                    return false; } return true;">
    <input type="hidden" id="no_redirect_bottom" name="no_redirect" value="0">
    <script type="text/javascript">
      if (history && history.replaceState) {
        var no_redirect = document.getElementById("no_redirect_bottom");
        no_redirect.value = 1;
      }
    </script>
    <input class="txt" type="text" id="quicksearch_bottom" name="quicksearch" 
           title="Quick Search" value="">
    <input class="btn" type="submit" value="Search" 
           id="find_bottom"></form>
  <a href="page.cgi?id=quicksearch.html" title="Quicksearch Help">[?]</a></li>

  <li><span class="separator">| </span><a href="report.cgi">Reports</a></li>

  <li></li>


  <li>
        <span class="separator">| </span>
        <a href="docs/en/html/using/understanding.html" target="_blank">Help</a>
      </li>
    
      <li id="new_account_container_bottom">
        <span class="separator">| </span>
        <a href="createaccount.cgi">New&nbsp;Account</a>
      </li>

    <li id="mini_login_container_bottom">
  <span class="separator">| </span>
  <a id="login_link_bottom" href="show_bug.cgi?id=698025&amp;GoAheadAndLogIn=1"
     onclick="return show_mini_login_form('_bottom')">Log In</a>

  <form action="show_bug.cgi?id=698025" method="POST"
        class="mini_login bz_default_hidden"
        id="mini_login_bottom">
    <input id="Bugzilla_login_bottom" required
           name="Bugzilla_login" class="bz_login"
        type="email" placeholder="Email Address">
    <input class="bz_password" name="Bugzilla_password" type="password"
           id="Bugzilla_password_bottom" required
           placeholder="Password">
    <input type="hidden" name="Bugzilla_login_token"
           value="">
    <input type="submit" name="GoAheadAndLogIn" value="Log in"
            id="log_in_bottom">
    <a href="#" onclick="return hide_mini_login_form('_bottom')">[x]</a>
  </form>
</li>


  <li id="forgot_container_bottom">
    <span class="separator">| </span>
    <a id="forgot_link_bottom" href="show_bug.cgi?id=698025&amp;GoAheadAndLogIn=1#forgot"
       onclick="return show_forgot_form('_bottom')">Forgot Password</a>
    <form action="token.cgi" method="post" id="forgot_form_bottom"
          class="mini_forgot bz_default_hidden">
      <label for="login_bottom">Login:</label>
      <input name="loginname" size="20" id="login_bottom" required
          type="email" placeholder="Your Email Address">
      <input id="forgot_button_bottom" value="Reset Password" type="submit">
      <input type="hidden" name="a" value="reqpw">
      <input type="hidden" id="token_bottom" name="token"
             value="1635619317-yoJy-Pz3vQKpezlpx0QVvsg2FuqF2SRatMXedmn_S5w">
      <a href="#" onclick="return hide_forgot_form('_bottom')">[x]</a>
    </form>
  </li>
</ul>
  </li>

  




  
</ul>

      <div class="outro"></div>
    </div>

  </body>
</html>