<!DOCTYPE html>
<html lang="en">
  <head>
    <title>698042 &ndash; heap-buffer-overflow in xps_true_callback_glyph_name(xps/xpsttf.c)</title>

      <meta http-equiv="Content-Type" content="text/html; charset=UTF-8">

<link href="data/assets/f8d5c9f7a0816126b79f46c4e0a6ddf5.css?1625059054" rel="stylesheet" type="text/css">



    
<script type="text/javascript" src="data/assets/a7c2f3a028f17a9aa60f56dc9d6e732d.js?1625059054"></script>

    <script type="text/javascript">
    <!--
        YAHOO.namespace('bugzilla');
        YAHOO.util.Event.addListener = function (el, sType, fn, obj, overrideContext) {
               if ( ("onpagehide" in window || YAHOO.env.ua.gecko) && sType === "unload") { sType = "pagehide"; };
               var capture = ((sType == "focusin" || sType == "focusout") && !YAHOO.env.ua.ie) ? true : false;
               return this._addListener(el, this._getType(sType), fn, obj, overrideContext, capture);
         };
        if ( "onpagehide" in window || YAHOO.env.ua.gecko) {
            YAHOO.util.Event._simpleRemove(window, "unload", 
                                           YAHOO.util.Event._unload);
        }
        
        function unhide_language_selector() { 
            YAHOO.util.Dom.removeClass(
                'lang_links_container', 'bz_default_hidden'
            ); 
        } 
        YAHOO.util.Event.onDOMReady(unhide_language_selector);

        
        var BUGZILLA = {
            param: {
                cookiepath: '\/',
                maxusermatches: 1000
            },
            constant: {
                COMMENT_COLS: 80
            },
            string: {
                

                attach_desc_required:
                    "You must enter a Description for this attachment.",
                component_required:
                    "You must select a Component for this bug.",
                description_required:
                    "You must enter a Description for this bug.",
                short_desc_required:
                    "You must enter a Summary for this bug.",
                version_required:
                    "You must select a Version for this bug."
            }
              , api_token: ''
        };

    if (history && history.replaceState) {
      if(!document.location.href.match(/show_bug\.cgi/)) {
        history.replaceState( null,
                             "698042 – heap-buffer-overflow in xps_true_callback_glyph_name(xps\/xpsttf.c)",
                             "show_bug.cgi?id=698042" );
        document.title = "698042 – heap-buffer-overflow in xps_true_callback_glyph_name(xps\/xpsttf.c)";
      }
      if (document.location.href.match(/show_bug\.cgi\?.*list_id=/)) {
        var href = document.location.href;
        href = href.replace(/[\?&]+list_id=(\d+|cookie)/, '');
        history.replaceState(null, "698042 – heap-buffer-overflow in xps_true_callback_glyph_name(xps\/xpsttf.c)", href);
      }
    }
    YAHOO.util.Event.onDOMReady(function() {
      initDirtyFieldTracking();

    });
    // -->
    </script>
<script type="text/javascript" src="data/assets/daf5e0fb6826e6a35280e622913f0c4a.js?1625059054"></script>

    

    
    <link rel="search" type="application/opensearchdescription+xml"
                       title="Bugzilla" href="./search_plugin.cgi">
    <link rel="shortcut icon" href="images/favicon.ico">
  </head>

  <body 
        class="bugs-ghostscript-com
                 bz_bug
                 bz_status_RESOLVED
                 bz_product_GhostXPS
                 bz_component_General
                 bz_bug_698042 yui-skin-sam">

  <div id="header"><div id="banner">
  </div>

    <div id="titles">
      <span id="title">Bugzilla &ndash; Bug&nbsp;698042</span>

        <span id="subtitle" class="subheader">heap-buffer-overflow in xps_true_callback_glyph_name(xps/xpsttf.c)</span>

        <span id="information" class="header_addl_info">Last modified: 2017-07-25 04:19:13 UTC</span>
    </div>


    <div id="common_links"><ul class="links">
  <li><a href="./">Home</a></li>
  <li><span class="separator">| </span><a href="enter_bug.cgi">New</a></li>
  <li><span class="separator">| </span><a href="describecomponents.cgi">Browse</a></li>
  <li><span class="separator">| </span><a href="query.cgi">Search</a></li>

  <li class="form">
    <span class="separator">| </span>
    <form action="buglist.cgi" method="get"
        onsubmit="if (this.quicksearch.value == '')
                  { alert('Please enter one or more search terms first.');
                    return false; } return true;">
    <input type="hidden" id="no_redirect_top" name="no_redirect" value="0">
    <script type="text/javascript">
      if (history && history.replaceState) {
        var no_redirect = document.getElementById("no_redirect_top");
        no_redirect.value = 1;
      }
    </script>
    <input class="txt" type="text" id="quicksearch_top" name="quicksearch" 
           title="Quick Search" value="">
    <input class="btn" type="submit" value="Search" 
           id="find_top"></form>
  <a href="page.cgi?id=quicksearch.html" title="Quicksearch Help">[?]</a></li>

  <li><span class="separator">| </span><a href="report.cgi">Reports</a></li>

  <li></li>


  <li>
        <span class="separator">| </span>
        <a href="docs/en/html/using/understanding.html" target="_blank">Help</a>
      </li>
    
      <li id="new_account_container_top">
        <span class="separator">| </span>
        <a href="createaccount.cgi">New&nbsp;Account</a>
      </li>

    <li id="mini_login_container_top">
  <span class="separator">| </span>
  <a id="login_link_top" href="show_bug.cgi?id=698042&amp;GoAheadAndLogIn=1"
     onclick="return show_mini_login_form('_top')">Log In</a>

  <form action="show_bug.cgi?id=698042" method="POST"
        class="mini_login bz_default_hidden"
        id="mini_login_top">
    <input id="Bugzilla_login_top" required
           name="Bugzilla_login" class="bz_login"
        type="email" placeholder="Email Address">
    <input class="bz_password" name="Bugzilla_password" type="password"
           id="Bugzilla_password_top" required
           placeholder="Password">
    <input type="hidden" name="Bugzilla_login_token"
           value="">
    <input type="submit" name="GoAheadAndLogIn" value="Log in"
            id="log_in_top">
    <a href="#" onclick="return hide_mini_login_form('_top')">[x]</a>
  </form>
</li>


  <li id="forgot_container_top">
    <span class="separator">| </span>
    <a id="forgot_link_top" href="show_bug.cgi?id=698042&amp;GoAheadAndLogIn=1#forgot"
       onclick="return show_forgot_form('_top')">Forgot Password</a>
    <form action="token.cgi" method="post" id="forgot_form_top"
          class="mini_forgot bz_default_hidden">
      <label for="login_top">Login:</label>
      <input name="loginname" size="20" id="login_top" required
          type="email" placeholder="Your Email Address">
      <input id="forgot_button_top" value="Reset Password" type="submit">
      <input type="hidden" name="a" value="reqpw">
      <input type="hidden" id="token_top" name="token"
             value="1635619319-KWTzdUsZAT7qWx4pDswrlh5MPCVaz-SMxWNFtOcxRXg">
      <a href="#" onclick="return hide_forgot_form('_top')">[x]</a>
    </form>
  </li>
</ul>
    </div>
  </div>

  <div id="bugzilla-body">


<script type="text/javascript">
<!--

//-->
</script>

<form name="changeform" id="changeform" method="post" action="process_bug.cgi">

  <input type="hidden" name="delta_ts" value="2017-07-25 04:19:13">
  <input type="hidden" name="id" value="698042">
  <input type="hidden" name="token" value="1635619319-Tr4FsyJTFONipfiAacE2KVzwHGDYgjvK-1T0hVeiZT4">
<div class="bz_short_desc_container edit_form">
     <a href="show_bug.cgi?id=698042"><b>Bug&nbsp;698042</b></a> <span id="summary_container" class="bz_default_hidden">
      - <span id="short_desc_nonedit_display">heap-buffer-overflow in xps_true_callback_glyph_name(xps/xpsttf.c)</span>
     </span>

    <div id="summary_input"><span class="field_label "
    id="field_label_short_desc">


  <a 
      title="The bug summary is a short sentence which succinctly describes what the bug is about."
      class="field_help_link"
      href="page.cgi?id=fields.html#short_desc"
  >Summary:</a>

</span>heap-buffer-overflow in xps_true_callback_glyph_name(xps/xpsttf.c)
    </div>
  </div>
  <script type="text/javascript">
    hideEditableField('summary_container',
                      'summary_input',
                      'summary_edit_action',
                      'short_desc',
                      'heap-buffer-overflow in xps_true_callback_glyph_name(xps\/xpsttf.c)' );
  </script>
  <table class="edit_form">
    <tr>
      
      <td id="bz_show_bug_column_1" class="bz_show_bug_column">     
        <table>
          <tr>
    <th class="field_label">
      <a href="page.cgi?id=fields.html#bug_status">Status</a>:
    </th>
    <td id="bz_field_status">
      <span id="static_bug_status">RESOLVED
          FIXED
      </span>
    </td>
  </tr>
<tr>
    <td colspan="2" class="bz_section_spacer"></td>
  </tr>
<tr><th class="field_label "
    id="field_label_alias">


  <a 
      title="A short, unique name assigned to a bug in order to assist with looking it up and referring to it in other places in Bugzilla."
      class="field_help_link"
      href="page.cgi?id=fields.html#alias"
  >Alias:</a>

</th>
    <td>
        None
    </td>
  </tr>
<tr>
    <td colspan="2" class="bz_section_spacer"></td>
  </tr>
<tr><th class="field_label "
    id="field_label_product">


  <a 
      title="Bugs are categorised into Products and Components."
      class="field_help_link"
      href="describecomponents.cgi"
  >Product:</a>

</th>
  <td class="field_value "
      id="field_container_product" >GhostXPS

</td>
    </tr>

    
    <tr class="bz_default_hidden"><th class="field_label "
    id="field_label_classification">


  <a 
      title="Bugs are categorised into Classifications, Products and Components. classifications is the top-level categorisation."
      class="field_help_link"
      href="page.cgi?id=fields.html#classification"
  >Classification:</a>

</th>
  <td class="field_value "
      id="field_container_classification" >Unclassified

</td>
    </tr>
        
    
    
    <tr><th class="field_label "
    id="field_label_component">


  <a 
      title="Components are second-level categories; each belongs to a particular Product. Select a Product to narrow down this list."
      class="field_help_link"
      href="describecomponents.cgi?product=GhostXPS"
  >Component:</a>

</th>
  <td class="field_value "
      id="field_container_component" >General

  (<a href="buglist.cgi?component=General&amp;product=GhostXPS&amp;bug_status=__open__"
      target="_blank">show other bugs</a>)
</td>
    </tr>
    <tr><th class="field_label "
    id="field_label_version">


  <a 
      title="The version field defines the version of the software the bug was found in."
      class="field_help_link"
      href="page.cgi?id=fields.html#version"
  >Version:</a>

</th>
<td>unspecified
  </td>
    </tr>
        
    
        
    <tr><th class="field_label "
    id="field_label_rep_platform">


  <a 
      title="The hardware platform the bug was observed on. Note: When searching, selecting the option &quot;All&quot; only finds bugs whose value for this field is literally the word &quot;All&quot;."
      class="field_help_link"
      href="page.cgi?id=fields.html#rep_platform"
  >Hardware:</a>

</th>
      <td class="field_value">PC
        Linux
      </td>
    </tr>
          <tr>
    <td colspan="2" class="bz_section_spacer"></td>
  </tr>
          
          <tr>
      <th class="field_label">
        <label  accesskey="i">
          <a href="page.cgi?id=fields.html#importance"><u>I</u>mportance</a></label>:
      </th>
      <td>P4
       normal
      </td>
    </tr>
          
          <tr><th class="field_label "
    id="field_label_assigned_to">


  <a 
      title="The person in charge of resolving the bug."
      class="field_help_link"
      href="page.cgi?id=fields.html#assigned_to"
  >Assignee:</a>

</th>
      <td><span class="vcard"><span class="fn">Chris Liddell (chrisl)</span>
</span>
      </td>
    </tr>

    <tr><th class="field_label "
    id="field_label_qa_contact">


  <a 
      title="The person responsible for confirming this bug if it is unconfirmed, and for verifying the fix once the bug has been resolved."
      class="field_help_link"
      href="page.cgi?id=fields.html#qa_contact"
  >QA Contact:</a>

</th>
      <td><span class="vcard">gs-security
</span>
      </td>
    </tr>
    <script type="text/javascript">
      assignToDefaultOnChange(['product', 'component'],
        'ghostpdl-bugs\x40artifex.com',
        'tech\x40artifex.com');
    </script>
          <tr>
    <td colspan="2" class="bz_section_spacer"></td>
  </tr>
          <tr><th class="field_label "
    id="field_label_bug_file_loc">


  <a 
      title="Bugs can have a URL associated with them - for example, a pointer to a web site where the problem is seen."
      class="field_help_link"
      href="page.cgi?id=fields.html#bug_file_loc"
  >URL:</a>

</th>
    <td>
      <span id="bz_url_input_area">
      </span>
    </td>
  </tr>


    <tr><th class="field_label "
    id="field_label_keywords">


  <a 
      title="You can add keywords from a defined list to bugs, in order to easily identify and group them."
      class="field_help_link"
      href="describekeywords.cgi"
  >Keywords:</a>

</th>
  <td class="field_value "
      id="field_container_keywords" >

</td>
    </tr>
          <tr>
    <td colspan="2" class="bz_section_spacer"></td>
  </tr>

          
<tr><th class="field_label "
    id="field_label_dependson">


  <a 
      title="The bugs listed here must be resolved before this bug can be resolved."
      class="field_help_link"
      href="page.cgi?id=fields.html#dependson"
  >Depends on:</a>

</th>

  <td>
    <span id="dependson_input_area">
    </span>

  </td>
  </tr>
  
  <tr><th class="field_label "
    id="field_label_blocked">


  <a 
      title="This bug must be resolved before the bugs listed in this field can be resolved."
      class="field_help_link"
      href="page.cgi?id=fields.html#blocked"
  >Blocks:</a>

</th>

  <td>
    <span id="blocked_input_area">
    </span>

  </td>
  </tr>
          
        </table>
      </td>
      <td>
        <div class="bz_column_spacer">&nbsp;</div>
      </td>
      
      <td id="bz_show_bug_column_2" class="bz_show_bug_column">
        <table>
        <tr>
    <th class="field_label">
      Reported:
    </th>
    <td>2017-06-13 18:33 UTC by <span class="vcard"><span class="fn">Kim Gwan Yeong</span>
</span>
    </td>
  </tr>
  
  <tr>
    <th class="field_label">
      Modified:
    </th>
    <td>2017-07-25 04:19 UTC
      (<a href="show_activity.cgi?id=698042">History</a>)
    </td>
  
  </tr>
<tr>
      <th class="field_label">
        <label  accesskey="a">
          CC List:
        </label>
      </th>
      <td>0 
          users
        <div id="cc_edit_area">
          <br>
        </div>
      </td>
    </tr>

<tr>
    <td colspan="2" class="bz_section_spacer"></td>
  </tr>
<tr><th class="field_label "
    id="field_label_see_also">


  <a 
      title="This allows you to refer to bugs in other installations. You can enter a URL to a bug in the 'Add Bug URLs' field to note that that bug is related to this one. You can enter multiple URLs at once by separating them with whitespace. You should normally use this field to refer to bugs in other installations. For bugs in this installation, it is better to use the Depends on and Blocks fields."
      class="field_help_link"
      href="page.cgi?id=fields.html#see_also"
  >See Also:</a>

</th>
  <td class="field_value "
      id="field_container_see_also" >

</td>
    </tr> 
<tr>
      <th class="field_label "
    id="field_label_cf_customer">


  <a 
      title="A custom Free Text field in this installation of Bugzilla."
      class="field_help_link"
      href="page.cgi?id=fields.html#cf_customer"
  >Customer:</a>

</th>
  <td class="field_value "
      id="field_container_cf_customer" >

</td>
    </tr>
    <tr>
      <th class="field_label "
    id="field_label_cf_wordsize">


  <a 
      title="For example x86 would be 32 and x86_64 would be 64."
      class="field_help_link"
      href="page.cgi?id=fields.html#cf_wordsize"
  >Word Size:</a>

</th>
  <td class="field_value "
      id="field_container_cf_wordsize" >---

</td>
    </tr>
<tr>
    <td colspan="2" class="bz_section_spacer"></td>
  </tr>



        </table>
      </td>
    </tr>
    <tr>
      <td colspan="3">
          <hr id="bz_top_half_spacer">
      </td>
    </tr>
  </table>

  <table id="bz_big_form_parts">
  <tr>
  <td>

    
<script type="text/javascript">
<!--
function toggle_display(link) {
    var table = document.getElementById("attachment_table");
    var view_all = document.getElementById("view_all");
    var hide_obsolete_url_parameter = "&hide_obsolete=1";
    // Store current height for scrolling later
    var originalHeight = table.offsetHeight;
    var rows = YAHOO.util.Dom.getElementsByClassName(
        'bz_tr_obsolete', 'tr', table);

    for (var i = 0; i < rows.length; i++) {
        bz_toggleClass(rows[i], 'bz_default_hidden');
    }

    if (YAHOO.util.Dom.hasClass(rows[0], 'bz_default_hidden')) {
        link.innerHTML = "Show Obsolete";
        view_all.href = view_all.href + hide_obsolete_url_parameter 
    }
    else {
        link.innerHTML = "Hide Obsolete";
        view_all.href = view_all.href.replace(hide_obsolete_url_parameter,"");
    }

    var newHeight = table.offsetHeight;
    // This scrolling makes the window appear to not move at all.
    window.scrollBy(0, newHeight - originalHeight);

    return false;
}
//-->
</script>

<br>
<table id="attachment_table">
  <tr id="a0">
    <th colspan="2" class="left">
      Attachments
    </th>
  </tr>


      <tr id="a1" class="bz_contenttype_application_zip">
        <td>
            <a href="attachment.cgi?id=13783"
               title="View the content of the attachment">
          <b>PoC File</b></a>

          <span class="bz_attach_extra_info">
              (37.22 KB,
                application/zip)

            <br>
            <a href="#attach_13783"
               title="Go to the comment associated with the attachment">2017-06-13 18:33 UTC</a>,

            <span class="vcard"><span class="fn">Kim Gwan Yeong</span>
</span>
          </span>
        </td>


        <td>
          <a href="attachment.cgi?id=13783&amp;action=edit">Details</a>
        </td>
      </tr>

  <tr class="bz_attach_footer">
    <td colspan="2">
        <span class="bz_attach_view_hide">
        </span>
        <a href="attachment.cgi?bugid=698042&amp;action=enter">Add an attachment</a>
        (proposed patch, testcase, etc.)
    </td>
  </tr>
</table>
<br>
<div id="add_comment" class="bz_section_additional_comments">
      <table>
        <tr>
          <td>
            <fieldset>
              <legend>Note</legend>
              You need to
              <a href="show_bug.cgi?id=698042&amp;GoAheadAndLogIn=1">log in</a>
              before you can comment on or make changes to this bug.
            </fieldset>
          </td>
        </tr> 
      </table>
  </div>
  </td>
  <td>
  </td>
  </tr></table>

  
  <div id="comments"><script src="js/comments.js?1519155687" type="text/javascript">
</script>

<script type="text/javascript">
<!--
  /* Adds the reply text to the 'comment' textarea */
  function replyToComment(id, real_id, name) {
      var prefix = "(In reply to " + name + " from comment #" + id + ")\n";
      var replytext = "";
        /* pre id="comment_name_N" */
        var text_elem = document.getElementById('comment_text_'+id);
        var text = getText(text_elem);
        replytext = prefix + wrapReplyText(text);


      /* <textarea id="comment"> */
      var textarea = document.getElementById('comment');
      if (textarea.value != replytext) {
          textarea.value += replytext;
      }

      textarea.focus();
  } 
//-->
</script>


<!-- This auto-sizes the comments and positions the collapse/expand links 
     to the right. -->
<table class="bz_comment_table">
<tr>
<td>
<div id="c0" class="bz_comment bz_first_comment">

      <div class="bz_first_comment_head">


        <span class="bz_comment_number">
          <a 
             href="show_bug.cgi?id=698042#c0">Description</a>
        </span>

        <span class="bz_comment_user">
          <span class="vcard"><span class="fn">Kim Gwan Yeong</span>
</span>
        </span>

        <span class="bz_comment_user_images">
        </span>

        <span class="bz_comment_time">
          2017-06-13 18:33:40 UTC
        </span>

      </div>




<pre class="bz_comment_text">Created <span class=""><a href="attachment.cgi?id=13783" name="attach_13783" title="PoC File">attachment 13783</a> <a href="attachment.cgi?id=13783&amp;action=edit" title="PoC File">[details]</a></span>
PoC File

POC to trigger heap buffer overflow (gxps)

I am experiencing a similar issue with <a class="bz_bug_link 
          bz_status_RESOLVED  bz_closed"
   title="RESOLVED FIXED - heap-buffer-overflow in xps_load_sfnt_name(xps/xpsfont.c)"
   href="show_bug.cgi?id=698025">Bug 698025</a>.

The function same, but the source code is different.

Please confirm.

Version 9.22 and Git Head: <a href="http://www.ghostscript.com/cgi-bin/findgit.cgi?fe61712d5157066212d0fcee79b129d6ddcbd251">fe61712d5157066212d0fcee79b129d6ddcbd251</a>

OS: Ubuntu 16.04.2 32bit

Command: ./gxps -sDEVICE=pdfwrite -sOutputFile=/dev/null -dNOPAUSE $FILE

GDB:OUT:
=================================================================
Program received signal SIGSEGV, Segmentation fault.
[----------------------------------registers-----------------------------------]
EAX: 0x88e4c162
EBX: 0x20 (' ')
ECX: 0xbfffbb40 --&gt; 0x8e4c140 --&gt; 0x200
EDX: 0x80000022
ESI: 0xb7f42000 --&gt; 0x1b1db0
EDI: 0xb7f42000 --&gt; 0x1b1db0
EBP: 0xbfffbb08 --&gt; 0xbfffbb88 --&gt; 0xbfffbc48 --&gt; 0xbfffbd88 --&gt; 0xbfffbda8 --&gt; 0xbfffbdf8 (--&gt; ...)
ESP: 0xbfffbb08 --&gt; 0xbfffbb88 --&gt; 0xbfffbc48 --&gt; 0xbfffbd88 --&gt; 0xbfffbda8 --&gt; 0xbfffbdf8 (--&gt; ...)
EIP: 0x85e9a13 (&lt;u16+6&gt;:        movzx  eax,BYTE PTR [eax])
EFLAGS: 0x10296 (carry PARITY ADJUST zero SIGN trap INTERRUPT direction overflow)
[-------------------------------------code-------------------------------------]
   0x85e9a0d &lt;u16&gt;:     push   ebp
   0x85e9a0e &lt;u16+1&gt;:   mov    ebp,esp
   0x85e9a10 &lt;u16+3&gt;:   mov    eax,DWORD PTR [ebp+0x8]
=&gt; 0x85e9a13 &lt;u16+6&gt;:   movzx  eax,BYTE PTR [eax]
   0x85e9a16 &lt;u16+9&gt;:   movzx  eax,al
   0x85e9a19 &lt;u16+12&gt;:  shl    eax,0x8
   0x85e9a1c &lt;u16+15&gt;:  mov    edx,eax
   0x85e9a1e &lt;u16+17&gt;:  mov    eax,DWORD PTR [ebp+0x8]
[------------------------------------stack-------------------------------------]
0000| 0xbfffbb08 --&gt; 0xbfffbb88 --&gt; 0xbfffbc48 --&gt; 0xbfffbd88 --&gt; 0xbfffbda8 --&gt; 0xbfffbdf8 (--&gt; ...)
0004| 0xbfffbb0c --&gt; 0x85e9d56 (&lt;xps_true_callback_glyph_name+492&gt;:     add    esp,0x10)
0008| 0xbfffbb10 --&gt; 0x88e4c162
0012| 0xbfffbb14 --&gt; 0xedc
0016| 0xbfffbb18 --&gt; 0x20 (' ')
0020| 0xbfffbb1c --&gt; 0xbfffbb40 --&gt; 0x8e4c140 --&gt; 0x200
0024| 0xbfffbb20 --&gt; 0x8e563a0 --&gt; 0x8eb2574 --&gt; 0x0
0028| 0xbfffbb24 --&gt; 0x0
[------------------------------------------------------------------------------]
Legend: code, data, rodata, value
Stopped reason: SIGSEGV
0x085e9a13 in u16 (p=0x88e4c162 &lt;error: Cannot access memory at address 0x88e4c162&gt;)
    at ./xps/xpsttf.c:30
30              return (p[0] &lt;&lt; 8) | p[1];
gdb-peda$ bt
#0  0x085e9a13 in u16 (p=0x88e4c162 &lt;error: Cannot access memory at address 0x88e4c162&gt;)
    at ./xps/xpsttf.c:30
#1  0x085e9d56 in xps_true_callback_glyph_name (pfont=0x8e4d6b4, glyph=0xc0000000,
    pstr=0xbfffbc0c) at ./xps/xpsttf.c:203
#2  0x0836b00d in copy_glyph_type42 (font=0x8e4d6b4, glyph=0xc0000000, copied=0x8eafb94,
    options=0x0) at ./devices/gxfcopy.c:1381
#3  0x0836d4d2 in gs_copy_glyph_options (font=0x8e4d6b4, glyph=0xc0000000, copied=0x8eafb94,
    options=0x0) at ./devices/gxfcopy.c:2265
#4  0x0836d443 in gs_copy_glyph (font=0x8e4d6b4, glyph=0xc0000000, copied=0x8eafb94)
    at ./devices/gxfcopy.c:2252
#5  0x0836d76b in gs_copy_font_complete (font=0x8e4d6b4, copied=0x8eafb94)
    at ./devices/gxfcopy.c:2384
#6  0x0834a423 in pdf_base_font_alloc (pdev=0x8e33b74, ppbfont=0xbfffbed4, font=0x8e4d6b4,
    orig_matrix=0x8e4d6f4, is_standard=0x0) at ./devices/vector/gdevpdtb.c:321
#7  0x0834e7ea in pdf_font_descriptor_alloc (pdev=0x8e33b74, ppfd=0xbfffbf20,
    font=0x8e4d6b4, embed=0x1) at ./devices/vector/gdevpdtd.c:202
#8  0x0835ff1e in pdf_make_font_resource (pdev=0x8e33b74, font=0x8e4d6b4,
    ppdfont=0xbfffc120, cgp=0x8e50b44) at ./devices/vector/gdevpdtt.c:1518
#9  0x083611c7 in pdf_obtain_font_resource_encoded (pdev=0x8e33b74, font=0x8e4d6b4,
    ppdfont=0xbfffc120, cgp=0x8e50b44) at ./devices/vector/gdevpdtt.c:2053
#10 0x08361575 in pdf_obtain_font_resource (penum=0x8e4eba4, pstr=0xbfffcb20,
    ppdfont=0xbfffc120) at ./devices/vector/gdevpdtt.c:2159
#11 0x08351aaf in pdf_process_string (penum=0x8e4eba4, pstr=0xbfffcb20, pfmat=0x0,
    ppts=0xbfffcb28, gdata=0xbfffd96c) at ./devices/vector/gdevpdte.c:543
#12 0x08350442 in pdf_process_string_aux (penum=0x8e4eba4, pstr=0xbfffcb20,
    gdata=0xbfffd96c, pfmat=0x0, ppts=0xbfffcb28) at ./devices/vector/gdevpdte.c:79
#13 0x08355470 in process_plain_text (pte=0x8e4eba4, vbuf=0xbfffcc60, bsize=0x4)
    at ./devices/vector/gdevpdte.c:1504
#14 0x08364d72 in pdf_text_process (pte=0x8e4eba4) at ./devices/vector/gdevpdtt.c:3552
#15 0x08497f6c in gs_text_process (pte=0x8e4eba4) at ./base/gstext.c:574
#16 0x085e6a0c in xps_flush_text_buffer (ctx=0x8e03c14, font=0x8e4d664, buf=0xbfffd000,
    is_charpath=0x0) at ./xps/xpsglyphs.c:324
#17 0x085e7335 in xps_parse_glyphs_imp (ctx=0x8e03c14, font=0x8e4d664, size=18.<a href="http://www.ghostscript.com/cgi-bin/findgit.cgi?7192993">7192993</a>,
    originx=554.23999, originy=36.<a href="http://www.ghostscript.com/cgi-bin/findgit.cgi?3199997">3199997</a>, is_sideways=0x0, bidi_level=0x0,
    indices=0x8e439ad &quot;36&quot;, unicode=0x8e439be &quot;A&quot;, is_charpath=0x0, sim_bold=0x0)
    at ./xps/xpsglyphs.c:569
#18 0x085e7fba in xps_parse_glyphs (ctx=0x8e03c14,
    base_uri=0xbfffe47c &quot;/Documents/1/Pages/&quot;, dict=0x0, root=0x8e43894)
    at ./xps/xpsglyphs.c:809
#19 0x085da425 in xps_parse_element (ctx=0x8e03c14,
    base_uri=0xbfffe47c &quot;/Documents/1/Pages/&quot;, dict=0x0, node=0x8e43894)
    at ./xps/xpscommon.c:68
#20 0x085d96c6 in xps_parse_fixed_page (ctx=0x8e03c14, part=0x8e059c4) at ./xps/xpspage.c:279
#21 0x085d6758 in xps_read_and_process_page_part (ctx=0x8e03c14,
    name=0x8e43864 &quot;/Documents/1/Pages/1.fpage&quot;) at ./xps/xpszip.c:539
#22 0x085d6ff2 in xps_process_file (ctx=0x8e03c14,
    filename=0x8dfe660 &quot;in/id:000030,sig:06,src:000000,op:flip2,pos:30754&quot;)
    at ./xps/xpszip.c:688
#23 0x0809a5eb in xps_imp_process_file (impl=0x8e02ba4,
    filename=0x8dfe660 &quot;in/id:000030,sig:06,src:000000,op:flip2,pos:30754&quot;)
    at ./xps/xpstop.c:228
#24 0x085c4894 in pl_process_file (impl=0x8e02ba4,
    filename=0x8dfe660 &quot;in/id:000030,sig:06,src:000000,op:flip2,pos:30754&quot;)
    at ./pcl/pl/pltop.c:70
#25 0x08650528 in pl_main_run_file (minst=0x8dfe5c4,
    filename=0x8dfe660 &quot;in/id:000030,sig:06,src:000000,op:flip2,pos:30754&quot;)
    at ./pcl/pl/plmain.c:377
#26 0x08652ba3 in pl_main_process_options (pmi=0x8dfe5c4, pal=0x8dfe640,
    pjl_instance=0x8e01384) at ./pcl/pl/plmain.c:1313
#27 0x08650083 in pl_main_init_with_args (inst=0x8dfe5c4, argc=0x5, argv=0xbffff624)
    at ./pcl/pl/plmain.c:262
#28 0x085c4cb3 in plapi_init_with_args (lib=0x8dfe0e8, argc=0x5, argv=0xbffff624)
    at ./pcl/pl/plapi.c:58
#29 0x0864fd5d in main (argc=0x5, argv=0xbffff624) at ./pcl/pl/realmain.c:34
#30 0xb7da8637 in __libc_start_main (main=0x864fcfd &lt;main&gt;, argc=0x5, argv=0xbffff624,
    init=0x8653660 &lt;__libc_csu_init&gt;, fini=0x86536c0 &lt;__libc_csu_fini&gt;,
    rtld_fini=0xb7fea780 &lt;_dl_fini&gt;, stack_end=0xbffff61c) at ../csu/libc-start.c:291
#31 0x0809a011 in _start ()
---------------
ASAN:SIGSEGV
=================================================================
==6999==ERROR: AddressSanitizer: SEGV on unknown address 0x2698acbb (pc 0x0 <a href="http://www.ghostscript.com/cgi-bin/findgit.cgi?8fe535c">8fe535c</a> bp 0xbfb8b6c8 sp 0xbfb8b6a0 T0)
    #0 0x8fe535b in u16 xps/xpsttf.c:30
    #1 0x8fe5cc1 in xps_true_callback_glyph_name xps/xpsttf.c:203
    #2 0x88c9f1c in copy_glyph_type42 devices/gxfcopy.c:1381
    #3 0x88d0cf7 in gs_copy_glyph_options devices/gxfcopy.c:2265
    #4 0x88d0b2b in gs_copy_glyph devices/gxfcopy.c:2252
    #5 0x88d1299 in gs_copy_font_complete devices/gxfcopy.c:2384
    #6 0x88637fe in pdf_base_font_alloc devices/vector/gdevpdtb.c:321
    #7 0x886f366 in pdf_font_descriptor_alloc devices/vector/gdevpdtd.c:202
    #8 0x88a7c80 in pdf_make_font_resource devices/vector/gdevpdtt.c:1518
    #9 0x88abb0d in pdf_obtain_font_resource_encoded devices/vector/gdevpdtt.c:2053
    #10 0x88ac5a6 in pdf_obtain_font_resource devices/vector/gdevpdtt.c:2159
    #11 0x8878270 in pdf_process_string devices/vector/gdevpdte.c:543
    #12 0x8873dad in pdf_process_string_aux devices/vector/gdevpdte.c:79
    #13 0x88819c8 in process_plain_text devices/vector/gdevpdte.c:1504
    #14 0x88b83a9 in pdf_text_process devices/vector/gdevpdtt.c:3552
    #15 0x8bf8189 in gs_text_process base/gstext.c:574
    #16 0x8fdf196 in xps_flush_text_buffer xps/xpsglyphs.c:324
    #17 0x8fe0668 in xps_parse_glyphs_imp xps/xpsglyphs.c:569
    #18 0x8fe196d in xps_parse_glyphs xps/xpsglyphs.c:809
    #19 0x8fc1771 in xps_parse_element xps/xpscommon.c:68
    #20 0x8fbfb96 in xps_parse_fixed_page xps/xpspage.c:279
    #21 0x8fb93bc in xps_read_and_process_page_part xps/xpszip.c:539
    #22 0x8fba00f in xps_process_file xps/xpszip.c:688
    #23 0x809b252 in xps_imp_process_file xps/xpstop.c:228
    #24 0x8f8aaad in pl_process_file pcl/pl/pltop.c:70
    #25 0x911df5c in pl_main_run_file pcl/pl/plmain.c:377
    #26 0x9123536 in pl_main_process_options pcl/pl/plmain.c:1313
    #27 0x911d76f in pl_main_init_with_args pcl/pl/plmain.c:262
    #28 0x8f8ba70 in plapi_init_with_args pcl/pl/plapi.c:58
    #29 0x911d04b in main pcl/pl/realmain.c:34
    #30 0xb6f6b636 in __libc_start_main (/lib/i386-linux-gnu/libc.so.6+0x18636)
    #31 0x8099f90  (/home/karas/gwanyeong/ghostpdl/bin/gxps+0x8099f90)

AddressSanitizer can not provide additional info.
SUMMARY: AddressSanitizer: SEGV xps/xpsttf.c:30 u16
==6999==ABORTING</pre>
    </div>

    <div id="c1" class="bz_comment">

      <div class="bz_comment_head">


        <span class="bz_comment_number">
          <a 
             href="show_bug.cgi?id=698042#c1">Comment 1</a>
        </span>

        <span class="bz_comment_user">
          <span class="vcard"><span class="fn">Chris Liddell (chrisl)</span>
</span>
        </span>

        <span class="bz_comment_user_images">
        </span>

        <span class="bz_comment_time">
          2017-06-14 03:13:39 UTC
        </span>

      </div>




<pre class="bz_comment_text">Fixed:
<a href="http://git.ghostscript.com/?p=ghostpdl.git;a=commitdiff;h=c53183d4">http://git.ghostscript.com/?p=ghostpdl.git;a=commitdiff;h=c53183d4</a></pre>
    </div>

    <div id="c2" class="bz_comment">

      <div class="bz_comment_head">


        <span class="bz_comment_number">
          <a 
             href="show_bug.cgi?id=698042#c2">Comment 2</a>
        </span>

        <span class="bz_comment_user">
          <span class="vcard"><span class="fn">Kim Gwan Yeong</span>
</span>
        </span>

        <span class="bz_comment_user_images">
        </span>

        <span class="bz_comment_time">
          2017-06-15 16:50:11 UTC
        </span>

      </div>




<pre class="bz_comment_text">This was assigned CVE-2017-9619.</pre>
    </div>


  

</td>
<td>
</td>
</tr></table>
  </div>
        

</form>

<hr>
<ul class="related_actions">
    <li><a href="show_bug.cgi?format=multiple&amp;id=698042">Format For Printing</a></li>
    <li>&nbsp;-&nbsp;<a href="show_bug.cgi?ctype=xml&amp;id=698042">XML</a></li>
    <li>&nbsp;-&nbsp;<a href="enter_bug.cgi?cloned_bug_id=698042">Clone This Bug</a></li>
    
    <li>&nbsp;-&nbsp;<a href="#">Top of page </a></li>
    </ul>

<br>
</div>

    <div id="footer">
      <div class="intro"></div>
<ul id="useful-links">
  <li id="links-actions"><ul class="links">
  <li><a href="./">Home</a></li>
  <li><span class="separator">| </span><a href="enter_bug.cgi">New</a></li>
  <li><span class="separator">| </span><a href="describecomponents.cgi">Browse</a></li>
  <li><span class="separator">| </span><a href="query.cgi">Search</a></li>

  <li class="form">
    <span class="separator">| </span>
    <form action="buglist.cgi" method="get"
        onsubmit="if (this.quicksearch.value == '')
                  { alert('Please enter one or more search terms first.');
                    return false; } return true;">
    <input type="hidden" id="no_redirect_bottom" name="no_redirect" value="0">
    <script type="text/javascript">
      if (history && history.replaceState) {
        var no_redirect = document.getElementById("no_redirect_bottom");
        no_redirect.value = 1;
      }
    </script>
    <input class="txt" type="text" id="quicksearch_bottom" name="quicksearch" 
           title="Quick Search" value="">
    <input class="btn" type="submit" value="Search" 
           id="find_bottom"></form>
  <a href="page.cgi?id=quicksearch.html" title="Quicksearch Help">[?]</a></li>

  <li><span class="separator">| </span><a href="report.cgi">Reports</a></li>

  <li></li>


  <li>
        <span class="separator">| </span>
        <a href="docs/en/html/using/understanding.html" target="_blank">Help</a>
      </li>
    
      <li id="new_account_container_bottom">
        <span class="separator">| </span>
        <a href="createaccount.cgi">New&nbsp;Account</a>
      </li>

    <li id="mini_login_container_bottom">
  <span class="separator">| </span>
  <a id="login_link_bottom" href="show_bug.cgi?id=698042&amp;GoAheadAndLogIn=1"
     onclick="return show_mini_login_form('_bottom')">Log In</a>

  <form action="show_bug.cgi?id=698042" method="POST"
        class="mini_login bz_default_hidden"
        id="mini_login_bottom">
    <input id="Bugzilla_login_bottom" required
           name="Bugzilla_login" class="bz_login"
        type="email" placeholder="Email Address">
    <input class="bz_password" name="Bugzilla_password" type="password"
           id="Bugzilla_password_bottom" required
           placeholder="Password">
    <input type="hidden" name="Bugzilla_login_token"
           value="">
    <input type="submit" name="GoAheadAndLogIn" value="Log in"
            id="log_in_bottom">
    <a href="#" onclick="return hide_mini_login_form('_bottom')">[x]</a>
  </form>
</li>


  <li id="forgot_container_bottom">
    <span class="separator">| </span>
    <a id="forgot_link_bottom" href="show_bug.cgi?id=698042&amp;GoAheadAndLogIn=1#forgot"
       onclick="return show_forgot_form('_bottom')">Forgot Password</a>
    <form action="token.cgi" method="post" id="forgot_form_bottom"
          class="mini_forgot bz_default_hidden">
      <label for="login_bottom">Login:</label>
      <input name="loginname" size="20" id="login_bottom" required
          type="email" placeholder="Your Email Address">
      <input id="forgot_button_bottom" value="Reset Password" type="submit">
      <input type="hidden" name="a" value="reqpw">
      <input type="hidden" id="token_bottom" name="token"
             value="1635619319-KWTzdUsZAT7qWx4pDswrlh5MPCVaz-SMxWNFtOcxRXg">
      <a href="#" onclick="return hide_forgot_form('_bottom')">[x]</a>
    </form>
  </li>
</ul>
  </li>

  




  
</ul>

      <div class="outro"></div>
    </div>

  </body>
</html>