<!DOCTYPE html>
<html lang="en">
<head>
    <meta charset="utf-8">
    
        <link rel='alternate' type='application/rss+xml' title='GD related Bug #72494 - RDF' href='rss/bug.php?id=72494'>
        <link rel='alternate' type='application/rss+xml' title='GD related Bug #72494 - RSS 2.0' href='rss/bug.php?id=72494&format=rss2'>
        <base href="https://bugs.php.net/">
    <title>PHP :: Sec Bug #72494 :: imagecropauto out-of-bounds access</title>
    <link rel="shortcut icon" href="https://bugs.php.net/images/favicon.ico">
    <link rel="stylesheet" href="https://bugs.php.net/css/style.css">
</head>

<body>

<table id="top" class="head" cellspacing="0" cellpadding="0">
    <tr>
        <td class="head-logo">
            <a href="/"><img src="images/logo.png" alt="Bugs" vspace="2" hspace="2"></a>
        </td>

        <td class="head-menu">
            <a href="https://php.net/">php.net</a>&nbsp;|&nbsp;
            <a href="https://php.net/support.php">support</a>&nbsp;|&nbsp;
            <a href="https://php.net/docs.php">documentation</a>&nbsp;|&nbsp;
            <a href="report.php">report a bug</a>&nbsp;|&nbsp;
            <a href="search.php">advanced search</a>&nbsp;|&nbsp;
            <a href="search-howto.php">search howto</a>&nbsp;|&nbsp;
            <a href="stats.php">statistics</a>&nbsp;|&nbsp;
            <a href="random">random bug</a>&nbsp;|&nbsp;
            <a href="login.php">login</a>
        </td>
    </tr>

    <tr>
        <td class="head-search" colspan="2">
            <form method="get" action="search.php">
                <p class="head-search">
                    <input type="hidden" name="cmd" value="display">
                    <small>go to bug id or search bugs for</small>
                    <input class="small" type="text" name="search_for" value="" size="30">
                    <input type="image" src="images/small_submit_white.gif" alt="search" style="vertical-align: middle;">
                </p>
            </form>
        </td>
    </tr>
</table>

<table class="middle" cellspacing="0" cellpadding="0">
    <tr>
        <td class="content">
<div id="bugheader">
    <table id="details">
        <tr id="title">
            <th class="details" id="number"><a href="bug.php?id=72494">Sec Bug</a>&nbsp;#72494</th>
            <td id="summary" colspan="5">imagecropauto out-of-bounds access</td>
        </tr>
        <tr id="submission">
            <th class="details">Submitted:</th>
            <td style="white-space: nowrap;">2016-06-25 22:19 UTC</td>
            <th class="details">Modified:</th>
            <td style="white-space: nowrap;">2016-10-25 20:41 UTC</td>
            <td rowspan="6">


            </td>
        </tr>

        <tr id="submitter">
            <th class="details">From:</th>
            <td>fernando &#x61;&#116; null-life &#x64;&#111;&#x74; com</td>
            <th class="details">Assigned:</th>
            <td><a href="search.php?cmd=display&amp;assign=cmb">cmb</a> (<a href="https://people.php.net/cmb">profile</a>)</td>
        </tr>

        <tr id="categorization">
            <th class="details">Status:</th>
            <td>Closed</td>
            <th class="details">Package:</th>
            <td><a href="search.php?cmd=display&amp;package_name[]=GD+related">GD related</a></td>
        </tr>

        <tr id="situation">
            <th class="details">PHP Version:</th>
            <td>5.5.37</td>
            <th class="details">OS:</th>
            <td>*</td>
        </tr>

        <tr id="private">
            <th class="details">Private report:</th>
            <td>No</td>
            <th class="details">CVE-ID:</th>
            <td><em>None</em></td>
        </tr>
    </table>
</div>

<div class="controls">
<span id='control_0' class='control active'>View</span>
<span id='control_3' class='control'><a href='bug.php?id=72494&amp;edit=3'>Add Comment</a></span>
<span id='control_1' class='control'><a href='bug.php?id=72494&amp;edit=1'>Developer</a></span>
<span id='control_2' class='control'><a href='bug.php?id=72494&amp;edit=2'>Edit</a></span>
</div>
<div class="clear"></div>



<div class='comment type_comment' ><a name="1466893161">&nbsp;</a><strong>[2016-06-25 22:19 UTC] fernando &#x61;&#116; null-life &#x64;&#111;&#x74; com</strong>
<pre class='note'>Description:
------------
imagecropauto on IMG_CROP_THRESHOLD mode causes arbitrary read access and possible leak of information.

The function imagecropauto doesn't check valid colors for non-truecolor images. This causes that gdImageRed/Green/Blue/Alpha macros read beyond that 255 allowed values, when it troes match colors inside the gdColorMatch function.

I'm attaching a possible patch based on the verification that was present in another PHP/gd function but this verification could also be done inside gdImageCropThreshold. 


Source code:

<a href="https://github.com/php/php-src/blob/master/ext/gd/gd.c#L4591" rel="nofollow">https://github.com/php/php-src/blob/master/ext/gd/gd.c#L4591</a>

color is only checked to be positive:

PHP_FUNCTION(imagecropauto)
{
...
		case GD_CROP_THRESHOLD:
			if (color &lt; 0) {
				php_error_docref(NULL, E_WARNING, &quot;Color argument missing with threshold mode&quot;);
				RETURN_FALSE;
			}
			im_crop = gdImageCropThreshold(im, color, (float) threshold);
			break;
...

color is passed to gdColorMatch:

<a href="https://github.com/php/php-src/blob/master/ext/gd/libgd/gd_crop.c#L227" rel="nofollow">https://github.com/php/php-src/blob/master/ext/gd/libgd/gd_crop.c#L227</a>

gdImagePtr gdImageCropThreshold(gdImagePtr im, const unsigned int color, const float threshold)
{
...
	match = 1;
	for (y = 0; match &amp;&amp; y &lt; height; y++) {
		for (x = 0; match &amp;&amp; x &lt; width; x++) {
			match = (gdColorMatch(im, color, gdImageGetPixel(im, x,y), threshold)) &gt; 0;
		}
	}
...


<a href="https://github.com/php/php-src/blob/master/ext/gd/libgd/gd_crop.c#L344" rel="nofollow">https://github.com/php/php-src/blob/master/ext/gd/libgd/gd_crop.c#L344</a>

col1 (color) is now used with the gdImageRed/gdImageGreen/gdImageBlue/gdImageAlpha macros.

static int gdColorMatch(gdImagePtr im, int col1, int col2, float threshold)
{
	const int dr = gdImageRed(im, col1) - gdImageRed(im, col2);
	const int dg = gdImageGreen(im, col1) - gdImageGreen(im, col2);
	const int db = gdImageBlue(im, col1) - gdImageBlue(im, col2);
	const int da = gdImageAlpha(im, col1) - gdImageAlpha(im, col2);
	const double dist = sqrt(dr * dr + dg * dg + db * db + da * da);
	const double dist_perc = sqrt(dist / (255^2 + 255^2 + 255^2));
	return (dist_perc &lt;= threshold);
	//return (100.0 * dist / 195075) &lt; threshold;
}

In this macros it is used as an index (c) for the red/green/blue/alpha arrays, we are able to read beyond the 255 items on these arrays.

<a href="https://github.com/php/php-src/blob/master/ext/gd/libgd/gd.h#L730" rel="nofollow">https://github.com/php/php-src/blob/master/ext/gd/libgd/gd.h#L730</a>

#define gdImageColorsTotal(im) ((im)-&gt;colorsTotal)
#define gdImageRed(im, c) ((im)-&gt;trueColor ? gdTrueColorGetRed(c) : \
	(im)-&gt;red[(c)])
#define gdImageGreen(im, c) ((im)-&gt;trueColor ? gdTrueColorGetGreen(c) : \
	(im)-&gt;green[(c)])
#define gdImageBlue(im, c) ((im)-&gt;trueColor ? gdTrueColorGetBlue(c) : \
	(im)-&gt;blue[(c)])
#define gdImageAlpha(im, c) ((im)-&gt;trueColor ? gdTrueColorGetAlpha(c) : \
	(im)-&gt;alpha[(c)])



------
-----------------------------------------------------
GDB output:
 gdb -q --args /home/user/php/php-70/sapi/cli/php -n poc.php
No symbol table is loaded.  Use the &quot;file&quot; command.
Breakpoint 1 (__asan_report_error) pending.
Reading symbols from /home/user/php/php-70/sapi/cli/php...done.
gdb-peda$ b gd_crop.c:350
Breakpoint 2 at 0x8190002: file /home/user/php/php-70/ext/gd/libgd/gd_crop.c, line 350.
gdb-peda$ r
Starting program: /home/user/php/php-70/sapi/cli/php -n poc.php
[----------------------------------registers-----------------------------------]
EAX: 0x0
EBX: 0x8b47000 --&gt; 0x8b46db8 --&gt; 0x1
ECX: 0x60c
EDX: 0x0
ESI: 0xf5a14020 --&gt; 0xf5a7a118 --&gt; 0x84b92de (&lt;ZEND_DO_ICALL_SPEC_HANDLER&gt;:     push   ebp)
EDI: 0xf5a7a118 --&gt; 0x84b92de (&lt;ZEND_DO_ICALL_SPEC_HANDLER&gt;:    push   ebp)
EBP: 0xffff9f18 --&gt; 0xffff9f78 --&gt; 0xffff9fd8 --&gt; 0xffffa008 --&gt; 0xffffa028 --&gt; 0xffffa068 (--&gt; ...)
ESP: 0xffff9ee0 --&gt; 0x4
EIP: 0x8190002 (&lt;gdColorMatch+366&gt;:     mov    eax,DWORD PTR [ebp-0x28])
EFLAGS: 0x246 (carry PARITY adjust ZERO sign trap INTERRUPT direction overflow)
[-------------------------------------code-------------------------------------]
   0x818fffb &lt;gdColorMatch+359&gt;:        sub    edx,eax
   0x818fffd &lt;gdColorMatch+361&gt;:        mov    eax,edx
   0x818ffff &lt;gdColorMatch+363&gt;:        mov    DWORD PTR [ebp-0x1c],eax
=&gt; 0x8190002 &lt;gdColorMatch+366&gt;:        mov    eax,DWORD PTR [ebp-0x28]
   0x8190005 &lt;gdColorMatch+369&gt;:        imul   eax,DWORD PTR [ebp-0x28]
   0x8190009 &lt;gdColorMatch+373&gt;:        mov    edx,eax
   0x819000b &lt;gdColorMatch+375&gt;:        mov    eax,DWORD PTR [ebp-0x24]
   0x819000e &lt;gdColorMatch+378&gt;:        imul   eax,DWORD PTR [ebp-0x24]
[------------------------------------stack-------------------------------------]
0000| 0xffff9ee0 --&gt; 0x4
0004| 0xffff9ee4 --&gt; 0x1
0008| 0xffff9ee8 --&gt; 0x4
0012| 0xffff9eec --&gt; 0x0
0016| 0xffff9ef0 --&gt; 0x0
0020| 0xffff9ef4 --&gt; 0x0
0024| 0xffff9ef8 --&gt; 0x0
0028| 0xffff9efc --&gt; 0x0
[------------------------------------------------------------------------------]
Legend: code, data, rodata, value

Breakpoint 2, gdColorMatch (im=0xf5a6c000, col1=0x539, col2=0x0, threshold=0) at /home/user/php/php-70/ext/gd/libgd/gd_crop.c:350
350             const double dist = sqrt(dr * dr + dg * dg + db * db + da * da);
gdb-peda$ p/d col1
$1 = 1337
gdb-peda$ p &amp;im-&gt;red
$4 = (int (*)[256]) 0xf5a6c010  ## im-&gt;red bottom limit

gdb-peda$ p &amp;im-&gt;red[255]
$6 = (int *) 0xf5a6c40c         ## im-&gt;red top limit
       
gdb-peda$ p &amp;im-&gt;red[col1]
$3 = (int *) 0xf5a6d4f4         ## Out of bounds



Test script:
---------------
&lt;?php

$img = imagecreate(10,10);
imagecropauto($img, IMG_CROP_THRESHOLD, 0, 1337);

Expected result:
----------------
No crash

Actual result:
--------------
ASan ouput:
=================================================================
==23837==ERROR: AddressSanitizer: heap-buffer-overflow on address 0xf0d05df4 at pc 0x08681a2e bp 0xff8da798 sp 0xff8da788
READ of size 4 at 0xf0d05df4 thread T0
    #0 0x8681a2d in gdColorMatch /home/user/php/php-70-asan/ext/gd/libgd/gd_crop.c:348
    #1 0x8681a2d in gdImageCropThreshold /home/user/php/php-70-asan/ext/gd/libgd/gd_crop.c:253
    #2 0x85b9587 in zif_imagecropauto /home/user/php/php-70-asan/ext/gd/gd.c:4624
    #3 0x9a388ac in ZEND_DO_ICALL_SPEC_HANDLER /home/user/php/php-70-asan/Zend/zend_vm_execute.h:586
    #4 0x980d06f in execute_ex /home/user/php/php-70-asan/Zend/zend_vm_execute.h:414
    #5 0x9b287c5 in zend_execute /home/user/php/php-70-asan/Zend/zend_vm_execute.h:458
    #6 0x95e4c3c in zend_execute_scripts /home/user/php/php-70-asan/Zend/zend.c:1427
    #7 0x932d58b in php_execute_script /home/user/php/php-70-asan/main/main.c:2494
    #8 0x9b31004 in do_cli /home/user/php/php-70-asan/sapi/cli/php_cli.c:974
    #9 0x80a6e78 in main /home/user/php/php-70-asan/sapi/cli/php_cli.c:1344
    #10 0xf6c7b636 in __libc_start_main (/lib/i386-linux-gnu/libc.so.6+0x18636)
    #11 0x80a755a  (/ram/php-fuzz/phuzzer/php-70-asan/sapi/cli/php+0x80a755a)

0xf0d05df4 is located 92 bytes to the right of 7320-byte region [0xf0d04100,0xf0d05d98)
allocated by thread T0 here:
    #0 0xf727ad06 in malloc (/usr/lib/i386-linux-gnu/libasan.so.2+0x96d06)
    #1 0x94b68b9 in _emalloc /home/user/php/php-70-asan/Zend/zend_alloc.c:2446

SUMMARY: AddressSanitizer: heap-buffer-overflow /home/user/php/php-70-asan/ext/gd/libgd/gd_crop.c:348 gdColorMatch
Shadow bytes around the buggy address:
  0x3e1a0b60: 00 00 00 00 00 00 00 00 00 00 00 00 00 00 00 00
  0x3e1a0b70: 00 00 00 00 00 00 00 00 00 00 00 00 00 00 00 00
  0x3e1a0b80: 00 00 00 00 00 00 00 00 00 00 00 00 00 00 00 00
  0x3e1a0b90: 00 00 00 00 00 00 00 00 00 00 00 00 00 00 00 00
  0x3e1a0ba0: 00 00 00 00 00 00 00 00 00 00 00 00 00 00 00 00
=&gt;0x3e1a0bb0: 00 00 00 fa fa fa fa fa fa fa fa fa fa fa[fa]fa
  0x3e1a0bc0: fa fa fa fa fa fa fa fa fa fa fa fa fa fa fa fa
  0x3e1a0bd0: fa fa fa fa fa fa fa fa fa fa fa fa fa fa fa fa
  0x3e1a0be0: fa fa fa fa fa fa fa fa fa fa fa fa fa fa fa fa
  0x3e1a0bf0: fa fa fa fa fa fa fa fa fa fa fa fa fa fa fa fa
  0x3e1a0c00: fa fa fa fa fa fa fa fa fa fa fa fa fa fa fa fa
Shadow byte legend (one shadow byte represents 8 application bytes):
  Addressable:           00
  Partially addressable: 01 02 03 04 05 06 07
  Heap left redzone:       fa
  Heap right redzone:      fb
  Freed heap region:       fd
  Stack left redzone:      f1
  Stack mid redzone:       f2
  Stack right redzone:     f3
  Stack partial redzone:   f4
  Stack after return:      f5
  Stack use after scope:   f8
  Global redzone:          f9
  Global init order:       f6
  Poisoned by user:        f7
  Container overflow:      fc
  Array cookie:            ac
  Intra object redzone:    bb
  ASan internal:           fe
==23837==ABORTING

</pre>
</div><h2>Patches</h2>
<p><a href='patch-add.php?bug_id=72494'>Add a Patch</a></p><h2>Pull Requests</h2>
<p><a href='gh-pull-add.php?bug_id=72494'>Add a Pull Request</a></p><h2 style="border-bottom:2px solid #666;margin-bottom:0;padding:5px 0;">History</h2><div id='comment_filter' class='controls comments'><span id='type_all' class='control active' onclick='do_comment(this);'>All</span><span id='type_comment' class='control ' onclick='do_comment(this);'>Comments</span><span id='type_log' class='control ' onclick='do_comment(this);'>Changes</span><span id='type_svn' class='control ' onclick='do_comment(this);'>Git/SVN commits</span><span id='type_related' class='control ' onclick='do_comment(this);'>Related reports</span>            </div>
            <div id='comments_view' style='clear:both;'>
<div class='comment type_comment' ><a name="1466893771">&nbsp;</a><strong>[2016-06-25 22:29 UTC] fernando &#x61;&#116; null-life &#x64;&#111;&#x74; com</strong>
<pre class='note'>I can't see if the patch was attached, I'm typing it as a comment here just in case:

diff --git a/ext/gd/gd.c b/ext/gd/gd.c
index d863523..8c88474 100644
--- a/ext/gd/gd.c
+++ b/ext/gd/gd.c
@@ -4617,7 +4617,7 @@ PHP_FUNCTION(imagecropauto)
                        break;

                case GD_CROP_THRESHOLD:
-                       if (color &lt; 0) {
+                       if (color &lt; 0 || (!gdImageTrueColor(im) &amp;&amp; color &gt;= gdImageColorsTotal(im))) {
                                php_error_docref(NULL, E_WARNING, &quot;Color argument missing with threshold mode&quot;);
                                RETURN_FALSE;
                        }
</pre>
</div><div class='comment type_log' ><a name="1466985046">&nbsp;</a><strong>[2016-06-26 23:50 UTC] <a href="//people.php.net/stas">stas@php.net</a></strong>
<div class='log_note'><div class="changeset">
<span class="removed">-Assigned To:</span>
<span class="added">+Assigned To: pajoye</span>
</div></div></div><div class='comment type_comment' ><a name="1466985046">&nbsp;</a><strong>[2016-06-26 23:50 UTC] <a href="//people.php.net/stas">stas@php.net</a></strong>
<pre class='note'>Looks like gdImageCropThreshold should validate the colors? Pierre, could you take a look?

Also doesn't look like security issue, but delaying that waiting Pierre's answer.
</pre>
</div><div class='comment type_comment' ><a name="1466991657">&nbsp;</a><strong>[2016-06-27 01:40 UTC] <a href="//people.php.net/pajoye">pajoye@php.net</a></strong>
<pre class='note'>Hi,

Thanks for the detailed report :)

The fix looks correct however it should be done in gd_crop.c instead.

It should be applied to 5.5+

Can we/I commit directly or do we see it as critical? It does look not like critical to me and will allow to get it in the libgd next release.
</pre>
</div><div class='comment type_log' ><a name="1466992236">&nbsp;</a><strong>[2016-06-27 01:50 UTC] <a href="//people.php.net/stas">stas@php.net</a></strong>
<div class='log_note'><div class="changeset">
<span class="removed">-PHP Version: 7.0.8</span>
<span class="added">+PHP Version: 5.5.37</span>
</div></div></div><div class='comment type_comment' ><a name="1466992236">&nbsp;</a><strong>[2016-06-27 01:50 UTC] <a href="//people.php.net/stas">stas@php.net</a></strong>
<pre class='note'>Does not look critical to me. If you commit it to libgd, please feel free to merge directly for PHP, and close the bug once it's done.
</pre>
</div><div class='comment type_log' ><a name="1477359688">&nbsp;</a><strong>[2016-10-25 01:41 UTC] <a href="//people.php.net/stas">stas@php.net</a></strong>
<div class='log_note'><div class="changeset">
<span class="removed">-Assigned To: pajoye</span>
<span class="added">+Assigned To: cmb</span>
</div></div></div><div class='comment type_comment' ><a name="1477397498">&nbsp;</a><strong>[2016-10-25 12:11 UTC] <a href="//people.php.net/cmb">cmb@php.net</a></strong>
<pre class='note'>The patch suggested by Fernando has already been applied[1] to PHP
5.6.25 and PHP 7.0.10 and higher. gdImageCropThreshold() has
already been fixed as of libgd 2.2.3[2]. I'm going to apply this
fix against the bundled libgd and add a respective regression test
and NEWS entry.

[1] &lt;<a href="http://git.php.net/?p=php-src.git;a=commit;h=1d69028d2f15216d128b5a6e606f763ef09d4991" rel="nofollow">http://git.php.net/?p=php-src.git;a=commit;h=1d69028d2f15216d128b5a6e606f763ef09d4991</a>&gt;
[2] &lt;<a href="https://github.com/libgd/libgd/commit/b347e0342a138f01088f86983d31c6b22e19246f" rel="nofollow">https://github.com/libgd/libgd/commit/b347e0342a138f01088f86983d31c6b22e19246f</a>&gt;
[3] &lt;<a href="https://github.com/libgd/libgd/commit/46f2c690c682d5da33539034480c58c1a6d5cfac" rel="nofollow">https://github.com/libgd/libgd/commit/46f2c690c682d5da33539034480c58c1a6d5cfac</a>&gt;
</pre>
</div><div class='comment type_log' ><a name="1477399986">&nbsp;</a><strong>[2016-10-25 12:53 UTC] <a href="//people.php.net/cmb">cmb@php.net</a></strong>
<div class='log_note'><div class="changeset">
<span class="removed">-Status: Assigned</span>
<span class="added">+Status: Closed</span>
</div></div></div><div class='comment type_comment' ><a name="1477399986">&nbsp;</a><strong>[2016-10-25 12:53 UTC] <a href="//people.php.net/cmb">cmb@php.net</a></strong>
<pre class='note'>Fixed with:
  * &lt;<a href="http://git.php.net/?p=php-src.git;a=commit;h=cd13d0260a9327af541176235e76cdef8af3a27a" rel="nofollow">http://git.php.net/?p=php-src.git;a=commit;h=cd13d0260a9327af541176235e76cdef8af3a27a</a>&gt;
  * &lt;<a href="https://github.com/php/web-php/commit/f0ac09cbffe7c39b37f06c1bdf7d5f31da4f0a82" rel="nofollow">https://github.com/php/web-php/commit/f0ac09cbffe7c39b37f06c1bdf7d5f31da4f0a82</a>&gt;
</pre>
</div></div>
        </td>
    </tr>
</table>

<script src='js/util.js'></script>
<script src='https://ajax.googleapis.com/ajax/libs/jquery/1.4.2/jquery.min.js'></script>
<script src="js/jquery.cookie.js"></script>
<script>
function do_comment(nd)
{
    $('#comment_filter > .control.active').removeClass("active");
    $(nd).addClass("active");

    $.cookie('history_tab', nd.id, { expires: 365 });

    if (nd.id == 'type_all') {
        $('#comments_view > .comment:hidden').show('slow');
    } else {
        $('#comments_view > .comment').each(function(i) {
            if ($(this).hasClass(nd.id)) {
                $(this).show('slow');
            } else {
                $(this).hide('slow');
            }
        });
    }
    return false;
}
</script>
<table class="foot" cellspacing="0" cellpadding="0">
    <tr>
        <td class="foot-bar" colspan="2">&nbsp;</td>
    </tr>

    <tr>
        <td class="foot-copy">
            <small>
                <a href="https://php.net/"><img src="images/logo-small.gif" align="left" valign="middle" hspace="3" alt="PHP"></a>
                <a href="https://php.net/copyright.php">Copyright &copy; 2001-2021 The PHP Group</a><br>
                All rights reserved.
            </small>
        </td>
        <td class="foot-source">
            <small>Last updated: Sat Oct 30 19:03:34 2021 UTC</small>
        </td>
    </tr>
</table>
</body>
</html>
